日経
横浜
千尋
黒丸
三菱
多摩
学研
但馬
読売
徹子
北京
東大
羅臼
清明
松江
漱石
流山
応仁
公文
松子
十勝
盛岡
越後
慶大
浅草
日立
蒲田
西友
志摩
本県
府中
飛騨
花咲
花王
同氏
乱歩
今治
旭川
同局
黒部
水俣
岩波
阿蘇
風虎
一休
繝輔
鉄子
高槻
土浦
知床
長門
尾瀬
練馬
三鷹
北前
有明
押下
八戸
遊久
北摂
厚木
串本
鳴門
都筑
秩父
日田
庄内
丸亀
桜塚
愛子
嵐山
安芸
南京
六甲
山門
勝浦
広州
三絃
広尾
電通
阿良
越前
東横
利家
秀吉
平泉
角館
出光
五木
太郎
大曲
柳橋
菅平
家系
奄美
法大
市町
江角
太一
阿寒
丸井
知内
香椎
常滑
鳩山
新宿
利尻
藤子
角川
信長
汐留
博多
東芝
讃岐
近鉄
上海
福屋
綾瀬
池袋
東急
帯広
湘南
元町
産経
伊那
熱海
丸善
露子
霊矢
篤姫
銀魂
幻舞
梨華
珍祭
岸尾
浜松
要旬
芝村
剣心
優木
創聖
承久
各裏
今何
星海
今見
今気
今目
今何
今半
進研
山新
赤西
声活
星海
点等
相葉
鏡音
素晴
得感
日編
我関
道重
楽待
土佐
夢隊
今私
火天
口大
羽入
友近
高町
日前
女多
朝目
金麦
日父
日母
頭悪
天安
院名
大化
宮日
水橋
局室
日銀
箱根
事気
酒味
真矢
全板
全組
湯島
美空
薬楽
街力
駅街
下関
今観
結切
佐天
菜月
鹿男
宿種
名順
数順
笑点
城本
住信
絵的
味的
梅宮
海法
自民
社民
街桜
秒刊
字型
約件
中検
取寄
名告
東証
安政
楽得
独島
保元
憲昭
紅星
活泉
泉州
大洗
宙花
共認
脳力
桜並
気攻
料込
巡音
沢城
丹波
丹後
不泊
尾道
妙高
中欄
涙出
膜炎
凶華
取敢
悟空
甲府
魂百
旅侍
神寿
姫路
赤旗
