コメント
クリック
ログイン
クチコミ
チェック
ポイント
カテゴリ
ブラウザ
アクセス
ジャンル
イベント
スレッド
スポット
タイトル
ビジネス
レンタル
ショップ
スタッフ
パソコン
システム
オススメ
メルマガ
アドレス
モバイル
スキップ
コンビニ
ファイル
デザイン
トピック
バランス
テキスト
オフィス
イラスト
トラブル
アイテム
アルバム
デジタル
ジャンプ
アメリカ
トラベル
スタイル
アマゾン
ビックリ
コミック
キッチン
メリット
カタログ
ピッタリ
メディア
ドライブ
クリップ
ツッコミ
トラック
アイコン
サンプル
フォルダ
チケット
キャリア
ショック
シンプル
フレッツ
ブランド
カタカナ
アライク
アメブロ
マピオン
クイック
カンタン
ドラッグ
チョット
ドメイン
レッスン
チャンス
ノウハウ
ブックス
エンジン
イキイキ
ニコニコ
カラメル
ネクスト
カラオケ
イレブン
フランス
エントリ
ストレス
ボックス
エアコン
キャンプ
ビタミン
アパレル
ブロック
ドリンク
パノラマ
ホルモン
アイドル
リリカル
ジュンク
ワクワク
オシゴト
プリント
スイッチ
オシャレ
スッキリ
アレンジ
コトノハ
イタリア
ポケット
マイナス
マガジン
マスコミ
シンボル
メッシュ
スカウト
ドキドキ
ブラジル
デジカメ
イマイチ
ムラウチ
アイデア
タレント
ボロボロ
ウォッチ
ウィルス
プラチナ
ハッキリ
キリスト
マイナビ
カウント
カップル
ランダム
フラット
イライラ
ニッポン
スタジオ
フレンド
トンネル
バラバラ
ジャパン
ヤフオク
ベトナム
シンクロ
キャディ
ヨロシク
アダルト
プリンタ
セレクト
ピアプロ
ウロウロ
ココメモ
イギリス
シングル
ガソリン
エキテン
トレンド
ブレンド
アンテナ
ボコボコ
ジョジョ
キャスト
キラキラ
ペディア
スペイン
エッセイ
ストップ
マイケル
テナント
ブラック
ライバル
バタバタ
アルプス
パチンコ
ダイヤル
ドロップ
ガッツリ
エディタ
イマドキ
モノクロ
チョイス
ココログ
インフラ
アトポス
マイミク
プロセス
キチガイ
パチスロ
フロント
ゴロゴロ
ベネッセ
アスクル
ミックス
ミネラル
パニック
プライス
イケメン
スパイス
ウイルス
セックス
フレンチ
インフォ
レッテル
サンクス
ゼンリン
ポケモン
リセット
ミサイル
スペック
ヤマレコ
ベルリン
キャッチ
ディップ
ドラゴン
ドコイク
プライド
ブランク
ポチオク
アラジン
ストック
フォント
ソムリエ
キタムラ
ノブナガ
ホスピタ
メキシコ
リットル
リウマチ
フィット
シナリオ
コマンド
ファンド
アフリカ
ドシドシ
グラビア
フィルム
チャット
ハイフン
トラウマ
アニマル
カクテル
ハチミツ
ゴキブリ
リストラ
シグナル
イプロス
シロアリ
ロボット
リクナビ
オオカミ
パピレス
ポップス
オレンジ
フィガロ
スライド
ママヂエ
オッサン
ブンナビ
ポッコリ
モバオク
ギリシャ
マラソン
エクステ
ソフィア
スタンプ
ステップ
オランダ
ブッシュ
ケアマネ
クラシス
ハイテク
フレンズ
ラクラク
ユネスコ
サントラ
バチスタ
イベスタ
ジモット
プリンス
サクサク
ディノス
ケンコミ
ワクチン
プリウス
アトリエ
スマッチ
インプレ
ハンドル
ピジョン
ベランダ
リビング
モノサシ
モヤモヤ
ホイホイ
ガッチリ
ヌレヌレ
ヘルニア
コショウ
スリッパ
インテル
リバブル
トリンプ
プルモア
キャップ
リンクス
ルテイン
スイスイ
チャイム
ピンスポ
カリスマ
キャベツ
オンエア
オリコン
リフォム
アラビア
ギリギリ
エジプト
カスタム
タイムス
サブカテ
ネタフル
トリビア
サミット
ベタベタ
ゼクシィ
ショパン
タレコミ
ブクログ
シボレス
スリング
パンドラ
キョトン
シトリン
ガッカリ
マクロビ
ファイト
ビビンバ
オムレツ
ネクタイ
ディスク
チベット
ハピテラ
サウンド
バッチリ
グルグル
ニワンゴ
ジャック
ニヤニヤ
ギャング
ジョブズ
エムエル
ブラウズ
ヘンゼル
アニコム
プリズム
ブログリ
プチグリ
ソラニン
エンピツ
プンプン
アジアン
パロディ
ピリオド
ロケット
リメイク
アエリア
バイトル
スライス
ダラダラ
ペルシャ
シリアル
