ショッピング
ウェブサイト
ガイドライン
セキュリティ
コミュニティ
ファッション
ジョブセンス
リアルタイム
ボランティア
ピックアップ
バックアップ
プレイリスト
ソフトウェア
マイニフティ
メンテナンス
コレクション
サプリメント
プロジェクト
トントラック
ライトアップ
ジャパネット
タグクラウド
カスタマイズ
ワンポイント
オンビジネス
チェックイン
インデックス
スタイリスト
カテゴリナビ
ラインナップ
ウエディング
シンポジウム
オリンピック
パンフレット
フィッシング
ネットストア
アリエッティ
クリッピング
フレグランス
アシスタント
マニフェスト
ギャザリング
オンデマンド
グルメブログ
ディレクトリ
ビジネスマン
ジャスダック
ガイドブック
ディスプレイ
ダイジェスト
セレクション
ファイナンス
ソフトバンク
キャッシング
テイクアウト
マイペディア
マネジメント
ブログサイト
ジオトラスト
リフレッシュ
フィクション
ケンプラッツ
インスパイア
リストアップ
ウェディング
ハンドブック
ヴァイオリン
アルゴリズム
ヘアスタイル
エクスプレス
オアシスナビ
エクステリア
チャンピオン
マクドナルド
ダイヤモンド
インビクタス
マイスポット
エクササイズ
ハイブリッド
トップクラス
プラスチック
クチュクチュ
マイカラメル
ブログトップ
サンドイッチ
セッティング
インドネシア
カシスエキス
キッズネット
ピュアブログ
ビックカメラ
レファレンス
アライアンス
インスパイヤ
パナソニック
カリキュラム
ドッグワイン
クライアント
コウケンテツ
コントラスト
ファンクラブ
トレッキング
オフィシャル
イベントナビ
ユナイテッド
アウトレット
アウトレイジ
スティッカム
ファンタジア
