ショッピング
ウェブサイト
ガイドライン
セキュリティ
コミュニティ
ファッション
リアルタイム
ボランティア
ピックアップ
バックアップ
プレイリスト
ソフトウェア
メンテナンス
コレクション
サプリメント
プロジェクト
ライトアップ
タグクラウド
カスタマイズ
ワンポイント
チェックイン
インデックス
スタイリスト
ラインナップ
ウエディング
シンポジウム
オリンピック
パンフレット
フィッシング
ネットストア
クリッピング
フレグランス
アシスタント
マニフェスト
オンデマンド
ディレクトリ
ビジネスマン
ガイドブック
ディスプレイ
ダイジェスト
セレクション
テイクアウト
マネジメント
リフレッシュ
フィクション
インスパイア
リストアップ
ウェディング
ハンドブック
ヴァイオリン
アルゴリズム
ヘアスタイル
エクスプレス
チャンピオン
ダイヤモンド
エクササイズ
ハイブリッド
トップクラス
プラスチック
クチュクチュ
サンドイッチ
セッティング
インドネシア
レファレンス
アライアンス
インスパイヤ
カリキュラム
クライアント
コントラスト
ファンクラブ
トレッキング
オフィシャル
アウトレット
