が
た
する
で
と
ない
いる
ます
です
ある
れる
だ
こと
なる
まし
お
この
う
よう
さん
ご
その
できる
ば
ませ
もの
思う
言う
てる
そう
けど
たら
られる
行く
き
いい
なら
これ
くださる
でも
たい
それ
だっ
ため
あっ
より
みる
また
だろ
やる
でし
じゃ
でしょ
思い
ず
いう
おり
良い
たつ
くれる
しまう
どう
ここ
書く
ところ
入る
こちら
ござい
使う
見る
いく
感じ
知る
持つ
とき
考え
そして
読む
かも
下さる
よく
もう
わかる
探す
ちゃん
聞く
そんな
無い
食べる
問い合わせ
同じ
買う
しかし
好き
多い
わけ
ちょっと
つ
作る
その他
みたい
くらい
入れる
くる
ら
まだ
受ける
もらう
こんな
あなた
行う
戻る
高い
お願い
多く
ありがとう
少し
あれ
続く
あ
みんな
あの
出す
及び
いたい
分かる
うち
ま
ちゃう
大きい
どこ
もっと
あと
しれる
く
いただき
せる
悪い
え
楽しい
よい
なんか
そこ
す
べき
帰る
取る
終わる
違う
ただ
すべて
かける
らしい
変わる
やすい
とる
本当に
いつも
さらに
すぐ
いただく
とても
ましょ
こ
かなり
強い
つく
お客様
新しい
向け
教え
初めて
頂く
なん
かかる
含む
まま
飲む
早い
特に
大きな
つけ
一つ
ほう
続ける
見え
通り
言える
おすすめ
始め
すぎ
呼ぶ
いえ
全て
楽しみ
これから
いき
詳しい
そういう
ちる
近く
欲しい
少ない
気持ち
ちゃ
とも
すごい
はず
やっぱり
あまり
頑張る
どの
もちろん
だって
忘れる
まあ
ねぇ
ああ
ほか
求める
いろいろ
その後
送る
子ども
または
生きる
つい
こう
どんな
過ぎる
あげる
皆さん
考える
話す
確か
お知らせ
長い
たくさん
ぬ
ほとんど
違い
やはり
る
だから
面白い
出来る
描く
来る
流れ
出る
いや
使い
選ぶ
置く
もつ
それぞれ
なかなか
いっぱい
待つ
ご覧
よる
くん
向かう
じ
しかも
なぜ
くい
又は
乗る
進む
語る
お気に入り
り
お前
ほしい
まず
および
付け
嬉しい
売る
届け
残る
付き
美しい
死ぬ
まぁ
歩く
致す
合わせる
美味しい
全く
目指す
走る
作り
実は
与える
よろしく
しっかり
ふる
開く
こういう
けれど
め
会う
さて
基づく
うまい
おいしい
そのまま
必ず
変える
なお
限り
ちなみに
示す
認める
あたり
難しい
いつ
とりあえず
はじめ
さま
ひる
おく
生まれ
見せる
見える
わたし
づくり
大好き
ちゃんと
小さい
つくる
始まる
近い
異なる
いま
せい
行い
安い
撮る
まとめ
名無し
どうぞ
ごと
ひとつ
出会い
覚える
住む
ずっと
押す
合う
やつ
ぜひ
小さな
釣り
上げ
見つける
つまり
おきる
これら
降る
起きる
立つ
有る
もし
どれ
いか
おい
きっと
打つ
にくい
加える
上がる
答え
なに
決め
増え
決まる
用いる
付く
なんと
なか
残す
新た
もと
若い
困る
守る
深い
でる
動き
落ち
暮らし
そば
っぽい
お金
幸せ
そこで
調べ
負け
それでも
比べる
どちら
ねえ
つもり
間違い
進める
明らか
ただし
あるいは
遊び
ぶり
可愛い
広い
ゆっくり
最も
すぎる
すでに
まち
聴く
迎える
みなさん
楽しめる
祭り
さすが
思い出す
動く
願う
優しい
久しぶり
切る
お話
疲れ
しばらく
彼ら
感じる
含める
信じる
低い
働く
とこ
同時に
笑う
がんばる
たかっ
かつ
ほぼ
素晴らしい
歌う
厳しい
届く
とにかく
いずれ
殺す
貼る
休み
離れる
周り
学ぶ
問合せ
勝つ
なくなる
見つかる
がる
起こる
食う
書き込み
買い物
こだわり
けれども
立て
勧める
支払い
嫌う
遅い
まずは
例えば
消える
怖い
香り
知れる
軽い
伝え
止め
通る
なさる
除く
まったく
おお
遊ぶ
たま
かわいい
飛ぶ
役立つ
きれい
自ら
そ
凄い
済む
やめ
見れる
白い
払う
まだまだ
だが
痛い
流す
一戸建て
住まい
連れ
繰り返す
既に
そんなに
過ごす
ほる
焼き
申し込み
とっても
ひと
ろ
気づく
女の子
おら
伴う
限る
集め
試し
こっち
げ
いろんな
まくる
明るい
ゆう
更に
とおり
なんで
落とす
お待ち
申し上げる
訪れる
ゆ
寒い
古い
まさに
やっと
開ける
それから
悩み
では
集まる
起こす
豊か
選び
どうも
だし
常に
借りる
聞こえる
沿う
取り扱い
ぼる
こんにちは
お客
おかしい
ひとり
再び
次に
応じる
なんだか
当たる
それで
まい
たん
じゃあ
正しい
お腹
驚く
歩き
述べる
使える
始まり
捨てる
切れ
育てる
止まる
別に
ぁ
び
どういう
失う
並ぶ
残り
おめでとう
どっち
がん
うれしい
後ろ
うどん
ご飯
そろそろ
いくら
喜ぶ
やってくる
抜ける
こんなに
激しい
どんどん
まるで
ころ
楽しむ
図る
はい
戦い
かん
かかわる
癒す
忙しい
減る
引越し
暑い
おもしろい
赤い
おかげ
引く
いくつ
むしろ
使い方
熱い
つける
生じる
任せる
はじめて
さまざま
建てる
ふう
引き
渡る
もう少し
弱い
こい
どうして
関わる
なんとか
そもそも
らしく
はっきり
子育て
痛み
至る
うる
頂ける
隠す
ぽい
よし
やっぱ
短い
あたし
申し訳
静か
まっ
ぉ
考え方
好み
ようこそ
広がる
返す
立ち
ところで
ねる
甘い
ぶる
そのもの
回る
分ける
ざる
掛け
咲く
越える
ぃ
始める
珍しい
ける
いよいよ
扱い
悩む
決して
何とか
たっぷり
避ける
居る
重い
いただける
ぼく
揃う
伝わる
狙う
いきなり
もしくは
お茶
それに
勝ち
やや
得る
間違う
定める
当たり
係る
ちょうど
二つ
ゆく
ついに
出会う
あまりに
ごろ
登る
ようやく
手続き
それにしても
遅れ
うん
取り組み
足る
あんまり
おもちゃ
かつて
どうしても
辛い
問う
びっくり
取り組む
思い出
たる
分の
座る
眺め
やさしい
泣く
行なう
めぐる
まいる
まつり
ひどい
つながる
落ち着く
掲げる
禁じる
投げる
終える
辺り
上手い
寄せ
っす
かう
かたい
それら
あい
巻く
寄る
代わり
抱く
優れる
懐かしい
ところが
笑い
お世話
追う
お互い
喜び
気に入る
乗り
現れ
いわゆる
漏れ
たぶん
慣れる
きる
働き
手作り
いかが
挙げる
扱う
当たり前
載る
それとも
怒る
切り
こうした
助け
初め
ほん
遠く
書き込む
薄い
さっき
きちんと
だめ
出かける
あら
待ち
戦う
望む
さくら
恥ずかしい
我が家
逃げ
売れ
目立つ
触れ
たび
許す
一気に
悲しい
貰う
ぇ
走り
世の中
近づく
抜く
もち
死ねる
細かい
釣る
めん
狭い
改めて
夏休み
もっとも
あんな
すっかり
動かす
替える
吹く
きょう
込み
戻す
ちょ
運ぶ
お母さん
伸び
勢い
黒い
気付く
うい
りん
眠る
ついで
云う
赤ちゃん
いつか
せっかく
叩く
おまえ
汚れ
思わず
貸し
もらえる
迷う
幸い
へん
かね
だい
驚き
役に立つ
もう一度
きっかけ
負う
別れ
萌える
経つ
閉じる
美味い
愛しい
寂しい
わずか
組み合わせ
生かす
調べる
それでは
定め
頼る
相変わらず
だれ
巡る
こいつ
ほんと
こども
あわせる
少なくとも
判る
表す
あらゆる
下り
振る
開き
おそらく
早め
下がる
ごめんなさい
奪う
もともと
おれ
囲む
お菓子
あがる
超える
ゅ
向こう
ええ
増やす
何で
結ぶ
解る
いち
見直し
まさか
あんた
迫る
ぐる
載せる
らん
上げる
暗い
すみません
晴れ
仕上げ
どうやら
ふと
お送り
ある程度
育つ
それなり
幅広い
のんびり
冷たい
ごはん
教える
贈る
がち
倒す
宜しく
重ね
きれる
果たす
外す
臭い
こだわる
去る
想い
間違える
支え
とら
出せる
振り
上がり
占い
取扱い
伸ばす
防ぐ
込める
ゆき
振り返る
我が
みれる
同じく
お疲れ様
そりゃ
きり
張る
すると
いらっしゃい
青い
だら
向き
放つ
しま
暖かい
お伝え
見つめる
わざわざ
受け取る
たった
設け
備え
たとえば
学び
味わう
食べ物
遠い
揚げる
よろしい
書ける
実に
単に
しん
明け
受け入れ
亡くなる
怒り
いらっしゃる
はる
乗せる
いかに
努める
有する
広げる
寝る
ちょう
つる
無くなる
下げ
倒れる
しょ
まるい
掛かる
壊れる
いける
越す
辞める
演じる
なれる
さる
本当は
ひく
けっこう
訴え
取り寄せる
たて
植える
おはよう
溢れる
ぶっ
並べる
誘う
ごめん
まとも
取り上げ
ぷ
回り
仕組み
効く
それほど
向い
とい
伝える
つて
輝く
やく
どうせ
込む
諦める
焼く
組む
濃い
だらける
見かけ
なので
殆ど
やがて
折る
ぢ
なんとなく
味わい
踊り
絞る
飾る
ふるさと
流れる
飛ばす
あらかじめ
保つ
踊る
踏む
ますます
ともかく
逝く
狙い
こうして
抱え
おっ
包む
救う
いえる
入り口
襲う
泣き
増える
恐れ
吸う
荒らす
おっしゃる
受け付け
みな
引き続き
抜き
む
とう
弾く
つぶやき
渡し
頼む
さあ
付ける
見た目
くせ
勘違い
着い
速い
細い
拾う
当て
こんばんは
つながり
はじめまして
飼う
ほんとに
盛り上がる
おける
ご存知
すばらしい
ものすごい
着く
もたらす
抑え
お出かけ
直し
整う
すい
うた
もしか
決める
お父さん
まつ
ありがたい
申す
たまる
参る
造り
高め
ぅ
意外と
きつい
叫ぶ
登り
有難う
日帰り
絡む
つらい
しょうが
難い
休む
活かす
のり
並び
選べる
そういった
むら
のる
知り合い
ゆったり
それと
正しく
思える
お昼
まわり
匂い
ごく
予め
だけど
じっくり
積む
急ぐ
おじさん
それだけ
あそこ
ちん
承る
はっ
おる
下る
すなわち
かぶる
恐ろしい
極めて
あくまで
満たす
引っ張る
疑い
おまけ
とく
空く
ょ
ふれあう
もうすぐ
隠れ
さぁ
埋める
だいたい
ぴったり
及ぶ
落ちる
こる
伺い
守り
消し
洗う
繋がる
占める
共に
攻め
なるほど
削る
酷い
憧れる
やる気
回し
べく
いったい
混ぜる
さい
取り付け
かく
なんとも
お答え
間に合う
付き合い
飽き
減らす
並びに
もはや
治る
やり方
あぁ
ひたすら
温かい
記す
単なる
ゐる
のち
真ん中
聞ける
上る
男の子
ほんの
控え
ちまう
いじめ
柔らかい
さがす
付き合う
お子様
耐え
はん
誇る
仕掛け
成る
通し
構う
通じ
恵まれる
だんだん
たまに
探せる
吐く
何故か
おもう
申込む
助かる
おもい
たとえ
盛る
ゆる
生き物
苦しい
てか
こころ
余り
お礼
かっこいい
はてな
たまたま
黙る
光る
なるべく
ぐ
えっ
めざす
せめて
仲良く
ことば
あいつ
覗く
いざ
見積もり
添える
集まり
べし
すき
いたる
担う
行ける
どおり
浮かぶ
おしゃれ
はまる
くま
訪ねる
こむ
狩り
生き方
飾り
稼ぐ
愛する
あちこち
生み出す
支払う
殴る
ごみ
応え
塗る
従う
だいぶ
かわり
ふたり
あえて
づらい
古く
問い合せる
捉える
握る
どなた
奥さん
ふく
割れる
似合う
引き出す
触る
造る
見守る
色んな
加わる
尽くす
漂う
ですから
掘る
もしかして
お湯
涼しい
はじまる
燃える
外れ
試み
みなさま
おこ
くり
塗り
生える
かる
愛す
ねこ
若しくは
お笑い
そちら
履く
どんなに
慌てる
出来上がる
分かれ
施す
達す
あっさり
叩き
壊す
祈る
きん
悔しい
たろ
間取り
お越し
誤り
浴びる
どっか
取り扱う
許し
咲き
上り
但し
まり
おこなう
突っ込む
お祝い
増し
とける
生まれる
広がり
わり
解く
祈り
でかい
すいません
さっぱり
ばん
姉さん
あたる
っ子
炒める
もどる
わが
作り方
蹴る
詰め
漬け
やばい
危ない
喋る
招く
この間
したがって
きく
ちょい
らい
すっきり
つなぐ
映る
見通し
移す
挟む
尋ねる
あくまでも
みつ
おば
とくに
やたら
張り
あれこれ
ずいぶん
めっちゃ
御座い
ぶん
ばる
創る
掴む
後で
取り入れ
荒れる
笑える
築く
たけ
持てる
立ち寄る
いっしょ
手入れ
満ちる
踏まえる
高める
何より
そこそこ
穏やか
できるだけ
見積り
響く
わし
痩せる
疑う
答える
あいさつ
けい
何だか
陥る
すげる
しゃべる
重なる
ってか
どころか
いわき
及ぼす
深める
だす
断る
騙す
暮らす
みせる
怪しい
ぬる
あて
この世
響き
どころ
易い
そっち
固い
その間
高まる
導く
噛む
仕入れ
乗り換え
巻き込む
大いに
わん
誠に
ゆえ
ないし
混む
らし
泊まる
取り戻す
どる
もったいない
お手伝い
数える
汚い
ゆかり
曲がる
渡す
読み取る
たって
務め
崩れ
たれる
三つ
たしかに
あり方
よって
興味深い
ちがう
おん
こもる
くさい
絞り込む
立てる
くらし
被る
現れる
並み
とんでも
うるさい
祝い
なす
はいる
切り替え
返る
さっそく
つかう
支える
仮に
割り
破る
覆う
上回る
最寄り駅
こりゃ
数多い
鮮やか
心から
撃つ
酔う
誇り
採る
止める
あきらめ
配る
争い
でかける
おまかせ
書き方
見上げる
斬る
そん
果たして
要る
詰まる
でん
かなう
とうとう
のせる
確かめる
のぼる
崩す
ばあちゃん
みち
ほら
飛び出す
ろう
濡れ
通う
皆さま
さっさと
お寺
あふれる
立ち上がる
下ろす
ゆとり
おしゃべり
呟く
じん
騒ぐ
反する
何らかの
お盆
辿る
太る
あんなに
とある
済ませる
引っ越し
手伝い
しら
われわれ
がた
呼びかける
干す
てれ
言い方
ぎ
思いつく
まき
混じる
かまう
かむ
適す
旨い
爽やか
促す
か月
注ぐ
眠い
湧く
構え
取れる
兄ちゃん
半ば
買える
いちばん
っぱなし
探る
揺れ
観る
うさぎ
兄さん
笑み
預かる
消す
幼い
しかしながら
きい
触れる
褒める
流行る
あっという間に
贈り物
移る
やわらかい
例える
舞う
召し上がる
かき
やむ
要するに
もる
まじ
みかん
そろう
うける
いつの間にか
すっごい
まずい
はや
おっさん
挑む
染め
りんご
逃げる
問い
そっと
脱ぐ
つまらない
謝る
なおす
もしも
言い訳
ふり
固め
浮かべる
取り出し
習う
なくす
惹く
ひまわり
見出し
さき
ごとく
綴る
かご
げん
ほっと
硬い
頼り
必ずしも
伺う
はねる
やめる
どうにか
輝き
背負う
未だに
曇る
追いかける
称す
んじゃ
丸い
叶う
勤め
散る
づく
お断り
著しい
写る
未だ
育ち
苦しむ
鍛える
負ける
まんま
泳ぐ
携わる
喰う
およそ
犯す
収める
呑む
溜まる
建つ
心がけ
腐る
るる
次第に
太い
そしたら
思いっきり
厚い
つづく
何となく
沈む
ふさわしい
盛り上がり
そうですね
打ち合わせ
有す
照らす
押さえ
誓う
つづける
みそ
あつい
ずれ
治す
僅か
ゆり
つまる
いかなる
何とも
おにぎり
組み
きもの
おばさん
割る
まして
受け止める
空き
心地よい
我が国
浅い
仕立て
励ます
乗り越える
利く
とらえる
眠り
要する
いかにも
兼ねる
くちい
独り言
うわ
刻む
固まる
今や
気持ちよい
いい加減
直す
鋭い
ありがと
締め
如く
ぶつかる
盛ん
ともに
恐らく
離す
わい
くら
滑る
いじる
読める
果て
好む
われ
がら
前向き
たまらない
黄色い
見比べる
鳴る
お好み焼き
真っ赤
年寄り
仕上がり
いちご
いし
こめ
目覚め
僕ら
あっち
在る
有り難い
っぷり
たか
覚める
かわいそう
くろい
じっと
奴ら
代わる
浮く
飲み物
成り立つ
羨ましい
微笑む
すすめ
冷え
手伝う
ぽん
属する
あわ
まったり
むく
がたい
何と
膨らむ
名乗る
金持ち
ぼう
うなぎ
えらい
かし
相次ぐ
ちり
ひな
蒸す
しる
譲る
悲しみ
つまむ
片付け
迷い
繰り広げる
かえって
含み
叫び
其の
斜め
見よい
二度と
える
敷く
あそぶ
おろす
買い上げ
そっくり
磨く
遊べる
苦しみ
一人暮らし
話しかける
お話し
打ち上げる
唱える
ぴ
おいら
たしか
つかむ
売れる
ぞう
舐める
わら
あふれ
運び
まかせる
ぺ
お子さん
きみ
それなら
くじ
炊く
関わり
いったん
お正月
ずる
ほんとう
お買い得
作れる
ゎ
接す
盛り上げる
はやい
差し
たいへん
みなす
冷やす
田んぼ
直ぐ
しばしば
はり
さわやか
しつこい
話し合い
焦る
売り上げ
稼ぎ
傷つける
たたく
受け取り
そいつ
もてる
馴染み
ついつい
すこし
はなし
ちく
はじめる
あか
かれる
友だち
わたくし
指し
併せる
とどまる
まとまる
そら
らく
お手数
ならびに
めい
おなか
うむ
やって来る
いちいち
救い
はぁ
勝てる
縛る
持ち込む
遭う
ただいま
ちと
かえる
乗り込む
いまいち
飼い主
やう
天ぷら
おと
臨む
受け継ぐ
柔らか
しっとり
収まる
時に
つう
らしき
さく
賢い
説く
うらやましい
どく
そっ
大した
わっ
告げ
許せる
裏切る
わが国
引き上げ
気持ちいい
指す
華やか
だからこそ
逢う
鳴らす
着替え
のぞく
見込み
誤る
こっそり
学べる
通す
取り除く
しかた
売り切れ
回す
結び
くつろぐ
引き起こす
薦める
狂う
集める
互いに
れい
まっすぐ
切ない
逃す
駆ける
おかず
髪の毛
動ける
情けない
うつ
つぶやく
がい
騒ぎ
納める
洗い
群れ
飛び込む
打てる
過ごせる
ばら
すける
めちゃくちゃ
望み
力強い
滑り
つり
曰く
磨き
わぁ
すし
お祈り
潰れる
そういや
こえる
なぜなら
さし
暫く
作り出す
着る
かんじる
づける
きっちり
溶け
いふ
わくわく
抑える
見逃し
いまだに
いも
もも
しみ
暴れ
捕まる
しかる
お薦め
写し
しめ
やりとり
ふた
刺す
見舞い
やし
伸びる
通い
闘い
従って
姉ちゃん
幾つ
お陰
ぐち
眺める
煽る
枯れる
晒し
余る
頷く
いと
惚れる
命じる
震え
思ふ
選び方
率いる
お家
ぱ
交わす
儲かる
はかる
まわす
故に
たばこ
お詫び
座り
出掛ける
づつ
欠け
すすめる
おなじみ
うすい
おもてなし
いのち
目当て
ぜん
こなし
歩ける
きゅう
手がける
おやじ
遂に
偉い
歩む
よっぽど
りょう
そこら
なべ
ちび
おや
面す
お気
潰し
落ち込む
きのこ
たどる
ぶつける
劣る
味付け
ふん
遥か
泣ける
くし
閉める
染まる
ぶどう
お洒落
かたち
持ち主
繋がり
はく
おこし
営む
さよなら
くう
わざと
下がり
わたる
交える
下げる
着ける
曲げる
発す
足す
直ちに
持ち帰り
万が一
そうすると
くに
みなみ
入れ替え
話し合う
見かける
こま
あす
訴える
頼み
ぼん
恵み
茹でる
追いつく
そうして
ざ
ぎょ
産む
おかけ
いわば
務める
歩み
素早い
絞り込み
焼け
刺し
日焼け
転がる
作り上げる
潜る
お過ごし
降りる
煽り
ぜんぜん
下す
乱れ
覗き
貯める
してやる
れん
申し出
切れる
報じる
来れる
ぶろ
かま
測る
ぐるぐる
あんま
先ず
会える
しばし
真っ白
はずす
改め
組み立て
さら
ぶす
乾く
いやぁ
雇う
おねがい
温める
こないだ
しんどい
捕まえる
締め切り
たどり着く
鳴く
たいした
うっかり
うめ
叱る
けり
知らせ
ぶつ
敗れる
あらためて
向き合う
ゆでる
色合い
お迎え
埋まる
なめ
解ける
通じる
望ましい
便り
等しい
可愛らしい
存じ
ばか
属す
明かす
招き
めぐみ
繋ぐ
おおい
育む
まんが
葉っぱ
傷つく
ぬいぐるみ
おとなしい
何かと
生る
うつ病
苦い
落ち着き
貫く
傾ける
気まま
ゆめ
或いは
ほんま
こわい
甘え
すり
ときどき
潰す
見直す
ごま
闘う
急ぎ
らっしゃる
おし
接する
彩る
読み方
預け
持ち上げる
やり取り
申し込む
於く
貰い
ひろい
問い合わせる
におい
立ち読み
出入り
おいおい
呆れる
つなげる
くっつく
稼げる
吊る
まじめ
要は
親しい
たべる
取り込む
位置づけ
とまる
役立てる
継ぐ
ご無沙汰
ご存じ
うわさ
振込む
おでん
突き
撫でる
間もなく
抱きしめる
生き残る
いかん
速やか
にんにく
撒く
強める
とれる
ちなむ
時には
握り
装う
まめ
儲け
あいだ
うり
つめ
ついてる
揃い
わき
争う
引き継ぐ
しいる
かめ
入り込む
習い事
盛りだくさん
かっこよい
たいてい
うんこ
分る
いっそ
追い込む
りゅう
助ける
打ち込む
まもなく
引っかかる
就く
つば
誘い
化す
積もる
しき
あま
売り場
売れ筋
ごらん
お疲れさま
駆けつける
たす
押し付ける
粘る
泊まり
まとめる
貧しい
秘める
中でも
うそ
受かる
しゃぶしゃぶ
向ける
せき
好ましい
責め
ちょっぴり
発する
富む
思い切る
小遣い
お尋ね
冷める
まれ
ござる
甘み
よほど
しり
ょう
振り回す
盗る
はがき
ひととき
仕込み
受け入れる
日差し
取り消し
焼き鳥
講じる
よそ
はずれ
くぐる
どうにも
味わえる
えび
突っ込み
見送る
引き取る
ふつう
うかがう
ため息
題す
っきり
肩こり
待ち合わせ
訊く
くだ
向う
仲良し
戴く
帯びる
ひさし
てぇ
ほのぼの
かわす
ひき
織る
想う
差し上げる
じゅう
ゆず
ひとこと
養う
ひょっと
しょうゆ
おう
包み
遅れる
集い
祀る
ご苦労
無理やり
かの
盗む
あちら
一人ひとり
取り揃う
突く
見込む
気持ち良い
描ける
惜しい
晒す
気まぐれ
大きめ
なんだかんだ
ちょこっと
留まる
沸く
せいぜい
ともあれ
擦る
あし
替わる
きち
暮れ
ばい
言い出す
ねらう
早起き
教わる
おかしな
取組む
抱える
置き場
かぎり
あした
値上げ
留め
こんばんわ
のど
換え
物足りない
昔ながら
おじいちゃん
へる
たこ
脅す
持ち込み
因みに
値下げ
淡い
おいで
ちぎる
食らう
ひも
賭け
がく
やせ
びん
めでたい
咲かせる
聴ける
かに
結びつく
祝う
拭う
たのしい
知り合う
ぶち
よみ
ねぎ
終る
物凄い
がっかり
めくる
引け
乗り物
すか
振り向く
つなぎ
かわる
あたたかい
区切る
試す
増す
恐い
とぶ
とりわけ
えり
仕上がる
つゆ
現に
折り返し
介す
いづ
恋しい
すぐる
はた
近づける
お参り
立ち上がり
積み重ね
催し
おこる
見下ろす
魅せる
賑やか
手持ち
まね
直る
何やら
つぶる
遂げる
励み
ゅう
いいえ
むかし
嫌がる
だます
なつかしい
いまだ
たかい
通り過ぎる
ふわふわ
競う
即ち
夜明け
あみ
もみ
貯まる
凍る
ひめる
呪い
四つ
何気ない
何ら
着せる
お守り
くだらない
暖か
まるごと
きわめて
しぼる
うに
論じる
つま
ばり
思い込む
捧ぐ
揺れる
我ら
高まり
動き出す
町並み
名付け
手のひら
働ける
のく
すく
賜る
めし
設ける
燃やす
あおい
つぎ
出迎え
帰り道
追って
まぶしい
さりげ
置き換える
重ねる
じゃぁ
現す
おの
じゃっ
組み込む
ひとみ
しゅう
でっかい
達する
たこ焼き
はめ
ぼんやり
引きずる
密か
おみやげ
もとより
かお
つれ
ひがし
花びら
多め
呼び出し
疲れる
あわてる
化け
且つ
やれる
かぼちゃ
操る
ひっそり
すまん
日の出
浸る
廻り
なにやら
くすい
当てはまる
はさむ
仕分け
さらなる
厚み
まく
ふぐ
逃れ
告げる
みつける
破れ
ぎりぎり
つぶし
お誘い
よぶ
欠く
数少ない
入れ歯
使い勝手
先ほど
転ぶ
励む
垂れ
隠れ家
嫁さん
控えめ
ほめる
混ざる
貸し出し
税込み
荒い
討つ
応える
うさ
漏らす
いち早い
和む
手書き
ふたつ
ほた
溶かす
編み
澄む
飲める
まさしく
ふざける
とどめる
見送り
尽き
当てる
乏しい
品切れ
堅い
要す
気合い
見渡す
吸い込む
宝くじ
大騒ぎ
焼きそば
賑わう
絶える
培う
ゃ
むける
すてき
というのも
刈る
仕える
ざい
いたずら
仰る
募る
いつのまにか
逃げ出す
思いやり
ぬき
そろえる
危うい
くるみ
釣れる
お返し
久し振り
なぐ
手打ち
とことん
いす
呼べる
菜の花
追い出す
愉しい
痛む
ぐるみ
さす
ひざ
休める
せんべい
恨み
変る
がかる
おじ
出逢う
拭く
真に
きのう
大人しい
見合い
強まる
こなす
ならば
広まる
這う
期す
くるむ
細か
はれる
だるい
むかう
真っ直ぐ
まみれる
あせる
引き込む
当り
腫れ
まろやか
母さん
補う
嫌がらせ
なぞ
移り
深まる
えと
なのに
差し出す
掛ける
なでる
抱っこ
気の毒
損なう
摂る
すべる
成す
ほのか
かぜ
なまる
おやすみ
練り
独り
くわしい
できあがる
引き受け
落書き
お嬢様
無くす
さほど
拘る
ましてや
何だ
くみ
あぶる
旨み
聞き取る
ふみ
蘇る
見受ける
近寄る
くだす
詠む
しつける
こする
敢えて
煮込み
乗り切る
広め
はたらく
凝る
消せる
転じる
捜す
次ぐ
おわる
いまさら
託す
文字通り
案の定
つっこむ
愚か
制す
ふとる
空ける
出会える
つとめる
問いかける
かす
おちる
もれる
枠組み
道のり
親しみ
明かり
緩やか
つれづれ
しあわせ
生む
たた
かっこ
ほほ
はて
しく
哀れ
となり
取り巻く
てつ
とっくに
したがう
捕らえる
浸かる
うたう
かげる
買い求める
揉む
読み返す
ねずみ
石けん
けが
倒せる
めんどくさい
どっと
もみじ
きめる
費やす
お宝
計る
すむ
ささやか
向く
とたん
盛り込む
栄え
互い
覚ます
はま
歪む
あゆ
仰ぐ
持ち帰る
つくづく
乳がん
魔法使い
こんにゃく
整える
行える
強み
表れ
お隣
昼休み
降ろす
やすらぐ
おおう
怒鳴る
わく
みえる
喰らう
ことし
やけ
むし
見当たる
きき
ふしぎ
たらしい
概ね
抜け出す
知らせる
手掛ける
伏せ
歪み
唄う
ねじ
彩り
それなのに
みこ
昇る
もぐ
埋め込む
こら
言うまでもない
値する
相応しい
はし
夕暮れ
至り
奏でる
まゆ
訳す
大嫌い
重み
吠える
物語る
まさかの
持ち出し
凄まじい
まとう
わるい
振るう
手づくり
映す
淋しい
かわいらしい
次いで
巧み
乗り出す
下し
傍ら
こんど
渋い
閉まる
おもろい
ふき
ひとつひとつ
吐き出す
持ち歩く
走り回る
さくらんぼ
悟る
手当て
友の会
廻る
くそ
生まれ変わる
くず
望める
暮らせる
ながい
真っ暗
貰える
あじさい
ここら
田植え
ざま
立ち止まる
察し
日替わり
しみじみ
ごとき
いっそう
ひろば
凹む
またもや
あらわれ
下回る
まんじゅう
むずかしい
備える
にんじん
こんなにも
練る
玉ねぎ
あざ
途切れる
ほり
見据える
ためし
こぼれ
現われる
過払い
とおい
酔っ払う
悩ます
あめ
覆い
欠ける
ただただ
読み取り
出回る
まわる
何もかも
ともだち
返せる
賑わい
そそる
仕込む
今さら
おやすみなさい
痛める
ふんわり
衰え
しょっちゅう
語り合う
すじ
在り方
立ち向かう
漕ぐ
見どころ
るい
なめらか
わさび
ふむ
絡める
着付け
聞かす
さかな
かや
取り出す
じゃがいも
父さん
傾く
合える
溜める
極め
停める
戸惑う
満つ
おしまい
浮かび上がる
さび
あいにく
手抜き
正に
弱る
鳴き声
ともなう
さておく
偏る
づ
かさ
ぎん
ひぐらし
ひだ
引き寄せる
付す
おっちゃん
がけ
さっと
よみがえる
出向く
振り込み
送り出す
車いす
ふんだんに
届け出
のぞみ
除ける
とらわれる
踏み込む
嘆く
もやし
しくむ
おせる
思い込み
ありゃ
けし
にきび
差し込む
くらぶ
おくる
めちゃめちゃ
食する
やまと
大さじ
生き生き
ぐっと
いきいき
きゅうり
ぼちぼち
いた事
これぞ
誉める
ちっとも
思い浮かべる
逆らう
深み
主として
堪える
踏み出す
だらだら
鈍い
真っ
埋もれる
真っ黒
泳ぎ
さらす
滅ぼす
取り外し
名づける
追い詰める
幾ら
たける
使い分け
大して
ややこしい
萎える
ゃん
あたりまえ
夕焼け
妨げ
釣り場
見分け
滑らか
かじる
想い出
しっぽ
お忙しい
見抜く
だに
思い切り
生ずる
ちっちゃい
いぬ
思いつき
まことに
値引き
延ばす
おじいさん
書込み
鳴り
ほぐす
遠慮ない
あらわす
がれ
包み込む
ゆえに
先立つ
集う
ぶた
付け加える
産まれる
おむつ
はちみつ
紡ぐ
こぼす
らくらく
っしょ
かする
焚く
かすか
戦える
こんにちわ
しなやか
いいかげん
きっぷ
長生き
くれぐれも
こたえる
おくれる
ひとまず
捕る
絶つ
やぶる
真っ先
あく
しとる
醜い
ごっこ
ご馳走
薄れる
ぬける
すれ違う
くらべる
余りに
拒む
びびる
隣る
ひょう
めまい
読み込み
やり直し
奨め
働きかけ
めがね
わいせつ
折りたたみ
昼過ぎ
天下り
香ばしい
怠る
話せる
潤い
お方
くるくる
佇む
哀しい
丸ごと
意味合い
日の丸
赴く
映し出す
閉じ込める
のびる
遣い
待ち時間
老い
大通り
くすり
太もも
傷み
悟り
おぼえる
据える
ほんのり
あじ
縫う
分かれる
免れる
いれる
くわえる
はしゃぐ
はやる
しだい
区切り
はぐ
あこがれ
遣る
見極め
丸出し
裏切り
延べ
取り消す
ひむ
おとな
飛べる
蒸し暑い
ゆるい
むき
灯り
重たい
てい
夕べ
もろ
際立つ
それでいて
結びつける
吹っ飛ぶ
遡る
まとめ買い
あったかい
めずらしい
吐き気
かじ
絵かき
つづる
引き下げ
たずねる
さようなら
せり
かすみ
つまんない
ひらく
ちさ
一向に
浮き
召す
のける
しゃぶる
滅びる
待ち受ける
でく
省く
思い入れ
どら
あご
まぐろ
品書き
驚かす
為す
薄暗い
剥く
見慣れる
いやあ
ぁぁ
最寄り
懲りる
面倒くさい
つつじ
とっとと
煮込む
にぎやか
宜しい
掻く
慰め
乗り場
身の回り
のら
帰す
ぬく
いくらでも
見合う
通れる
むかつく
あたかも
さむい
見習う
繋げる
打ち出し
早くから
たかが
逃がす
ずらす
おさまる
引き締め
お便り
すんなり
見失う
人びと
彫り
則る
ざわ
てっきり
透ける
はたして
ほうれん草
代え
一段と
たのしむ
いまや
やむを得ない
安らぎ
焦り
感じ取る
いね
つかめる
投じる
おおむね
買い取り
じつは
つぼみ
まつげ
さんざん
なんせ
度合い
耐える
奥深い
汲む
略す
ふか
準じる
からむ
課す
やけに
睨む
じみる
跳ぶ
お母様
恋する
旅立つ
置ける
しげる
日ごろ
引き分け
みつかる
手洗い
やりがい
へっ
怖がる
まとまり
見舞う
何しろ
当る
焼き肉
吹き飛ばす
まぶた
さらう
大げさ
すみれ
泊り
主たる
すばやい
走り出す
だるま
使い捨て
ずみ
しっくり
こねる
若返る
攻める
割り切る
少なめ
お嬢さん
利回り
ばっちい
ぬくもり
譲り
病む
なおさら
散らし
うふ
余儀ない
詰め込む
いささか
くらう
止む
おばあさん
飛び交う
刺さる
すする
格付け
終り
つと
照れ
読み上げる
しびれ
うんざり
占い師
ざき
見逃す
放す
宿る
割り当て
ひま
助け合う
ひっかかる
愛らしい
うっすら
かゆい
積み上げ
はさみ
なじみ
順に
びく
見捨てる
いとこ
刻み
染み
なにしろ
乗れる
何時も
たびたび
買取る
やみ
君たち
爺さん
押し寄せる
憶える
如き
そり
依然として
そる
いえいえ
のばす
たより
取り合う
剥がす
前払い
山歩き
ふっくら
とばす
憩い
跳ね
和える
よせ
ふふふ
うつる
有り得る
行き先
こまめ
担ぐ
引渡し
生み
快い
苦しめる
乗じる
書き換え
位置付け
脅かす
たるみ
怯える
寄り道
とてつもない
へぇ
剃る
わが家
切り取る
慕う
近付く
ずし
ぜひとも
ぶらり
もっぱら
拝む
偽り
鳴き
活きる
見習い
めんどい
おさえる
ばば
久しい
遮る
済ます
子連れ
まずまず
だく
手助け
いろは
震える
片づける
誤魔化す
いわく
囁く
ことわざ
ぁぼる
好い
さわる
のし
かつら
あらす
日当たり
組合せ
使いこなす
わかめ
偲ぶ
持ち物
じき
充てる
手すり
ぶれる
差し入れ
恐る
ことに
かせる
値上がり
むくむ
呼び出す
ひかる
紛れ
冷え性
墓参り
あっという間
落ち着ける
あいまい
通行止め
お許し
聖なる
亡き
欠かす
さかのぼる
起き上がる
手引き
亡くす
こける
だからといって
こうじる
ときめき
ことごとく
おどる
きらきら
かおる
暇つぶし
たちまち
ざっと
うろうろ
かもめ
退く
つきあう
おぉ
呈す
っし
対す
心強い
行き届く
思い立つ
振る舞い
取り上げる
心掛け
馴染む
おなじ
待ち遠しい
かわら
閉ざす
乗っ取る
残せる
搾る
坊さん
うるおう
どんぐり
薄める
温まる
おしっこ
旅立ち
かまぼこ
別れる
小さめ
もとづく
定か
たんぽぽ
眼差し
とろける
色づく
泊まれる
ふだん
寝かせる
戸惑い
ぱくる
絶えず
乗り入れ
読み解く
打合せ
切り口
もどき
いつしか
知らす
飲み屋
見やすい
りす
ぬう
わざ
ただ今
かぶせる
日にち
言い聞かせる
はあ
手渡し
さみしい
おおよそ
読み物
きし
取り付ける
細長い
貸す
びと
取り替える
みりん
崩れる
見落とす
進め方
うなずく
つよい
成し遂げる
話し方
呪う
それどころか
ひす
意気込み
うっとり
長持ち
打ち切り
寄り添う
沈める
くっきり
おかし
からい
決め手
編む
憎む
仕切り
漠然と
狩る
ひばり
つむ
見渡せる
寄せる
醸し出す
目覚まし
申し入れ
縫い
仕出し
仕切る
きまる
開き直る
微か
砕く
きめ細かい
たくましい
可笑しい
産み
横たわる
取り込み
損ねる
もしや
すき焼き
やぎ
切り捨て
絵描き
見回す
はつ
ごい
挽く
てこ
見知らぬ
改める
かかえる
ふたたび
委ねる
よろこぶ
好く
ひっくり返す
否める
催す
沈み
ぶらぶら
生き残り
見出す
大いなる
有難い
ぱっと
連なる
ちょくちょく
年明け
合せ
読み込む
見なす
推す
溺れる
どうこう
謳う
受取る
宛て
離せる
兼ね備える
後払い
駆け抜ける
挿す
護る
弄る
赤ん坊
すれ違い
馳せる
止る
大笑い
恐れ入る
分厚い
買い換える
落ち葉
程よい
気が付く
ちっと
にっこり
まろ
張り付く
ためらう
五つ
蒔く
めったに
お供
たんぱく質
言い分
健やか
分かつ
浸す
持ち合わせ
不味い
長引く
凝らす
尽きる
横切る
しかける
ごちそうさま
せつない
平ら
防げる
すくう
そうなると
好き嫌い
つや
細やか
つきあい
洗い流す
ほとり
構える
遠ざかる
すすむ
切り替える
棲む
ちょこちょこ
抱きつく
わいわい
摘み
やらかす
かいな
書き込める
おそい
過ち
しがみつく
立ち去る
びき
取り敢えず
ひそか
さぼる
名乗り
ふらふら
大盛り
うちわ
温もり
塞ぐ
しば
滞る
甦る
さけ
風合い
すう
しめる
嗅ぐ
使い道
詰まり
断り
後押し
しょう
語りかける
それだけに
戸建て
じいさん
先駆け
流れ込む
得する
内祝い
計り
綴り
資する
捧げる
さびしい
のれん
ちらほら
似合い
細め
歯磨き
険しい
たぬき
低め
きらめく
おかあさん
ついていける
そうしたら
すぐさま
占う
彫る
しいたけ
覆す
つぶ
任す
行き来
あげく
飛び降りる
頼もしい
纏う
暮し
買い替え
湿る
呼び名
気さく
せせらぎ
葬る
供する
今にも
兆し
立ち入り
どきどき
詰め合わせ
封じ
ごまかし
しょぼい
延び
くすむ
丸める
ところどころ
値打ち
ろくに
すかさず
ひょっとしたら
狂い
落とせる
つかまる
とんこつ
見下す
長め
ぼけ
のびのび
押し込む
ちゃんこ
奥行き
山登り
溶け込む
緩い
あからさま
むさい
笑い声
申し立て
盆踊り
じい
すね
むす
たのむ
ふえ
抜け毛
飢え
まだしも
とうもろこし
このごろ
みどころ
違える
くすぐる
生き抜く
仕上げる
盛り合わせ
治まる
かゆみ
引き換え
あきれる
紅い
外せる
ねだる
なかでも
ざす
心構え
張り切る
落ち込み
きよい
外れる
気遣い
眩しい
傾げる
組み合わせる
係わる
くくる
さらさら
届ける
飛び込み
神さま
ささやく
さして
春休み
通りすがり
営み
さらば
もろもろ
くさる
姐さん
悔い
もの凄い
やけど
ふりかける
担い手
こたつ
べつ
書き下ろす
根強い
くつ
蒼い
ちょうだい
切り替わる
堕ちる
勝る
恨む
揺らす
ごぼう
吹き出す
呼び掛ける
寛ぐ
当の
ひよこ
折り紙
きたす
準ずる
取付け
なごむ
許可ない
微笑ましい
おんな
べから
ひつ
洗える
おしり
つつく
報う
憎い
取り囲む
おろか
戯れる
くどい
にこにこ
がらみ
けいこ
生き延びる
はげ
水揚げ
称する
かろうじて
生きがい
冴え
すてる
吹き込む
かつお
嘆き
願い事
飲み込む
あしらう
転がす
けら
ちらす
走れる
目の当たり
尊い
きらう
世に
聴こえる
うじ
手がかり
憎しみ
しずく
ふるう
二日酔い
軽やか
歩き回る
かっぱ
取り入れる
飽きる
実る
追っかけ
とじる
ゆかた
なんら
やぁ
通り抜ける
つぶす
取り直す
肌寒い
勤める
放り込む
あかん
生かせる
こよない
お披露目
ばく
課する
さつまいも
段取り
ごちそう
みずから
取寄せる
せっせと
肩書き
なんらかの
呼ばわり
縮む
ぼやく
差す
埋め立て
阻む
切り開く
ひんやり
繋ぎ
実り
えさ
親しむ
差し引く
さめる
永い
年越し
くも
仲間入り
緩む
とちる
よこす
付け根
あだ名
駆る
裏付け
ほろ
ありのまま
伝う
のべる
涼しげ
どし
見立て
試みる
触り
りつ
投げ出す
後ほど
かかと
くっつける
さも
着こなし
なにせ
たたかう
取消し
あやめ
極める
お姫様
塩焼き
探り
もぉ
志す
ひきこもる
取りあえず
何れ
ちいさな
暖める
歯ごたえ
連ね
引き上げる
たてる
見逃せる
ゆける
虚しい
寿し
こまる
もうこ
人差し指
脳みそ
ぺん
かばん
てく
やれやれ
入れ替わる
色とりどり
ばやし
絞める
焼き上げる
摘む
あきらか
えらく
突きつける
いっつも
ふくらむ
引き締まる
金儲け
八つ
授かる
義務付け
わな
お化け
痒い
つどう
くだり
入ろう
だせる
ひっぱる
またす
づくし
きつね
まひ
博す
尖る
すませる
直に
あとがき
すさまじい
錆びる
はう
待たす
やっつける
香る
くじら
落とし穴
生れ
唸る
よぎる
乾かす
まてる
取り残す
にぎわう
めざましい
ほっとく
母ちゃん
控える
さながら
たまねぎ
あやしい
目覚める
さや
さば
切り上げ
まかなう
売り出し
勝ち取る
依る
かしこ
とんぼ
見せつける
振り込む
しゃがむ
裁く
万引き
梅干し
覚せい
吹き抜け
やくざ
飛び立つ
掛け軸
踏み切る
大当たり
無駄遣い
なかよし
祭る
手ごろ
冬休み
見苦しい
見合わせ
大まか
ほったらかす
嫁ぐ
企む
どす
かばう
砕ける
買い取る
ちょん
憂い
押しつけ
持ち運び
どんぶり
定まる
混ぜ合う
建て替え
引き返し
見入る
下請け
いつの間に
まなぶ
泣かせる
申し付ける
ひん
ふし
見張る
名高い
台無し
おじゃま
男らしい
投げかける
わすれる
浮き彫り
住める
暴く
すべ
手放し
ぱん
しんぶん
押さえる
上乗せ
しそ
傾き
すがる
笑わせる
潜り
悔やむ
生まれ変わり
なじむ
濁り
晴れる
弾む
立ち並ぶ
おしい
映り
うねり
めっき
ぐっすり
取りまとめ
憤る
まじる
纏める
ふろ
備わる
ぐする
今ひとつ
だんな
授ける
とりあげる
たいして
炙る
明け方
かぎ
表わす
嘘つき
さんぽ
みごと
潜む
へそ
駆け寄る
お年
乗り継ぎ
抜かす
お子さま
映え
串焼き
おから
清める
命ずる
講ずる
色っぽい
ぁぁぁ
うなる
即す
しょく
おぞい
しし
立ち直る
割り込む
乱す
切れ味
拓く
恥じる
はらう
ろうそく
治める
しらす
蓄え
隠せる
にぎる
かかりつけ
はか
化け物
のこる
煮る
ていねい
隔て
書き出し
手ぬぐい
こしょう
夢見る
お札
垂らす
持ち出す
お決まり
からくり
わる
取り締まり
点く
徹す
つるつる
足取り
曇り空
たいす
踏ん張る
まくら
善い
はじ
先行き
通り越す
もってこい
持ち味
さげる
ほざく
何せ
かけ離れる
おさめる
ひつじ
縮める
ひじ
惜しむ
ふっと
届け先
顔立ち
罵る
肌触り
はしる
先取り
すっと
かならず
締まる
下りる
落し
締め付ける
ふりがな
まもる
あんこ
どぉ
ろ過
先送り
けつ
つねに
揚げ物
かよう
かぐ
果てしない
みじん切り
苛立つ
晴らす
呼び込む
にぎわい
引き渡し
散らす
きが
濡らす
括る
四角い
いそ
かみさん
ろくな
責める
あの世
根っこ
鉢植え
解す
儲ける
ぎゅっと
ひびく
よお
気付け
評す
配し
むね
七つ
はしご
騒がしい
ひとりひとり
掘り下げる
ざり
腰掛け
みるみる
末永い
何一つ
ずい
奉る
一休み
透き通る
映える
恐れる
思う存分
きらら
間抜け
そらす
もめる
撮れる
植え付け
動き回る
むぎ
惑わす
ぐったり
かけがえ
みずみずしい
けんか
やあ
果たせる
ょん
挙がる
とむ
眠れる
しっか
使い切る
苦笑い
もてなし
長らく
降り注ぐ
思いこむ
けっして
ひねる
しゅん
掛け声
空き地
めげる
晴れ間
剥がれる
沸かす
とっさ
投げつける
そく
前もって
逃れる
濁る
喘ぐ
いが
成り立ち
湧き出る
切り出し
窺う
偏り
切り裂く
かき氷
怪しげ
くしゃみ
くだる
いまどき
言い回し
惜しみ
息抜き
還る
いちおう
研ぐ
みっともない
写り
じわじわ
浴びせる
焦げ
いびき
弾ける
ひょうたん
きちっと
口当たり
探し出す
こってり
災い
負け犬
ものがたり
焼き物
求む
こぐ
聞き入る
膨れる
木の実
もどかしい
遊び心
まなざし
くやしい
緩め
分り
あさり
水洗い
ぎみ
突き進む
踊り子
途絶える
めど
居眠り
遊び場
痺れ
げき
お似合い
咲き誇る
極まりない
同い年
なじる
取り返し
和やか
ゆるやか
はがす
お手本
飛びつく
揺る
見込める
いわし
やんちゃ
ちゃんぽん
架かる
交じる
諭す
躍る
出だし
かぶれ
気配り
あぶない
はじける
義務づける
ぐらし
選りすぐる
保てる
ふもと
見返し
売上げ
梅雨入り
ともす
住み替える
絵の具
囚われ
まちがい
だいじょうぶ
出くわす
茂る
くるり
ぐるり
茶色い
どっぷり
親知らず
患う
思い起こす
清い
飛び回る
幼なじみ
りく
かれこれ
裂ける
芽生え
さまよう
肺がん
だま
格好いい
真っ最中
受付ける
居座る
固める
失せる
はやり
言い張る
身動き
つかまえる
突っ走る
かがむ
熟す
総じて
起る
しんじる
隠れる
ばらす
作り直す
写す
恩返し
掴める
いせる
手渡す
生き返る
こなせる
切り抜き
根ざす
お花畑
対する
合わす
ありとあらゆる
断つ
過ぎ去る
繰り出す
とくとく
騒がせる
鳴り響く
気取る
揃える
済まない
揺さぶる
帰れる
聞き流す
ほくろ
和らげる
逸らす
くつろげる
断ち切る
てっぺん
へこむ
つかる
見切り
見返り
むなしい
群がる
突き出し
叩きつける
お年玉
つみ
おかみ
瞬く
おんなじ
直せる
舞い上がる
盗み
しるし
割く
まつ毛
ぎす
里帰り
叶える
組み込み
囲い
追いやる
からかう
気まずい
げっ
うまる
差し替え
傷む
きらり
忍び
なんぼ
食い物
突き刺さる
出遅れ
あずき
あきらめる
ねじれ
なんにも
重んじる
浮かれる
そのうえ
忘れ物
ぶら下がる
ひろがる
言い放つ
指さす
思い通り
侵す
うろ覚え
切り落とす
見晴らし
かんぽ
見栄え
きなこ
堪る
あたえる
まける
言い伝え
げんき
あんしん
降り出す
お鍋
あに
握り締める
裂く
働かせる
だまる
こじんまり
よけい
顔つき
ほな
吹き替え
被せる
退ける
されど
改ざん
あすなろ
凛と
見せかけ
生ける
ぎゃ
白髪染め
がっちり
安っぽい
ぷる
入れ替わり
塗り替える
引き抜く
見覚え
はみ出す
きびしい
侮る
てんぷら
教え子
見張り
裏返し
ぷち
わらう
ざら
おす
おおきい
いみい
とろろ
俯く
ふす
素泊まり
ひじき
はっと
弾き語り
いっさい
味わい深い
ぐるっと
架ける
如し
手放す
ぷらざ
ふまえる
ぽかぽか
ちびっこ
馴れ合う
かくして
散らばる
仰向け
乾き
交わる
飛び散る
差し支える
死す
あいかわらず
後回し
向かい合う
描き出す
いかす
だんじり
ぬぐう
潔い
取扱う
泳げる
愚痴る
さらり
よろず
しきりに
押し出し
噴く
いらう
醸す
やっとこ
真っ青
係り
老ける
見開く
思い当たる
惨め
佇まい
食える
漬け込む
しのぐ
小さじ
つぐ
ふくろう
見いだす
生い立ち
あやい
踏み入る
風通し
釣り上げる
ちらっと
仕掛ける
間合い
心当たり
ぎっしり
引き金
冷える
やせる
叩き込む
すす
乗っかる
遅ればせながら
がき
ごろごろ
ひねり
しょっぱい
それ程
まう
遠回り
お済み
助っ人
あさって
恐る恐る
手応え
かさん
類する
吹き飛ぶ
投げ込む
木の葉
ふかい
ひと言
あける
平然と
お気づき
放る
暴れる
稲刈り
赦す
あっけない
見極める
遅らせる
詰める
考え直す
ごちゃごちゃ
繰り出し
資金繰り
じいちゃん
後ろ姿
おしらせ
使いこなせる
箱入り
わあ
組める
情け
襲いかかる
ひらめく
もがく
巻き上げる
ばらばら
或は
打ち明ける
切り込む
決めつける
行き過ぎ
お座敷
折れる
手造り
霞む
引き継ぎ
思いやる
きまぐれ
べつに
根付く
あたら
なでしこ
駆け引き
噛み合う
ひび
追い越し
ごま油
見とれる
ざく
語り継ぐ
穿く
むちゃくちゃ
溶ける
手遅れ
顔ぶれ
くもる
いむ
漸く
さばき
てめえ
締め切る
思い返す
やさい
遺す
ころころ
だらし
極み
静けさ
繰る
打ち切る
とぐ
なげる
生きもの
大忙し
がま
気遣う
みかける
慣らす
かしげる
安らか
ひび割れ
振舞う
総て
申し分
鵜呑み
もうけ
いちょう
程遠い
逞しい
損する
司る
行きつけ
さぞかし
話し掛ける
清らか
甘酸っぱい
ふち
冷え込む
色濃い
小ぶり
追い込み
引っ掛ける
歯止め
かたまる
前売り
ただちに
汗だく
軒並み
射す
小高い
妖しい
まっしぐら
むすぶ
読み替える
冷え込み
空しい
つき合う
考え込む
捲る
祝い金
おどろく
父ちゃん
雨上がり
預ける
空振り
雪だるま
ぐり
受けとめる
どど
食いつく
たたむ
読み直す
噛み付く
あらた
立て続け
お産
あらし
おっきい
執り行う
おととい
あたらしい
前置き
触れ合う
どける
人見知り
ながめる
疑わしい
折りたたむ
着払い
ゆらゆら
海沿い
巻き起こす
腐れ
よくも
ゆがみ
全う
口ずさむ
酸っぱい
喜ばしい
ゆるゆる
引き立て
切り離し
ふらっと
とおる
いちど
納まる
振り切る
売り物
おごる
縁結び
鬱陶しい
染める
おめでたい
ちゃり
もろい
当てはめる
まるまる
置き去り
勝ち越し
釘付け
線引き
ゆうゆう
お供え
片思い
めっきり
創り出す
きっぱり
けさ
はかない
長続き
ぼろぼろ
みよし
頼める
寧ろ
行き着く
歯並び
張り紙
びら
手っ取り早い
ごまかす
いてる
らち
鯉のぼり
耕す
気取り
組み換え
貸し切り
見せ場
ひいては
導き出す
不向き
詰合せ
増やせる
絡み合う
放り出す
陽射し
さぐる
ぐみ
照り
償う
丸見え
なだらか
すっぽん
ぁっ
ありふれる
素振り
たった今
処す
惜しくも
ちゃっかり
はぐれる
勢揃い
漏れる
天の川
飲み干す
逆さ
さとい
売れ行き
語らう
びっしり
頼れる
きせる
おかえり
むろん
かるた
あびる
そびえる
執る
勿体ない
見届ける
きこえる
安売り
すわる
白っぽい
すずらん
ほこり
どことなく
肌荒れ
千切り
うつむく
移り変わり
たどりつく
むやみ
うんちく
しかして
てんかん
ふさぐ
端っこ
思い知らす
あてはまる
どしどし
囲う
およぶ
しのぎ
ぬるい
つま先
いっち
わが子
無性に
さらい
うまみ
申しあげる
お作り
切に
下敷き
ねえさん
おとす
送れる
めく
集る
かくれる
みぞ
振り込める
亘る
切り札
おもり
うるむ
成り行き
坊ちゃん
消え去る
あわび
かなしい
引き合い
すます
種まき
まぎれる
ちら
まっとう
こす
ぜんぶ
ばね
おばけ
炊き込む
携える
言い過ぎ
しずか
お立ち
水遊び
甘やかす
こぎ
見つけ出す
ふくす
懸ける
切らす
息苦しい
ご利益
逃げ切る
おとうさん
なぞる
粘り強い
ひときわ
かき混ぜる
すんません
表向き
禿げる
ほれる
お呼び
害する
羽ばたく
継ぎ
見開き
ふさ
寝起き
いたく
盛り付ける
ゅん
引き返す
泣かす
揺らぐ
弱まる
すすき
ときめく
思い描く
輝かしい
がわり
人殺し
妬む
立ち会う
まがう
はせる
漏えい
追い求める
ねむい
目隠し
上書き
ぶと
祟る
るり
引き裂く
滲む
すっぴん
乞う
ついて行く
うろつく
すがすがしい
買い付け
曳く
読み書き
さぞ
山積み
ふるい
基く
引き離す
日に日に
打ち出す
立て直し
震わせる
むき出し
子持ち
ばったり
勢ぞろい
裁き
なく
引っ越す
疎い
借り入れ
やじ
手取り
いぼ
おのれ
意気込む
寝込む
ほほえむ
超す
せしめる
ひっくり返る
因る
じじ
ながれる
耳鳴り
書き上げる
取替える
拭き取る
手触り
すっぽり
ずるい
飛び出る
うんぬん
突き抜ける
はと
印象深い
吸い取る
目白押し
心温まる
凌ぐ
ねた
受け皿
おもに
敷き詰める
ひな祭り
よむ
出し入れ
なつく
冷ます
草刈り
我が身
片付く
振る舞う
ずり
せっけん
幕開け
歌える
まな板
相まって
広める
あまる
ぶら下げる
ぜったい
垂れ流し
すこぶる
秋祭り
叫び声
皮切り
ひのき
麗しい
ぞくぞく
まばら
取り締まる
言い合う
称え
問い詰める
ゑ
追い風
胡散臭い
引き続く
お目にかかる
狙える
きじ
もどす
虐める
剥ぐ
夢みる
片付ける
読み手
しだれ
思いがけない
もうちょい
ぐまぐ
煮付け
腹立つ
ぶつぶつ
寝返り
弾み
せまる
妨げる
専ら
遠のく
追い払う
見付け
とげ
昇り
おもむろに
報い
引き受ける
たげる
引っ掛かる
取り調べる
あてる
空っぽ
肉まん
この上ない
あっせん
解き放つ
醒める
びょう
効き目
どこぞ
正す
起し
戒め
足りる
注意深い
刷り
振り付け
媚びる
撃てる
すこやか
わかい
びわ
赤み
ぽっぽ
にごる
わせ
偽る
囲み
おぼろ
給う
しぐさ
溶く
更かす
こぶし
駆け込み
なんど
うず
渦巻く
とわ
使い物
押入る
てめぇ
紛らわしい
行き交う
長ける
渇く
ううん
貶める
おかけいたす
てくてく
庇う
婆さん
期限切れ
見積もる
油揚げ
短め
値動き
下らない
ままならない
涙す
ぬるま湯
茶の間
雨漏り
わんわん
彼女ら
おそらくは
ぼろい
訊ねる
上向き
やむなく
坊や
命がけ
戻せる
あくび
ゆずる
もさ
解き明かす
人間らしい
いさ
どん底
振り分け
ぐんぐん
息づく
嵌る
染み込む
忍ぶ
身代わり
すずめ
下取り
はがれる
いやがる
あえる
しょうもない
逃げ込む
ともども
歪める
取り掛かる
見え隠れ
すいか
いかんせん
あまい
見過ごす
買い方
ゆるむ
折り畳む
食いしん坊
きば
いやしい
買い手
出入り口
はたらき
手描き
みるく
催し物
送り込む
乗り継ぐ
かなた
請け負う
いるか
薄切り
築き上げる
たんす
粗い
咲き乱れる
交ぜる
ぼかし
へた
何だかんだ
左利き
連れ出す
かわゆい
たえる
はっぴ
ほんで
掛け合い
滅ぶ
締めくくる
浮き上がる
なりすます
切れ目
にわか
譲り受ける
流れ星
ねぶた
ずばり
しぶい
威張る
吊り上げる
お初
揉める
思い思い
あしからず
心遣い
せんせい
がまん
突き放す
駆け込む
丸み
ぐら
てらう
引き立つ
冷や汗
伸ばせる
儚い
たすける
燃え尽きる
悩ましい
割り込み
手早い
凝り
移り住む
べり
銘打つ
眠たい
喚く
立たす
弱める
どうのこうの
鈍る
すり抜ける
滲みる
書き手
害す
まさる
片っ端
草の根
呼び捨て
おでこ
みのる
心待ち
後ろ向き
値下がり
じゃれる
突き刺す
時代遅れ
拙い
木の下
見応え
温かみ
しねる
顧みる
出し合う
入れ替える
締める
うんと
恥ずかしながら
打ち破る
欲張り
到る
あっと
立会う
追い抜く
盛り沢山
ご時世
お喋り
押し切る
仰せ
脱がす
しおる
はるばる
吊るす
かいい
たくす
なびく
いぶ
空き缶
ほっぺ
取締り
持ちかける
おだやか
きらく
駆け出し
備え付け
生き残れる
おふくろ
抱き合う
鑑みる
伸び悩む
いまひとつ
潤う
哀しみ
乗り換える
前倒し
つのる
卸す
みやげ
せんする
書き直し
ほてる
焚き火
寝ぼけ
回せる
めった
色あせる
零れる
のっとる
いっか
ほお
こげる
つまずく
操り
いつく
ちょろい
真っ盛り
決す
ちらりと
断じて
如何なる
塩漬け
ほそい
ほえる
焦がす
ずさん
ときには
締めくくり
とかく
気にいる
払い戻し
競い合う
規則正しい
忘れ去る
尤も
焼ける
孕む
かくい
お山
のむ
したら
出直し
切り離す
ふわり
住まう
さえずり
招き猫
あんず
合わさる
見ごたえ
取り合い
早まる
昼下がり
人並み
束ね
和らぐ
二の腕
気がかり
背伸び
勝ち抜く
まちまち
変わり目
おむすび
よっしゃ
注ぎ込む
うつくしい
みつめる
いっぺん
くずれる
酒造り
抱え込む
ちらつく
ふるまう
通ずる
真っ向
一概に
引き出物
漁る
聞える
廻し
手放せる
引継ぎ
取っ手
拡がる
手直し
賭ける
悲しむ
誇れる
でないと
崇める
つ折り
拠る
煮詰める
やかん
つるむ
力尽きる
はずかしい
攻め込む
人通り
とりまとめ
見分ける
帰り際
滴る
弱み
たいがい
しらべる
行く末
えらぶ
遊び方
受入れ
山並み
からめる
渋る
添う
かねる
降り続く
ひれ
持ち上がる
かわいがる
買上げ
ぐちゃぐちゃ
轢く
ずれる
りき
芽吹く
絡まる
めだか
見計らう
泡立てる
出稼ぎ
信ずる
胃がん
まねく
息切れ
手厚い
よめる
未払い
待ち構える
賄う
追いつめる
かぎる
にこやか
下り坂
取り引き
とうき
取り立て
ぇぇ
押し上げ
すばらしさ
待ち望む
羽織る
はずむ
抜け出せる
腹立たしい
讃える
見にくい
受け渡し
あやまる
抱き締める
潤す
恐く
呼び寄せる
空売り
延びる
ちまちま
そよ風
雪解け
ちいさい
ようするに
いのる
すくすく
きまり
ごくごく
宮参り
据え置き
あらい
いってん
どんより
婆ちゃん
臭み
ぉぉ
食い止める
手の平
つかの間
じゃが
吹ける
物言い
お茶漬け
うれる
感ずる
けなす
模様替え
今どき
踏み切り
もうす
いとも
さばく
つきまとう
中継ぎ
にらむ
顔出し
ひき逃げ
聞き手
買い戻す
うてる
ばらつき
黒っぽい
捻る
わきまえる
ならす
張り替える
気兼ね
みつば
感慨深い
存する
にわかに
あたい
立ちはだかる
さすらい
ぐれる
推し進める
暖まる
立ち回り
末っ子
押し倒す
いだく
ゆする
甚だしい
思しい
悪しい
縄張り
交わり
ささげ
大根おろし
はぐくむ
敬う
太め
目新しい
守れる
至って
流し込む
秋晴れ
しむ
お陰様
ごきげんよう
辛うじて
つど
持ち越し
しめじ
うごく
かたわら
殺る
奏す
ゃんこ
組み立てる
うろ
濁す
しかめる
押しかける
しこ
わに
おかゆ
ゃぁ
あおり
言い返す
のっけ
束の間
生い茂る
割り箸
ひずむ
曲る
ばれる
うふふ
付き添い
初日の出
宿す
流れ出る
響かせる
卵焼き
じす
しこり
握りしめる
掘り出し物
生まれつき
供え
慌ただしい
ぎり
勝ち負け
りっぱ
肉じゃが
うぶい
えぐる
売り出す
発つ
突き上げる
お辞儀
とろみ
囁き
潮干狩り
おして
張替え
せまい
つらつら
やかましい
ざん
画す
分割払い
立ち入る
そうとう
濡れる
平たい
なむ
じゅうたん
脱す
潜める
目の下
こつこつ
食い込む
食器洗い
触れ合い
練り歩く
かんな
しょせん
顔合わせ
変り
興す
しろい
投げ捨てる
お雛様
時間切れ
比す
吹き荒れる
もじる
もろみ
はかどる
か国
時として
どっしり
苛める
会す
下書き
見越し
あかし
吹き付ける
やましい
けんじる
しごく
先払い
織りなす
みそ汁
ふとした
しぶとい
買出し
おんぶ
然し
替り
かなえる
燃え上がる
じじい
乗り遅れ
乱れる
軟らかい
むずむず
ふける
たんと
いっちょ
引き揚げる
すそ
振り上げる
世にも
おとめ
取り組める
押さえつける
語り口
煎る
取り付く
悶える
たたずまい
ぜんざい
もらす
と同時に
まちがう
おそろしい
頑張れる
しゃく
そびれる
鎮める
おおきな
ぶちまける
見づらい
乗換える
こけし
つぎ込む
くたびれる
泊める
かがやく
いらいら
証す
叩ける
山盛り
戻れる
肥える
華やかさ
欲する
すっぱい
くるう
きざす
独り占め
腹の中
しす
とうに
素通り
おとる
たたずむ
やっぱし
うぐいす
緩み
かえす
めがける
手間取る
確固たる
とかす
重ね合う
おおらか
商い
拡げる
古び
仲直り
連れ去る
引っ込む
控え室
まんまと
かざし
貪る
追いつける
喫す
もりもり
縮まる
透かし
差し伸べる
むだ
いっぺんに
ざっくり
薄っぺら
きょく
廃る
いたす
見せ付ける
度重なる
ゆだねる
心がける
目論む
きたる
突き止める
逆戻り
お釈迦様
うつす
見出せる
削ぐ
うとい
たどり着ける
躊躇う
おっとり
衣替え
ふれる
べた
ぶち壊す
芳しい
数え切れる
ひと味
辞す
もつれる
思い知る
竹の子
買いもの
浮かせる
罰する
ひき肉
余す
背ける
咬む
あひる
さわり
買い出し
いしゃ
強がる
見破る
しみる
茶碗蒸し
泣く泣く
なおも
傷める
来す
壁掛け
場違い
睨みつける
こぼれ話
はんだ
湧き水
押し出す
かたる
働きかける
いとしい
ひそめる
へえ
いかる
酢の物
振り払う
舌打ち
奮う
ひとくち
見詰める
難なく
乗り切れる
おかき
掘り出し
居合わせる
冠す
青白い
陣取る
関す
お次
篭る
わざとらしい
いたわる
くらむ
雨降り
わめく
ずく
泣き声
暮れる
皆殺し
こみ上げる
ふけ
適う
後片付け
しだいに
あかつき
草むら
ないしは
とめる
みはる
却って
いっす
やむを得ず
沁みる
馬鹿馬鹿しい
畳む
見あたる
おやま
かたや
汚す
祀り
ぼうし
だき
棄てる
奪い取る
走り去る
翻す
詰め込み
こぞって
光り輝く
ぼやける
聞き返す
やり直す
らくだ
持ち直す
念入り
差し歯
すまう
折り合い
愛せる
したたか
遠ざける
きまま
なだめる
語れる
挙げ句
ぶんぶん
渡り鳥
別売り
取り置く
つくす
見やる
吸い上げる
引ける
おまじない
ぼろ
ねじる
まるっきり
むっちゃ
瞑る
荷造り
うろこ
歩み寄る
聞き出す
凍りつく
過す
朽ちる
くりかえす
拍子抜け
飛び越える
うきうき
お力
飛び乗る
寝かす
ひいき
くぼむ
見放す
地すべり
日当り
穴埋め
うかがえる
掘り起こし
引き落とし
仕留める
お目見え
黄ばむ
ぞっと
土砂降り
言い切る
びり
憑かれる
空回り
採れる
信ぴょう
かまくら
日雇い
ちっちゃな
すみやか
炭焼き
焼き芋
あやふや
甚だ
差し掛かる
ずらりと
お開き
ごする
ぱい
制する
引き戻す
不慣れ
お預け
つぶれる
背もたれ
ひたる
顔見知り
獲る
持て余す
ひらひら
留める
反り
波乗り
使い手
朝焼け
遣う
高らか
もずく
飛び入り
お日様
ちりばめる
扱える
すすぐ
ふわっと
企て
折り込み
だっこ
使い分ける
ごっちゃ
とつ
あふる
溜め息
寂れる
くじける
がっくり
仕打ち
へっぽこ
目玉焼き
ずるずる
葺く
ひねくる
ふらり
とりよせる
泡立つ
さする
炒る
六つ
いきさつ
愛し合う
咎め
屈し
はけ
ひしひし
著い
足踏み
呆然と
おろそか
住み着く
のほほん
打ち消す
閉じこもる
ぶち込む
奢る
付け替える
動じる
しきたり
呻く
てんこ盛り
厄除け
架け橋
もやもや
われる
しぐれ
散りばめる
冒す
ひかえる
見向く
空き家
心ゆく
切り抜ける
詰め寄る
お構い
切り返し
安上がり
かみ合う
考え出す
慌しい
酒飲み
ろば
取り決め
ふらつく
あつめる
汗ばむ
ゆるり
更ける
出合う
もしもし
やり遂げる
たらい
くぎ
睨み
突き当たる
異に
煩わしい
足止め
かるい
まもり
組立て
ありあり
横ばい
ごとし
ひと月
てよ
あっと言う間に
渡せる
喜べる
輪切り
まちなか
しゃれる
みなぎる
ざれる
残り少ない
水切り
繰り上げる
ほど遠い
くびれる
運べる
眩い
いさむ
生やす
よりによって
お仕置き
元通り
人ごみ
かくれんぼ
持ち株
しまいに
泣き叫ぶ
形作る
お茶屋
巻き返す
草取り
ぱちんこ
起こせる
倣う
きする
破たん
滑り台
振りかぶる
結び付ける
あさい
崖っぷち
抜き出す
黒ずみ
うど
たいそう
行き渡る
とんがる
押さえ込む
打ち合う
山の幸
出し切る
かき揚げ
跳ね上がる
しのぶ
易しい
逸る
踏み台
えて
的外れ
こわばる
かみ合わせ
馴れる
にいさん
踏みにじる
閃く
面白み
おかえりなさい
そのうえで
げに
思いがける
潤む
致し方
真っ当
みょう
摺り
ほこ
揺るがす
ぱぱ
わんさ
張り出し
割れ目
酔いしれる
小刻み
ここち
差し込み
売り込み
通り道
ともい
脆い
代り
あはれ
言い残す
もす
噛み締める
差し押さえ
ばあさん
がんがん
春巻き
かしぐ
灯す
はげしい
すき間
さてと
やりくり
茶の湯
言わす
伺える
さがる
散らかす
欺く
省ける
傷付ける
さしかかる
見掛け
ねむる
ひひ
甘んじる
年老いる
裏打ち
こんぶ
ぜいたく
お受け取り
たかだか
おびえる
いっこ
釣り船
甘えん坊
さじ
切り分け
愛でる
すごす
治せる
堅苦しい
みこす
駆け足
比べ物
ため池
競り
たそがれ
ふやす
揚げ足
ばたばた
道しるべ
いじめる
流れ出す
手ぶら
ゆくえ
仕返し
仕組む
ひえ
とろとろ
らっきょう
そそくさ
面持ち
女らしい
篭もる
さかん
きずな
かけっこ
あるく
人だかり
ほうき
つつむ
ゆがむ
あずかる
替え歌
かわく
駆け回る
手探り
追い越す
かざる
むし歯
落ちつく
受け持つ
座右の銘
封じ込め
湯たんぽ
突き落とす
かかし
かられる
ちっぽけ
仕入れる
積み立て
ったらしい
逃げ回る
かごめ
そっちのけ
ひとしい
張り合う
絶する
おびる
指し示す
とぼけ
自ずと
明ける
ぃぃ
寄り付き
やどる
利上げ
うっとうしい
かしこい
ちご
ひろげる
取り返す
しがらみ
力む
はみ
ちかく
おこす
落す
じつに
あながち
共働き
お袋
さいき
念じる
卑しい
言わば
振り絞る
くり返し
いにしえ
さかり
押し花
香ばい
言い換え
うってつけ
はずせる
いたむ
お召
そぐわない
積める
噴き出す
なめる
心残り
みっちり
呼び止める
よも
仕舞い
ひきつける
こんち
論ずる
思い付く
べったり
だいする
凍える
はさ
くだもの
伏せる
科す
甘える
忍び込む
組込み
そえる
処する
すもも
川遊び
こんがり
着替える
穢れ
連れ込む
ひろう
勇ましい
けち
言いなり
立ち尽くす
うつわ
けいれん
吸い物
かあさん
高み
さくっと
生す
拝める
紛れ込む
言い渡す
のめる
そぐ
月明かり
中る
剥き出し
呈する
あさる
張れる
安らぐ
追い上げ
ひとえに
向かい側
食べもの
澄ます
あらまし
走り抜ける
容れる
登れる
洗い場
とがる
わらじ
取り巻き
ぁぁぁぁ
ねぐ
雪かき
突き出る
小分け
付け足す
底上げ
煎じる
まする
溜め込む
遠吠え
つむぐ
ぞろい
ぺい
逸す
真新しい
おわび
こねこ
土砂崩れ
ぴら
融ける
暑苦しい
向き直る
詰め替える
飼い犬
小回り
笑い話
今一つ
絶え間
のす
焼き魚
酔っぱらう
茶漬け
付き添う
かなめ
一番乗り
持ち前
っ放し
ふかふか
乗っける
裏付ける
案じ
すかす
較べる
穴あけ
とんと
付け方
申し受ける
受け付ける
横向き
溜り
証する
あんど
いなか
切り取り
踏みつける
名指し
床の間
危惧す
てんとう
売り手
たんぽ
取調べ
不意打ち
読み応え
つぐみ
唸り
取りかかる
ひけ
慈しむ
さなか
取り下げ
でぶ
うずくまる
瞬き
ひたむき
諮る
にじみ出る
決する
取り込める
そうね
はじく
尽す
あつまる
編み物
買い得
飲ます
口出し
吼える
落ちこぼれ
擁する
ゆるめる
うく
馬鹿げる
呼び起こす
おおいに
一騎打ち
散らかる
かすめる
抗う
切り身
つわり
むる
聞き分け
聳える
臭う
織り成す
でたらめ
きな粉
何でもかんでも
綴じ
ごたえ
くちびる
振り子
つえ
まとわりつく
打ち勝つ
引っ
組み入れる
煤ける
うとうと
建ち並ぶ
怠ける
風向き
あっし
思いきり
そむ
興じる
厚め
はみ出る
しばる
魚釣り
舞い降りる
ほうる
行き詰まる
汲み取る
押しつぶす
いかり
ぁん
馬刺し
なあに
売り子
のこす
あえぐ
添い寝
どんと
渇き
ひっかける
謂う
手の甲
程なく
ぞい
逢える
裏切り者
何もの
霜降り
救える
だて
腹ごしらえ
揚がる
省みる
突っ張る
物干し
口説く
のぞむ
そなえる
挟まる
こじつける
罹る
でっち上げ
ぎゃあ
煮える
決め込む
つかさどる
叔父さん
ひったくり
振りまく
振り替え
背く
さえぎる
後ろめたい
木漏れ日
ほす
心細い
さらけ出す
ょく
旗揚げ
急きょ
突き詰める
あかい
きりん
すり替え
そばかす
駆け付ける
言い渡し
寝転がる
引き渡す
奥の院
つくれる
掃く
面する
あいあい
ぎふ
吊り橋
すべすべ
結う
こぼれる
家探し
たもと
ぷれ
間仕切り
受け取れる
外回り
汚れる
切り捨てる
通せる
ゅみ
ひとたび
ちょっかい
ついては
せりふ
らしかっ
お祓い
詰る
顔負け
くたばる
掬う
多少なりとも
しまる
蠢く
なのる
いため
おぞましい
面倒臭い
鬼ごっこ
題する
ちかい
だし汁
くすくす
ぬかす
揺れ動く
またぐ
つたう
茂み
待ち伏せ
ぉぉぉ
きざむ
丸洗い
見切る
空き巣
ままごと
ひとしきり
たよる
ぴょん
ほくほく
出来栄え
たやすい
あわただしい
はおる
行き止まり
捌き
飛び跳ねる
暫し
ほろ酔い
寝そべる
振りかざす
たいこ
にじむ
お孫さん
照れくさい
揺らぎ
極まる
とんとん
ご馳走様
しみず
がめ
起す
詫び
送り火
こびりつく
すくめる
追い付く
いばらき
使い果たす
こうえん
脱げる
うさんい
じゅうぶん
仕舞う
ぷり
淫ら
ほぐれる
狭める
貶す
ならい
平らげる
ようは
けしからん
ぶっ飛ばす
隅っこ
浸ける
とやかく
下調べ
生暖かい
泳がせる
づる
張り上げる
ばいいん
ぅぅ
下向き
売切れる
手つき
かぐら
お悔やみ
めす
皮ふ
いっせいに
出し物
運び込む
必ずや
お墨付き
折り曲げる
活ける
しきる
はりきる
徹する
ふりかえる
ころす
ひょっこり
生まれながら
入り乱れる
らせん
とりつく
慎む
いちじく
取り壊す
したう
相成る
預り
噛みつく
冷す
ぎく
やるせない
手ごたえ
ならぶ
いっぽう
刷る
塗りつぶす
不払い
ななめ
大急ぎ
お早う
取りやめ
つるす
何ぞ
聞きつける
頷ける
お布施
忘れかける
そぼろ
涙ぐむ
お婆さん
潰せる
ぴん
つきもの
いなす
引き戸
どっさり
あらあら
建て直す
危ぶむ
尊ぶ
華やぐ
にらめっこ
回り込む
重苦しい
そつ
とうてい
とどく
色褪せる
けんする
生け花
煩い
通える
申しわけ
拾い上げる
大き目
遣わす
匂う
わが身
出合い
小売り
重なり合う
冷やし中華
ぜんそく
名ばかり
あいまつ
擁す
かてる
ならう
不確か
朝っぱら
往く
寝転ぶ
貸出す
山の神
二の丸
見聞き
取り壊し
趣き
どっこい
水割り
いわれ
おおきに
せがむ
もんじゃ焼き
請う
転び
かれん
さっち
経る
じゃんじゃん
はびこる
押し目
厳か
思わす
おぼしい
利食い
おのずと
お上
刈り取る
おひたし
それどころ
とりまく
まかり通る
秀でる
冷やかす
探し回る
没す
うだうだ
入れ物
おもし
みがき
引っぱる
挿し木
夢にも
せく
乗り降り
のしかかる
橋渡し
木彫り
火入れ
怪い
跨ぐ
着込む
引き付ける
明け暮れ
こおる
うずら
貢ぐ
立て直す
差し止め
座れる
ゆらぎ
いろり
ことさら
とびきり
ささい
来たす
けが人
尽く
ぐいぐい
得意げ
様変わり
飛び上がる
植え込み
縋る
見回り
ちらちら
かんし
ぐん
せん断
啜る
指せる
先走る
抉る
為る
さしあげる
ねがう
ためる
捻り
甲高い
騙る
侍る
横取り
神隠し
むさぼる
一般に
冷ややか
ほうじ茶
薫り
慰める
語り手
とりとめる
絵はがき
落とし込む
行き場
しでかす
絶やす
いじくる
あずける
ぎこち
ほろ苦い
ふくよか
引っ込める
日干し
訛り
じまう
呉れる
受け身
そそぐ
むちゃ
掛け持ち
蝕む
やり過ごす
尽くせる
泊る
くばる
引出し
粗大ごみ
ちょんまげ
かき集める
たらふく
掛け合う
垂れ下がる
手掛かり
入り組む
頬張る
ぇぇぇ
いそがしい
建ぺい率
色分け
あん摩
牛耳る
憎める
引き抜き
慣れ親しむ
下手くそ
野放し
めんどう
捌く
綱引き
見もの
てらす
しけ
垂れる
だとすると
抱き上げる
奥さま
仲良い
やんわり
こんこん
数の子
かわら版
こしらえる
兼ね合い
取り去る
しがない
お手上げ
障る
あたためる
いつのまに
愚か者
すっ飛ぶ
癒える
なぶる
もぐもぐ
座り込み
捕える
根こそぎ
たんに
殊に
出歩く
ぇん
跨る
見かねる
とたんに
解する
よもやま話
弄ぶ
本立て
脱ぎ捨てる
水増し
おご
どろどろ
大掛かり
一括払い
ともすれば
少い
人となり
はらむ
しちょう
しぶき
休まる
たこやき
突っ
だいこん
ほどく
あてがう
待ちかねる
坐る
刺しゅう
勇気づける
うろたえる
恨めしい
身の上
てえ
お爺さん
呼び戻す
蔑む
誇らしい
表れる
切り出す
打ち解ける
夜な夜な
棒読み
垣間見る
値切る
身だしなみ
洩れる
籠る
日持ち
心苦しい
さり気
ふきん
そしる
手堅い
年取る
祓い
移ろい
かさばる
下っ端
残れる
巣立つ
売り買い
ふき取る
おなら
くねる
打ち砕く
でなければ
かつお節
歯切れ
こそこそ
まんべんなく
もてなす
表せる
あやかる
うま味
誇らしげ
馴染める
ちょびっと
結び方
ぽつり
よごれる
あづま
容易い
薫る
切替える
いばら
はむ
硬め
負けず嫌い
花き
おじゃる
研ぎ澄ます
死にかける
ぽっかり
似せる
ようじ
受け手
出っ張る
裏づけ
のぼせる
目利き
かがる
取り出せる
揚げたて
買付け
受け流す
湯けむり
ささる
跳ね返す
惜しげ
口付け
のたまう
拗ねる
編み出す
ぎっくり腰
はばかる
持ち寄る
お釣り
骨組み
割り振る
もちあるく
かたは
れんが
うねる
磨ける
付きまとう
格上げ
押え
がむしゃら
へや
解らん
まつる
やから
ぞろぞろ
けむる
痛ましい
見て取る
根っから
うなずける
たおす
お告げ
量る
暗に
くずす
渡り歩く
はだし
とりくむ
てんこもり
勤しむ
通り魔
つまるところ
口走る
しまふ
とすれば
たわごと
噛める
反る
古臭い
かたつむり
売り込む
歌い手
夜遊び
静まり返る
細切り
詣で
撮す
蒸れる
ぐう
立ち会い
青ざめる
にやにや
踏み入れる
三つ葉
向かい風
連ねる
さきほど
見違える
お幸せ
一人っ子
最たる
なにげない
受け売り
歯ぐき
しぶしぶ
名残惜しい
跳ねる
迎え入れ
あいす
くるしい
ほほえましい
かけ声
酔っぱらい
大金持ち
穿つ
ぉぃ
負かす
ふつ
ひな人形
込み上げる
摘み取る
こらす
たしなむ
人混み
押しつける
積み木
滑り込む
たぐい
こわく
もろに
すさる
くちばし
嵌める
逆立ち
放し飼い
待ちわびる
間引き
迎え撃つ
お祭
ざわめき
虫除け
いぶき
手始め
逃げ場
怠け者
しみこむ
銘じる
めまぐるしい
ないがしろ
波打つ
戴ける
ちょこんと
ひがむ
ぇっ
抜け道
米ぬか
年の瀬
憐れむ
とど
ふせる
組み立る
知ったかぶり
かもし出す
にがり
事欠く
けじめ
身振り
抜き取る
筋合い
お蔭
拘わる
石ころ
いそいそ
格下げ
取り外す
にげる
どまり
じりじり
じんましん
びな
巻き添え
見ず知らず
焼き付け
活き活き
立ち見
看取る
こうる
大引け
水たまり
苦み
知れ渡る
強いる
おおまか
こめかみ
しょう油
あぐら
ふらん
つかえる
返り討ち
取り押さえる
振り出し
ずっしり
ほおずき
しょんぼり
大詰め
曲がり角
掛け布団
ひとしお
宝探し
こびる
おまわりさん
だぶる
そっぽ
やらす
ゆれる
下ごしらえ
生き甲斐
そこはかとない
歯磨き粉
前触れ
つっぱる
試せる
売れっ子
ふさがる
なにとぞ
つたない
それとなく
かぶさる
しょうじ
二の次
嫁入り
物忘れ
書き残す
立ち返る
ぁい
よじ登る
ろか
引き止める
読み取れる
恐らくは
齧る
あどけない
ひらり
手強い
ぐんま
だとすれば
くねくね
逆恨み
ころがる
似る
うるうる
歓び
紙おむつ
履ける
巡り会う
心持ち
ふむふむ
思い出深い
はめ込む
どなる
ともる
道連れ
こうち
関する
出ろ
くらげ
引っかける
恥づ
行く手
おもわず
水はけ
追い掛ける
裏通り
むつかしい
よじる
落つ
配す
くじ引き
積み重なる
遅くとも
利下げ
成り下がる
道行く
疼く
怨み
立ち退く
整然と
わかり易い
湛える
ひょんなことから
あんぱん
あっぱれ
わろい
そわそわ
貸し付け
たぶ
丑の日
へび
雄叫び
かさむ
みたらし
踊れる
ゅご
わする
売りつける
ごっそり
金縛り
ふるって
たちあがる
ふくむ
れっきとした
泣き寝入り
挟み込む
面倒い
おせっかい
たむろ
ぱり
踏み込み
かたどる
ざかり
もも肉
使い込む
まどろむ
抜け殻
殺し合い
問い掛ける
ししゃも
もてはやす
血まみれ
発がん
帯締め
覚え書き
ほどこす
手立て
めぐらす
はにかむ
後戻り
取り急ぎ
寝取る
刻み込む
浅はか
かみしめる
煮詰まる
積み込み
お先に
捕らわれる
切り刻む
おたふく
受け答え
こまかい
船乗り
揺する
ところてん
わたす
虚ろ
育て上げる
もぐら
太刀打ち
こづかい
灯る
売れ残る
さては
なかば
ほうとう
明るみ
しんみり
紙切れ
夜逃げ
げた
泣き虫
いかがわしい
ぬくぬく
すきや
問いただす
持ち込める
おくら
五月蝿い
さつま芋
ぷりぷり
し尿
閉じこめる
熟れる
ぐうたら
一回り
後ろ髪
立寄る
生みだす
べっぴん
乗り気
耳かき
とまれ
ごつい
居残る
打ち付ける
かずき
蔵出し
ごった返す
突き飛ばす
手縫い
立ち上る
そよぐ
きょとん
御存じ
歌い上げる
化ける
こぎつける
突き破る
売れ残り
慶び
勝ち残る
果す
いいわけ
わや
馬鹿らしい
ひるむ
湯の花
飲み食い
ばってん
おこがましい
ちまき
枯らす
感じとる
雨宿り
送り先
忍び寄る
勇む
たがう
負け惜しみ
ねっとり
考え事
かけつける
補い
控え目
赤とんぼ
なるい
おのおの
まかる
見透かす
濃いめ
ことわり
夜泣き
二の舞
荒ぶ
ござん
ゆうべ
瓶詰め
似通う
踏みしめる
切り盛り
じまい
かびる
おぼれる
おこわ
食わす
かもす
祝い事
かき消す
坊っちゃん
耽る
お宮
おそろい
餌付け
いおう
ふる里
零す
身の丈
ごみ箱
ふろしき
読み出し
でんぷん
積み込む
和気あいあい
涼やか
たでる
ぐずる
縫い目
塞がる
思い悩む
まがる
ぞうり
わび
やぶく
移り変わる
出揃う
れつ
産める
のぞかせる
如何に
処方せん
怯む
張り巡らす
書き添える
かかげる
かねてから
心配り
いとおしい
食わず嫌い
足もと
卸売り
あつあつ
もっさり
上がれる
紐解く
位置決め
顰める
ちゃちゃ
落ちぶれる
捻じる
天引き
はらす
割り出し
からす
うせる
然るべき
築ける
とっく
窪む
織り込む
赤らめる
聞き覚え
どじょう
力持ち
づみ
こうむる
曝す
こうき
踏める
いっきに
つづ
ふくめる
見劣り
借入れ
ぷりん
なぐる
片想い
引き立てる
小走り
串かつ
明い
気高い
目盛り
欲張る
たるむ
きづく
温い
運び出す
ぽつぽつ
そで
れき
緩める
むれる
支払える
噛みしめる
討ち取る
組み替え
逆さま
歯みがき
めぼしい
さそり
手振り
落ち度
請け合い
なやむ
ぽつんと
勤め先
取り合わせ
おそるおそる
まじまじ
おもらし
申し出る
引き下げる
素焼き
満たせる
はらはら
剥ける
さわぐ
買い占め
つづら
すだち
水浴び
つむる
言い換える
買わす
身なり
呼び声
引き下がる
じまん
飲み込み
あたふた
書き留め
煮立つ
厭う
浮き出る
しろくま
香典返し
騙り
あざやか
水炊き
塗り絵
称える
筋書き
かこう
あきたこまち
渋み
は種
信じ込む
じてん
持ちこたえる
足し算
隔たり
かき回す
換える
ずぶ
悪しからず
愛くるしい
ぐずぐず
診る
なにぶん
寄せ付ける
雲行き
照る
火照る
ばんばん
たゆい
まじき
作り話
まざる
人付き合い
ねばる
ほど近い
いっこうに
任じる
あど
苛む
思いきる
はつらつ
ゆかしい
掠める
下回り
おごり
めざめる
くすぐったい
浮かす
しかるに
ほとばしる
啼く
さいし
折り返す
渦巻き
はざま
照れる
残り物
石造り
人知れず
悔い改める
なめこ
引上げ
押し入れ
生臭い
あざみ
逃げ道
立ち込める
当り前
ぱら
ぱらぱら
いばる
すたる
気休め
潜り込む
首飾り
冷や
当て字
駅前通り
店構え
ちゃぶ台
もぎ取る
あなご
悉く
押し込み
伏す
ぴたり
ふてる
おとぎ話
あこがれる
滅入る
吹っ切る
のこぎり
しゅく
色付く
すみか
滅多に
木の芽
一人ぼっち
耳障り
人懐っこい
食いしばる
ぬるぬる
奇しくも
いっき
なまこ
つがい
波打ち際
張り詰める
きたない
すめる
拠り所
言いがかり
上塗り
煌めく
けん引
詠う
ご用
巻き付ける
話し込む
毛並み
きわまる
おびただしい
いする
取り次ぎ
思い直す
懐かしむ
喩え
繰返し
こうもり
丸まる
倒れ込む
ぴかぴか
くじく
吹きかける
ぬぐ
うなだれる
呑み込む
しめす
くえる
呆け
もやう
座す
懐く
縮れる
僻む
極めつけ
高ぶる
ひける
花盛り
抜け出る
るび
ぱち
手出し
むしる
言わずもがな
手違い
練り上げる
撃ち込む
なかには
送り返す
血の気
ばつ
押し込める
かざり
排す
飾り付ける
であう
せわ
へばりつく
なんてこった
あやつる
晴れやか
串刺し
たおる
かのう
掛る
あいかわる
おぼつかない
書き換える
絡みつく
ほろぶ
もぐる
気晴らし
湯のみ
むり
とりこ
するする
えげつない
安め
まばゆい
後ろ足
分け合う
厄払い
名残り
たわむ
そびえ立つ
三の丸
けむ
寝付ける
お出で
かしこまる
借り換え
ちまた
煙る
飽く
でこぼこ
隣り合わせる
じめじめ
道すがら
すり鉢
置き忘れる
ひとめぼれ
ふえる
山開き
ぶばる
結び目
持たす
ばかばかしい
かっぽう
痛めつける
立ち話
被ばく
躓く
蜂の巣
いかだ
くやむ
踊り場
なぞらえる
寝苦しい
目まぐるしい
咳き込む
はなはだ
水しぶき
くすぶる
べら
吾が
ひより
怒れる
追い返す
ゅく
あやうい
おすそ分け
ざんする
お節介
言い逃れる
お蔭様
切り傷
腹いっぱい
いそしむ
酒好き
むべ
せっかち
ぎゅ
行く先
なぞなぞ
着飾る
巣立ち
うなされる
取り払う
飛び道具
まんざら
不甲斐ない
茅葺き
話し相手
なごり
断わる
ぷは
お粗末
ほ場
適する
い草
静まる
ごぶさた
やりきれない
先回り
すり身
帯揚げ
暗がり
たつみ
守り神
たわし
たまげる
ずらり
昔ばなし
ぴき
ひきずる
読み切り
駈ける
打ち立てる
くべる
取り乱す
気違い
のろい
行き帰り
あたたまる
持ち替える
手拭い
雲泥の差
たくる
冷え症
高鳴る
かりに
石積み
新入り
火消し
あたしゃ
書き記す
そっけ
作付け
おしゃぶり
刈り取り
ときおり
継ぎ目
くらす
肩代わり
小振り
駆り立てる
焼き付く
位置づける
図れる
謹んで
引き締める
つくりあげる
あさまい
弔う
悼む
拡がり
かざす
幾重にも
早わかり
渡り廊下
だまし取る
はたす
軋む
真っ白い
打ちのめす
補てん
変わり者
手織り
行き方
肥やし
はんなり
やっこ
もうかる
すくなくとも
役どころ
力いっぱい
修め
立ち直り
概して
とっつく
救い出す
太っ腹
あむ
むぅ
熱っぽい
降り積もる
むせる
和え物
行き詰まり
いび
探し求める
引き摺る
じれる
縄跳び
鞭打つ
送り迎え
物入れ
虐げる
剥げる
いわう
送り届ける
酔いどれ
思へる
お玉
ひご
踏み出せる
締切り
踏み外す
山あい
ふところ
草分け
大人びる
連なり
勝ち進む
とり方
焼きうどん
流れ落ちる
山越え
くじゅう
かわせみ
ぴぃ
釣り堀
組み上げる
これこれ
いびつ
手編み
入り浸る
うたた寝
落っこちる
悦び
日めくり
はんぺん
目障り
賃上げ
ばらまく
調う
被さる
奥まる
殺せる
ばりばり
取り繕う
日暮れ
たとえる
取りつける
捨て去る
ひっかく
ゆくゆく
横並び
播く
あれれ
見限る
代える
あがく
楽ちん
危なっかしい
圧し
ちくしょう
あばれる
間借り
しみ込む
ふくれる
ぶるぶる
引受け
あつかう
張り付け
かっこよさ
果ては
ざくろ
お通し
蚊取り線香
ほおばる
たわわ
殴り合い
つやつや
干し柿
後ずさる
言い争う
大儲け
ご都合主義
大はしゃぎ
奮い立つ
北の方
へたくそ
ほっぺた
今に
ほや
すいすい
輝ける
勘ぐる
ひっくるめる
禁ずる
売り払う
秒読み
なにもかも
だちょう
ぐんと
するどい
甘辛い
ざこ
ょっくら
ほのめかす
せこい
しゃも
忌まわしい
目出度い
ぶん殴る
さりとて
はたく
ょうほう
のし紙
ぬるむ
たすき
手招き
先読み
だいいち
投げやり
ひしめく
入り江
伸びやか
うなじ
どんど
いじわる
動きだす
奪い合い
蒸し返す
えんぴつ
笑いかける
持ち家
見惚れる
まじえる
ぇな
立ち往生
書き出す
下ろせる
告ぐ
けっきょ
みじめ
たぐる
心して
ぜんまい
横書き
おもむく
ずぶ濡れ
うなづく
抱ける
いつぞや
なおる
物書き
割り当てる
へき地
寝過ごす
上向く
胴上げ
纏まる
歯がゆい
にやりと
流れ着く
のけぞる
改まる
旧い
まろん
段違い
もりあがる
縛り付ける
減じる
手提げ
考えつく
荒っぽい
読み比べる
詣る
まひる
えんじる
ねぷた
けなげ
うつろ
垂れ幕
えむ
押しのける
払える
びっしょり
おやっ
察する
ありがたみ
素っ気
たてまつる
そんなふうに
粉じん
沖合い
狭まる
善し悪し
勝ち星
住み込み
舞い戻る
かんする
夏みかん
ぴょんぴょん
捲く
起つ
引きずり込む
結論づける
遊び人
使い古す
汲み上げる
立ちあがる
打上げる
衰える
しげい
漬ける
どんでん返し
押し入る
寂しげ
物差し
うぬぼれる
しなる
きわどい
打ち上げ花火
はべる
就ける
どぶろく
よもや
黒ずむ
か弱い
おちつく
帰りがけ
言いよう
身構え
守り抜く
如何にも
とどける
除夜の鐘
出っ歯
つぎつぎ
さます
割引き
ちっさい
つまみ食い
回れる
泣きつく
ただ中
恥じらう
桁違い
けんさん
速める
怠り
しゅっ
ちゅうする
代る
しゃあない
切り抜く
腹黒い
うかい
ぐりぐり
浮ぶ
篤い
文字どおり
まげる
存じ上げる
照りつける
手ほどき
舌触り
ないしょ
たくっ
おいちゃん
蹴飛ばす
ええい
ぁぁぁぁぁ
何時の間にか
口惜しい
蒲焼き
気付かす
打ち水
甘ったるい
たぎる
目と
ざいますっ
さいわい
たしなめる
些か
替え玉
轟く
くぐり抜ける
幼馴染み
枝垂れ桜
たっての
見て取れる
仕送り
がらがら
惚れ込む
茶化す
ざわざわ
あんこう
働き者
しゃくる
やわらげる
口説き
振り向ける
生け贄
干ばつ
とそ
ねばい
連れ戻す
睨み付ける
紅葉狩り
澄み切る
どさくさ
きらびやか
ぅぅぅ
やりなおす
あかるい
くだく
いそぐ
ぉっ
染め上げる
せいし
相容れない
有り様
うごめく
きょろきょろ
たんぼ
洗い物
ざんまい
くも膜
涙する
取り柄
もってのほか
ひと目
寛げる
つぶつぶ
ゆうする
はめる
乗り移る
畏れる
炊き出し
乗り上げる
腹いせ
縁遠い
うめく
にわとり
上目遣い
日向ぼっこ
物好き
持ち寄り
ほうび
封じる
てんてん
くらくら
お巡りさん
よろめく
含み損
よろい
凡そ
物申す
切り立つ
かっこう
請け
ひらたい
平が
食い違い
とくと
もみ合う
あわや
むりやり
釜めし
たたえる
掘り返す
取り分け
あれよあれよ
忌む
近しい
こき使う
手の内
ぐさ
郵便受け
火の玉
なじめる
引っ掻く
恥知らず
書き直す
契り
労う
はばたく
突き出す
懸かる
しこたま
やしろ
とろり
知らん顔
嘗て
こざ
隠し持つ
塩辛い
こよみ
ざなみ
とまどう
まえる
射る
飛び起きる
けんこう
りょうる
平泳ぎ
おうじ
ぶった切る
ょこたん
引っこ抜く
お人好し
言いつける
晴れ渡る
打ち止め
辛抱強い
あしらい
おぶる
罪深い
ひゃく
刈り込む
やわらぐ
すらすら
ひっきりなしに
疎か
体つき
たなびく
うずまく
厚かましい
晒せる
素泊り
探し当てる
関連づける
ずば抜ける
寝入る
よがる
根回し
ちくちく
惚れ惚れ
しょうぶ
ぶっこ
麦わら
ゃり
ごねる
立てこもる
吹き出物
首切り
区分け
にごり酒
たんか
べっち
きたん
盛りあがる
見殺し
寝返る
たいよう
こなれる
かたがた
転げ落ちる
こんもり
こじれる
ぽろぽろ
お母ちゃん
ねつ造
結べる
皮肉る
およぼす
たたら
たんなる
ゆめみる
あおる
折り目
ゃっ
入れ直す
どろんこ
めぐりあう
あったまる
作りだす
衝く
どもる
たゆむ
かんがみる
小出し
きゃく
口づけ
伸び伸び
おののく
燃やせる
香の物
えがお
生ぬるい
ろんぱん
手付かず
あてはめる
棚上げ
おちゃめ
じょうず
ょね
ぐぅ
つじつま
水っぽい
わさん
ゃあ
よす
飛び火
ぃちゃん
火の粉
木枯らし
まんぷく
うらやむ
すれすれ
ばっさり
食い違う
おさらば
いらい
凄み
払込む
足がかり
使い慣れる
思い違い
くど
かっと
編さん
しわ寄せ
問える
供え物
とべる
借り物
命取り
引下げ
刷り込む
しるこ
噛み砕く
客引き
洗い出し
じたい
聞き込む
ぼそぼそ
ひらける
呑める
わたしゃ
身震い
しめ縄
狙い撃ち
取り違え
削り取る
叩き付ける
ごそごそ
ぃさん
歯ぎしり
演ずる
しつらえる
つめたい
えつ
ゆえん
滑り出し
貼り紙
もぐりこむ
込み合う
呼び覚ます
足並み
話し声
真っすぐ
掛り
突き立てる
急かす
はぐらかす
脂っこい
づめ
のろのろ
早咲き
なまず
ふっとぶ
すれちがう
早める
ぶっきらぼう
纏わる
語呂合わせ
果てる
お母さま
きとう
げする
かせぐ
振舞い
夕涼み
ゆがめる
お飾り
いけい
跳ね返る
繕う
首吊り
ねんね
染み付く
売り切れる
引きずり出す
差し置く
骨抜き
しびれる
付する
ちょいちょい
移せる
三つ子
ささえ
秘か
肉離れ
研く
あわよくば
きゃあ
揺らめく
のほほんと
貸し出す
通りかかる
みとめる
行かす
捏ねる
覗ける
見せびらかす
べたべた
まん丸
塗り薬
書き写す
膨らます
すごせる
はする
起きあがる
風変わり
日の目
破れる
こじる
何たる
大当り
凌ぎ
しょっぱな
かかれる
でんわ
上履き
揺さぶり
持ち去る
ほさ
はなす
虫食い
てんし
怒り狂う
へろへろ
生まれ故郷
吹き出る
忌み嫌う
けたたましい
うちみる
手ごわい
立て替える
ほつれ
さつま揚げ
ならず者
しんぼう
わずらわしい
ちびちび
成りすます
うがつ
なかよい
さざえ
くだん
なぐさめる
これ程
取り戻せる
伐る
くたくた
けす
筋違い
もてあます
あて先
叔母さん
のっぽ
なまじ
人さま
箸置き
突き付ける
鋭さ
揺るぎない
がたがた
ゅか
あらかた
おかか
ほじる
たんじょう
みょうが
騒ぎ立てる
ことなる
作りあげる
ろう者
蒸し器
耳打ち
ひょうきん
ぶっ殺す
かえれる
つめる
ぐい呑
おととし
力添え
あの手この手
ねじ込む
おりる
思い出せる
うらみ
たきゃ
はいれる
そら豆
質す
まんなか
朗らか
目掛ける
ょぅ
洩らす
くらます
蒙る
鼻くそ
ととのう
辛み
まかす
差押え
誉れ
まぐれ
じっさい
生え際
きしむ
有り余る
巡らす
竦める
提げる
格好よい
ふ頭
解せる
願い出る
粗しょう
切り花
近付ける
せんじる
真後ろ
物静か
究める
投げ入れ
むむ
ぱんだ
やむをえない
そそのかす
うながす
草むしり
陣取り
道ばた
くける
からかい
物知り
親ばか
時の間
溜まり場
みがく
かこむ
押し通す
人任せ
お裾分け
いやがらせ
取り仕切る
べそ
際どい
こじ開ける
地べた
表書き
さんじる
蒸らす
漁り
だけれども
家作り
ひょんな
ものさし
雨乞い
いぜん
かきたてる
びゅ
お先
若い衆
惜しむらくは
指折り
思い上がる
わだかまる
じゃり
泣きじゃくる
期する
臨める
かみつく
ごこち
よそ者
切れ端
湯上り
いってき
しくしく
すべり台
うつぶせる
早送り
なりふり
ぇい
のりもの
やつれる
差し控える
起き出す
耳たぶ
一点張り
箱詰め
こうや
織り込み
蒸し焼き
怒鳴りつける
切り株
手だて
かしく
助け出す
明け渡し
掛け金
受けとる
引き替える
すぐり
差し引き
まいこ
くりぬく
かきこむ
見いだせる
ぷんぷん
掘り起こす
攫う
切り換え
解き方
焦らす
能書き
虎の巻
筋金入り
惑う
かたづける
事なき
ののしる
女好き
さぞや
桜えび
じゃが芋
仮名遣い
もちいる
泥臭い
頭打ち
きわめる
ぃぃぃ
踏み倒す
月並み
ぷら
言い様
ちゃんちゃん
つきる
ずんずん
ふ化
季節外れ
くだける
取り付き
送り込み
のめりこむ
お釈迦さま
ねたむ
跪く
丸焼き
印象づける
ろうと
夜通し
盛り返す
さけぶ
さそう
はなつ
謀る
大回り
せこ
つぶら
跡継ぎ
躍り出る
お立ち台
取りそろえる
はりつける
ちょろちょろ
消え失せる
べべ
なおせる
引っかく
囀る
上げ下げ
仁王立ち
名乗り出る
成り上がる
報いる
泣き顔
ぅっ
うじゃうじゃ
ほころび
でっちあげ
辱める
行き詰る
押し売り
かかす
ざか
割り引き
見付かる
前のめり
忽然と
ちゃこ
王さま
持ち時間
るれ
日増しに
取りあげる
みすぼらしい
ぶっつけ
どういたしまして
陥れる
おめでた
ふさふさ
取りこぼす
ょぉ
枯れ葉
けずる
毛嫌い
ばてる
しこう
貴い
据わる
めり込む
分かれ道
掛け時計
働かす
がっしり
お陰さま
舵取り
服す
ゅら
凍てつく
重り
読みで
心無い
立ち合う
開け放つ
引き算
流し台
うだつ
貫き通す
はちまん
綱渡り
取立て
ょろ
見てくれ
暗む
せみ
決め方
追い打ち
借り手
精いっぱい
墜ちる
もてあそぶ
申し合わせ
くせ毛
しとやか
独りよがり
救い主
金貸し
たえず
ぐだぐだ
まばたく
かき分ける
落ち目
うさんくさい
きずく
打ち取る
切っ掛け
みじん
寄越す
物悲しい
魅入る
耳寄り
いたたまれない
ずきん
見納め
水浸し
枝分かれ
どんこ
野焼き
ずうずうしい
とばっちり
陰ながら
誂える
反らす
ふよ
やり直せる
耐え難い
引き出せる
まん中
面食らう
もげる
くるぶし
溶け合う
ぴんと
つり橋
祝す
曲がりくねる
ひと休み
おもたい
やゆ
疎む
取り回す
しだ
となえる
じかに
言の葉
取り崩す
からっぽ
読みとる
面取り
ばらまき
取次ぐ
沸き起こる
こせる
桃の節句
お祭り騒ぎ
げんじる
うつつ
てんき
選び出す
おだてる
ふてぶてしい
はずれる
回り道
踏みとどまる
枯れ木
みぎ
連れ帰る
ようやっと
勝ち誇る
しだす
腕組み
かためる
思い付き
押し上げる
合い言葉
擦り傷
ひれ伏す
あまつさえ
お父ちゃん
ささげる
痺れる
いふく
引きつけ
ひょいと
やむない
はためく
息遣い
おとずれる
ひ弱
話し出す
たじろぐ
少な目
こぢんまり
湯呑み
表する
ぬらす
ほうれんそう
入れ墨
ごり押し
湯飲み
栄える
かさぶた
しくじる
読み込める
あんさん
おなじく
似つかわしい
送り状
ご苦労さん
ねんざ
古めかしい
申し込める
はしか
だいし
佳い
送り主
あざとい
むと
降りしきる
がらり
たわい
いろどる
ひとすじ
ひらめ
言い表せる
乗り回す
暇潰し
ぇよ
夜更け
くむ
きんこ
壊せる
立てかける
お出まし
隠ぺい
落ち合う
ぬめり
たずさわる
すさ
だいだい
上積み
底なし
きいろい
引続き
車止め
赤黒い
つもる
慎み
おろち
頼み込む
手押し
積み重ねる
生きざま
おそう
やくす
果して
はかま
吹き返す
切りつける
あっけ
釣り糸
入れ子
入れ忘れる
青のり
地合い
払戻し
時たま
高じる
泣き言
届け出る
たいまつ
闘える
でしゃばる
ご苦労さま
振りかけ
かったるい
凍り付く
お手玉
たどたどしい
持ち運ぶ
けん制
笑い飛ばす
赤ら顔
きゅっと
体たらく
早変わり
火付け
いきむ
ゆうに
細切れ
おねしょ
応ずる
片や
思いの外
役回り
如何せん
鳥刺し
最果て
だいぶん
はなはだしい
うば
食い入る
おつき
視る
破く
嘲笑う
げんなり
つややか
ぎゅうぎゅう
か細い
ご来光
ほくそ笑む
抜き取り
務まる
ありったけ
初っ端
物乞い
さしずめ
ここいら
むごい
なぎ倒す
名だたる
見せしめ
泣き崩れる
ぱあ
羨む
住み慣れる
考え抜く
いちゃもん
満ち足りる
あぜ
のぞき込む
焼き払う
甘ったれる
間にあう
暖かみ
朽ち果てる
ちょうし
焼き立て
とうじる
引き合う
どうじる
しんしん
ふくらませる
ほどよい
奥ゆかしい
どくだみ
悠然と
ぷよぷよ
ゅうか
感極まる
寝かしつける
一区切り
恥さらし
比べもの
大がかり
ほっそり
見知る
引き伸ばし
中休み
生まれたて
切り下げ
てんで
廻す
擦り寄る
困り果てる
ばける
先ごろ
青臭い
ぷん
どたばた
作り物
打ち合い
掠る
ぽか
ぱちぱち
植わる
割り勘
病みつき
季節はずれ
住みつく
言い出せる
ひきつる
はだける
まざまざ
どこら
色直し
ちょき
食い倒れ
結び付く
ぐらぐら
ほととぎす
ぅん
まき散らす
こらえる
びいき
据え置く
べたつく
侘び
鍛え上げる
持込む
たくま
お引き受け
言い当てる
まっか
採り入れる
どす黒い
へぼ
吹き抜ける
手こずる
めいる
ひょっとこ
ぶり返す
射抜く
磨る
つぶさに
ぃな
分かれ目
そむける
裂け目
大の字
引換える
おっきな
遅咲き
切り詰める
心もとない
遠巻き
物思い
然るに
討ち入り
耳鼻いんこう
擦り付ける
気味が悪い
うばう
入り込める
なだれ込む
のどごし
うつ伏せる
抜き差し
いじける
真直ぐ
逃げ帰る
しゃがみこむ
下支え
こおろぎ
不揃い
みみず
つみれ
掻き分ける
おかす
通りがかり
原っぱ
憎たらしい
眩む
帳消し
号する
元気づける
えぐい
しらける
たまり場
はにわ
見返す
乗り入れる
仕向け
うたかた
おでき
高笑い
さわす
片割れ
おっちょこちょい
まえがき
うっする
言い表す
ぷっ
のっかる
つぶせる
近ごろ
打ちつける
かまける
聞き耳
招き入れる
晴れ晴れ
てきぱき
ぼこぼこ
造り上げる
塞ぎ
売り飛ばす
破ける
負わす
転げる
家並み
たもつ
おなご
とうさん
端折る
起り
まごう
繁る
供える
思いとどまる
苔むす
気難しい
お下がり
後書き
跡取り
歯応え
飾りつける
先だって
素っ裸
吹雪く
久方ぶり
ごたごた
撞く
荒れ果てる
見い出す
屈する
物言う
囲い込み
ただれる
見合わせる
荒れ狂う
もたげる
一本釣り
笑む
ねぐら
見通す
たかる
びしょ濡れ
宿り
話し言葉
花開く
つらら
さける
大人げ
打つ手
寄り付く
抑え込む
流せる
うずうず
さだめる
ひっつく
名付け親
てんぐ
目覚しい
打ち返す
いざる
割当て
乗り合わせる
たわける
食べごろ
出尽くす
貸せる
びゅう
きどる
ねつ
表立つ
突っ込める
床ずれ
暮す
じれったい
いかつい
地の利
酒盛り
門前払い
漬かる
出そろう
横たえる
歩み寄り
負け越す
勝ち抜き
三つ巴
焦げ目
食い下がる
本通り
幾らか
かれい
病み上がり
直ぐに
大振り
てんやわんや
いぶる
なする
さもなければ
割ぽう
よいしょ
反り返る
屈む
ぃっ
ひじょうに
はぶ
じょうし
盛合せ
のめり込む
とまどい
上げ幅
すくすくと
一心に
往き
思わせぶり
かむる
づち
突っ伏す
しゃくなげ
たたる
手つかず
薄まる
ゃない
ぺこり
いじらしい
にぶい
脱する
巡り合う
囃す
後の祭り
感じ取れる
つぐむ
吹かす
そこなう
あやす
釣り合い
食む
お姫さま
ご免
間延び
九つ
たんまり
かつぐ
かぶりつく
明り
憂う
束ねる
連れ合い
おろおろ
半そで
遇う
おずおず
ほんじゃ
かんかん
切捨て
近付き
げんこつ
ぃと
思い起こせる
後ろ手
お歌
生え抜き
相乗り
斑入り
ゆらり
おどけ
かきあげる
借り上げ
お互い様
量り売り
ぐっ
着こなす
もより
薄汚い
目くじら
滑れる
写せる
払い下げ
奪い合う
おっかない
興ざめる
入りこむ
ぶらさがる
目移り
はみだす
とがめる
関が原
なんのその
くるまる
打ち込める
崩れ落ちる
かいじゅう
茅の輪
ぐらつく
いたぶる
がいす
くよくよ
命懸け
出過ぎる
なえる
嫌み
霧吹き
干せる
ぐい
釣り針
かんがい
口直し
飛び石
さくい
気張る
捨て身
追っ手
ちぐはぐ
炊きたて
見飽き
ぱど
賄い
宥める
押し返す
白ける
居抜き
切り売り
たくらむ
でん粉
掻き立てる
借り受ける
手仕舞い
いなむ
法る
ろくでなし
のちほど
不治の病
追い回す
前掛け
巻ける
憂き目
漫然と
切り離せる
狂おしい
三が日
静める
いりこ
突っ切る
ぽっと
可哀そう
立ち姿
すっとぶ
止す
換わる
世直し
離れ離れ
ますれ
うだる
鉢合わせ
かぎ針
いいよる
取上げる
へとへと
おます
もくもくと
しんなり
風当たり
引きつける
物まね
生み出せる
揉め事
はこぶ
ねじ曲げる
取り留める
嘆かわしい
とつぜん
うずめる
掴まる
窺える
割り引く
優る
のさばる
とどろく
ぺらぺら
立ち居
あやかし
人違い
蓄える
あんじる
神頼み
関の山
かじりつく
気味悪い
打って出る
相手取る
むっと
底抜け
ゆるぐ
駆け落ち
つや消し
手遊び
ごまかせる
悪あがき
じたばた
撚る
はしたない
こっくり
しかと
焼け跡
烈しい
口止め
身売り
めかす
染みる
義務付ける
どっちみち
きしょい
分け与える
吐ける
ぬかるみ
持ち越す
するりと
確たる
まにあう
ひと安心
またとない
野ばら
立て札
話合い
切っ先
ざっくばらん
すりつぶす
吸い寄せる
ほふる
自惚れる
ふんばる
懲らしめる
からまる
ちょうちょ
貸し借り
引き入れる
そち
根深い
がま口
回りくどい
切り倒す
騒ぎ出す
哀れみ
しゃべれる
気負う
受け持ち
切り干し
祓う
入り交じる
は虫類
めくるめく
もうしわけ
濡れ場
あわい
力任せ
垢抜け
表通り
お呼ばれ
ぱくぱく
乗り合い
ただす
おつもり
ほとほと
詰めかける
何ごと
切羽詰る
株分け
投げ飛ばす
ふとい
言い寄る
へこたれる
採り上げる
翻る
二番煎じ
ものぐさ
脇の下
しっと
よくばる
よわい
なめい
豚まん
付き合える
じょうじる
みだりに
もくろむ
搗く
際だつ
ぃです
切れ込み
切り上げる
仰け反る
いきる
たかつ
つつましい
ただならぬ
繰上げる
幕の内
ほうじょう
おどす
立ち回る
折れ曲がる
飛びかかる
ほんなら
たから
食べ頃
えがく
板張り
据え付け
殴りつける
がってん
売りさばく
づきあい
世渡り
拵え
ころり
あぐねる
やり場
汚らしい
奉じる
毛深い
訛る
芽生える
たたり
取外し
手厳しい
もくもく
別れ際
みじかい
ぷらっと
深入り
わける
裏返る
せき止める
喋れる
すらり
濡れ衣
付け合せ
みろく
味つけ
かたず
ふるふる
とりつける
やり手
ひたひた
ひと息
本読み
きぎ
見定め
事細か
潮吹き
おうか
八重咲き
肩入れ
ぐろ
たせる
わっぱ
寄せ書き
挫ける
取りだす
呼びつける
持ち回り
気だるい
てこずる
ぉぉぉぉ
引張る
うたた
たまう
しんこ
附ける
かがめる
しらせ
憎らしい
嘗める
春めく
ごてる
ぺこ
二の足
しゃする
丸刈り
鏡開き
お忍び
ぷるぷる
ぇぇぇぇ
苦肉の策
利き手
釣り合う
くり抜く
おつけ
雪の下
しゃぼん
よろよろ
はぜる
嘲る
ひとまとめ
四つん這い
半開き
組み合わす
ちょく
まやかし
てんじる
平に
物珍しい
涌く
いちはやく
あらう
ほうし
のうのう
小太り
水溶き
立ちふさがる
おおかた
つうじる
ほじくる
大ぶり
小汚い
割り振り
打ち寄せる
ぜんじ
家の子
掛け算
色付け
ぷっくり
みだれる
ねぎらい
積り
げろ
賭す
捩る
居直る
買戻す
卯の花
鷲掴み
口うるさい
危なげない
やきもき
花しょうぶ
まさぐる
通り名
みにくい
あしか
分ち
おおげさ
細る
さざ波
心置き
斯く
漉く
日取り
馬乗り
さびれる
打ち直す
ぼや
気負い
引きちぎる
ぷいぷい
おちょくる
図太い
見通せる
あまねく
足かせ
腰抜け
拾える
明るむ
買い置き
そぞろ
ぬかるむ
ざわめく
うかうか
あいた
組み方
満遍なく
しもと
か条
くしゃくしゃ
飲み込める
形づくる
譲り合う
取りざた
謹む
もじもじ
見取り図
せめる
ぴちぴち
か年
深追い
のらりくらり
競り合い
涼む
言いふらす
しどろもどろ
あぜ道
両さん
けだるい
めっぽう
ぶつ切り
悪ふざけ
織り上げる
決定づける
晴れ着
贖う
たたきつける
画く
諌める
笑わす
へき
用心深い
さしたる
連れ立つ
とりたてる
ふがいない
詰む
脅える
買い込み
焼き豚
なすりつける
思わしくない
苦し紛れ
翔ぶ
たなばた
いきおい
ろうし
つくり出す
そだつ
おっかける
きぐ
くもん
引っ掛かり
出来映え
どよめき
どかす
なぞり
けしき
おさない
凝り固まる
真ん前
ふためく
毛頭ない
干からびる
たいする
きこう
まぎらわしい
ゃら
気安い
抜き打ち
刺し身
すい臓
仕立てる
能無し
まにまに
目減り
手伝える
ひけらかす
失す
みあげる
急ぎ足
恵む
漲る
打ちっぱなし
青み
嬲る
がっつく
すがりつく
床や
こく
いんする
やみくも
あざ笑う
燃え盛る
ぶちこむ
よろけ
おじや
振り落とす
腰かけ
つけこむ
恐がる
葺き替え
当て逃げ
感じ入る
共倒れ
火の見櫓
水飲み
積み上げる
ひね
ほんに
なさけない
びれ
本降り
しんし
品ぞろえ
咳払い
川流れ
ざわつく
こまごま
ぶどう酒
うな重
団らん
こめる
折しも
おもと
あがめる
愚かしい
かき立てる
はかせ
だいじない
へんてこ
小降り
滑り降りる
薄らぐ
うかぶ
手分け
ぼんぼり
駆り出す
青じそ
古くさい
荒削り
きくらげ
悦に入る
則す
締めつけ
理屈っぽい
づれ
初乗り
音読み
びしょびしょ
敷き布団
すやすや
ただしい
馴れ馴れしい
迸る
背中合わせ
つれない
ゆすり
たわむれる
腕立て伏せ
棚卸し
ぎょっと
うめき声
たまゆら
まなこ
隠し事
わかりやすさ
いたずらに
品定め
真似る
酌み交わす
小競り合い
ふぶき
造り酒屋
ぶっとばす
完ぺき
しこしこ
横流し
底堅い
笑い転げる
跳べる
響きわたる
ぺろぺろ
いっぷく
座り込む
足掻く
つねる
重ね重ね
飛び抜ける
繁い
もぞもぞ
先んじる
息づかい
振れる
くろがね
えいじる
負い目
掘り出す
嗜む
煮立てる
乃ち
ろうき
またの名
滅する
彷徨く
齎す
からすみ
叫べる
たき火
うるわしい
びる
わらしべ
もたもた
陰干し
めろん
冴える
もぐり
ゃい
みやげ物
かいくぐる
ひな壇
ささくれる
編み込む
とめどない
袋叩き
ぼうっと
夢の島
ねこむ
ぺろり
力ずく
飛び地
浮き沈み
あっけらかん
もむ
ふっかける
くだせる
抱き合わせる
たおやか
おじぎ
遠まわし
のこのこ
腫れる
ざらざら
ざくざく
お神輿
気づかう
与する
押し流す
貼れる
射止める
仄か
よしっ
ついばむ
ぃん
にらみつける
目覚ましい
もったいぶる
いもち
そだてる
きき酒
言い返せる
くさび
ふにゃふにゃ
奪い返す
きさらぎ
坐す
かぞえる
差し迫る
そそり立つ
落し物
かがり火
追い立てる
おしおき
かこつける
撃ち殺す
立ちすくむ
着こなせる
塗りたくる
ぶらつく
干上がる
とことこ
根づく
因む
よもやま
せめぐ
こぞう
かんがえる
紙くず
おちいる
にんまり
仲間はずれ
話し手
あくま
盗み出す
なし崩し
せんげ
貸切り
押し掛ける
付き物
陰り
どじ
取り止める
湿っぽい
おそろしく
みまう
咲かす
づり
搾り取る
あとあと
つけ加える
受け口
無理強い
おのずから
せわしない
頭でっかち
詰み
我慢強い
口利き
やみつく
ままならず
明け暮れる
早とちり
引き際
それる
ぎわ
ちやほや
よびかける
円い
縫い合わせる
まぶす
確り
のし上がる
夥しい
網焼き
聞き書き
ずぼら
がんばれる
開けっ放し
渡り合う
またせる
張り出す
哀れむ
匿う
たたき台
さんする
地域おこし
らっぱ
涸れる
ちゃち
腰掛ける
へったくれ
黒光り
たかり
出張る
ひだり
おっくう
わき腹
木の間
下せる
へばる
買い越す
活気づく
ぶらりと
迎え入れる
もたつく
決る
弛む
いまわしい
さいなむ
五月晴れ
梳く
びす
遠回し
ぴゅ
くりくり
しゃっくり
染み抜き
詫びる
役だつ
統べる
受けつける
あつかましい
崩せる
書き取る
置き換わる
もたせる
つり具
肩透かし
いちい
出戻り
ひさぐ
性懲り
おどろおどろしい
戯れ言
ゅり
降す
食らいつく
脈打つ
とんちんかん
胸焼け
いで湯
交す
むかえる
あでやか
上と下
事足りる
あゆむ
ようし
仲よく
仕上り
思いだす
悪びれる
たけなわ
かくまう
向こう岸
持ちこむ
別れ話
縮こまる
せがれ
皿洗い
呼びかけ人
いくぶん
聞き取れる
すもう
花祭り
ひもとく
ぎゃく
麦わら帽子
突っつく
いぶかしい
充てん
集り
隠れ蓑
つけ込む
折れ線
合し
やり口
けん玉
尚も
こうとう
もたれかかる
つかみ取り
ぇと
丸っこい
くるめる
睦まじい
申し子
日の入り
拾い読み
はしょる
弁える
ふてくさる
弔い
とろい
娶る
うすうす
かぶりつき
終わらす
けしかける
忽ち
聴き入る
読みきり
当たり障り
街なか
むろ
下塗り
飾り物
こんがらがる
ねぎらう
病み付き
びこ
すくむ
照れ隠し
立ちこめる
真っ黒い
ひざまずく
伏せ字
手痛い
ころがす
張り切り
ごつごつ
造り出す
小口切り
湿り気
とりもどす
口ぶり
皆んな
巣食う
推し量る
目ざす
生き埋め
清清しい
持ち歩ける
ひろめる
世知辛い
選る
いざこざ
乾す
戦ふ
考え付く
ずれ込む
やくも
べろ
勤まる
取り分
操れる
誘い込む
憂さ晴らし
後れ
案ずる
うわべ
うかべる
はたと
かけ算
だだっ広い
小躍り
ばい菌
ねじ伏せる
ぴたっと
妬く
つ折
ぶらさげる
すべからく
取り持つ
回し者
うずく
誘い出す
似つく
前書き
ほとぼり
走らす
日照り
横滑り
隠し子
ひやひや
つんと
手回し
中通り
やじる
そげる
かわせ
ど根性
逃げ惑う
しゃしゃり出る
にこり
持ち運べる
左巻き
出で立ち
すりかえる
寄りかかる
見遣る
でき上がる
ひそむ
買い入れ
からり
踏み込める
やむをえる
焼き討ち
食い初め
撥ね
ぷらす
作りたて
引き延ばし
矢継ぎ早
入れ換える
燻る
張り込み
細める
ぱんち
つきつける
ぱにぽに
作り出せる
焼け野原
日射し
現実離れ
手間ひま
およる
取り入る
沸き立つ
ぱらつく
割り増し
こもごも
庭付き
じゅんじゅん
朝帰り
人助け
いしゅう
ひなびる
登りつめる
三途の川
茶わん
てんか
がらくた
せかす
くのいち
切り返す
やり返す
ざった
とんび
泣き笑い
組み付ける
在りし
みする
討ち死に
麦打ち
玉の輿
猛然と
過半数割れ
たたき出す
心掛ける
ふやける
独り暮らし
のろ
かっか
ご法度
こころがける
あわれむ
憐れ
胸騒ぎ
つうしん
かげろう
ぴくり
おどおど
たいらげる
物狂い
お節
撒き餌
寝静まる
訝しい
奢り
貫ける
上の空
出し抜く
封切り
血迷う
押し戻す
静まりかえる
習わし
ぶどう糖
客寄せ
いちゃつく
白む
ぶっく
燻す
報せ
とぎれる
はよう
言い草
買いあさる
冠する
浅ましい
立ち寄れる
麻しん
さしも
ありゃりゃ
ちぢむ
ぐいっと
土踏まず
あほらしい
持ち場
願いごと
けんけん
植え付ける
詰め掛ける
買いだめ
たとい
いびる
申し立てる
引き留める
こうしん
返り咲き
折り鶴
目やに
突っかかる
思いつめる
染み渡る
けだし
与る
こみあげる
つくり上げる
物売り
つらぬく
糸巻き
からから
まむし
なだれ
うつろう
つっかえる
互に
ぁと
ちぢれる
しける
顔なじみ
小突く
ぐま
まきこむ
いかめしい
しじま
羽織り
息継ぎ
黙り
釣り竿
焦げ付く
魚の目
つむじ
まぜる
盛りつけ
わびしい
能う
売出し
元締め
ぼつ
鳴り出す
編み上げる
臥す
参じる
張りつめる
まっくろい
鞍替え
舞い込む
震え上がる
息巻く
のがれる
いっとき
べらぼう
出迎える
とりいる
ひっこす
定まり
と金
かんこう
呆気ない
ありつく
やっかむ
ゅね
笑いもの
沸き上がる
読みふける
場当たり
語りあう
とりあう
付き人
ひくい
相打ち
目の敵
ぞんざい
切羽詰まる
人当たり
枝垂れる
預け入れ
絶え絶え
なぎなた
狂わす
共食い
ちゃめ
遅まきながら
あんに
ひざ掛け
花だより
すうっ
みやる
気紛れ
お新香
いざなう
お揃いで
焼入れ
飼える
ぷにぷに
踏ん切り
やしょ
狩り場
どうどう
包み隠す
湿す
克つ
美しくも
よそ見
引き当て
型破り
老いる
けっか
友釣り
解きほぐす
なけなし
付け込む
お天道様
射つ
書きとめる
恐れ多い
涼み
飾れる
しみ抜き
辛くも
うかと
すっぽかす
一緒くた
ぁあ
吹替え
計らう
喪う
にわか雨
むむむ
泥んこ
かんべん
あそばす
めやす
き損
降り立つ
じろじろ
もののふ
まよう
へらへら
横殴り
しらむ
ぇる
ほける
しおらしい
やけくそ
のびやか
づまり
胆のう
受け方
耐え忍ぶ
きそう
押し下げる
慎ましい
削れる
みぞおち
きびきび
片づく
翔ける
感づく
象る
ぱっちり
暴れまくる
化粧直し
ちゃんちゃんこ
さざれ
うろちょろ
お膳立て
酢漬け
よそよそしい
顕れる
企てる
くちなし
ぎんなん
殺める
びみょ
端くれ
訝しげ
福の神
弱き
落とし物
ほうじ
くみ上げる
つかす
かなしみ
つくせる
よちよち
ひきだす
接ぎ木
しゅつ
払い込み
小気味よい
とりかかる
曰う
御の字
ここちよい
とうぜん
申し述べる
身寄り
のぞける
しのげる
死する
祭り上げる
削り節
おしどり
しぼ
あちき
尻拭い
乗りこむ
湯通し
充ちる
ぬた
なかんずく
地滑り
駆け出す
盗み見
ぴか
ぶくぶく
丸め込む
ゅっ
附く
撃ちまくる
地上げ
行きつく
言葉づかい
いっせい
もろこし
かじかむ
訳せる
ひたす
足せる
ずっこけ
ふうせん
物の怪
疎ましい
休み休み
ひったくる
すっぱり
秋まつり
雄しべ
うまれる
ほやほや
乗り遅れる
継ぎ足し
ひきつづき
かすむ
おまる
肝っ玉
たんび
ため込む
賜わる
もらい泣き
ぽかんと
しんこう
おかわ
野暮ったい
腫れ上がる
売り渡し
酉の市
やすむ
設える
群れる
差し戻し
取付ける
進み出る
せいさん
じらす
寄り合い
灼く
染み入る
はくす
持ち逃げ
変わり果てる
あじわう
隔てる
ぴよ
打ち抜く
大盤振る舞い
ふつふつ
がんじがらめ
見易い
きざ
ゃんさん
伊勢参り
かく乱
まんぼう
うっちゃる
ちかう
めいめい
惚ける
きりっと
ししとう
お家芸
生れる
ぺた
取り沙汰
否や
ほする
ぇぶ
よしない
出来損ない
ゆさぶる
孵る
讀む
一夜漬け
きしょう
竹とんぼ
毒づく
ぎれ
取り交わす
当たり年
座が
くぐもる
遊ばす
凪ぐ
輪っか
ござれ
約す
悔やみ
一つ覚え
じゃじゃ馬
まぎる
ぴょう
なおのこと
夏ばて
たのしめる
ほろり
待ちかまえる
うつらうつら
ようせい
返り咲く
じん肺
紛らわす
いどむ
靡く
店じまい
鳥かご
不届き
書き物
きばる
何とぞ
澄み渡る
お門違い
意地っ張り
たどりつける
じちょう
勢いづく
抜かる
むっちり
走り込み
吹き上げ
下積み
宙返り
片寄る
仕切り直し
ぼんぼん
ゅつ
はめ込み
手漉き
世の常
いつくしむ
こわす
割り算
連れ添う
夕映え
充たす
おしえる
ふきだす
ゑびす
吸い殻
手繰り
がやがや
日割り
ょっち
たくましさ
服する
迷い込む
つり上げ
すっこむ
ごしごし
裏ごし
湯上がり
前かがみ
かたん
翔る
のぞきこむ
寝付く
古ぼける
入替え
住みかえる
差し向ける
くさや
待てる
轟かせる
学び舎
息の根
へし折る
興る
魔よけ
屠る
したたる
はぐる
うべ
手馴れる
わずらう
涙ぐましい
見掛ける
吊し
焦がれる
一人暮し
はたき
種明かし
ためいき
殴り込み
飛び掛る
筒抜け
腐れ縁
撃ち抜く
障り
手合わせ
咎める
こき下ろす
きらす
取り除ける
買い漁る
買い替える
打ちまくる
おちゃらけ
うらめしい
ごわする
手広い
なめし革
竹やぶ
人込み
切れ間
見回る
つんつん
かいつまむ
浮き立つ
つつがない
板の間
含み益
復す
段飾り
食いつぶす
しなす
願掛け
おすわり
謳い文句
鄙びる
当せん
しんと
わりに
お抱え
書き初め
とくべつ
いわんや
ょっ
たてがみ
にがい
すいとる
うるか
ぜったいに
中華まん
はりつく
さよう
あしい
閉め切る
ふりまく
平手打ち
うるち米
かもしだす
むう
吸い出し
血みどろ
寄り切る
鎮まる
免じる
ぴょ
むきだす
捕われる
癒せる
締め出す
食い荒らす
がぶ飲み
軸受け
割り切れる
執念深い
摩る
怨む
宗と
還す
気後れ
ぷくぷく
蔑ろ
木こり
持ち腐れ
見栄っ張り
へそくり
手合い
明け渡す
抜きん出る
日除け
吹抜け
寝ころぶ
仮住まい
もやい
帯留め
立ち戻る
玉突き
優に
翳り
さ迷う
はじき出す
合いの手
手習い
びひ
押し黙る
打ち身
ひよっこ
お神酒
言いだす
みとる
薪割り
よれよれ
いぶす
放れる
繰り越し
引っ込み
ひやかす
蔓延る
大みそか
さかしい
凡て
しとしと
ごった煮
取り外せる
こさえる
しめくくる
ひっぱたく
肩越し
しあい
びらき
分つ
ぷよ
変じる
頗る
うすめる
地響き
牽く
野太い
もうろう
かいしゃ
雇い主
縁切り
ぅか
しっぺ返し
薄気味悪い
小じわ
悦ぶ
腕立て
えんえん
悔し涙
ぶちかます
点る
煮つける
おおせる
よせる
点てる
睨み合う
均しい
立ちつくす
見直せる
ゅよ
荒稼ぎ
折り重なる
かたじけない
子守り
引き回し
かちとる
だんまり
一眠り
握りつぶす
せん切り
世継ぎ
だらり
しゃんと
手まり
抜け穴
跳び箱
ぱらだいす
せっち
きしる
ひねもす
ぺたぺた
笑い事
憎まれる
訓読み
さまよえる
寝違える
とうや
蒸し物
こっぴどい
封じ込める
賭け事
あけび
抗する
お達し
撃ち合う
挽き肉
ずえ
焼け石
待ちくたびれる
たすかる
横付け
機織り
いんちき
怪しむ
押し付けがましい
かみ締める
粕漬け
目配り
こうそく
歩留まり
いがみ合う
もとめる
自ずから
心許ない
ちほう
はげむ
だんらん
いさぎよい
有終の美
むち打つ
忘れっぽい
身じろぐ
今しがた
ぬかる
まぬがれる
おいそれと
灯ろう
賑わしい
掻き回す
触れ込み
譲り渡す
履き違える
ひ孫
書きなぐる
うけとる
かいま見る
ゆらす
練り直す
とかげ
ぷぅ
みなせる
馬の骨
たすけあう
冷え冷え
してき
過る
おおっぴら
伝え聞く
捜し求める
戒める
ゃんにゃん
蚤の市
問い返す
ぐふ
憩う
我が物顔
虫けら
言い終わる
あくどい
切れ長
屈める
殉じる
とり入れる
吹きすさぶ
位置付ける
口ごもる
あらたか
ぱんつ
割り出す
丸呑み
取り返せる
もみ消し
屈す
たつき
漉す
お里
見知り
ほぞ
身の程
身の毛
まるめる
あやとり
さえる
つたわる
量り
いかなご
そむく
内張り
聞き及ぶ
うら若い
絡み付く
見まね
乗りこなす
浮べる
きな臭い
しゃこ
内回り
つきとめる
うたい文句
序の口
つなぎ目
挿し絵
触れあう
攻め立てる
はたける
夕やけ
あいなる
輪投げ
のっぺり
お引き立て
うねうね
謡う
胡麻和え
のろける
びより
ぇす
覆る
たゆたう
とけい
にべ
西向き
きっかり
くさり
水あめ
もんもん
不幸せ
行き違い
かっぽ
ふせぐ
慣れっこ
みはらす
踏んづける
たまわる
切り崩し
まとめあげる
渡れる
まくし立てる
ぷかぷか
尻込み
埋め合わせ
じっとり
ぽっかぽか
古る
とみに
大入り
あしなが
ささえる
蒸し風呂
酔いつぶれる
なでおろす
あざらし
鈴なり
がいしゅつ
払い込む
波立つ
がくがく
蹲る
ひたい
めじろ
呼出し
ゃろ
我と
ごまめ
むん
ほろほろ
飾り気
土俵入り
引っ込み思案
たらす
けっこん
間引く
おとど
立て込む
植付け
背びれ
時おり
ぎゃらり
おしつける
心変わり
例へば
修する
澄みきる
巻き付く
お古
ごぜ
背泳ぎ
凭れる
飾り棚
ょり
おもいだす
ひもじい
ひそひそ
出直す
落ち武者
引っ張りだこ
あやまつ
毛抜き
ぁめん
ぁぁぁぁぁぁ
ご多分
米どころ
措く
いぶし銀
ょうこ
ぱにぽにだっしゅ
炊ける
喧しい
せびる
ぱる
驕り
はたち
いかさま
あつらえる
しょうかい
刃渡り
押し進める
ござら
賑わせる
蕩ける
かずく
揺り動かす
さばける
毅然と
ていし
黙す
せつに
拭ける
めぐまれる
風邪ひき
かくす
楽に
召使い
枯れ草
上し
ぱるる
寝泊り
絹ごし
あなどる
降らす
知らんぷり
いとう
頭ごなし
忙しない
問いつめる
おわす
立ち枯れ
けいざい
へんじる
いなだ
仰せつかる
捗る
騒然と
こんじ
呼び鈴
汚らわしい
畳み掛ける
並べ立てる
はたん
血走る
勤め人
存ずる
めじ
呼び出せる
上っ面
ひきしめる
得てして
仕立て屋
こまやか
突っぱねる
辛め
お座
おろし金
刺し子
いたこ
ざむらい
悪酔い
油っこい
とけ込む
とぼとぼ
うな丼
はけ口
ただよう
消え入る
捜し物
揚げ油
かいり
みだす
めいじる
乗り過ごす
見つけだす
はっけん
裁つ
さんざ
ちぐさ
夜這い
暑がり
とどのつまり
とっくり
けいする
きんじる
見せかける
たためる
かっ飛ばす
帰り支度
肯く
折り合う
手慣れる
銜える
どしゃ降り
待ちぼうけ
ぼうぼう
人恋しい
かえりみる
這いずる
たとへば
柔かい
さえずる
ぜんたい
切り貼り
かん水
病める
刺し殺す
ぅち
ぶ厚い
ふんぞり返る
弱弱しい
曲がりなりにも
かきまぜる
出しゃばる
飛びこむ
ぃむしちゅ
植え込む
陸続き
ねばねば
人懐こい
化けの皮
にらみ合う
取り換え
縛りつける
みこむ
したしい
口汚い
目配せ
うっ血
競り勝つ
立ち行く
尾びれ
ちんぷんかんぷん
付き従う
読み切る
ぃの
すくない
射し込む
中ごろ
ことわる
幕切れ
かいす
たのもしい
水差し
ぇり
くじ運
肉付き
びし
おめかし
よどみ
そうい
折返し
みたす
はったり
吸える
つまされる
込み入る
照れ笑い
満ち欠け
耐え抜く
御祝い
しぼむ
騒げる
めとる
立ち消え
しれっと
練り物
うようよ
付け合わせる
川べり
船着き場
思い残す
謂れ
おっかなびっくり
ぞっこん
とおく
立ち木
むすこ
ひきかえる
ありがたがる
りりしい
鳴り物
ねじ込み
むかご
穫る
さしのべる
人受け
ゅる
頑として
のろし
けんめい
恐れながら
たい肥
好き好む
独り身
食い逃げ
待ち焦がれる
投げ銭
続けざま
松ぼっくり
浅黒い
みすみす
残り香
なげく
ばかげる
書き散らす
数え年
白和え
抜け目
敵討ち
せわしい
なかす
あおぐ
石組み
律する
打ち倒す
はける
くわい
ぬくい
吊上げる
いこう
密やか
ざんげ
手付き
張り巡らせる
花やしき
耳慣れる
連れ子
ふやかす
水の泡
風の子
番狂わせ
ゆるす
根差す
流し入れる
耐えがたい
裏返す
売り渡す
やとう
しんき
れきし
かたよる
のりきる
手並み
お住い
諍い
律す
木くず
だべる
ゅわ
突き合わせる
洗い上げる
らくご
でかでか
調える
申しつける
うらむ
示せる
たちどころに
立入る
おはらい
睨める
差止め
わんこそば
食い意地
青っぽい
ふるえる
締め出し
かんぱ
考えもの
堅め
しとめる
がらん
ひりひり
一先ず
お転婆
切りかえる
勝ち得る
腑抜け
ちりとり
縛り上げる
載っける
泥まみれ
但し書き
ごうし
へその緒
みづく
すったもんだ
利き腕
二つ返事
粘り気
半殺し
居合い
せいや
たらたら
なめくじ
わかつ
気落ち
買い与える
あさましい
ねちっこい
貯え
おつむ
かきつばた
うかる
ぉと
軟らか
目ざとい
申入れ
食らわす
書き入れ
がらっと
すんで
譬え
むじんくん
終に
火の車
弾き返す
繰り下げる
やすやす
生温い
大ざっぱ
巣くう
交う
別ける
べっ甲
請け負い
思わしい
仰げる
ざが
払わす
目付き
ざんか
ほこる
すり減る
ぎおん
生け垣
乗り手
たけりゃ
不渡り
もそもそ
生易しい
振り分ける
酌む
寝込み
かさかさ
はさまる
花便り
あすこ
押出し
夜回り
かねがね
繰り入れ
つりあう
おっかさん
ねばり強い
くつがえす
写し出す
競り合う
御座る
ほてい
からっと
然しながら
流る
とびだす
注げる
聞きかじる
とりだす
逃げ足
やり合う
うそぶく
勘繰る
餓え
ぷう
うけたまわる
よりけり
倦む
かっちり
命乞い
ろうあ
振り袖
ちょうする
湯沸かし器
奥の手
あくせく
ゃる
ちろり
持ち合い
組み直す
罪滅ぼし
身構える
浮腫む
なまめかしい
拭き掃除
ぎくしゃく
なあなあ
馴らす
事始め
ぴた
もの悲しい
言い直す
なんなく
街かど
きかす
言い捨てる
もうける
測れる
薄曇り
高利回り
蛇の目
責め立てる
引き攣る
山分け
這入る
火遊び
ぶりぶり
断固たる
しかく
ぐしゃぐしゃ
むぺ
ぎゅう
ゆるせる
尽かす
あがき
かならずしも
平謝り
箔押し
一輪挿し
ぼかす
へりくだる
出来合い
食い気
気掛かり
張り手
けがれ
消し飛ぶ
値崩れ
滝つぼ
かきむしる
かくかく
まなべる
毟る
ほっぽる
じょうたい
作り替える
高望み
びっ
居着く
化かす
負け戦
由る
騰がる
花冷え
お礼参り
列する
つけもの
焦げる
擦り切る
どくどく
取出し
向かえる
書下ろし
持ちきる
転ずる
思いっ切り
心憎い
くつした
綻ぶ
たのみこむ
たちこめる
亡びる
血祭り
手提げ袋
きまって
淀む
ゅらさん
並外れる
詰め所
枯れ枝
盛り土
とうかい
恭しい
此の世
せせる
揉み合う
あまねい
歩き疲れる
さみだれ
かたむける
独り立ち
むつき
代わり映え
まどう
刺せる
野ざらし
はっさく
むしゃくしゃ
けん銃
腫れ物
ょくどう
真向かい
淀み
つめこむ
せり出し
つっかかる
水入らず
おめざ
ょうきばい
うらなう
補える
ぷろ
じゅんじ
膿む
案じる
とのこ
歯軋り
はなせる
張り込む
評する
雪下ろし
代替え
おしめ
ぺこぺこ
わけても
嗜み
ぐつぐつ
むっつり
はで
思い詰める
ともすると
めもる
強か
賃下げ
いうなれば
土のう
虎の子
引き伸ばす
さわやかさ
ぽろり
どぎつい
払い出し
じょうぶ
いかで
ぼそっと
待受ける
こうぎ
引き落とす
しげしげと
よくもまあ
気乗り
いきり立つ
しるい
やおら
滾る
召しあがる
ふりまわす
押せる
のりこえる
こんぺいとう
冬枯れ
冴え渡る
枝打ち
洗い落とす
追っかける
暴れだす
乏い
湯浴み
独りぼっち
放せる
ぬすむ
かさなる
目通り
覚ませる
投げ売り
おしろい
取り逃がす
湿り
張りつく
むしゃむしゃ
薙ぐ
肩掛け
がりがり
ふきとる
すたすた
漏る
捕れる
きんかん
地続き
はからう
切通し
触れ合える
こうこ
荒れ地
こばむ
けんちん汁
手持ち無沙汰
すらっと
持ち駒
上げ潮
島流し
切り通し
数寄屋造り
こわがる
導ける
身ごもる
まん延
透きとおる
寝泊まり
しっくい
おうおう
けぶい
男勝り
流し目
札入れ
おもんない
かいこう
招へい
さもしい
しずめる
永らく
なまけもの
ぃあ
光らせる
のろう
はっき
焼き飯
寄せ鍋
引っ付く
見せ物
見きわめる
張り裂ける
損じる
けちる
乗りきる
ふりむく
けんぽ
落ちこむ
隠れ里
骨折る
見おろす
おびき寄せる
たしかめる
手植え
あおさ
めっする
いくばく
妬ましい
いらだち
変わり種
肥やす
底入れ
とおす
乗り捨てる
ふうん
しろうと
守り本尊
並び方
取り続ける
こやす
白あん
ひと足早い
負けん気
上澄み
むくむく
塗りつける
ぱくり
挑める
ぴさん
綻びる
考へる
かえせる
相づち
みせかける
すり寄る
あきまへん
かじき
利かす
仕る
せいせい
まくしたてる
まっしろい
憂え
抱き込む
にる
心行く
介する
あんが
ついぞ
ほなら
紅しょうが
押し迫る
むち
胸ぐら
とよむ
差し障り
侘しい
はなみ
ちょこまか
産す
神がかり
あたらい
慣わし
ふるさとづくり
しののめ
分け前
右寄り
薄焼き
死に際
心地好い
おいどん
項垂れる
親しめる
食あたり
ゃぶ
乱切り
居並ぶ
命からがら
お上手
救ける
ぼんち
こっけい
お多福
まじなう
付合い
書き言葉
萎む
おわん
ねとる
両開き
晴れ上がる
畏れ多い
すずしい
切り分ける
敷きつめる
よしや
拾い物
ひっこむ
未練がましい
総崩れ
くどくど
やっつけ仕事
火まつり
巻きこむ
眠りこける
得難い
かばね
かけこむ
こがす
むっ
俗っぽい
擦れる
名付ける
産み落とす
かちかち
手向け
逃げだす
寂びる
ざらつく
みちびく
変り種
乗り組む
がけ崩れ
点す
ぉぉぉぉぉ
読みかける
まっさきに
中だるみ
盛り場
立ち塞がる
瓦葺き
聞き上手
長らえる
置いてきぼり
年がら年中
浮き足立つ
おうと
こころざす
代替わり
鳴り物入り
とっか
ぺったんこ
彫り物
こそばゆい
もだえる
気もち
ぷらら
上がったり
じわっ
ぴこ
猛る
厳に
木目込み
成り済ます
次の間
うじうじ
身の程知らず
貸し付ける
没する
後継ぎ
縫いつける
底冷え
堕す
根付け
やまやま
くつ下
たくわえ
色あい
かんせん
うけつける
雌しべ
またぞろ
雲隠れ
這い出す
賽の河原
ゅぅ
萎れる
酸い
はちきれる
こねくる
すそ野
わきの下
ふん尿
利する
よだつ
見過ごせる
冷や冷や
染みつく
積み残す
かきわける
ひとつまみ
集まれる
死に絶える
結び付き
ころぶ
顕す
舌足らず
命拾い
煙たがる
かぐわしい
よそう
過ぎ行く
惨い
かりる
湯沸かし
罰す
てんてこ舞い
助け舟
遣り取り
小賢しい
お点前
目がける
紛らわせる
引き潮
得がたい
写し取る
ひきとる
びりびり
首根っこ
しぶる
どっこいしょ
置き時計
くりひろげる
うっぷん
湯冷め
ひしめき合う
地鳴り
引っさげる
買入れる
もめん
ぁいる
もとむ
飛び上がり
着流し
買い控え
せっせ
糠漬け
手詰まり
ひんぱん
放ったらかし
荷揚げ
もしゃ
言いくるめる
さとる
棒立ち
かち合う
ゃべくり
強請る
よこしま
のりと
あしび
いなせ
塩もみ
すり合わせ
吹き溜まり
あだな
四つんばい
申し入れる
先細り
囚われる
こまねく
しあげる
あきる
見初める
走り書き
生きのびる
血なまぐさい
息詰まる
手控え
びたし
ほっき
仲間割れ
潰える
言い出しっぺ
寄れる
飛び出せる
しめつける
たたき込む
乞い
取りまとめる
雄たけび
ぼつぼつ
候う
やんごとない
掃き溜め
引き返せる
むかし話
のちのち
成さん
あくる
寄りつく
てんと
住い
言いまくる
手繰る
お松
かぶれる
血塗る
かくし芸
まんえん
毛羽立つ
ほ乳類
願わくは
きわみ
とぐろ
木組み
湯沸し
そんじょそこら
逃げ腰
じょじょに
お伽
筆まめ
猫じゃらし
戸締り
憎まれ口
いかほど
真白い
敢然と
褪せる
飽き飽きする
消えうせる
振り乱す
なれなれしい
てふてふ
とこしえ
ょか
並べ方
たんたんと
手もと
日だまり
殖やす
ぞんじる
継ぎ手
踏み絵
乗り付ける
揉み消す
こころみる
うったえる
ちんと
陸揚げ
真っ昼間
筋交い
打ちこむ
いにしへ
物怖じ
ぱぁ
水切れ
火渡り
繰り越す
そのうえに
ときたま
もごもご
はたはた
唱う
脅し取る
茶目っ気
さん付け
すり減らす
被り物
借金取り
合す
滑らす
谷あい
絞り出す
念ずる
お太鼓
そがれる
寝付き
あらいぐま
引き払う
きりりと
旅だつ
知恵の輪
蹴っ飛ばす
わたせる
腹巻き
働き掛け
押しやる
たんこぶ
接ぎ
名前負け
あんばい
ぴよぴよ
手づかみ
打ち合せる
つかわす
辻斬り
まわせる
若作り
びしっと
末広がり
じわりと
ぇぇぇぇぇ
懸る
すくい上げる
焼き付ける
くみあう
吹っかける
取り次ぐ
腕利き
差し替える
いだける
つらなる
のみこむ
すいせん
かたす
さっか
蓋し
渡し船
ほうける
顔付き
雨よけ
精霊流し
こうよう
見付ける
しめて
組み合う
ごったがえす
ござっ
桁外れ
首つり
ひろびろ
罰当たり
圧す
書換え
いたずらっぽい
おいらん
こごる
及び腰
ぴりぴり
べっとり
富める
やりとげる
肉付け
荒城の月
いつわる
手が込む
ぃす
びまん
物すごい
みえみえ
足掛け
嫉む
うなづける
缶詰め
口移し
ぎらぎら
しわしわ
つっつく
せんこう
生みの親
わだつみ
追い落とす
むくれる
かりかり
通り雨
そぞろ歩き
扇ぐ
りんかん
ひとりでに
総立ち
聞きだす
おちょこ
濾す
真打ち
歌いまくる
玉こんにゃく
むらす
縫い代
さしつかえる
ぴくぴく
奏する
読取り
もちこむ
根負け
組み込める
まっぴら
しゃきしゃき
びらん
溜る
振りまわす
へぎ
ぃぃぃぃ
みみっちい
嘯く
思す
備に
日なた
ぃむ
じゅっ
ごろ寝
そそっかしい
開け放す
恰も
ぎつね
飲み代
お手の物
まかなえる
逆撫で
はん濫
さっそうと
そば湯
くす玉
ひと回り
書き分ける
通し番号
きよめる
働き手
勇み足
たのめる
さしあたり
みあう
のみ込む
見抜ける
じゃぶじゃぶ
染る
嘘っぱち
醒ます
大もうけ
びそ
否応なしに
おりしも
すごすご
書初め
蝉しぐれ
めばえる
利払い
被う
譬えば
待ち人
風しん
とりで
こうかん
じんと
もの申す
さすらう
ご愁傷さま
いらだつ
人でなし
黙り込む
失ふ
割ける
むしり取る
めだつ
焦げ茶
見くびる
へらす
ひっくりかえる
きりきり
のし袋
踏み越える
殺ぐ
つめかえる
えてして
挟める
おとしめる
ししゅう
じょする
ゅさん
なにゆえ
かちん
噤む
つむじ風
命知らず
はなやか
ひねり出す
買占め
遷す
働きがい
はつぎ
拝する
あそべる
飛び越す
あんぐり
考え物
ぇの
たかまる
はいし
通いつめる
吊す
受渡し
台詞回し
臆する
こころない
たぶらかす
取り下げる
いもり
てきめん
生き別れ
ひし形
米びつ
理詰め
飢え死に
横倒し
うごかす
敗ける
手みやげ
なまける
はね返す
ものたりない
ぺぴっこ
取下げる
長年の夢
ぐいと
配する
てきす
早生まれ
ついてまわる
箸休め
もじゃもじゃ
生める
ちぬる
味噌和え
突き当り
照れ臭い
べとべと
廃れる
えらべる
降りそそぐ
読み出す
おもいやる
ほほ笑む
請い
飽くまで
背負い込む
ぽつりぽつり
焼付け
すぼめる
手すき
擦れ違う
ぎゃくに
子離れ
歯痒い
継げる
わりない
切れ込む
よっぱらう
れいする
しゃけ
いっぱし
老いぼれる
元払い
ゅうがっこう
拓ける
薙ぎ払う
言いきる
争える
やおや
えんする
びぃ
のろま
落ち延びる
もぎとる
生きぬく
やぶさか
捌け
重み付け
人づて
持ち掛ける
ねぼける
てこ入れ
画する
もくろみ
つるはし
お茶請け
四季咲き
詠める
ねえや
砂遊び
取りやめる
こびり付く
まごまご
捜せる
目じり
中押し
躱す
悪巧み
がれき
肥る
かき乱す
なんこつ
買い込む
ざわり
見損なう
切抜き
たたみかける
撒ける
かわき
床しい
逆なで
ゆらりと
握り飯
腕試し
ぼっと
はやめる
もえる
澱む
組み合せる
おもいつく
むつまじい
殿さま
ゆがく
がする
空き室
おちおち
いかばかり
つきっきり
借り切る
邪魔くさい
ですけれど
やせ細る
みしる
思し召し
薄ら寒い
かんじん
になう
りょうき
おんぼろ
面構え
根から
翳す
含み笑い
木っ端微塵
推して知るべし
引け目
取り混ぜる
連れ回す
お鉢
殖える
あいそ
風邪引き
離ればなれ
何時の間に
ほの暗い
ぃっく
すずかけ
ずべ
ごくろうさん
気構え
ぐずつく
空恐ろしい
取っ組み合い
慮る
いきわたる
つらねる
のりかえる
買い叩く
探し出せる
焦げ臭い
がら空き
利す
飛び込める
みたてる
冷やせる
下げ渋る
はては
やむを得る
詰め将棋
とりどり
ぐに
よどむ
担ぎ出す
生殺し
げっぷ
落ちつき
ひっくりかえす
でっぱる
売り切り
打ち落とす
ほれぼれ
ぁに
おいかける
聞き捨てる
やくする
はちまき
ひきおこす
ぁぁっ
凝り性
口もと
ぉん
町外れ
在す
編める
逃せる
区割り
腰砕け
投げ掛ける
元請け
ょっぷ
哭く
お代
疑い深い
一こま
ゃんせ
ぱったり
色めく
押し合い
へそ曲がり
にっちもさっちも
仄めかす
ひんしゅく
火の手
仰が
目明し
とびこむ
少しく
告げ口
もうでる
山崩れ
ほころぶ
貸し手
ゆゆしい
事足る
はまり役
捨て子
せいいっぱい
れこ
ろくする
語り合える
ばい煙
際す
振りほどく
ここだ
熱す
攻め落とす
炊きあがる
手折る
帰せる
おろせる
ざまあみろ
もちかける
あいない
爛れ
なさけ
暴れ出す
でんでんむし
立ち遅れる
塞翁が馬
ゆうぎ
みみずく
青みがかる
口ぐせ
ぼんくら
燃え移る
譬へば
冠たる
むにゃむにゃ
疎ら
切換え
しゃが
産み付ける
盗み聞き
あっか
はがせる
木枯し
恋う
科する
つけ根
こころよい
朝もや
はくり
売りまくる
追いこむ
かさご
はいち
持ち出せる
燃えさかる
ぽっくり
釣り上がる
円建て
向き合える
松の内
粘っこい
立ちのぼる
くぐりぬける
けぶる
宙ぶらりん
ぎの
ぷらぷら
驕る
染め上がる
りゃく
煮出し
おちあう
知らぬ顔
だましだまし
賄える
お納め
しする
ずらかる
呼び水
ぁる
請負う
びで
掛け替え
付け所
ぐつ
引き継げる
惑い
素っ頓狂
塩ゆで
わき道
売約済み
坐り
てつだう
生まれつく
ぴく
ながす
ふめる
力負け
覚る
伸し
位する
がめつい
らっする
根絶やし
転ける
しゅよう
年の暮れ
なおざり
馬鹿騒ぎ
いためる
ゅうおう
ざえもん
代かき
ちらり
ぃる
おはじき
どよめく
しいら
木っ端
きのふ
はからずも
目立て
高利貸し
ぴったし
心づかい
かよわい
弾き出す
打ち出せる
きちん
さうない
やご
がつがつ
震わす
ゃなくて
話し合える
ふっ飛ぶ
いちじるしい
軽はずみ
ぃね
身悶え
しんぱい
秋めく
めづらい
夜なべ
つべこべ
いのこ
七転び八起き
まいご
忘れもの
丑三つ
下働き
追っ払う
付け入る
ぇなぁ
ぶっ続け
申し送る
荒む
ごっつぁん
渡し舟
いわす
よしんば
きっする
大安売り
行き倒れ
読みあさる
留め置く
ずんぐり
しゃきっと
紙すき
もみくちゃ
むしむし
現代っ子
正せる
あいつぐ
絵入り
ざと
おはこ
かんじき
人なつこい
山ろく
ずたずた
交わせる
はえぬき
いっこう
塗れる
目覚し
ぺら
寄付き
板挟み
げっそり
出会い頭
追い出せる
逃げ延びる
ぎょうさん
泊りがけ
身投げ
割りばし
髪結い
ひとり歩き
喰える
におう
おもろない
登り詰める
ぐも
憂さ
ぷらん
兄たち
裁ける
建て替える
しかめっ面
月払い
竦む
懐しい
ほどほど
ひしゃく
まんぞく
おそれながら
突ける
死に体
跳ね返り
晴れ姿
ねちねち
摺る
うしなう
吸いこむ
へんしん
勝れる
ぅぅぅぅ
いまいましい
乗り越す
ぎっちょ
腹持ち
ほくそえむ
気圧される
片手落ち
仕向ける
ちょうふ
赤茶ける
人嫌い
かけあい
寝っ転がる
注す
走り幅跳び
思い過ごす
煙たい
げそ
しょげる
目くそ
芳ばしい
看做す
手返し
めろめろ
ぃや
すり込む
商う
耳掻き
肥溜め
ご馳走さま
殺気立つ
つがう
おもねる
ひるがえす
ごろつき
やつす
血塗れ
めおと
前屈み
捺す
ょぶ
すすり泣く
えん罪
すずむ
見せ掛け
ぶよぶよ
延ばせる
移り気
かなでる
さんこう
なかんづく
入れ込み
ぱれっと
煮炊き
がぶり
らしくっ
嵩む
義理堅い
すぼむ
角張る
出ずっぱり
おがくず
とっぷり
しょぼしょぼ
芋づる
受けいれる
狭苦しい
万事休す
口答え
ふりそそぐ
やりすごす
人形遣い
木遣り
然し乍ら
噛み殺す
叱りつける
かなぐり捨てる
したり顔
生き血
理る
ぶらんこ
照り返す
ぁみ
売り主
きやすい
ぎこちない
揺るぎ
投げ付ける
気ぜわしい
しかん
知合い
こぎ着ける
ひと足
つたえる
ひと通り
御する
山焼き
持ちかえる
組替える
打込む
よつ葉
らんまん
しっぽり
ぼさぼさ
菜っ葉
引込み
飛びだす
布く
ぱぱっと
いなご
喜ばす
堰く
づな
問い質す
酒呑み
天下る
知りあい
腹の虫
行き着ける
蒸かす
尻切れ
けったい
ねかせる
火垂る
むき身
びっちり
折畳む
たたき起こす
手いっぱい
さより
とりなす
かけめぐる
おびやかす
こりこり
かけもつ
聞き役
花ごよみ
捻くれる
出し汁
嗣ぐ
いくた
飛びまわる
実入り
飛び飛び
びさん
担える
小見出し
使いもの
げらげら
い服
手荒い
うま煮
もよおし
のたうつ
飾り立てる
成れる
あざける
しんどう
ぐぐっと
ばからしい
男泣き
ふれ合い
張り子
ござろ
ぃなぁ
とっつぁん
探り当てる
ひしぐ
冷や水
ぺけ
天下分け目
からたち
おしなべて
はんらん
思いたつ
てぶくろ
凌げる
ざけ
踏みつぶす
早分かり
下の句
声変わり
しょうし
取り払い
そびえたつ
べらべら
具える
左寄り
なるたけ
まゆ毛
のそのそ
突込み
肘掛け
じょせい
そやさかい
見定める
うるおす
はこべ
重んずる
土寄せ
わり算
とっぱ
さらけだす
ぇえ
立ちあがり
ぶっさん
夜鳴き
ぎや
みつまた
抱き起こす
ふぐり
ぽたぽた
末恐ろしい
じきに
極楽とんぼ
浮つく
撃ち落とす
さしあたる
注し
さしこむ
褒めちぎる
お祖父さん
死なす
手はず
箱入り娘
差込み
ぷぷ
ほうこう
字余り
橋りょう
意地汚い
はぎ取る
どまんなか
目付け
ひろまる
差しかかる
煎じ薬
ぐわ
投げ入れる
振り撒く
がっぽり
ょうがっこう
税引き
びゅんびゅん
逆立つ
爆ぜる
飲みもの
さんしょ
せいちょう
ぶった斬る
見繕う
見え透く
飛び付く
詫び状
子供だまし
已に
条は
かげり
知らん振り
非の打ち所
都落ち
ゆらめく
うけあう
とこう
しなびる
取りつかれる
よに
きんか
冷や奴
ふんじゃ
仲間外れ
読み下す
料る
動機付ける
生け簀
抱きとめる
島しょ
腹違い
ありあまる
すきま風
人好き
切れ者
引き延ばす
きさく
ぱっくり
まっ白
うやうやしい
憂うつ
門構え
別もの
洗い張り
いかんなく
総なめ
助く
ぼとぼと
ぐっしょり
修める
がけっぷち
足どり
とりこむ
ひきこむ
走り出る
選り好み
首ったけ
仕置き
めきめき
送りだす
白みそ
造れる
切りそろえる
まがりなりにも
かんしょ
おなべ
先付け
送り付ける
いきがる
打ちっ放し
かもしか
献じる
吹き矢
あまてらす
腹ごなし
恋焦がれる
ぎやはぎ
数え上げる
こうりゅう
なぎ払う
水溜まり
ぁちゃん
取消す
奪える
耳飾り
食いつなぐ
あじる
にせもの
お高く
吹きまくる
取りこむ
相変わる
ごりごり
足掛かり
夏向き
厳つい
繰り延べ
せせら笑う
積み荷
年忘れ
茶こし
ぶん投げる
いきつく
うちの人
おとつい
金もうけ
ゑむ
ごうかん
なしとげる
なり手
割り付け
入れ知恵
先がける
さげすむ
堪へる
追い込める
ただ者
おしむらくは
ぼた餅
きせん
唆す
さし絵
挟み撃ち
和める
うらはら
浴びせかける
書き損じ
そよそよ
ぱりぱり
息吹き
取りつく
目抜き通り
がちがち
羽ばたける
局留め
彫り込む
入れかえる
青黒い
聞き苦しい
うのみ
繰返す
がぜん
弛み
押しまくる
送りこむ
ゃんこの
はんめん
とさか
絞め殺す
語りつぐ
野遊び
夢うつつ
蝶結び
上ずる
ゃひ
片腹痛い
くの一
ふんだくる
興醒める
丸儲け
方向づけ
滑り落ちる
水がめ
呑み屋
幾ばく
見紛う
透す
寝つける
分け目
こごむ
取揃える
生け捕り
りんも
従える
迎え火
かいよう
かけ橋
聞き惚れる
七光り
吸い出す
押し問答
尾根伝い
蒼白い
絞れる
じゅうじゅう
糊付け
ちきり
理解し合う
いきつける
紛れる
ひと煮立ち
すっとぼける
入れ違う
圧する
ゃないか
駄目押し
力づける
人さし指
板ばさみ
草刈り機
厳然たる
もうもうと
いたちごっこ
駆けずり回る
いきすぎる
押しつけがましい
めいする
握りこぶし
かんすい
漕げる
世話焼き
こてこて
忘れな草
がさがさ
ぉお
びやかな
たじたじ
紛い
着込み
わき起こる
仲よし
しょうがく
わさび漬け
腫れぼったい
ぼうこう
けいけん
といあわせる
まき絵
すまし汁
引越す
とりかえる
ぺぺ
いやしくも
おごそか
撫ぜる
見なれる
麻の葉
けう
紙漉き
抽せん
ぜい肉
つつしむ
いさめる
飼い殺し
聞き分ける
目論み
うしろめたい
粒ぞろい
わいろ
はとこ
耕うん
ざっくぅ
黒焦げ
づえ
洗い出す
やまもも
泣きわめく
ふっきる
あばた
香しい
看る
きつける
学び取る
転がり込む
わき水
気狂い
ようする
ひやす
勝ち越す
ぐにゃぐにゃ
言いだしっぺ
煮えたぎる
やりあう
しめやか
合せる
うるう年
ぁゃ
包める
ゆううつ
巻上げる
道行き
弱っちい
すいさん
地割れ
でっち
つきつめる
おこた
にじり寄る
尾ひれ
捨て置く
謡い
ぎちょう
いとなむ
目のあたり
追いすがる
引き取り手
きける
附す
散り散り
ぃし
鬱ぐ
刈り上げ
盗める
毛むくじゃら
狂い咲き
ことかく
こらぁ
ありのみ
みゃく
水け
しんかん
赤みがかる
刻める
めん類
ももんが
もっか
がさつ
寄せつける
ぜん息
胸当て
そろりと
逸れる
ちゃらんぽらん
ついたち
いたましい
お釈迦
焼きつける
手負い
申し渡す
忌明け
聡い
のばせる
なで下ろす
まい進
編み目
湯の華
ひんす
ないものねだり
取り扱える
気疲れ
うふっ
かんじょう
窮する
ぱつ
やすめる
羽振り
おしかける
一皮むける
真ん丸
和する
占える
ものものしい
べとつく
ぷれす
こころから
便せん
組入れる
観音開き
ひとごと
恩知らず
染め抜く
ぬれる
凍み
くりだす
ぐぐったら
雪どけ
虫の息
ちかん
ころっと
入れ代わる
表替え
ねんじる
むず痒い
けがす
引きだす
火あぶり
こし餡
ひょろひょろ
汗取り
ょかん
まわりくどい
ぁぁぁっ
縫いぐるみ
あえない
とぼしい
あんがい
まみえる
出あう
成り代わる
お流れ
腕まくり
はっぴょう
ひた隠し
引っ越せる
はしご車
ふうふう
花かご
切りかかる
掻き出す
水掛け論
山の端
塗り潰す
ろれつ
作り笑い
凄む
履き物
らいさん
かき出す
大っぴら
探り出す
積み立てる
掴まえる
絵解き
だんぜん
ざいましたぁ
薄笑い
えんか
かき鳴らす
植込み
いでたつ
くどき
大売出し
ぐあいに
ぎぬ
賜う
わりあい
かぶと虫
まるきり
飢える
いながらにして
かみあう
すっくと
収れん
むんむん
ひとつぶ
点取り
折り込む
道場破り
死に場所
ととのえる
きわだつ
がくし
手さばき
あばく
弓なり
打ち捨てる
おびき出す
岩のり
はっか
あらたまる
当て嵌る
もうしあげる
つくばう
ふのり
著す
右向き
乳飲み子
鵜飼い
くじゃく
積み増し
ょい
洞くつ
はえる
ぶちのめす
すっからかん
さまたげる
めいわく
求まる
振替える
こぼれ落ちる
記せる
はがゆい
たんのう
むりょ
畑違い
もみ消す
寝覚め
ぐっち
極まり
ゆらぐ
ししょ
ようよう
亡き人
価する
来し方
またたく間
ぅっと
がちゃがちゃ
読み流す
どなり
よしあし
ほしさ
締付ける
ちゅうちょ
つとに
はめこむ
言い値
借上げ
さんじょ
這いつくばう
出払う
当て馬
てんぽ
ゃね
甲斐甲斐しい
張り付ける
書き付ける
ちりちり
づま
刈り入れる
悩みごと
くすねる
でき上がり
平織り
鳴ける
つれる
焼きいも
封切る
色刷り
もんぺ
嵩上げ
結わえる
なき声
どっこいどっこい
つり銭
ついたて
お触れ
すりこむ
つんのめる
あおむける
じょうゆ
いんげん豆
じわりじわり
ませる
取り越し苦労
ひな型
越せる
氷る
宙吊り
物覚え
虫干し
煙い
いくじ
縫い物
悼み
横好き
言い掛かり
隠し場所
ぷるるん
てんぼう
がぶる
うつけ
説き伏せる
はつる
ぺき
こぞる
悪乗り
漕ぎ着ける
切込み
鉢巻き
角刈り
ねぶ
計れる
すえる
値踏み
切れ切れ
書き留める
ずいき
てがるい
洗たく
のたうち回る
まぢかい
ゃっほ
燃え広がる
おくるみ
なべて
咲きそろう
ょうぎ
並び立つ
ぁぁぁぁぁぁぁ
共稼ぎ
引締める
ほだされる
吹流し
売りつくす
風切り
成れの果て
こわごわ
湯引く
つれあい
立ち上り
引き菓子
せかせか
狡い
聞き届ける
仲立ち
払い戻す
ちかづく
宝もの
なみなみ
読みとり
隔たる
ふて寝
足つき
荒くれ
やける
辛気臭い
ぃさんの
進ちょく
とけこむ
ぐさん
据え膳
馴れ初め
乗入れる
口寄せ
そくす
節回し
降ろせる
読みこなす
かっぱらう
ぶま
さんげ
海鳴り
ろ紙
養える
素知らぬ
きょうする
秘す
くみ取り
剥す
つぐなう
とつぐ
嵌め込む
閉め出す
よごす
ぱらっと
取りかえる
喫する
幾たび
かいがん
取り落とす
つくだ煮
しせん
うどん粉
貸し切る
ぅと
擽る
導き出せる
よしなに
水かさ
ちらかる
追い上げる
あべこべ
握り潰す
かっとばす
はばたける
平伏す
にょきにょき
どっかり
からっきし
印す
むしゃぶりつく
殴り飛ばす
へっぴり腰
育てあげる
つましい
目鼻立ち
きおう
端切れ
しっぱい
にっと
にぎわしい
ぎじゅつぶは
借る
とび職
からみあう
詮無い
間近い
ひさしい
捜し出す
面食い
積立て
うちとける
どやす
こづく
置きかえる
叩き上げる
福引き
いっちょう
しっぺ
締り
的はずれ
特徴付ける
寺参り
もめごと
風待ち
ひっさげる
縺れる
ぎる
煩わす
のたうちまわる
報ずる
陰る
付け焼刃
扱き
あんなふうに
へべれけ
いざとい
毒消し
建て前
山かけ
つかまつる
じっし
ちぎれる
見果てぬ夢
具に
掛け値
ながなが
流れ弾
扱く
切り換える
とくする
練り合わせる
食い潰す
立て掛ける
がた落ち
めんどうくさい
あげつらう
とげとげしい
おっつけ
ざぁ
天つゆ
おりなす
ぉい
まっとうする
身請け
ざね
組み敷く
掴みかかる
ぃます
貰い物
しゃかりき
書き表す
何のその
うすら寒い
ひしゃげる
世話好き
突き指
口溶け
前立て
仲違い
筋立て
さやけい
買い受ける
泳ぎ方
埋る
日の本
なみなみと
とりやめる
びのお
こけら落とし
おどかす
描きだす
靴べら
きょうじる
かけあう
読み通す
かまきり
いみじくも
つなぎとめる
ぽっきり
減ずる
くじる
せっか
いさかい
ねつい
むしばむ
施せる
雪あかり
ちゃぼ
断ずる
水攻め
よだれかけ
つかつか
へいへい
しんとう
月の輪
のっそり
四つ角
ゃばけ
寄り掛かる
添え物
湯せん
おみこし
ながせる
付き纏う
ぃちゃんの
つけあがる
うるう
ひとりごつ
びょうぶ
よたよた
まくれる
ぁす
押さえ付ける
かけはぎ
偏に
ひた走り
割込み
むずがゆい
思うつぼ
舌ざわり
しらふ
じょうろ
はばむ
犬ぞり
犯せる
づたいに
ぐっさん
おけら
どろり
延び延び
切り目
中落ち
まんずる
序で
飲み明かす
とじこめる
続き物
じゅらく
くちゃくちゃ
しゅんせつ
張りつける
跳ね除ける
代掻き
とり上げる
浚う
ょうざん
づつみ
ふるふ
八つ裂き
ばら肉
ぱぁん
傷あと
見立てる
差し出せる
読替える
ためこむ
止めど
ぴったんこ
揮う
吐き出せる
しどころ
いっしん
りょうする
親せき
そまる
語り掛ける
病が
かしょう
後ろ指
喚ぶ
元売り
もろさ
いこむ
かけ合う
よばわる
座りこむ
かいがいしい
情ない
割に
独り歩き
露払い
頬ずり
重量挙げ
ささめく
受けとり
足かけ
握り拳
せん妄
はたご
花ことば
通り掛かる
風前の灯
ていじ
ふっかつ
差し出がましい
置き引き
ししょう
こうばしい
なりわい
かんきつ
さざめく
ちかごろ
ゆすぐ
やもめ
ひきたてる
きれい事
早打ち
嗅ぎつける
つぼ焼き
ふくらます
あてつける
ぴい
切りとる
もちきり
あしゅら
そうっと
掻き毟る
借換える
売り言葉
べろべろ
置き物
はっけ
色仕掛け
日本晴れ
まんば
さだか
疑る
ぃっしゅぼ
どてら
にぎわせる
顔向け
練り製品
ふれあえる
貯め込む
示し合わせる
むしょうに
気立て
使いみち
起き抜け
書きつける
心する
かたっぱし
積み替え
研さん
行き過ぎる
くぎる
まかりとおる
逃げ出せる
のめす
お歯黒
ちり紙
金切り声
しずむ
孫の手
ぷろふぃ
けわしい
学びや
やり込める
吹き上げる
ぴり
むずかる
すり潰す
心ならずも
けむい
ざお
ぷく
なたね油
ぶかぶか
ほうふつ
お偉方
安らう
おしゃま
恥じ入る
とうた
ごわごわ
燃す
みあたる
握れる
ひっこめる
ぴんく
吟じる
ていたい
しっしん
みきる
つとまる
かんばしい
飛び退く
ふりしぼる
他山の石
ぶつくさ
たわいない
掃き出す
おかえし
がたん
ぴえろ
ささ身
ごま塩
しだく
たまりかねる
離れ業
花いちもんめ
ぶちこわす
ざんじ
お握り
水ぼうそう
大写し
ばら色
しわくちゃ
言い募る
領する
いま一つ
世捨て人
汲める
熱る
黙とう
ちゃくちゃく
ぱし
こぼれ種
持ち分
ふしだら
武者震い
はっこう
互い違い
じょうは
誘ふ
そご
ぴらごぼう
こちょこちょ
怒らす
はぶく
ょごにょ
なずむ
寿ぐ
のっぴきならない
願い下げ
ねんねこ
よぼう
お伴
じゅもん
はた迷惑
刻みつける
洗いざらい
徐に
いさき
へつらう
おくび
はく離
ただし書き
備付ける
なまなましい
むせぶ
関連付ける
一足飛び
仮縫い
分捕る
さばさば
行きずり
やもり
ごきぶり
差引く
砲丸投げ
打ち抜き
しわい
競る
ほろびる
目潰し
叩き台
恨み言
おがむ
口開け
ぃて
ひくひく
ほふく
つぎこむ
蕗の薹
身ぶり
うけとめる
けんご
ゅき
開き戸
七つの海
気むずかしい
討てる
せせこましい
辛みそ
組み付く
心得る
ばらつく
口ひげ
喩える
叙する
ぴりっと
ためす
高飛び
失する
陽ざし
ふりだす
綿入れ
のっぺらぼう
ぴっちり
子飼い
指し手
擬す
もよおす
胴回り
防じん
ょうじょう
立て直せる
引き絞る
具合い
焼き増し
雨あられ
ほうろう
当たりまえ
呼び続ける
憑き物
すし飯
はじき返す
幽か
煮浸し
ぶんどる
元の木阿弥
逃げまどう
えご
一ぱい
切り払う
老け込む
型染め
巡ら
畏まる
朝立ち
焼きもの
花入れ
ちらばる
いきあたりばったり
のがす
やり切れない
永らえる
輿入れ
煮もの
積込む
差し金
もりあげる
姉たち
ぷぷぷ
おじゃん
ねぎま
ぃず
ぴしゃり
雨だれ
積み出す
やまべ
まあだ
住み込む
どだい
掻き集める
ぶったぎる
ふらす
借り出す
ひきしまる
そろい踏み
狙い打つ
姦しい
急がす
くじゅ
夕ごはん
断れる
揚げ句
轢き殺す
いぶく
にょろにょろ
もたつき
なげうつ
つめかける
乱れ飛ぶ
つるし上げ
落とし前
なまぬるい
天の邪鬼
かば焼き
だほ
ぬげる
裏返せる
ぃゃ
つるりと
伸び上がる
折り詰め
しょうこう
眠らす
雇える
追える
七つ道具
釣合う
ぇっと
鍵っ子
びすまいる
貧乏くじ
ぼうぎょ
おそれいる
もらい物
出初め
封ずる
くしくも
しょぼくれる
すし詰め
ねいる
働き蜂
勝ち気
売り抜け
えっちらおっちら
しらじらしい
摩り替える
舌なめずり
映せる
山の手線
地引き網
血染め
訝る
地ならし
ゆめゆめ
腹ばい
ずしり
まねる
人聞き
左向き
歯向かう
ゆらい
そうろう
血の池
食い合う
そこのけ
みまもる
上目使い
冷やか
ざいな
でまわる
問いあわせる
しょぼん
亙る
靴擦れ
月あかり
見当る
からみつく
おませ
独り善がり
押し開く
ちゃんちゃらおかしい
寄こす
敷ける
しこむ
とりもつ
くいしばる
国替え
きえる
お祖母さん
煮えくり返る
制は
はきはき
巻きずし
ぎじゅつ
おぼしめす
きんちょう
あぶりだす
土いじり
ひところ
きゅうじ
らっか
希う
と畜場
お得意さん
ちだい
耳より
かたぎ
かみ殺す
ょうれい
抜てき
秘けつ
年の功
もめ事
たわ言
移り香
もやす
飲み下す
こざっぱり
がせ
かび臭い
揚げ玉
つり合う
かきまわす
ぐびぐび
集える
すり替える
切り餅
さしおく
あごひげ
ひっき
こそげる
走り高跳び
ひきいる
うずまる
祝える
お払い箱
ぁって
てんてこまい
じょじ
釣り銭
むごたらしい
見下げる
付添い
渡り合える
月遅れ
惚れこむ
ぱちくり
匂わす
山びこ
かなづち
仕入れ値
とんずら
ひいき目
排せつ
いろは歌
ちんまり
ゅうごく
むさくるしい
穢い
やわい
燃え立つ
軋る
しょうへい
飯ごう
へなへな
はたらきかける
冬ごもり
愁い
ねむたい
向かいあう
染め物
かいわい
呆れ返る
びは
書き立てる
脂ぎる
寝つく
押し退ける
投ずる
尾てい骨
焙る
つまめる
がっぷり
ぺしゃる
とんとん拍子
掘り進む
とっぴ
張り倒す
排せつ物
すりむく
押える
草葉の陰
謗る
すすり泣き
宵越し
とん汁
ちょぼ
びみんなの
灯篭流し
たずさえる
づや
のう胞
ぱす
上れる
生き恥
独り者
虎の尾
つんざく
見せどころ
小ぢんまり
ゅぎ
ぁみり
じっけん
意味あい
なかせる
結い上げる
衒う
嵩張る
しみわたる
吹出す
じしょ
さくする
雪うさぎ
とげる
めんずる
小さ目
もちあげる
あざむく
引きずり回す
わきあがる
憂える
洗い直す
足掻き
ぐぐって
天びん
みつぐ
畏い
いとど
のんべんだらり
買いこむ
かまえる
ひと粒
柔ら
若だんな
ぉぉぉぉぉぉ
やぼ
書き送る
聴き込む
こごえる
まっ黒
びお
ぁみりぃ
とりなおす
言い立てる
りかん
寝惚ける
ひき殺す
遊び回る
上の句
立上り
こうくう
せん定
添い遂げる
男好き
へま
ぷりんと
渡し場
見すえる
太っちょ
ほうぼう
磨きあげる
けばけばしい
踏み抜く
すさまじさ
斜め切り
しょうにん
小うるさい
こくこく
見つけ出せる
取入れ
ぇら
しまうま
せんどう
たらり
お尋ね者
歌わす
ふっ素
さく井
組込む
ごうする
くみ取る
はき出す
もぎる
ねぶる
ぁば
洗い流せる
かかわり合い
にごす
ぱたぱたと
むせ返る
庭作り
じん帯
一時しのぎ
うめる
みせつける
どら焼
みいる
産みつける
山すそ
きりぎりす
返す返す
読みもの
振り替える
のどけい
くぎ付け
いち押し
ぃで
はんじる
又聞き
ぃよ
手ざわり
刻み付ける
はかれる
ざわりが
ぃい
袖の下
あさつき
亀の甲
覆せる
せめぎあい
吹きだす
しこる
ほそぼそ
なげし
詣でる
目まい
だっする
はやす
ひん曲がる
出切る
昔語り
腹立てる
金づる
初っぱな
船積み
棒高跳び
揉みほぐす
青天の霹靂
ゅうじ
何時しか
手ひどい
列ぶ
強ばる
いもむし
たかめる
泣き所
だぶつく
どろん
塩っぱい
底無し
厚ぼったい
しょっつる
そばだてる
まっぷたつ
賑わす
ざっぱに
かんどう
五重の塔
起が
雨ざらし
空かす
補い合う
うけいれる
きゅうじょ
ふかす
巣ごもる
歯噛み
おちつける
あいさつ回り
つまみ出す
しゃがれる
おきかえる
翳る
浮き出す
殺し文句
あれる
ただ事
ふくれあがる
かわるがわる
きがるい
石こう
当て込む
ひょうひょうと
うしろ姿
私ゃ
しとしとと
焼き餅
巻き貝
取りはずす
雨ふり
踏み付ける
焼け死ぬ
棟上げ
およぐ
ひきあげる
かくはん
上げ下ろし
取り立てる
差せる
突き進める
ぷす
費す
置換え
お側
黙りこくる
すげ替える
ざっぱな
たやす
振付け
うみだす
建て売り
さんずい
さくら草
抜き放つ
がめる
はかばかしい
つばくろ
型くずれ
窘める
悔いる
買い言葉
ほころばせる
賑やかす
ょひょぉぉぉっ
羽交い締め
刃向かう
きつつき
すかすか
どぎまぎ
言葉少な
かたびら
差支え
これしき
隠る
肝いり
仮り
もんどり
なにがし
積み下ろし
引きあげる
えばる
まがい物
棺おけ
有り金
縁る
落ちつける
すすける
蒸し鍋
羊かん
首すじ
おそるべき
お仕着せ
左きき
かしましい
召し上げる
一肌脱ぐ
引継ぐ
ゅうさん
給する
むかむか
ばたつかせる
あわす
取決める
せっつく
飽くまでも
そばめ
一皮剥ける
徒に
はしくれ
そば切り
橋げた
がぶがぶ
けんたい
つちかう
石づき
使いで
一人占め
ぁれ
ひやりと
しんちょう
吸出し
替る
ざぐるま
死に神
いちげん
めんじる
乗りつける
おとせる
奴さん
冷や飯
ぁない
戸締まり
お針子
枝振り
あかす
金ぴか
見合せる
借り方
ふりかざす
掻き混ぜる
読み返せる
いの一番
言い尽くす
ゃま
人少な
いなかっぺ
置き手紙
抜け落ちる
ぐちる
風除け
朝起き
歴然と
とりかえす
持出す
綴れ
あきれ果てる
ぶさた
忍び足
そしゃく
ぺこあおむし
生乾き
埋め立てる
だける
ぞくす
乗りこなせる
はく奪
はねつける
ずかずか
いからす
語り明かす
煮つめる
むくう
呑み込み
せいする
だくだく
つくろう
下げ潮
しみつく
懸け橋
用足し
女たらし
徴する
度し難い
猿回し
引抜き
切り付ける
取りまく
かけよる
飯炊き
胸苦しい
こすい
あかあか
ひつぎ
凍てる
絞り染め
慎ましやか
ごろりと
ご破算
いがむ
ちょうと
まるっこい
てっぺい
書きためる
しあがる
ぁね
興味しんしん
売払う
取り得
吹きこぼれる
とろ火
着崩れ
うすれる
いましめる
うかす
口説き落とす
紋付き
少なくも
いけ好かない
顔触れ
つきだす
かいらん
釣りあげる
頻りに
強含み
詰め込める
おたがいに
荒れ野
耀く
ほほ笑み
針刺し
ゃらら
なづける
野次る
よなよな
ょうてつ
酢みそ
疚しい
しゃんしゃん
七草がゆ
尻上がり
だきしめる
まねき猫
めくれる
けんぽん
浅まい
差し入れる
鋳込む
打合わせ
飼い慣らす
締め括る
うきよ
荒立てる
たおせる
気忙しい
抱き着く
言渡す
こうごう
赤らむ
気どる
そぎ切り
のれる
もみあう
すずしろ
澱み
ひっくり返せる
掻きむしる
むふふ
乗り込める
咽ぶ
きんもくせい
見のがす
ときん
色いろ
お手盛り
熾す
況や
取っ付き
掘れる
けんせい
行き付け
はち切れる
お召し物
きゃしゃ
さわがしい
介添え
あけくれる
うつせみ
さんご礁
ぐらり
挙る
なで肩
聞き入れる
ざいます
ぺさん
じゃらじゃら
ほう助
あいくるしい
ぽたり
折り紙付き
遊び歩く
差し挟む
打ち放す
手ぬるい
あびせる
さかせる
ざいよ
川開き
乾拭き
かぶとむし
ならべる
ぴんぴん
ぷっすま
かん養
濃い口
売り上げる
行ずる
こまわり
つわぶき
ぃぃぃぃぃ
ゅうい
横這い
ちんちくりん
擂る
組みなおす
きょうどう
淑やか
罪作り
ねれる
血合い
食い扶持
仕込める
山出し
錆び付く
のぞめる
嬉し涙
止り
読み合わせる
山の芋
うずたかい
退る
書する
どくする
上り詰める
創れる
むえむっ
晴らせる
てんじょう
ぱわ
根無し草
たかぶる
型付け
撓む
富くじ
抱きすくめる
人騒がせ
しゅうと
べけれ
取りとめる
取り消せる
御参り
鼻持ち
ほれ込む
慰み
水臭い
物寂しい
つっこめる
ろくすっぽ
ひらに
ひっきりなし
おぼろ月夜
しずり
さしだす
けっき
買受ける
よそ行き
ささがき
はんする
抜きんでる
中入り
思いの丈
きゅうきゅう
ぴいえんど
みぢか
高みの見物
こんちくしょう
つかねる
ようかい
ひょいひょい
かんぜん
さい帯
溯る
見廻す
うらぶれる
掻き消える
売りきれる
ぱっく
こぎん
くせ者
飛込み
もとる
とび出る
思いあたる
捌ける
出直せる
おいてけぼり
お株
数珠つなぎ
盛りつける
ばっこ
読み耽る
こうだい
おもえる
おそろいで
めぐむ
むずい
力試し
くらわす
あがれる
しめ飾り
むくげ
かんきつ類
横やり
花かんざし
てひどい
びろ
併せ持つ
温む
見取り
こうずる
薄商い
かまびすしい
ほっつく
割振り
綴じ込む
払出し
剣が峰
余り物
行く年
よっこらしょ
雄雄しい
踏みこむ
繰りかえし
生まれ変われる
中の間
底引き網
ゆびく
子だくさん
すりぬける
むの
痴れる
取込み
書きあげる
雅やか
造りあげる
飛び切り
ご両人
恥しい
読みかえる
突き返す
ややもすれば
まつわる
焼き場
はっせい
蹴破る
おそまつ
ぃんぐ
ぱれ
もたす
むし暑い
ょんがら
召上がる
立ちどまる
贈れる
すかっと
名のり
折込み
ぺろっと
内輪もめ
身一つ
ひっ迫
うそうそ
そなわる
貝がら
くるしむ
やいと
土臭い
口やかましい
又もや
げじ
色つや
ぁあああ
つきあたる
へす
めざとい
親代わり
かん高い
わなわな
締め日
切り崩す
透き
覚す
沸きあがる
話しぶり
とうせん
楯突く
落ち着き払う
ゅあ
呑みこむ
穀潰し
がん具
ぴょこぴょこ
並み居る
身ぐるみ
めぐり合わせ
よじれる
盛上げる
いってい
さいの目
見なせる
ゆずり葉
でまかせ
張りきる
速まる
本に
ねんねん
何気無い
製する
しゅうし
黒こげ
舟遊び
書き下す
書き捨てる
刺殺す
腫らす
おこせる
言い聞かす
差入れ
むささび
たたき上げる
振り出す
ひからびる
車寄せ
ょくいん
承ける
おりまぜる
輝かす
やぶさめ
仕上る
ぱぱさん
絞まる
上げ相場
待ち合わせる
焼きもち
織り姫
前ぶれ
てっとりばやい
まき網
出たとこ勝負
目の子
遅れ馳せ
あて名
らくに
通し狂言
舁く
腕っ節
もつとも
剥き身
しどけない
加さん
ちかちか
まかり間違う
染め直す
貸し倒れ
かじ取り
やり玉
いっけん
まどわす
ゅらる
右寄せ
切下げ
浮き草
落着き
曇らせる
研げる
たらば蟹
取っつき
聞き漏らす
突っこむ
さるすべり
引き回す
買いかぶる
げんげ
なまぐさい
造りだす
だび
てがける
ぶきっちょ
噴き上げる
逃げ口上
宮仕え
急く
おれる
えんじょ
亡ぼす
とりのぞく
差出す
順繰り
突きだす
指切り
岡っ引き
死に目
うらぎる
かき込む
しゅんと
割れ物
罪滅し
すり足
盆暮れ
目ざめ
振りかける
引っくり返す
付きっきり
むち打ち症
丸だし
若さま
はき違える
ほ乳
ひとっ飛び
ぃけど
ふぎ
消し止める
世界じゅう
くい止める
びた
狂言回し
薙ぎ倒す
逸する
乱取り
ぴろ
うもれる
立ち代る
警ら
きめこまかい
ぐい飲み
けろけろ
どかどか
上げ底
このわた
手詰め
桜もち
うすっぺら
取り計らい
痛み分け
きごう
しつらい
引きずりこむ
くず餅
食べかす
ぴねす
いじましい
雛まつり
かぎろひ
ひょこひょこ
ぼう然
すずし
持ち帰れる
擦り込む
ごみ捨て
きんきん
びじゅつかん
おめおめ
びちゃ
し笑
ぷちぷち
やんま
起てる
不貞腐る
いちだんと
わたぼうし
さからう
遺る
かけだす
拒める
据付ける
えんさ
遊び呆ける
手さげ
ぁな
ぉっと
心付け
へんてこりん
みならう
むかで
くり出す
しわがれる
せいち
襟ぐり
目張り
いがらっぽい
聞きづらい
残りもの
ふりかかる
めそめそ
行く行く
さらし者
畳替え
取り纏める
ふれこみ
水かき
荷さばき
辞する
錆止め
火の元
むめも
綴じる
きこす
むた
説き明かす
ぽんこつ
みよい
すっぱ抜く
ぎざぎざ
お伽噺
買い付ける
ぃじ
はりはり
立ち聞き
かな漢字
浮き世
咲きほこる
ょいっと
みちゆく
売り込める
背負い投げ
もの珍しい
刺し違える
移れる
おしくら
覚り
おうむ
もだす
立退く
捌け口
労しい
ぃょ
つけどころ
ゅい
後腐れ
とろんと
おうよう
だだっぴろい
蔽う
ちゃかす
仕事がら
つきぬける
通わす
腹ぺこ
立ち直れる
こきおろす
しっかと
はんき
恙無い
情け深い
ちびる
こむら返り
田作り
ぴょんと
にじみでる
浴する
吐きだす
やり繰り
どきりと
まずしい
ゅうが
から口
びすとろ
繰り替える
はってん
ぁああ
うわの空
ぅむ
目敏い
ぃって
むせび泣く
詳らか
びつくり
真っ裸
残り火
生焼け
切り出せる
ぺったん
貰い手
つり上がる
どんちゃん騒ぎ
もんし
とりそろえる
つきあえる
接ぐ
攻め寄せる
手落ち
野垂れ死に
びっと
くいこむ
微睡む
まがまがしい
あららぎ
数珠繋ぎ
迷わす
挿せる
はまりこむ
思いのたけ
ょうきょう
草もち
敏い
ちらかす
ぱたぱた
めん棒
ひきうける
選り分ける
乗りだす
ぴっぴ
むちうつ
辛らつ
焚き付ける
焚きつける
ぎゅっ
しょうらい
締め括り
びちゃん
かけはなれる
ぃました
ぱすてる
めしあがる
くすし
いっとう
くり広げる
酔ひ
燕返し
すこしも
ついと
ひと頑張り
やうやう
ぼやぼや
しじゅう
でんぶ
ほんろう
空揚げ
ひるがえる
巡り合い
助け船
雑然と
思い煩う
漂わす
膝掛け
泊まり込む
振り掛け
缶切り
かこつ
如何わしい
みすてる
せちがらい
たがる
満ち潮
ゆびさす
心もち
ぎゃふん
すいこむ
対がん
打ち払う
真っ平
ほんらい
名寄せ
汲み出す
しゃっきり
読上げる
とむらう
あめ色
物の数
ゃのこ
習える
八方塞がり
まどい
厄落とし
左寄せ
焼き印
ぐんまの
せってい
だれる
物入り
えいえい
下押し
ふみきる
張りぼて
ぃた
ぎょぎょ
青田買い
物分り
尋ね人
すべりこむ
とうちょう
泊り込む
人払い
汚れ役
値上り
びょ
たらちね
あばら骨
おつかれ様
暴き出す
回らん
ぐんまけん
買い占める
繰越す
すりつける
星くず
ものいう
大立ち回り
騒がす
後かたづけ
あいき
とんま
きたえる
せんじょう
大わらわ
忘れ形見
打切り
出来ばえ
ぇぇぇぇぇぇ
取りたて
畳み込む
あぶなっかしい
澄みわたる
通せんぼ
こうがい
心づく
おう吐
入り用
ちり鍋
腋の下
かいしん
すばしこい
ちらっ
相まつ
目通し
泥除け
気くばり
骨っぽい
口振り
空っ風
力つきる
雪囲い
死に顔
もやせる
ぉおお
ぎぃ
思いなおす
とびつく
なまくら
とうとい
かせげる
ひとかたまり
ぃだ
酢和え
こう着
はしけ
しゃくりあげる
衣擦れ
草臥れる
金づち
ぎで
勢い込む
まましい
数え歌
揺ぎ
乗りかえ
ほいと
ぴょんの
畳める
しんい
のりこむ
やけっぱち
持て囃す
奨める
丸つぶれ
口げんか
預る
焙じ茶
昏れる
将棋倒し
湯冷まし
みなおす
ぱたり
はした金
やぼったい
内また
小憎らしい
かっする
宙づり
読込み
ありがた迷惑
ほろにがい
撰ぶ
すあま
前借り
いんか
ざわりの
葉たばこ
向う側
とどろかせる
ねたい
目映い
とりまとめる
透く
飛び下りる
おべっか
よりぬく
しんしゃ
狐の嫁入り
棒引き
田舎っぺ
組付ける
ゃひゃひゃ
あめんぼ
ざぶとん
売り付ける
のりだす
もちの木
にぎにぎしい
昂る
盗み食い
臥せる
角い
取壊す
くぎづけ
じろりと
ゃった
がらんどう
ぐぐ
紐付き
しっぷ
おもいきる
ぶっぱなす
せいす
仕合せ
すごむ
たい積
いぶかる
燃えつく
おしどり夫婦
繰り出せる
こぶり
ぱな
呼び込める
うらうら
とうぶん
べに花
差し戻す
もち肌
宵祭り
行きがけ
かぎつける
摘める
むざむざ
ういういしい
い死
ゅが
わりきる
じきじき
果てし
やりこめる
補する
聞き出せる
だ液
焼き豆腐
道具立て
男嫌い
生き字引
走り込む
型どる
金遣い
ちんぴら
ぉく
雪掻き
ずぶとい
つま先立つ
あぶり出し
焼け付く
でっぷり
遠乗り
盛り込める
切りつめる
つきたてる
ぁぁあ
ぇき
かみくだく
なまけ者
舞いあがる
骨休め
かっこむ
げんに
狼狽える
轢き逃げ
ぎゅうにゅう
てかてか
幅跳び
げきする
ほどける
吹き流し
目差す
ぴねすくらぶ
つまびらか
不行き届き
吹き鳴らす
取り逃す
糺す
篩う
漬けこむ
ひしめきあう
はいかい
ぬけぬけ
書き下し文
心安い
持ち合わせる
身代り
にぎやかす
うちこむ
むな
狂わしい
みやすい
ゃないですか
伏し目
付け焼き刃
荷動き
刈取る
言い含める
とくさ
まだるっこい
観ずる
むげん
うとましい
びだんご
決り
たなご
草深い
うわ言
りんし
立ち向かえる
ぎて
うじ虫
出遅れる
あおみ
くっする
胴突き
ぇんじぇん
ぶあつい
かたむく
こしかける
ぜんち
過つ
引き抜ける
決め球
書出し
惨たらしい
聊か
けってい
くい込む
ゃなび
祝い酒
こう配
どんぶり勘定
食い込める
ぎしぎし
恨みつらみ
酔える
のぞましい
復する
駆けだし
こともなげに
嗄れる
賞する
びひろ
晴れわたる
蔵開き
積替え
手酷い
ざめ
汁もの
せっぱ詰まる
鳴かせる
栃の木
もぬけの殻
ぷりっ
はらりと
ほじょ
おじいちゃま
けたい
遮へい
婿入り
引っ張れる
種もみ
ぷさん
うたがう
かぼそい
おもだか
ばさばさ
当て身
笑い返す
よそおう
褪める
くゆらせる
びの
飽き性
干し草
人指し指
かめる
ぐりん
撓る
落し蓋
位取り
むげ
らしから
召し出す
砂ぼこり
負える
書き置き
すりばち
じゅず
ざかった
ょお
はきだめ
なんのかんの
ゃう
話しことば
何やかや
孫引き
片す
ゆさゆさ
めばち
今わ
付合う
吸込む
骨折り損
囲める
ひまし油
ひしと
ざぶ
廃する
口取り
廻せる
ぉな
乗りこえる
煮え湯
爪先立つ
はれぼったい
いちず
ぃに
ぱお
見廻る
産みの親
借り主
差しのべる
さわがせる
掻い潜る
はじき飛ばす
荒らせる
詰めこむ
人使い
ておもい
ひるがえって
ぃお
秘蔵っ子
ぁぁぁぁぁぁぁぁ
横っ飛び
内の人
当て嵌める
ゅるやさん
罷り通る
よぼよぼ
ぴっと
貸倒れ
購う
ひこうき雲
掻き乱す
ぐわい
ひとりっ子
こかす
かわらけ
願える
これみよがし
はえ縄
打ち据える
あわてふためく
精しい
眇める
感じとれる
出がらし
なやましい
ぉし
立替える
組み替える
咲き揃う
板葺き
葉隠れ
しおしお
づつでも
でっち上げる
ものめずらしい
遍く
ねじこむ
やけ酒
べっし
相討ち
引き下ろす
本決まり
差し押さえる
ぼける
付きもの
騒ぎだす
およげる
木洩れ日
ざぶろう
振出す
じょうご
調子づく
溶けだす
ぺり
巻き物
吹きさらし
呷る
濡れそぼつ
おどろおどろい
こいする
もうしこむ
とふく
ぃこ
かたばみ
あったりまえ
でんぱ
木いちご
はらから
引っ提げる
持ち堪える
受継ぐ
交ざる
づちで
まじく
おんどり
おしみ
色変わり
ゆうせい
ほろっと
取戻す
あおむ
迫れる
ぬるり
里いも
めりこむ
ぎゅうっと
売込む
とりもどせる
末締め
景気づけ
忌わしい
気がね
にぎりしめる
お付
問い直し
死に別れる
消し炭
亡ぶ
好もしい
顔馴染み
気遣わしい
ょこむ
考えごと
暗やみ
いけすかない
待合せ
貴ぶ
らうたい
名うて
ぃっしゅ
憂ふ
ぱさぱさ
目ざましい
ゃお
ゃち
添え木
掛け橋
えんこ
ちしゃ
おさつ
つや出し
見積る
ながらく
あか抜ける
うわずる
逆巻く
比する
びつ
こんとん
借り出し
まねごと
やくだつ
ぱりっと
ぅぅぅぅぅ
きまずい
取り揃える
年度始め
訳する
びっこ
ころげる
冴えわたる
不ぞろい
日暮し
食いもの
きりかえる
ゅげむ
鼻つまみ
思う様
巡り会える
けせる
ふする
おくびょう
なよなよ
押し麦
靴ずれ
ころばす
しょうする
ぎゃあぎゃあ
おそれる
こうふく
學ぶ
さじき
とおせる
踏み止まる
あげつらる
ざいと
ものうい
嗅ぎ付ける
すいする
火の気
飲みほす
お手つき
きっこう
ぱっ
魚つり
血の道
ふつつか
送り出せる
ょこたんの
打ちきる
なあんだ
荒涼たる
抜けでる
通ぶる
めぐらせる
あんぽんたん
男っぷり
ぁぁぁぁっ
にじる
はさめる
夕ぐれ
ぺちゃんこ
差し止める
逆さまつげ
月極め
なぶり殺し
あきれ返る
十把一絡げ
哀しむ
しゃくやく
おどろかす
真っ逆さま
ふり向く
紛らす
ょんのび
こざかしい
免ずる
踏み分ける
せいご
ぐとは
引く手あまた
さんすい
ろうばい
さんけい
思いおこす
みかじめ
とり除く
円やか
睦む
飲みで
どん欲
臨も
焼きとり
月のもの
こてんぱんに
おいつく
まどおい
おみ足
七曲り
きぬがさ
びねり
征する
ぺちゃくちゃ
ぁいと
歓ぶ
ぎゃらりぃ
断てる
遅らす
ぴったん
立つ瀬
ぇさん
糾す
空気抜き
ょさん
浮き袋
つなぎ止める
利ざや
てあつい
染付け
せいかん
ぎと
やすれ
しなだれる
つげる
会わす
どれどれ
ぎはら
ぐはっ
埋込み
つっきる
豪い
きんとき
立合い
けんぽう
ありあわせる
まちどおしい
道づれ
買い主
しんじん
うるささ
ひと声
おじる
すねる
ろくろく
たまさか
こすれる
のべつ
うごける
ていする
申し入れ書
重る
ほうき星
目打ち
さやさや
せんない
荒くれ者
火ぶた
費やせる
猫なで声
手っとり早い
ときほぐす
そのかみ
ぷっつり
やいやい
往ける
けげん
ちょろり
怖じる
縁起もの
わき目
盛込む
突き通す
目だつ
上滑り
宣る
ただせる
かり出す
取り分ける
じゃみ
ぃょぅ
通りゃんせ
つなぎ服
はじる
擦れ合う
錆びつく
おこなえる
かそけい
ひょこっと
きまじめ
ふんする
ほうずる
ゃらほい
ぷぷっ
さかずき
おもわしい
ゆらめき
わかす
ぁぃ
急ごしらえ
議す
心がまえ
未必の故意
減す
とぼける
みづらい
食わせる
ゃんず
おとしいれる
お構いなく
畳みかける
事切れる
当てずっぽう
打放す
いなりずし
しゃぶりつく
ぱっぱ
取りあう
盗み見る
搦める
しょうい
打ち勝てる
棚ぼた
痩せこける
お冷
用立てる
ねずみ色
のりする
言いよどむ
捨て石
けだかい
漬け方
転がせる
朴の木
詠じる
似たりよったり
ぇや
とざす
説ける
いたずら書き
かたちづくる
ばいする
はしご酒
振り回せる
売り出せる
二の句
いさましい
しょうかん
口説ける
抓る
送り込める
透かす
祓い清める
ぃら
かんちょう
借り入れる
踏み鳴らす
追いまわす
みっしり
しめきる
とうがん
酔い潰れる
はいだす
みかえる
ざぞ
使いこむ
しらく
ひょろ長い
くいしん坊
ぷに
ょこ
円すい
ゆであがる
縫い糸
話しこむ
いとおしむ
もどせる
取って置き
ざわわ
裏づける
横抱き
あらそう
たむける
とりおこなう
寄り目
ぁぁん
ぷろだ
ゅんちゅん
お下げ
ゃないの
ぁさん
いたわしい
ほっする
もぞう
むらがる
力こぶ
黒焼き
しおからい
稔り
おとろえる
ひゅっ
いななく
委しい
女嫌い
引き分ける
げっか
益する
ょうちゅう
と腹
掛け離れる
さんずる
さらし首
なれ合い
かんにん
切り忘れる
踏切る
よんどころない
たてつく
ゎぁ
ごめんください
客扱い
まちかねる
もうまい
じざ
痛み入る
こいさん
取巻く
増せる
捩り
召し上がれる
ぴらさん
でくわす
死の灰
だみ声
塗り付ける
縫い上げる
こだかい
ぴっ
質流れ
飲みこむ
ぐりとぐら
やかす
差替え
はんのう
ずれ込み
ちんどん屋
しみったれる
軌を一に
どかっと
むなかた
振分け
安が
きょうせい
手付け
塾す
さい銭
紅いも
たたき売り
ぎわら
まきちらす
むっくり
しょうしょう
ちゃきちゃき
ぃは
ゑびすや
むず
備えつける
てあらい
玉子とじ
そせい
らい病
巻き込める
むじな
ゃんねる
呼ばわる
つっけんどん
縫える
げんまん
露けい
ばとう
殴れる
走り抜く
約する
おだまき
ゃぁぁぁ
透る
れっする
甘ずっぱい
ぱた
対応付ける
ょうか
ではじめる
悪賢い
酢のもの
尻もち
走り出せる
じゃまくさい
かたくり粉
掘っ立て
擦り切れる
でんでん虫
書きかた
食いっぱぐれ
折り畳める
早弾き
猫かぶり
すき鍋
籾摺り
精出す
心づもり
ねじ切り
さめざめ
うつぶせ寝
ぃっと
からげる
かいてい
相いれる
切り開ける
ころせる
腐す
すさぶ
もぐり込む
せんしゅう
ぺよ
いわけない
ひびわれる
ぺしゃんこ
物憂い
大人ぶる
あるは
めんば
りきむ
ぺんぺん草
りゅうと
きめつける
いけしゃあしゃあ
思い遣り
かっきる
はね返る
も本
ひきょう
波うつ
隠し芸
出歩ける
夜ふかし
咳く
盆おどり
認め印
別れ道
くいとめる
ねたましい
やり過ごせる
見まがう
ゅくしゅ
人まかせ
煩う
のぼりつめる
学びとる
頬擦り
うの花
唄える
差上げる
飛び立てる
当てつける
たしょう
ずきずき
たて続け
黄み
のけもの
ひきよせる
ゅと
慕わしい
土盛り
奉ずる
むちむち
担げる
おちこむ
滅ぼせる
ちょびちょび
照り付ける
りさい
まっ先に
繰入れる
がに股
度忘れ
きはじめる
げいこ
ぅさん
乗ずる
仲たがい
ぐや
茶飲み
たいせき
ひかす
彫り上げる
宿無し
せっけい
口煩い
押し隠す
木取り
引出す
ごちそう様
腰つき
かくせい
みいこ
改む
買い支え
暴ける
むまん
すたこら
留る
しめっぽい
風の神
とせい
ありてい
じゅばん
面差し
減らず口
つくもがみ
横っ腹
わあわあ
みきわめる
落とし主
だする
かんぱん
持て成す
われと
現せる
鳥の子
ざんし
羨い
おそれおおい
にんじる
ょんさん
日溜まり
ょうちょう
ゆきとどく
つねづね
じゅんか
思い余る
目の玉
ぱちり
よろける
先だつ
凹ます
歯ならび
寝冷え
じょっぱり
ゃんこい
奈良漬け
祓え
ゅるい
やらい
仕出かす
擦りむく
ひよわい
はっしゃ
黄な粉
腹這い
色どり
り災
ぁぁぁん
えみし
ゆうわ
立上がる
ますらお
うちあげる
光り物
よろこばしい
水あか
しりあう
分かち書き
と殺
ふきあげる
側が
総ざらい
貝焼き
くり貫く
ひょうする
ゃんと
ゃさん
うら寂しい
労り
ねじれる
はげる
ふちどる
漁り火
せんてい
恥い
着の身着のまま
漬込む
がいせん
やり投げ
備え付ける
ぐで
のっける
出し手
書き出せる
形見分け
厭き
おっぱじめる
篭める
栗まんじゅう
虫送り
まめまめしい
紛う
いらだたしい
そげん
落ち穂
宣う
切上げ
きこむ
そうぞうしい
てっする
積上げる
ざんねん
待ち合い
嬉し泣き
町はずれ
被い
はやし立てる
すくいあげる
こん棒
建て込む
閉す
いてつく
えびす講
しぶく
明くる日
ふうじる
笑い飛ばせる
したためる
ゆうげん
どやどや
伸びゆく
転ばす
投てき
着膨れ
払下げ
ほごす
口さがない
煉る
旅立てる
紅蓮の炎
ぎらつく
ぎのや
ひと山
幕開き
あまずっぱい
編み機
しゅっぱん
うつうつ
鬨の声
くわわる
ふりむける
なつかしむ
打ち壊し
くさす
時どき
あんじょう
売付ける
長そで
へんする
力まかせ
いれかえる
ざざ
打ちどころ
産気づく
軽軽しい
縦じま
えたい
弛める
盛上がる
ならわす
塩引き
熔ける
飛び魚
しつよう
切り結ぶ
じらい
安請け合い
お気にいり
とまり木
ゃりと
使い走り
呼び物
事も無げ
千枚漬け
芽出し
かんげ
言い付ける
引返し
てんぷ
ぃも
和綴じ
引き篭る
びや
抱えこむ
したっぱ
お陀仏
配れる
麻ひ
うたて
定義付ける
繰り入れる
なだれこむ
ぉぃぉぃ
鋤く
まのあたり
荒らげる
生生しい
組みこむ
梳かす
払い出す
蒸暑い
しりぞける
待合い
蕎麦切り
たあい
まぎれこむ
おんば
ふとっちょ
口添え
嵌め込み
らでん
かすれる
買い上げる
馬鹿笑い
せっぱつまる
引きしめる
すぼまる
子供騙し
おちこぼれる
訳知り
へいそく
棒切れ
おはしょり
生き写し
ぉう
おかせる
研ぎ出し
すけない
かでん
まいこむ
呪わしい
土ぼこり
貸し金
埋め合わせる
探しあてる
みのがす
紙ふぶき
はく製
おっこちる
のんだくれ
肌合い
捩じる
夜討ち
か黒い
びあ
しかつめらしい
独りごつ
ふきとばす
くらいつく
受入れる
ざめた
繁み
問合せる
いとけない
勘どころ
賞じゅつ金
戯け
かかわりあう
添え書き
うつりかわる
お守
さくせい
真ちゅう
ゆるがす
ぁんっ
一巡り
憎憎しい
ないまぜる
二重取り
曲がれる
やりなおせる
焦れったい
まっただなか
書置き
もしゃもしゃ
戦く
むすびつく
塗り物
牛ふん
背負える
荒す
ゃちほこ
物欲しそう
くりこむ
ほうが
しずしず
かくせる
いぐち
涙脆い
織れる
よりより
ぺったり
子別れ
知り合える
どの方
訪う
ゅうことで
しゃにむに
やすらう
組み伏せる
すりよる
映じる
花曇り
手掛り
勝ち越せる
すりきる
生き餌
斥ける
召し抱える
かけまわる
ぴょんさん
よたる
見飽きる
てん菜
早帰り
どら猫
ょうけん
押付ける
ぃちゃんが
まわり道
具する
うちあける
お釣
紙巻き
言いぐさ
みいだす
さっぱ
へこます
ぐぐれ
たてこもる
踏みだす
食いで
締切る
こいしい
じり貧
たきつける
さんぜん
ょぬ
長たらしい
ぎくりと
沸かし湯
ひとり立ち
憎まれ役
来なさる
ぇって
中干し
おきあがる
ざにゅ
つくりかえる
とっくむ
濯ぎ
とぎれとぎれ
弱り目
手のもの
取って返す
推せる
ひする
出合える
はきだす
ずんぐりむっくり
言いあう
道すじ
織りまぜる
もたれ掛かる
考え違い
除け者
肝吸い
しそこなう
せひ
人さらい
危なげ
着古し
ゅっちゅ
しるす
しゃらくさい
乳臭い
よぎない
打ち掛け
いやに
おしよせる
あわさる
わたつみ
大売り出し
堆い
とりあつかう
えさやり
小ざかしい
掃き掃除
長びく
おしゃか
踏み板
睡る
ぐな
泣き付く
つかみかかる
奥床しい
毀れる
うけつぐ
飼い葉
無いものねだり
稚い
解かす
あかみ
こういん
よわる
焼き捨てる
語りべ
せつく
ほろぼす
効きめ
ろうけつ染め
夕立ち
難無く
こぐらい
いごっそう
つきづきい
縫い込む
見取る
打ち殺す
ぱふぅ
ゃひゃ
何はなくとも
大降り
けがらわしい
ゆだる
摘み草
咳込む
ぐぐると
つっぱしる
手の者
簀巻き
あお向け
ょと
引っ掛る
出来す
のど元
根の国
三段跳び
払しょく
物見高い
疾く
こぼれおちる
せんだって
均す
揺りかご
鍋もの
きゃあきゃあ
術無い
ぇえええ
太り過ぎ
吹きだまり
ぱで
るいさん
行き違う
乗込む
果せる
くいつく
ぺち
いかける
つつみこむ
狩り出す
突合せる
からっ風
陰気臭い
びて
はぶける
そぼ降る
問わず語り
しのびよる
矯める
きたならしい
ゑに
たたきこむ
ゆきわたる
取り換える
とびでる
浮き浮き
あ然
しむける
たいひ
心尽くし
死がい
ゆうすげ
啄む
尻取り
はぎとる
湧かす
ぴしっと
威し
木かげ
見晴らす
清ら
びちゃびちゃ
あぜん
あてずっぽう
麗らか
手切れ金
誘い合う
口幅ったい
逸早く
ふくまる
木ねじ
いまわ
跳ね橋
としよる
ふれ合う
待ちこがれる
釣り鐘
てがたい
ぬっと
ふくしゅう
取りくむ
ゅな
ひそひそ話
ょうてん
吹きでる
傾ぐ
宵の口
組み紐
こうるさい
ひとなつっこい
ほうむる
あけすけ
こくする
黒み
こうじゅ
逐う
焼き切る
新しもの
ょあ
入り切る
彫りこむ
誘える
ねめる
おとっつぁん
面汚し
ぃですね
ちょろまかす
痴ほう
ゃんぷ
ちょくせつ
まちがえる
願かけ
とらえどころ
曰く付き
めいそう
思い止まる
もりこむ
継ぎ足す
けちょんけちょん
堪えがたい
腰巻き
けれん
しこ名
仰向く
歩留り
踏み躙る
もろ手
ぱくつく
びしびし
ぎた
泥くさい
のけ者
ふっくり
捻り出す
あばら家
濡れ縁
弘める
ろくろ首
文無し
たばねる
融かす
くろみ
口当り
通し柱
豆撒き
そっこう
付け上がる
仕合わせ
型通り
上がり込む
つまみ上げる
まごつく
心弱い
みずくさい
てごわい
ひらべったい
ぎけん
立ち竦む
あっぷあっぷ
さいけん
手当たり
鞣す
きなか
ぇるすまん
おちょぼ口
こころえる
油絵の具
まぜこぜ
作りかえる
独り子
択ぶ
お茶の子
じゃっか
ひだるい
べんじる
なまあたたかい
みょうに
萌え出る
いやいやながら
なつみかん
三つどもえ
持する
とびとび
めらめら
もくする
星祭り
なまやさしい
老い先
せむし
拾いもの
刳る
身もだえ
たんま
ないじょ
前祝い
側仕え
待ち侘びる
とだえる
取崩す
押し詰まる
ばっし
並びない
ひぼう
ょらい
走り回れる
ばばっちい
ぼうぜん
入れ替る
まわりこむ
差し押える
ひじ掛け
そそう
つりあげる
ぱんつが
とじ込み
生き抜ける
能くする
掃ける
鳥追い
すさむ
歩みよる
むせかえる
磯臭い
とびかう
迎い
ぺろ
ぎゅうひ
判じる
ごてごて
せおう
盗っ人
ゅうちゅう
おこたる
ひとり占め
延し
る説
禍禍しい
割引く
むくつけい
横ずれ
締めつける
かんよう
伐つ
血腥い
ねじまげる
順序よく
ぁり
なげかける
松かさ
真っ直中
てには
むとう
めんどうい
円盤投げ
今し方
反す
つづら折り
読み札
空ろ
追っ掛ける
げんこ
流れ図
粒揃い
保ち合う
充つ
いっかん
物取り
聞き辛い
型どおり
引込む
条件付ける
こうはん
顔かたち
ほそく
真黒い
乗り継げる
割り下
なす事
たっとい
そうじょう
引渡す
はげ山
契る
怒鳴り込む
所在無い
押し絵
生き馬
腰ひも
引き当てる
聞きにくい
へぐ
身のほど
酒浸り
おしつけがましい
でれでれ
ぱんだの
しかくい
書院造り
くわす
みつ豆
いがみあう
ふるい落とす
悦ばしい
鳴りだす
ゃんこさん
竹やり
時代もの
鸚鵡返し
こうきょう
まきつける
妬ける
後向き
ちみつ
こじあける
ゃんでぃ
延す
ほいない
いぶせい
疾しい
廻らす
ぎは
もちかえる
と列
すえながい
丸抱え
お湿り
はなれる
ひくまる
壊れ物
ょこう
割り出せる
心許無い
どうせい
たたき落とす
とっちめる
にくたらしい
がくんと
付け狙う
漉し餡
はっちゃく
手ずから
有難がる
迷い子
ごかい
出来ごと
赤狩り
覚束無い
千枚通し
誅する
ざわりと
ょる
さずける
ねころぶ
いろっぽい
はなばなしい
片流れ
へんこつ
指し値
照焼き
嘶く
無い物ねだり
お櫃
ぺたんこ
黄いろい
ぴちゃぴちゃ
はねかえす
召抱える
こむずかしい
ぃが
みょうばん
吹き回し
ぃちゃんは
ぴと
びいどろ
ほかす
ぎも
好きずき
着ぶくれ
言いそびれる
えごい
金回り
座ぶとん
黴臭い
鍔迫り合い
なんざん
ぐぐっても
ゅふ
見回せる
びか
当り散らす
じいっと
填める
ひとさし指
先祖返り
はいす
取り口
宙乗り
けんか腰
最後っ屁
剛の者
むりぽ
乗り通す
擧げる
けっく
へええ
身持ち
ぐあい
ぐふっ
肩ごし
ぁちゃんの
耕せる
ほお張る
朝な夕な
態と
あがなう
玉取り
あつくるしい
すきずきい
あらがう
露天掘り
いろこい
ぼうちょう
出どころ
買いつける
かなぶん
誹る
雷おこし
ぎんじる
いたいたしい
くみとる
勝ち進める
物別れ
聞きほれる
お菜
たちよる
袋だたき
物笑い
悔し紛れ
紛い物
ぎかい
焼け出す
えらいさん
成立つ
染む
やすっぽい
うすぐらい
気強い
ぱねっと
ぺる
みぬく
びんた
出任せ
お蔭さま
揺り起こす
ゅんきゅん
きがえる
軽んずる
抹香臭い
ぁああああ
蛇の目傘
うら悲しい
寄せ場
火炙り
皿回し
手ぐすね
委せる
むはむ
ぜい弱
寄る辺
つばぜり合い
見兼ねる
べらんめえ
垣間みる
横合い
きんせん
かんぬき
ねばっこい
かたみに
ぱふぇ
とねり
穢らわしい
危ぐ
溶かせる
おくゆかしい
つきあげる
びち
えいこう
わき出る
すごみ
くらせる
内もも
すいえん
手さぐり
詠み込む
じんた
びっく
賎しい
茹だる
いわし雲
たて糸
みうける
こころもとない
牛追い
行きがかり
はらぐろい
恋い焦がれる
ぅな
古漬け
落としぶた
でんぐり返し
軟かい
飾り窓
ぴよこ
よじのぼる
ぱぃ
居住まい
開けっぱなし
めでる
御用納め
すぐす
峰打ち
矢じり
伸べる
蒔ける
ぱねぇ
臍の緒
描き直し
しとど
水たき
にくらしい
あらためる
ほそながい
つり上げる
すきとおる
組上げる
平たん
いら立ち
ぃんくる
けいかん
見離す
うす汚い
気軽い
滑り出す
あせび
ゅえる
七さん
戦ぐ
寝ずの番
かがやかしい
舌つづみ
毅然たる
煮含める
おたおた
引き込める
しきつめる
火打ち
ふるい分ける
ゃかい
打ち所
かちあう
きりだす
べき乗
振り掛ける
図抜ける
しっし
はばひろい
ぐまぐの
引け値
追い銭
おおわらわ
追いまくる
ぃぶ
にぎわす
久方振り
ざっぱ
釣りあがる
威張れる
なりさがる
立ち上がれる
薄暗がり
るほう
きなくさい
吹き寄せ
かん子
角隠し
持越す
朝駆け
ざみ
おりこむ
せんしょう
はたらける
耳新しい
誑かす
しんぷく
ゅうのは
なげかわしい
間の子
食い道楽
じじむさい
ゃんっ
ゅうねん
ゃく
ほこらしい
つけくわえる
うす切り
ごみごみ
つぼむ
くずかご
ぱっぴ
すみれ色
撃ち方
掴み取り
まち針
えがらい
てぬるい
動ずる
平らか
ぃぃぃっっっ
しあさって
家捜し
ゃな
触れ回る
墨染め
怨めしい
でかす
賽の目
絶てる
おじょうさん
ゆわく
はつ恋
こそ泥
埋め込める
立ち会える
勝ち戦
すり混ぜる
るこつ
こはだ
みぐるしい
破れかぶれ
策する
かっとう
ごそっと
そらぞらしい
生あたたかい
ゃまちゃ
辿れる
としゃ
はねかえる
しいれる
ぱふ
ゃひゃひゃひゃ
虫下し
もの寂しい
ながたらしい
子の日
ちょぼちょぼ
勉める
げきじょう
もつれこむ
買いたたく
おぎなう
だいだらぼっち
立ち止る
ぇぞ
あぶらっこい
ふっき
助け合える
乳離れ
樺の木
ぇし
勿体ぶる
のます
ぼやっと
ぅう
ぼやかす
筆遣い
呆れかえる
下り立つ
とけあう
灯台もと暗し
賢しい
ょうえき
立ち働く
ぎゃはははは
わき見
窮まる
ぅです
たどれる
しょっぴく
ぷっと
選り取り
すがめる
払い除ける
まきあげる
待ち針
ゅうす
はいずる
逢魔が時
ざっ
嗜める
耳ざとい
手だし
こ難しい
魘される
待遠しい
ずれこむ
もみ上げ
わびる
たちのぼる
とうかん
だぶだぶ
はおと
箱書き
たけだけしい
おいやる
情深い
有り体
書き入れる
聞き流せる
しばりつける
愚図る
くぼち
繰り込む
のけ反る
からきし
とめど
ゅの
もんどう
じくじく
割り込める
おしくも
ぁぁぁあ
ぉぉぉっ
ぬめぬめ
寝せる
あいらしい
生白い
ぎする
あん分
鼻白む
あれらの
人気もの
書きたてる
くず鉄
おえる
いたし方
きよまる
しぬ
丑の刻参り
焦げつく
疳の虫
なだかい
ぃか
死にものぐるい
ぐいのみ
ょうりょく
かりあげる
ぴりか
茶入れ
放りだす
めんご
りっする
お上りさん
やすまる
繰下げる
まじめさ
あばずれ
足とり
より目
くぐつ
見破れる
踏み締める
そうせい
水きり
ぅの
お七夜
はいりこむ
さくらそう
身ごろ
ぁたし
はなしかける
ゅまる
ゃっと
こころゆく
まないた
家族づれ
書き直せる
敵す
てれくさい
ふきこぼれる
ほら穴
ぃぅ
のぶとい
分けつ
しばれる
面映ゆい
離れ家
大事無い
あとずさる
ふかん
燃え殻
烏滸がましい
あまったるい
追越す
しゃくり上げる
ゃむ
こわもて
だ円
合い鍵
手軽い
じゅけん
巻込む
ごうごうと
一時払い
由無い
下駄履き
かい離
あまっちょろい
おべんちゃら
てっき
投げこむ
つっと
梅漬け
萎びる
すみつく
為さる
ようせん
排する
まじわる
組みかえる
さしでがましい
煮込める
悔み
手前みそ
言い替える
かき餅
もの憂い
背わた
うたがわしい
つきそう
きめこむ
せんぎ
夜ふけ
注連飾り
とりいそぎ
ろうする
差し延べる
座する
厭わしい
しんきくさい
そねむ
南回り
さくしゃ
光らす
茶飲み話
づっち
中華めん
見切れる
かき消える
読取る
ぬらぬら
打抜き
くるおしい
碁打ち
他生の縁
べんする
わき毛
うちたてる
後退り
ぐぁ
ずいと
かいざん
ぉおおお
おしむ
奮い起こす
成行き
下っぱ
閉そく
ぅちゃん
選り抜き
弔い合戦
二枚重ね
抱きこむ
取り計らう
別刷り
かどわかす
受持つ
染め出す
退かす
請ける
一抱え
胸きゅん
あらっぽい
もののあわれ
面立ち
おおいなる
こなごな
宿り木
ゅうと
耳ざわり
ぶりかえす
しんじつ
ぷと
ぺっと
降り掛かる
かきだす
かきなぐる
引きおこす
果敢ない
ぱんぱん
もの静か
いじきたない
熟する
かんかく
ちょうかん
ねかす
繰り言
極め付ける
錆付く
轟かす
みにつける
背すじ
ことほぐ
年取り
玩ぶ
むむっ
買い切る
けっしょう
青じろい
ぱそ
誦する
かたくるしい
うれし泣き
張り合える
小手調べ
物の本
ふびん
生きいき
ごわつく
抜き足
ぼうする
封じ手
尾頭付き
作り付け
さし木
あぢきない
けむたい
ぼたぼた
温み
面はゆい
いじいじ
流行らす
ふじょ
割戻し
よせつける
むっち
大きに
恨み辛み
ぎっ
ぎをん
転べる
擽ったい
しょうは
いちがいに
ぎすぎす
吹っ掛ける
ひょろっと
湯あがり
はっぽう
ゅうじょう
跳ね返せる
ざあ
うわる
ぉぅ
ふじつ
名前変え
皺寄せ
はしゅ
にげだす
黒作り
生き神
なまじっか
封じ込む
縮み上がる
蔵する
せいゆう
溶きほぐす
しんきろう
なみする
くちおしい
もがり
人なれる
しり込み
みかげ石
ざなり
たばかる
払いもどす
須らく
釜茹で
働き掛ける
中越え
とどこおる
ぺりかん
夜もすがら
芽ばえ
ほどとおい
なりかわる
ごうまん
のらくら
あらあらしい
うつせる
上擦る
手緩い
ぺたりと
行過ぎる
手懐ける
もつれ合う
ひ弱い
吊り革
染込む
てなし
はね上がる
うそ寒い
ものがなしい
びさき
ぐだ
くん蒸
罷る
憚り
粘い
いっしゅう
つべたい
よれる
かさねる
きざはし
へんぴ
物わかり
絵合わせ
聞き付ける
音頭取り
馨しい
頑是無い
あみだす
きちきち
こすっからい
洗いざらし
立て板に水
せんぷ
ほうへん
仕損じる
謎とき
焼戻し
立ち至る
びじん
縒り
こうしゅ
架する
仰せ付ける
度しがたい
言いまくり
わが校
おいる
ょうすけ
ゅぞう
窓ぎわ
びしょう
伸す
生揚げ
うす茶
朝ぼらけ
討ち果たす
すずこ
つきやま
組みたてる
ぇて
お隠れ
申し伝える
びえい
めめしい
垂れ込む
ぬくとい
打出し
こっ酷い
継ぎ接ぎ
総毛立つ
遡れる
裸参り
一本立ち
下読み
背開き
打出の小槌
ちゃんばら
落し穴
ぱじゃま
人臭い
百度参り
散じる
つよめる
みちみち
鞘取り
じん臓
掘り起こせる
相合い傘
だかん
吹き掛ける
暈し
脱せる
ぱんちゅ
世迷い言
ぁたしも
壷焼き
うこぎ
たがやす
悴む
ぇぇっ
びに
みかねる
あらまき
しゃれこうべ
てんい
吹き荒ぶ
腹だたしい
おくればせながら
豆絞り
論る
歌詠み
爪弾き
腑甲斐無い
ずり落ちる
隠れみの
卑しめる
刷り上がる
そくい
たいとう
のしあがる
はばき
普く
用向き
煮上がる
月割り
縁どる
こころうい
取付き
堪え忍ぶ
心憂い
もそっと
巻きす
したしむ
出合い頭
質入れ
胸くそ
えきする
口喧しい
掴み所
もり立てる
殺伐と
食い足りる
ざいまっす
踏ん張れる
水びたし
擡げる
予て
はりめぐらす
捨て値
塞げる
長ずる
おもや
欲ばり
おが屑
割りほぐす
先出し
かたはらいたい
こちたい
ねぼすけ
当たり散らす
冷えこむ
もちあがる
焦げくさい
揺すぶる
しげしげ
ならく
荷受け
馨る
一頻り
買い入れる
ひきつぐ
かんげん
丸のみ
ぞんぶん
生きながらえる
打ち壊す
ぴぴ
睨みあう
出し抜け
ぺぃ
おもる
予てから
懲り懲り
やむ無い
ざいし
むんずと
ぁああああああ
差しだす
松飾り
ぐだぐだと
引立て
むしあつい
もっこう
かいとる
いっかな
はさみこむ
茶せん
ぱんさん
凛凛しい
焼き打ち
きょうそう
つきあわす
削げる
ささやき声
乗越える
派手め
しゅうち
やりきれなさ
泣きはらす
悔し泣き
しゃぎり
なれあい
熱苦しい
ふやせる
揚る
けいら
写し絵
はりつめる
小暗い
掻き込む
荷作り
三すくみ
取ってつけたよう
粟立つ
往き来
思いめぐらす
息む
飲んべえ
ねばりづよい
こげくさい
吊り上がる
ょういん
水張り
あんころ餅
釘抜き
しんずる
たえがたい
とんし
ぁぁぁぁぁぁぁぁぁ
とりはずす
ぷろだくしょん
すだく
売り捌く
生煮え
しろっぽい
掻ける
びっくらこいた
ものさびしい
ょうごけん
手抜かり
覚え込む
たいらぐ
三本締め
安んずる
なしくずし
ぐまぐで
ぎうら
このましい
はなやぐ
五目並べ
追いはぎ
突っ返す
らうらうい
若若しい
ひきたつ
ゅっと
ぷっぷ
形振り
さずかる
敢無い
玉乗り
うわき
火打ち石
試し切り
じつない
ぱさつく
胡散い
しゃあしゃあ
堪え難い
ぐしょぐしょ
ぇそふとつぅ
ゅうろく
心づよい
遅ればせ
馬の足
切り下げる
住込み
逆らえる
ばたつく
焼け焦げ
聞す
ざりがに
よべる
はだか麦
体する
きっかい
懇ろ
焚ける
なまっちょろい
あきれかえる
ぴか一
ぎゃらりい
なごりおしい
はいいる
ぱしふぃっくびいなす
阿る
煮こみ
あぶれる
そんじる
差し換える
都忘れ
切出し
初める
ひとつ覚え
ひっかえす
使い途
しばやま
はったい
ねつける
こしつ
ざんかの
つきささる
口堅い
よわよわしい
でむく
蕾む
ひきとめる
一花咲かせる
雁字搦め
ずけずけ
ひな鳥
食い詰める
立ち後れる
めのと
横っ面
水あげ
組立てる
おいこむ
ぽしゃる
飛出す
建て増し
飲み手
ょくぶつ
ゃんこが
ぱふぱふ
とばく
ゅし
お伽草子
がてん
掻い摘む
見送れる
おそわる
横座り
形無し
嵩じる
さいせん
噛み合せる
前垂れ
だらんと
ざいです
わななく
ろんぱ
取り違える
投げ出せる
おほけない
さうざうい
ゅうめん
馬鹿臭い
せんそ
上がり口
小煩い
諂う
かびくさい
手取り早い
とりかこむ
あん馬
按ずる
煽て
填る
用だつ
孵す
せち辛い
爪弾く
わら半紙
生きかえる
かがす
ぎやま
溜り場
疲れはてる
いそげる
薄ぐらい
福福しい
いわく付き
もちこたえる
以ての外
うすぎたない
極め付き
理解し合える
すきっ腹
あら捜し
けんずる
物忌み
ゅぱ
ちょうずる
草いきれ
首斬り
献ずる
にくにくしい
人馴れ
ょえ
叱り付ける
いらち
さくら貝
投げだす
ねつぞう
鶏ふん
しゅうしゅう
いたどり
にぶる
仕分ける
ぐひ
付きっ切り
かりたてる
上がり框
爺むさい
こころぼそい
つっ込む
てらてら
ゃららと
渡り初め
水もの
じゅうりん
若わかしい
然して
つっぱねる
みかわす
やにわに
いいきかせる
七面倒臭い
息ぐるしい
づと
もがける
きりこむ
凍り豆腐
地固め
流行り廃り
雨垂れ
ぁよ
ぴす
かんてき
たいりょう
あみ出す
くったく
繙く
耳遠い
乱痴気騒ぎ
あずま屋
れんけい
拝み倒す
ぅございます
たびだつ
わすれっぽい
なんともはや
ぐたぐた
なごめる
びんない
ぴな
かいする
ぬけだす
槍投げ
こぶかい
飛込む
いってつ
ゅちゅ
店開き
先渡し
おくまる
せきとめる
ょっと
ぶぜん
虫めがね
血統書付き
くいる
ぐゎ
うえる
態とらしい
抱き留める
すれる
三つ指
川越し
くだくだしい
こんぼう
ちくりと
まあたらしい
ゅうがく
ょねぇ
ざらい
急き立てる
落ちのびる
ぜりふ
だっしゅ
ほのぐらい
こま犬
あぐむ
創り出せる
畏れおおい
染めあげる
瑞瑞しい
なまり節
吹き払う
船遊び
うちだす
おろかしい
焙じる
おぐらい
解き放す
薄寒い
ゅうの
咬める
とりまぜる
赤める
鼻っ柱
ぷらっしゅ
ずっこける
ようじん
木ぐらい
弾き手
毛じらみ
ぁぁああ
負かせる
かしずく
略する
きょうみぶかい
ちぢめる
ぁもう
お勝手
受け合う
らくがん
物淋しい
つまみあげる
変ずる
やしなう
おもいがける
いんきょ
ゃならんのだ
親譲り
異い
粘つく
じっこう
えがたい
願わしい
生干し
しざん
荒荒しい
図図しい
いごこち
粧う
かんだかい
れんく
お眼鏡
ざう
はりあげる
手釣り
だまくらかす
はださむい
ぇええ
逃げ込める
いがぐり
山ごもり
しょうじん
鈍する
ぃおぃ
ぽつねんと
ぐっちゃん
ゑり
取っておき
あまなつ
びょん
こきつかう
ついやす
主立つ
取りなす
追い剥ぎ
焦臭い
しんぼうづよい
弁ずる
危く
飛び込み台
ぴぺ
ざんき
引っつかむ
具わる
しょうずる
とびだせる
うらさびしい
あけっぴろげ
うちつける
坪当たり
初初しい
しゅっぱつ
ょこたんが
悩み抜く
おりたたむ
咲き残る
ぴち
がまん強い
ふんだん
執り成し
こころづよい
とりいれる
ぽっちり
うつほ
みがける
ぐぶ
まぬかれる
たっする
ぱずかしい
くろっぽい
切りぬく
紐解ける
ぐぐってみたら
はずかしめる
むに
ょうじゅ
染め分け
がまんづよい
ざうお
べろんべろん
判官びいき
冷っこい
ねらえる
ぇか
とちの木
斬り捨て御免
根づよい
なげつける
渡し守
なまっ白い
ふりほどく
びびと
はねのける
棹さす
隈取り
ぷし
吸い込める
お絞り
えり好み
どんする
ざや
ちからづよい
毒毒しい
もちこす
荒れ性
差しあげる
につかわしい
続き間
おとこらしい
鏡もち
おしいる
おもはゆい
きみわるい
ょうこうぐん
こぎる
忝ない
撫で付ける
ちびりちびり
ぷりんせす
むること
しょうけい
たいしょく
なまっちろい
おとましい
る言
語り物
そこねる
引き渡せる
振り切れる
知り抜く
窮める
こうごうしい
窄まる
解け合う
人寄せ
でんでん太鼓
ようちょう
どすぐろい
し烈
ひょろながい
力抜け
あづかる
はいつくばう
粗削り
けろりと
どくどくしい
押しきる
ふさぎ込む
別れ別れ
往ぬ
なぐさむ
どろくさい
ふてくされる
悪がしこい
金臭い
ゅんと
くんずる
ぶすっと
もの淋しい
験し
はしこい
ふるくさい
逃げ水
そらおそろしい
さんぷ
手ぶくろ
誘き寄せる
くみしやすい
りょうかい
にがにがしい
肩ひじ
こすからい
わかわかしい
寄り合う
腰折れ
ぱっつん
ひとつかみ
托す
しにせ
夜明かし
くちずさむ
りょうけん
幽い
猿ぐつわ
がたつく
持ち崩す
痛痛しい
ざいました
かちり
お足
はね上げる
罪ぶかい
囂しい
よこ糸
かいまみる
かすめ取る
こぎたない
しゅうする
ゅろ
へたばる
漏れ聞く
ばいた
かたかご
婀娜っぽい
洒落臭い
かたらう
あばら屋
ちょうしょう
ねびる
花びん
あおくさい
ざけんな
てごろ
生なましい
波の花
口伝え
上敷き
ぎっちり
面もち
棚引く
しんにょう
ぱぴ
一の酉
ょうみなみ
寝殿造り
酷しい
いしゅく
盗み撮り
かいしょう
あおじろい
掛かれる
せいじょう
れいれい
ぷれい
憎まれっ子
漕ぎつける
あだっぽい
進み出す
かつぶし
作り立て
生まれ月
わるがしこい
付けどころ
うとむ
とおりすぎる
ゃんこと
小ぐらい
取り決める
水責め
こころにくい
差し当たり
おぶう
いとわしい
残り多い
ゃばこ
尖らす
ぼっき
手あみ
小面憎い
吹き降ろす
追込み
下拵え
おもおもしい
みてとる
残り惜しい
気恥しい
開けっぴろげ
物狂おしい
次つぎ
ぎゃはは
ひやっこい
まんじりと
ひそみ
かばかり
しちめんどうくさい
ぺと
おどける
はらだたしい
ゆすぶる
物堅い
稔る
腐らす
吝い
試そう
ことごとしい
せり出す
のたりのたり
はせ参じる
思い起す
腥い
座付き
いっせん
繋る
ぅあぅ
いまだい
ょうあと
後暗い
末頼もしい
なすり付ける
逸早い
ばら積み
ふるめかしい
分別臭い
ぺっ
転か
てびろい
採りあげる
老いらく
ぉぉぉぉぉぉぉ
鼻かぜ
ぎょうぎょうしい
暗きょ
さおとめ
挾む
残多い
とうりゅう
あいする
せん無い
みずっぽい
向い風
みつもる
掠り
逆と
いちはやい
かさ張る
ふうわり
ぐうぜん
はてる
飛びたつ
はいふ
すぐれる
順送り
あいなめ
むへのご
ょんぷろだくと
日溜り
ぇぇぇぇぇぇぇ
はっしん
のろくさい
読みこなせる
呑み込める
掴みどころ
かずすくない
きむずかしい
もの言い
ぁぁぁぁぁっ
すいこう
ちょび髭
受止める
おさえつける
押し分ける
葵祭り
ぅわ
拗る
馬返し
そんする
つりあがる
ものたらない
小ぎれい
くちうるさい
又の名
こにくらしい
べったら漬
持上げる
双頭の鷲
とつとつ
ょうにし
いぎたない
ぎゃっ
ざいりょう
名だかい
生っ白い
ぁちゃんが
割増し
試し斬り
ぱあっと
切れ上がる
北回り
うたがいぶかい
おくふかい
しはん
想える
ゃんち
見掛け倒し
いれかわる
ゅじゅ
ぎよう
ゃんきゃん
捲し立てる
みあきる
丸焼け
女もの
手がたい
磨ぐ
てきびしい
巻き返せる
ぷっち
腕っぷし
間遠い
どさくさ紛れ
ゃんも
ふくれっ面
山ふところ
ちゅういぶかい
しゅしょう
酒びたり
ゃんこは
ごね得
毒どくしい
ょうぐん
夢語り
ちかしい
日向ぼこ
狡っ辛い
書き入れ時
おいてきぼり
浅ぐろい
誤らせる
あたじけない
あいぶ
借受ける
時めく
股ぐら
おんならしい
ぱんまん
自慢たらしい
ぐされ
ぷろじぇくと
せいちゅう
打ち崩せる
照り映える
じっせん
いいだす
すだつ
根回り
あまからい
でっちあげる
表ざた
板敷き
ぷろん
づゑ
寝ぐるしい
すご腕
弁じる
月の桂
引つる
くみす
倍する
みれんがましい
つぎ込める
切り伏せる
こす辛い
べっき
押付けがましい
瓦せんべい
首っ引き
ゃっぱ
好いたらしい
すいたらしい
穢らしい
ぎにぎ
番える
仏の座
勘定高い
濃い茶
弛い
おおしい
鎖す
くちはばったい
ああなる
弱よわしい
いきぐるしい
きづよい
恐れおおい
うすらさむい
釣上げる
目ばやい
ぎゃぁ
開きなおる
めあたらしい
手間どる
気疎い
馴れなれしい
かずおおい
ぐでんぐでん
ひと眠り
もの凄まじい
口べた
売行き
ぐお
おひろめ
くずおれる
わすれがたい
畏多い
はかなむ
らいこう
張出し
うら淋しい
干し物
ぇあ
居た堪らない
うそさむい
せき込む
ぱげ
俯せる
華華しい
あつぼったい
事新しい
物ぐるおしい
かんてい
呼び入れる
じとじと
引き起す
甘ちょろい
口がたい
かわかす
しゅんこう
づまりの
出し切れる
吊るせる
霜焼け
しみ入る
つらにくい
気障っぽい
くず粉
けぶかい
悟れる
がいして
こはぜ
せばめる
ぉございます
ぐさり
なみだもろい
びまるこちゃん
あかぬける
二の舞い
泥深い
女女しい
つけ狙う
口減らし
差出がましい
腰かける
ぇしゃ
まっこうくさい
山篭り
ですぎる
度がたい
しのびなく
息せき切る
みみざとい
耳どおい
如才無い
どしがたい
慰む
散歩みち
はたらかせる
細細しい
花やか
引っ掴む
ふほう
やりかえす
へきれき
ゑて
別して
果し合い
しらが
貯える
気はずかしい
ふみこむ
ぇち
山留め
日向臭い
引き換える
神神しい
薄ぐろい
ほねっぽい
りんり
だしぬける
ぐだぐだな
かうばい
とって返す
ぴお
付け出し
ゃっほう
おぼろ月
かつどん
うしろぐらい
きはずかしい
であえる
びっち
冷や麦
出来上り
然ること
ねつこい
さく裂
すくえる
ようじんぶかい
奇っ怪
結える
與える
てばしこい
ぼってり
もうろく
装てん
おもくるしい
たてなおす
外まわり
くちぎたない
むにやまれぬ
ぁんて
こやかましい
長閑けい
ときめかす
物騒がしい
おおけない
気近い
ふかあい
使われだす
掻き鳴らす
ものぐるおしい
意味付ける
腹ぐろい
かわりばんこ
ゅうで
封じこめる
小ぜわしい
ちばしる
素ばやい
くわだてる
腑分け
けちけち
お先棒
ばかくさい
独り旅
ひと頃
放りっぱなし
重おもしい
こぜわしい
みっともよくない
物物しい
とうじん
朝めし
ねづよい
泥ぶかい
温もる
せまくるしい
粘強い
耐難い
薄ぎたない
綯う
蛍狩り
ものさわがしい
みだりがわしい
吊れる
ものおそろしい
受け流せる
割付け
書送る
懸け離れる
いやす
攻め上る
お薄
ざつ
泣き濡れる
ゎお
ょうじょ
うち捨てる
ぱさん
かかあ天下
きみがわるい
くら替え
合い方
素通し
繰りかえす
うばいとる
引きたてる
つゆけい
咲きみだれる
重重しい
みめよい
売りこむ
譲れる
ばたくさい
うらがなしい
つみぶかい
生っちろい
しょざいない
ふきかける
てばやい
五つ紋
計り売り
聞苦しい
にあわしい
けんもほろろ
せんりゅう
熟柿臭い
さたん
なやます
ちちくさい
小やかましい
持ち越せる
いんきくさい
狸寝入り
脹らむ
あほうどり
おみなえし
ょひょ
がんぜない
つつが無い
びやか
ふんべつくさい
引っ繰り返す
聞ぐるしい
赤じそ
懶い
曲り角
提灯持ち
ひょろりと
ひとなつかしい
もの狂おしい
しばたく
よんどころ無い
寝穢い
手あつい
種取り
女殺し
づつお
ぎあ
じょういん
手っとりばやい
骨とう
かい人
はたせる
くさくさ
編み針
面憎い
ちょうば
れいれいしい
ゅんこ
ものすさまじい
沸き返る
おくぶかい
ぐじ
しらぬい
荒あらしい
売り掛け
苦にがしい
ぁたしの
かるがるしい
ぬきんでる
忌忌しい
ゃんのあくあな
百日ぜき
かろがろしい
花はずかしい
あじきない
二の酉
削りぶし
犬死に
むじ
夏痩せ
しはらい
はやしたてる
笑いごと
はやまる
きゅうす
こころやすい
ぶっそう
いいかえる
ぁぼった
こまごましい
あさぐろい
いいはる
ふさぎこむ
えいい
はねあがる
女めしい
こぼつ
そらせる
諳んじる
くゆらす
ひとにぎり
ぺっちゃんこ
染め付け
びびしい
ぁの
ていしん
むめ
染め替え
痛いたしい
ぁんと
目の当り
てづよい
きざっぽい
ぽっと出
えがらっぽい
もの狂い
梅雨晴れ
あえ物
にんげんらしい
殉ずる
手ばしこい
毫も
きそくただしい
腹切り
見ぐるしい
たがねる
なさけぶかい
ものがたい
ききぐるしい
きぜわしい
かんぱい
しんにゅう
もだしがたい
洽い
しつけ糸
空空しい
縁どおい
ぐらんぷり
もの恐ろしい
類さん
ねがわしい
ゃんこを
人がましい
いたたまらない
人なつかしい
言い淀む
絞め技
繰延べる
火の番
持ち切り
うたぐりぶかい
ゅうて
手びろい
なみだぐましい
ぃぃぃぃぃぃ
物がなしい
あまちょろい
小書き
うとうとしい
おもくろい
手重い
遽しい
みてとれる
たおれる
つっぷす
はれがましい
ぺたっと
騒騒しい
あおっぽい
列ねる
ざいんだよ
育くむ
おんなの子
かんぐる
由由しい
背割り
うすきみわるい
しんぽう
押込み
残惜しい
しゅうねんぶかい
びろう
昔なじみ
十露盤高い
すえおそろしい
捗ばかしい
野暮臭い
なまあたらしい
見目好い
ばく進
便無い
理窟っぽい
ふくぶくしい
傳える
もうとう
物凄まじい
疎疎しい
清すがしい
いけ図図しい
うすぐろい
いけずうずうしい
口ぎたない
かぐろい
ちなまぐさい
付せん
詫びしい
物すさまじい
のろわしい
うけもつ
ざわりで
こころぐるしい
忌いましい
疳高い
のら犬
ひざ元
うたえる
とびはねる
むすびつける
ぽとりと
ふんぞりかえる
鳴り渡る
ぁあああああ
そぼつ
ゃんさんの
誘いかける
なんじょう
気づかわしい
狡っからい
ぐぐれば
ひとくさい
笑い物
いとどい
忍び笑い
ひなたくさい
はだざむい
洗いもの
頼み少ない
鏤める
義理立て
恋い慕う
せいそ
引合い
じゃあじゃあ
ねぶかい
死にぞこない
態とがましい
ぐうする
疑いぶかい
耀かしい
ぞくっぽい
たれ流し
ねつっぽい
頼みこむ
たのみすくない
つかみ合う
粕取り
くちやかましい
しりこそばい
錬る
先触れ
しちくどい
生れつき
こはずかしい
ばた臭い
したわしい
まわり遠い
仰仰しい
晴がましい
手速い
むふ
抜がたい
生じろい
聰い
毛ぶかい
縄のれん
せいは
ほっぽらかす
懈い
捗捗しい
有り合わせ
空恥しい
競り市
舌たるい
へんさん
ざなりな
労労い
報せる
すべっこい
こん包
びうお
茶がら
踏みきる
いいなずけ
さび付く
ゃこ
吝か
長もち
まわりどおい
男男しい
生新しい
諸に
似合しい
居たたまらない
しんきい
ねぐるしい
びよういん
ぶんべん
のこりおしい
謝する
博する
寸足らず
あおぐろい
気色ばむ
草ぶかい
しずまる
ていはく
みごもる
刺刺しい
がん作
煮えくりかえる
くちさがない
ぱにっく
空ぞらしい
並び無い
回り遠い
授かりもの
廻れる
言い古す
しわけ
物がたい
算盤高い
このもしい
づづ
ほろほろ鳥
軽がろしい
点じる
はやばや
猥りがわしい
麗麗しい
うすじろい
そらはずかしい
なにごころない
むろらん
りくつっぽい
かんじょうだかい
殺りく
すがり付く
もの堅い
尻こそばい
鉱さい
降りかかる
初もの
こんにゃく粉
ゅれ
ぅお
やぼくさい
ぐうぐう
成りたつ
泣き泣き
聞辛い
おとなげ
かどかどしい
振る舞える
ぬかづく
分別らしい
細かしい
要心深い
刺とげしい
高飛び込み
ゅうごう
物ものしい
取出す
白白しい
浮び上がる
届出る
猛猛しい
さとす
飾りもの
けうとい
下膨れ
振るえる
ぎりがたい
死に損ない
あかぐろい
物恐ろしい
かげながら
清けい
ゃほ
小だかい
蒸しもの
角角しい
かんかい
しゃしゃりでる
雄おしい
大層らしい
花花しい
賑にぎしい
せっかん
ひらきなおる
むなぐるしい
気がつく
じゅつない
ぃので
潮待ち
炊さん
ぬきがたい
普い
苦しまぎれ
跡づける
かなしむ
枯れすすき
遍い
こまかしい
見好い
小ぎたない
こづらにくい
勿体らしい
ぉか
頭割り
さがせる
ょろり
ならびない
やにっこい
貝の口
したたるい
手ばやい
神ごうしい
あじましい
しりこそばゆい
愛づらい
押し負ける
美美しい
たくわえる
ものみだかい
指ぬき
見憎い
すえたのもしい
華ばなしい
そろばんだかい
ぃだかんかん
のっぺい
気づよい
ゃないけど
代われる
佩く
狡辛い
たいそうらしい
忘がたい
夏枯れ
疎うとしい
気だかい
ぅね
日なたぼっこ
きづかわしい
疑深い
ぎこ
売り抜ける
いそ臭い
きゅうこう
みわたす
手りゅう弾
胸ぐるしい
ぴょこんと
はらぎたない
木ぶかい
薬きょう
おしすすめる
はんずる
じゅんち
づて
勝ち名乗り
木深い
捨てぜりふ
苦苦しい
えんどおい
組合せる
のこりおおい
入れあげる
たくしあげる
みみどおい
継しい
こころよわい
無くする
茶どころ
ゃらめる
どろぶかい
じょさいない
ょし
双ない
探れる
えづく
ちょんぼ
似気無い
空はずかしい
いそくさい
ていっぱい
とんかち
わき役
ゅさんの
曇らす
じまんたらしい
事ごとしい
転がりこむ
回遠い
あっ旋
似あわしい
恐多い
つちくさい
ぷりっぷりの
まだけ
かなくさい
手がるい
押し葉
ぇっく
はえばえしい
そやす
時雨れる
潜り込める
出向ける
ざわこ
けぢかい
馴なれしい
だだっ子
失くなる
弓取り
ゆせん
積重ねる
穢れる
もさっと
劈く
画びょう
焼き塩
しきゅう
めばやい
切り込める
敢ない
辿たどしい
ざな
なまじろい
わざとがましい
甲だかい
ぞうする
ふみにじる
入り日
目ばゆい
やとい
堪難い
こすっ辛い
物ぐるわしい
びよ
打ちだす
角かどしい
うら恥しい
何心無い
ぉぉっ
はなはずかしい
薄じろい
駆け込める
くちがたい
並無い
さらえ
たちかわる
腹穢い
しなう
なかだち
曲曲しい
踏み石
ぁぁぁぁん
もったいらしい
好き好きい
ざいまぁす
真っ正直
賑賑しい
うらわかい
ずり上がる
手慰み
聞にくい
君付け
本意無い
脇差し
しょうよう
ゃと
興ずる
くさぶかい
もっての外
ことあたらしい
ぴしゃ
手向ける
聞づらい
しょうどう
片すみ
隣合わせ
澄まし汁
腹ぎたない
ぱらりと
はた目
度難い
上がり目
好きずきい
とじこもる
くるわしい
ぐあ
よびだす
枉枉しい
うりあげる
みみあたらしい
やぶ医者
根ぶかい
あだ討ち
くりかえる
ひとがましい
逃げのびる
はきかえる
もちあわせる
何のかんの
飛びこみ
やいのやいの
連れる
じゅくしくさい
弔りしい
映えばえしい
いきりたつ
担わす
立直す
ふりきる
ゃぎ
ょうきた
入りびたる
高慢ちき
憎にくしい
ずばぬける
とほしろい
ふんべつらしい
四つ身
遣える
事事しい
とりつくろう
初ういしい
ざれごと
値うち
うらはずかしい
ぐぐる
照臭い
ふかめる
ふみだす
あえ無い
ゃみ
吐かす
ぉら
遠白い
店仕舞い
おいつめる
せっかい
覚えず
仰ぎょうしい
救い出せる
上せる
しゅうき
飲み干せる
ょくじどころ
横っちょ
うり二つ
ゅえん
待ち兼ねる
吐出す
猛だけしい
ぷりち
かくする
つぎ足す
ゅういん
言いなす
ぺたんと
餌付く
すすどい
ほうてい
又貸し
目つぶし
身びいき
あおげる
うなばら
できあい
塞き止める
美びしい
小はずかしい
白め
縛め
袈裟斬り
意気盛ん
ぷりんぷりん
膨れっ面
しかりつける
界わい
とさつ
ゃんは
いまめかい
うずもる
はればれ
見返せる
桜ん坊
くみ出す
鯉こく
さしがね
煮凝り
朽ち木
ぱんださん
禍まがしい
ゅうえん
てんから
起きぬけ
どなりつける
やじ馬
乗りかえる
現ずる
墨流し
ぁいあ
狐憑き
花ふぶき
せきつい
たかれる
おそいかかる
切取り
取り締る
ぷいと
書入れ
ぱねぇっす
ぎゃん
うやまう
ひわい
わい曲
売り声
ききとる
手開き
ゃはははは
付け届け
打ちあげる
ょくひん
手拭き
観する
袈裟懸け
耳聰い
みせしめ
びとの
乗り逃げ
離れ島
あとづける
きずつける
たりる
読出し
せん滅
返し縫い
送りがな
やせ衰える
隣合う
寄せ木
打消す
ぃま
てん末
歳の市
びとは
ぷんと
ゅうりょく
戦慄く
ちくじ
忽ちに
貸切る
身篭る
ょうけんめい
三つ又
祟り目
遣い手
通し矢
一つ身
雪明り
かるがる
はっかい
ものぐるわしい
内払い
玉ぐし
おうが
こらしめる
すい星
ゅぎょう
一人ぽっち
くされ縁
切り子
調子付く
しんぽ
みわける
水捌け
ぎぼうずのあさたろう
ぐは
たたきつぶす
騒ぞうしい
焼け太り
むとて
眠り薬
育める
宵っ張り
田遊び
雪おろし
にっこにこ
明り取り
此の方
迎え酒
浮き足
そうてん
所帯持ち
かえすがえす
見透す
ぎちゃん
こんこう
どう猛
ゅうぼう
余りもの
ぷらむ
ゅうもん
繰出し
重ね合わす
黒める
むは
ぜん動
ねじくれる
腹づもり
ぷた
まつわりつく
脳こうそく
買い上がる
ほうりこむ
洗いたて
歩き回れる
ぅぅっ
ひたと
かりょう
ゃろか
吃り
拍手喝さい
ぐにゃりと
ゅるちゅる
誘き出す
買い気
決めこむ
またげる
ょんから
見落す
ゅぬ
ぴっち
かかわれる
取り切れる
湯飲み茶碗
据えつける
こっとう
繰り回す
お粗末さま
ぜいじゃく
注する
お巡り
亀の子束子
いんぺい
ゆきづまる
けんらん
ょうき
ざかや
ぱっち
住まわす
撫でつける
ぷっちょ
ぷで
昼めし
碾く
しっそう
似かよう
ていかん
ょうだん
ゅうりっぷ
かかえこむ
ぃつけた
しばふ
芽ぶく
ゃぶだい
むじん
ゅです
買い戻せる
きんぼ
呼び付ける
みすえる
やぶける
夙に
むとす
のりうつる
名前呼び
ぴっく
いきとどく
おしろい花
柄もの
体当り
おくて
ねむのき
振り捨てる
脹れる
ぎちぎち
せいらん
ぱに
こわせる
起き上がれる
手あか
常世の国
思うさま
手わざ
縁組み
ひと役
吸い付ける
きょうく
ょうひがし
あいいれる
はっする
りんき
のどちんこ
貫き通せる
秘する
悖る
逆ざや
きりさく
まちぶせる
ぃさんが
てんでに
舌っ足らず
標す
親思い
さい先
火持ち
年回り
先んずる
胃の腑
しゅうとめ
べらんめぇ
ゃや
地鳴き
このしろ
左近の桜
とりこぼす
みそれる
羽繕い
さだまる
身繕い
きなさる
縛り首
せいだい
ゃこみゅ
さいり
はね返り
ぃちゃんと
かんずる
寝かし付ける
かきあつめる
紙入れ
ぷりてぃ
習わす
かっさい
乗りまわす
先駆ける
待ち客
ぎのまい
ぎゅぎゅっと
つんつるてん
べっかんこう
おおぐま
悪たれ
呼び戻せる
ぱと
買い被る
駅売り
いきづまる
除する
まっさお
すべらす
打上げ花火
ぃき
おおせつかる
佇つ
つま弾く
ぅる
ぬかせる
びた一文
おぼす
乾びる
あきあきする
いせえび
なきごえ
金つば
ざきちょう
ゃははは
ょうえん
着付ける
なかに
天降り
搾り出し
犇めく
立て付け
ぅい
ひぞる
がばがば
におわせる
ぎらい
あだ花
愛想尽かし
追いたてる
ぇぇぇっ
うぐいす色
ぇね
やり返せる
突っ立てる
果たし合い
ぶち当てる
人攫い
こらえ性
三の酉
火の見やぐら
押しだす
目する
木偶の坊
低める
くぐれる
腹積もり
祈とう
恋煩い
えりすぐる
置き傘
参ろう
ぁら
流ちょう
ゃいん
ゃび
きりとる
づし
上向ける
振り付け師
ゃもじ
きこしめす
腸詰め
押し切れる
あたいする
悪足掻き
お腰
打ち砕ける
見返る
しらせる
せんぼう
ひよく
照り輝く
そうかん
もどれる
ょちゅう
作りもの
しょうりょう
笑いこける
とうしろ
引け際
お絵書き
言挙げ
ぜんどう
追い抜ける
うす口
ひと皮
肖る
ゅりあ
ゆんべ
吃る
紛れこむ
かんばせ
掘りおこす
ぉさん
ゅで
啜り泣く
流し網
笑いころげる
むきあう
梅ぼし
きらず
よみて
なでつける
切り替る
抜き出せる
濯う
ざいご
しおれる
係り結び
耳触り
きりあげる
付出し
さいぎ
どら息子
付け加わる
撤する
ぐば
見合わす
迫り出し
しんきゅう
うわまわる
ふらち
生き仏
くみこむ
さしいれる
請する
堪え性
輪乗り
詰め襟
めいてい
ぎまん
ゃぁぁ
しっこう
ふさげる
いちび
着痩せ
てんこく
はりかえる
骨ばる
嫁取り
歴然たる
仕来り
ょうひ
けいべつ
たらしこむ
ねんしゅつ
ぐはぁ
混じりけ
つみかさねる
のたくる
ひきずりこむ
折り返せる
釣り込む
被れる
しっかん
ひしょう
はん用
ゃないと
吹っ切れる
さいばしる
踏込み
ぷちゃぷ
ぱくりと
だっか
此の度
きかん坊
ぐあいが
押し通せる
鍬入れ
さかまく
女ごころ
札止め
すりこ木
すわりこむ
ゅうどう
塞ぎ込む
はうら
遣り繰り
ゅいん
けまり
況して
停る
乗り出せる
当り障り
片っぱし
ぇよぉ
ぐと
たてかける
てのもの
すべり出し
はだかる
とびあがる
かたぶく
びすまいるとは
お萩
後れ毛
折り重ねる
かす汁
ゅるじゅる
にっさん
ょいふる
さびつく
雪ぐ
夏もの
さかのぼれる
働き蟻
ふみつける
打ち消せる
ぁぁぁぁぁぁぁぁぁぁ
つめきる
のし餅
うす焼き
くりまわす
でれすけ
下張り
磨き込む
腹掛け
菜っぱ
はしご乗り
にしめる
底引き
差戻し
言付け
ずんと
断ち切れる
鳥の子紙
ゃって
名折れ
教え諭す
貰い泣き
直播き
ょうじ
まいらす
ぐっさんの
はりあう
燃えつきる
うす皮
踏みならす
あんぎゃ
ぐわっ
ちゅうせん
二の矢
言い触らす
先乗り
ざいって
ゅうぶ
お鉢めぐり
うばら
じする
立て役者
忌引き
閲する
鼻摘み
ちっさな
みせびらかす
手解き
ぎい
ねぎる
つめ跡
ぃさんは
う回
押し出せる
ちょうふく
捜し当てる
じゃらす
ゅじ
一生けん命
さしかける
売り値
攀じ登る
ょほぉぉぉ
封かん
突き刺せる
ぇんじ
ぐらす
しりぞく
初参り
思い当る
もたせかける
突当る
賣る
かきこめる
ゆうもん
有難み
織りあげる
ぷるん
ぅあ
みつくろう
引っぱたく
ほうり出す
ゅるり
石うす
言祝ぐ
わきおこる
違い棚
さしづめ
目ざまし
寝入りばな
よみきる
並べかえ
据え付ける
さっぷ
唐がらし
星回り
すってんころり
蹴倒す
ねから
送り返せる
勝ちぬく
おもんばかる
むじゃき
ゃなく
しわす
みずら
おあいそ
しゃがめる
ぇろ
松やに
炒り豆
卑わい
散り敷く
ぎな
ぃく
うちぬく
せん孔
おぶさる
づちょう
じん性
ばら蒔く
ほう酸
蟠り
はげます
るげん
生け捕る
ぇぃ
色好み
さべつ
附する
旗持ち
笑い種
すりへる
引き物
待ちあわせる
えんざん
見下せる
かけ込む
ぐまぐから
ひきあう
毀す
切り落す
息吹く
ざむ
かけす
せぎる
きゅう舎
投げ込める
撥ねる
透き間
いいきる
なりあがる
ぁっっ
へんちくりん
染め粉
丸潰れ
おみおつけ
思ほす
菜ばし
思う壷
打ち返せる
押寄せる
吹きぬけ
食い上げ
ゃいごわらす
汲み取れる
墨書き
方向づける
絆される
手懸ける
月参り
慶ぶ
手回り
痩せ我慢
小屋組み
糸あやつり
一纏め
小止み
織込む
お代り
はくする
待ち合せる
ぼうふら
ゅらら
花立て
えっとう
むつむ
堕する
ざいので
涼し気
乾めん
ぎおんみやこ
青む
かねあう
さまつ
ゅらん
油通し
ぴかちゅう
みとおす
見晴らせる
柔らかみ
きくする
せきたてる
ぶんなぐる
はげ頭
ゅあん
はねず
夏負け
頬かむり
不意討ち
もらい手
ざいく
しゅちょう
手あて
飾りたてる
ゅた
勢いづける
一本やり
並みいる
加われる
掘り出せる
付け人
ゅんぺい
すかたん
村びと
ぼたん雪
語い
しゃっきん
顔合せ
拱く
ぷか
風呂吹き
ぃんさぐぬ
ぅて
ぐじゃぐじゃ
かつあげ
たかろ
ぐの
ひん曲げる
隠し立て
裾除け
ふんぎる
しいたげる
い集
ゅゆ
前後ろ
こごめる
むじゅ
引受ける
貸し主
魔法びん
若しも
ぬぐい去る
見とがめる
くいちがう
ぐく
ゃまかりん
蹴上げる
つゆ草
ずんどう
ぷちこ
寄り添える
紙きれ
しぼりとる
吸いつける
編み棒
科の木
ぞうがん
のぼせ上がる
おもいだせる
剃り落とす
切り回す
謝れる
づまりを
ほっしん
なつ印
流し込める
ぁぁい
きそん
しゅぎょう
びしま
矧ぐ
ひばく
吊し上げ
ぱない
ぁぁあああ
ろっ骨
ぃつ
ねじふせる
ぷりんちゃん
張付ける
火攻め
ゅうりょう
抛る
ぉおおおお
気抜け
ゅうとう
ぃぃっ
ぱんぱんに
ゅんさん
打明ける
餅搗き
ぷらざまで
溶けあう
きゅうきょ
ひびきわたる
やむにやまれず
持合い
えっけん
競べ
ゅこう
きりひらく
すべり込む
つみあげる
ほりだす
ぃたん
びとまれ
身欠きにしん
隠然たる
くりこす
絞り上げる
かりだす
ぴこぴこ
手ふき
麦踏み
草とり
ひきちぎる
わが輩
京おんな
引き合わす
びしょぬれ
やりこなす
寄付く
ぷらざは
便る
身動ぎ
みしみし
すげかえる
宝尽くし
でんせん
組み合い
はかす
みいつ
廃り
くみあげる
丸揚げ
抱き人形
でばる
菊の節句
見守れる
びぃぃぃぃぃぃぃっっっっ
建売り
心筋こうそく
さしさわる
落ちこぼれる
織り目
ゃつ
突きつめる
馬の脚
差し違える
粘りけ
人いきれ
噎せる
しろしめす
手配り
てん刻
づつで
ぴょんは
まねぶ
ぇりぃ
ぁたしゎ
草かんむり
組織立つ
きりきり舞い
ぎのわん
ぎょしゃ
持ち重り
いとめる
なける
いりびたる
ぐです
こしゃく
きのこ雲
あきず
おしきる
四つ辻
くろうと
ぴぃさん
いきか
ぷらっとこだま
祝ひ
肥し
足手纏い
ぉって
心当り
はむかう
余裕しゃくしゃく
かかわり合う
ぐんまちゃん
いよよ
まろうど
ぺぇ
じょうよう
ゃが
水の手
えんえき
たれこむ
つけ足す
ぴっくす
泣き伏す
ぷい
粒立つ
びゃ
げろう
あがりこむ
さびる
卒する
託け
づまりが
まんぽ
俯ける
おびきよせる
ぬがす
働きもの
組みつく
野ねずみ
値い
見蕩れる
慮り
びすけっと
出会す
誘い水
でんぐり返る
羽根突き
ゃないっつ
夕なぎ
うちきる
ぱんつの
引き離せる
切り合う
さらしもの
ひび割れる
しらじら
ゅわっと
乗越す
ご用聞き
約束ごと
酬いる
ろんじる
磨り潰す
繰り返せる
切返し
肥立ち
けん化
何くれ
手かせ
むあみだぶつ
給わる
笑いとばす
おおざと
めいび
いやおうなしに
へんせい
溜めこむ
出涸らし
人まね
醸し出せる
がく然
まごの手
だっぴ
もちだす
そこひ
むづかしい
もち屋
差っ引く
晩さん
ゃちょう
つきでる
このむ
ぅちも
まっ暗
無げ
ぎちっく
わずらわす
抄く
雇い人
たてこむ
ぴくせる
線描き
みおろす
後ろ前
護れる
ぃぎゅ
弓引く
書下し
ぇええええ
ぎらり
もりつける
季寄せ
ぎふけん
むで
ぎぬま
しばかり
ぱぶ
ぴね
こう門
じょうふ
窮し
ぴゃ
落とし込める
いっきょ
ぇわ
でなおす
ぐりこ
そそりたつ
事もなげ
とあみ
びふりゃ
ゅりと
力付ける
ぷるぷるの
見栄張り
陸釣り
ぉぉお
すずろ
あかんべ
にゅっと
うたいあげる
ぉね
ぁっと
あおあお
てんぷく
ぷるぷると
ぇぇえぇ
天翔る
書出す
むとする
ゅうかん
割出し
揉み手
聞取り
見ほれる
齧り付く
ひっぱく
穢す
西洋なし
ひょうじょう
昼下り
えんずる
食いしんぼう
おちぶれる
熱冷まし
合い挽き
こんずる
しゃ断
ゃっち
のりくむ
ょうやく
織りこむ
とりさる
開き直れる
ょうな
ざわっ
語呂合せ
待ち伏せる
ふり入れる
雌ねじ
ぎに
毛せん
水掻き
なんまいだ
ふきつける
こうらん
押しなべて
