思う
言う
行く
思い
良い
書く
入る
使う
見る
感じ
知る
持つ
考え
読む
下さる
聞く
無い
食べる
問い合わせ
同じ
買う
好き
多い
作る
その他
入れる
受ける
行う
高い
お願い
多く
少し
続く
出す
分かる
大きい
悪い
楽しい
帰る
取る
終わる
変わる
本当に
強い
お客様
新しい
向け
教え
初めて
飲む
早い
特に
大きな
一つ
続ける
見え
通り
言える
始め
全て
楽しみ
近く
少ない
気持ち
求める
その後
送る
子ども
生きる
考える
話す
お知らせ
長い
面白い
出来る
来る
流れ
出る
使い
選ぶ
置く
待つ
向かう
乗る
進む
語る
お気に入り
お前
付け
売る
残る
付き
美しい
死ぬ
歩く
合わせる
美味しい
全く
目指す
走る
作り
実は
開く
会う
必ず
変える
生まれ
見せる
見える
大好き
小さい
始まる
近い
行い
安い
名無し
出会い
覚える
住む
合う
小さな
上げ
見つける
起きる
立つ
有る
打つ
加える
上がる
答え
決め
決まる
用いる
付く
残す
新た
守る
深い
動き
落ち
お金
幸せ
調べ
負け
進める
明らか
遊び
広い
最も
楽しめる
祭り
思い出す
動く
願う
切る
お話
感じる
信じる
低い
働く
同時に
笑う
歌う
休み
周り
学ぶ
問合せ
勝つ
見つかる
起こる
食う
買い物
立て
例えば
消える
香り
知れる
軽い
伝え
止め
通る
遊ぶ
飛ぶ
役立つ
自ら
見れる
白い
流す
一戸建て
住まい
連れ
焼き
気づく
女の子
集め
試し
明るい
落とす
お待ち
申し上げる
寒い
古い
開ける
集まる
起こす
選び
借りる
聞こえる
お客
次に
当たる
正しい
歩き
使える
始まり
切れ
育てる
止まる
別に
失う
残り
後ろ
ご飯
楽しむ
図る
戦い
暑い
赤い
引く
使い方
熱い
生じる
建てる
引き
もう少し
弱い
関わる
子育て
短い
静か
考え方
好み
広がる
返す
立ち
回る
分ける
始める
決して
何とか
重い
伝わる
お茶
勝ち
定める
当たり
係る
二つ
出会う
登る
手続き
取り組み
足る
問う
取り組む
思い出
分の
泣く
行なう
落ち着く
投げる
終える
辺り
上手い
代わり
笑い
お世話
追う
気に入る
乗り
働き
手作り
挙げる
当たり前
切り
助け
初め
遠く
出かける
待ち
戦う
望む
売れ
目立つ
一気に
悲しい
走り
世の中
近づく
死ねる
細かい
改めて
夏休み
動かす
運ぶ
お母さん
黒い
気付く
赤ちゃん
思わず
幸い
役に立つ
もう一度
負う
別れ
美味い
愛しい
組み合わせ
生かす
調べる
定め
相変わらず
少なくとも
表す
下り
開き
早め
下がる
向こう
何で
結ぶ
見直し
上げる
暗い
晴れ
仕上げ
お送り
育つ
冷たい
教える
重ね
果たす
外す
去る
想い
出せる
上がり
同じく
青い
向き
放つ
お伝え
見つめる
受け取る
学び
味わう
食べ物
遠い
書ける
実に
単に
明け
受け入れ
乗せる
努める
有する
広げる
無くなる
下げ
辞める
本当は
植える
取り上げ
回り
仕組み
向い
伝える
焼く
組む
見かけ
折る
味わい
流れる
飛ばす
包む
入り口
泣き
受け付け
引き続き
付ける
見た目
着い
速い
細い
拾う
当て
着く
お出かけ
直し
整う
決める
お父さん
申す
参る
高め
意外と
登り
日帰り
休む
活かす
選べる
知り合い
正しく
思える
お昼
予め
積む
急ぐ
下る
極めて
満たす
空く
落ちる
守り
消し
共に
やる気
回し
取り付け
お答え
間に合う
付き合い
治る
やり方
温かい
記す
単なる
真ん中
聞ける
上る
男の子
付き合う
お子様
成る
通し
通じ
助かる
生き物
苦しい
お礼
光る
仲良く
見積もり
集まり
行ける
生き方
愛する
生み出す
古く
問い合せる
引き出す
見守る
色んな
加わる
お湯
外れ
試み
生える
愛す
お笑い
出来上がる
分かれ
達す
間取り
浴びる
上り
お祝い
生まれる
広がり
姉さん
っ子
作り方
この間
見通し
後で
取り入れ
笑える
持てる
手入れ
満ちる
高める
何より
見積り
答える
何だか
重なる
深める
この世
固い
その間
高まる
仕入れ
大いに
お手伝い
数える
曲がる
読み取る
三つ
あり方
立てる
祝い
返る
上回る
数多い
心から
止める
配る
争い
書き方
見上げる
果たして
要る
飛び出す
通う
お寺
立ち上がる
下ろす
反する
何らかの
太る
手伝い
言い方
思いつく
か月
注ぐ
取れる
兄ちゃん
半ば
買える
観る
兄さん
笑み
消す
流行る
あっという間に
例える
要するに
いつの間にか
問い
固め
取り出し
習う
見出し
必ずしも
未だに
追いかける
丸い
散る
写る
未だ
育ち
苦しむ
負ける
泳ぐ
建つ
心がけ
次第に
太い
思いっきり
何となく
打ち合わせ
有す
照らす
治す
何とも
組み
受け止める
空き
心地よい
浅い
仕立て
利く
要する
固まる
今や
気持ちよい
直す
読める
果て
好む
前向き
黄色い
鳴る
お好み焼き
真っ赤
仕上がり
目覚め
覚める
代わる
飲み物
成り立つ
冷え
手伝う
何と
名乗る
金持ち
相次ぐ
悲しみ
見よい
二度と
買い上げ
遊べる
苦しみ
話しかける
お話し
打ち上げる
唱える
売れる
運び
お子さん
関わり
お正月
作れる
差し
冷やす
田んぼ
直ぐ
話し合い
売り上げ
受け取り
友だち
指し
お手数
やって来る
勝てる
天ぷら
時に
説く
大した
わが国
引き上げ
気持ちいい
指す
鳴らす
学べる
通す
売り切れ
回す
結び
引き起こす
集める
切ない
動ける
群れ
打てる
望み
力強い
作り出す
着る
写し
通い
姉ちゃん
命じる
思ふ
選び方
お家
交わす
欠け
目当て
歩ける
手がける
歩む
面す
お気
味付け
泣ける
持ち主
下がり
交える
下げる
着ける
曲げる
発す
足す
直ちに
持ち帰り
万が一
話し合う
見かける
追いつく
産む
歩み
焼け
日焼け
転がる
作り上げる
下す
申し出
切れる
来れる
先ず
会える
真っ白
改め
組み立て
温める
たどり着く
鳴く
知らせ
敗れる
向き合う
色合い
通じる
望ましい
便り
等しい
明かす
育む
葉っぱ
何かと
生る
うつ病
苦い
落ち着き
気まま
見直す
急ぎ
読み方
持ち上げる
やり取り
問い合わせる
立ち読み
出入り
要は
親しい
位置づけ
役立てる
間もなく
生き残る
速やか
強める
時には
争う
習い事
分る
助ける
引っかかる
化す
積もる
売り場
中でも
受かる
向ける
好ましい
発する
富む
思い切る
冷める
受け入れる
日差し
取り消し
焼き鳥
味わえる
見送る
引き取る
ため息
題す
待ち合わせ
向う
仲良し
帯びる
想う
差し上げる
養う
包み
集い
ご苦労
無理やり
一人ひとり
気持ち良い
気まぐれ
大きめ
言い出す
早起き
教わる
取組む
置き場
物足りない
昔ながら
食らう
結びつく
祝う
知り合う
終る
引け
乗り物
区切る
試す
仕上がる
折り返し
近づける
お参り
立ち上がり
積み重ね
見下ろす
手持ち
直る
何やら
競う
夜明け
四つ
何気ない
何ら
着せる
お守り
高まり
動き出す
名付け
手のひら
働ける
帰り道
追って
重ねる
達する
たこ焼き
引きずる
花びら
多め
化け
日の出
当てはまる
仕分け
欠く
数少ない
入れ歯
使い勝手
先ほど
転ぶ
いち早い
和む
手書き
飲める
見送り
当てる
品切れ
要す
気合い
焼きそば
仕える
思いやり
お返し
手打ち
菜の花
追い出す
休める
変る
真に
大人しい
見合い
強まる
広まる
期す
細か
真っ直ぐ
当り
母さん
深まる
差し出す
成す
練り
引き受け
落書き
無くす
何だ
聞き取る
見受ける
乗り切る
広め
消せる
転じる
次ぐ
文字通り
案の定
空ける
出会える
問いかける
道のり
親しみ
明かり
生む
買い求める
読み返す
石けん
計る
向く
栄え
覚ます
持ち帰る
整える
行える
強み
表れ
昼休み
見当たる
知らせる
言うまでもない
重み
物語る
持ち出し
手づくり
次いで
乗り出す
下し
持ち歩く
走り回る
手当て
友の会
生まれ変わる
望める
真っ暗
田植え
立ち止まる
察し
下回る
練る
玉ねぎ
欠ける
読み取り
出回る
何もかも
返せる
今さら
語り合う
立ち向かう
見どころ
着付け
聞かす
取り出す
父さん
合える
極め
満つ
正に
弱る
鳴き声
付す
出向く
送り出す
車いす
食する
大さじ
生き生き
いた事
深み
主として
真っ
真っ黒
泳ぎ
取り外し
名づける
使い分け
大して
夕焼け
見分け
想い出
思い切り
生ずる
思いつき
鳴り
先立つ
集う
付け加える
産まれる
戦える
長生き
真っ先
やり直し
働きかけ
折りたたみ
天下り
香ばしい
話せる
お方
丸ごと
意味合い
日の丸
待ち時間
老い
大通り
太もも
分かれる
区切り
見極め
丸出し
取り消す
飛べる
灯り
重たい
夕べ
結びつける
まとめ買い
絵かき
引き下げ
一向に
待ち受ける
省く
思い入れ
品書き
乗り場
身の回り
帰す
見合う
通れる
見習う
打ち出し
早くから
お便り
見失う
人びと
ほうれん草
代え
安らぎ
感じ取る
投じる
買い取り
度合い
課す
お母様
旅立つ
置ける
日ごろ
引き分け
何しろ
当る
焼き肉
大げさ
主たる
走り出す
少なめ
利回り
病む
散らし
止む
飛び交う
終り
照れ
読み上げる
放す
宿る
助け合う
愛らしい
積み上げ
順に
乗れる
何時も
買取る
君たち
取り合う
山歩き
和える
行き先
生み
苦しめる
乗じる
位置付け
わが家
切り取る
近付く
鳴き
活きる
見習い
子連れ
手助け
好い
日当たり
組合せ
使いこなす
持ち物
手すり
差し入れ
あっという間
落ち着ける
通行止め
欠かす
起き上がる
手引き
対す
心強い
思い立つ
取り上げる
待ち遠しい
乗っ取る
残せる
温まる
旅立ち
別れる
小さめ
定か
色づく
乗り入れ
打合せ
切り口
知らす
飲み屋
見やすい
ただ今
日にち
言い聞かせる
読み物
取り付ける
細長い
見落とす
進め方
話し方
長持ち
打ち切り
決め手
仕切り
目覚まし
申し入れ
仕出し
仕切る
開き直る
きめ細かい
産み
横たわる
すき焼き
見回す
見知らぬ
改める
委ねる
好く
ひっくり返す
生き残り
見出す
大いなる
連なる
年明け
合せ
見なす
受取る
止る
大笑い
落ち葉
気が付く
五つ
言い分
健やか
分かつ
持ち合わせ
不味い
長引く
横切る
平ら
細やか
遠ざかる
立ち去る
名乗り
温もり
風合い
使い道
語りかける
戸建て
内祝い
計り
細め
低め
行き来
気さく
今にも
兆し
立ち入り
丸める
落とせる
見下す
長め
山登り
笑い声
申し立て
仕上げる
治まる
外せる
外れる
組み合わせる
係わる
神さま
春休み
通りすがり
書き下ろす
根強い
勝る
当の
折り紙
取付け
生きがい
願い事
転がす
走れる
目の当たり
世に
手がかり
軽やか
歩き回る
取り入れる
実る
追っかけ
取り直す
生かせる
課する
差す
切り開く
実り
親しむ
差し引く
仲間入り
付け根
あだ名
伝う
見立て
試みる
投げ出す
後ほど
着こなし
取消し
極める
塩焼き
取りあえず
何れ
歯ごたえ
連ね
引き上げる
人差し指
色とりどり
焼き上げる
八つ
お化け
入ろう
博す
直に
待たす
香る
生れ
取り残す
母ちゃん
目覚める
切り上げ
売り出し
勝ち取る
見せつける
万引き
覚せい
飛び立つ
大当たり
祭る
手ごろ
冬休み
見苦しい
見合わせ
大まか
買い取る
持ち運び
定まる
引き返し
見入る
いつの間に
泣かせる
申し付ける
名高い
台無し
男らしい
投げかける
住める
手放し
上乗せ
笑わせる
生まれ変わり
晴れる
取りまとめ
今ひとつ
明け方
表わす
お年
お子さま
清める
命ずる
色っぽい
立ち直る
切れ味
治める
化け物
書き出し
手ぬぐい
お札
持ち出す
お決まり
点く
足取り
先行き
持ち味
何せ
顔立ち
先取り
下りる
落し
先送り
果てしない
みじん切り
晴らす
散らす
四角い
あの世
根っこ
気付け
配し
七つ
何一つ
一休み
植え付け
動き回る
果たせる
挙がる
使い切る
苦笑い
長らく
思いこむ
空き地
晴れ間
投げつける
前もって
成り立ち
切り出し
かき氷
言い回し
研ぐ
写り
浴びせる
口当たり
負け犬
焼き物
求む
聞き入る
木の実
遊び心
分り
遊び場
極まりない
同い年
取り返し
和やか
お手本
飛びつく
交じる
出だし
気配り
選りすぐる
見返し
売上げ
梅雨入り
絵の具
出くわす
茶色い
親知らず
思い起こす
清い
飛び回る
芽生え
真っ最中
受付ける
固める
失せる
身動き
起る
作り直す
写す
生き返る
根ざす
お花畑
対する
合わす
気取る
帰れる
聞き流す
和らげる
見切り
見返り
群がる
お年玉
直せる
まつ毛
里帰り
追いやる
気まずい
食い物
重んじる
ぶら下がる
言い放つ
指さす
思い通り
うろ覚え
切り落とす
見晴らし
見栄え
言い伝え
働かせる
顔つき
改ざん
見せかけ
生ける
安っぽい
見覚え
はみ出す
教え子
味わい深い
手放す
散らばる
交わる
飛び散る
死す
後回し
向かい合う
泳げる
真っ青
係り
老ける
見開く
思い当たる
食える
小さじ
見いだす
生い立ち
風通し
間合い
心当たり
引き金
冷える
乗っかる
遠回り
助っ人
類する
木の葉
ひと言
平然と
お気づき
放る
見極める
考え直す
使いこなせる
箱入り
組める
打ち明ける
決めつける
折れる
思いやる
根付く
ごま油
見とれる
顔ぶれ
思い返す
極み
静けさ
打ち切る
生きもの
安らか
申し分
司る
行きつけ
清らか
小ぶり
歯止め
前売り
小高い
空しい
つき合う
祝い金
父ちゃん
雨上がり
雪だるま
受けとめる
食いつく
読み直す
立て続け
お産
前置き
人見知り
折りたたむ
全う
口ずさむ
引き立て
売り物
当てはめる
置き去り
線引き
長続き
行き着く
手っ取り早い
気取り
見せ場
不向き
放り出す
照り
丸見え
たった今
天の川
売れ行き
語らう
安売り
白っぽい
千切り
思い知らす
つま先
わが子
申しあげる
お作り
切に
送れる
集る
切り札
成り行き
消え去る
引き合い
種まき
お立ち
水遊び
見つけ出す
切らす
息苦しい
表向き
害する
羽ばたく
見開き
引き返す
泣かす
弱まる
立ち会う
追い求める
上書き
ついて行く
買い付け
読み書き
山積み
日に日に
打ち出す
立て直し
むき出し
子持ち
借り入れ
手取り
ひっくり返る
耳鳴り
書き上げる
飛び出る
心温まる
受け皿
ひな祭り
出し入れ
冷ます
歌える
まな板
相まって
広める
ぶら下げる
秋祭り
皮切り
言い合う
追い風
引き続く
お目にかかる
読み手
思いがけない
遠のく
見付け
引き受ける
取り調べる
空っぽ
肉まん
この上ない
正す
起し
足りる
注意深い
刷り
赤み
給う
使い物
行き交う
長ける
見積もる
短め
下らない
ぬるま湯
茶の間
上向き
命がけ
人間らしい
どん底
息づく
身代わり
下取り
買い方
買い手
出入り口
交ぜる
何だかんだ
左利き
連れ出す
切れ目
流れ星
お初
思い思い
丸み
引き立つ
手早い
立たす
弱める
書き手
害す
草の根
心待ち
後ろ向き
木の下
温かみ
出し合う
立会う
ご時世
持ちかける
生き残れる
書き直し
回せる
色あせる
決す
気にいる
競い合う
焼ける
お山
出直し
住まう
合わさる
見ごたえ
取り合い
早まる
昼下がり
束ね
和らぐ
気がかり
変わり目
通ずる
真っ向
引き出物
漁る
聞える
手放せる
取っ手
手直し
悲しむ
つ折り
人通り
見分ける
弱み
行く末
遊び方
受入れ
持ち上がる
買上げ
見計らう
信ずる
息切れ
追いつめる
下り坂
取り引き
取り立て
待ち望む
見にくい
空売り
そよ風
宮参り
食い止める
手の平
つかの間
物言い
感ずる
今どき
顔出し
聞き手
黒っぽい
立ちはだかる
立ち回り
末っ子
思しい
悪しい
交わり
大根おろし
太め
目新しい
守れる
秋晴れ
組み立てる
言い返す
束の間
曲る
初日の出
宿す
流れ出る
生まれつき
勝ち負け
肉じゃが
売り出す
発つ
画す
立ち入る
平たい
目の下
練り歩く
顔合わせ
変り
時間切れ
か国
時として
会す
下書き
買出し
然し
世にも
取り組める
語り口
取り付く
と同時に
見づらい
手間取る
重ね合う
商い
古び
仲直り
連れ去る
追いつける
見せ付ける
度重なる
心がける
見出せる
たどり着ける
数え切れる
ひと味
辞す
思い知る
竹の子
買いもの
ひき肉
買い出し
強がる
泣く泣く
来す
こぼれ話
働きかける
乗り切れる
青白い
関す
お次
泣き声
こみ上げる
草むら
馬鹿馬鹿しい
見あたる
走り去る
聞き返す
やり直す
持ち直す
念入り
差し歯
折り合い
愛せる
遠ざける
語れる
別売り
取り置く
見やる
引ける
聞き出す
お力
飛び乗る
見放す
地すべり
日当り
引き落とし
お目見え
黄ばむ
言い切る
空回り
信ぴょう
炭焼き
お開き
顔見知り
反り
波乗り
使い手
朝焼け
高らか
飛び入り
お日様
使い分ける
仕打ち
目玉焼き
六つ
愛し合う
住み着く
打ち消す
動じる
散りばめる
見向く
空き家
心ゆく
切り返し
安上がり
かみ合う
考え出す
酒飲み
取り決め
出合う
足止め
組立て
横ばい
ひと月
あっと言う間に
輪切り
残り少ない
水切り
ほど遠い
運べる
生やす
お仕置き
元通り
人ごみ
形作る
お茶屋
草取り
起こせる
結び付ける
黒ずみ
打ち合う
山の幸
出し切る
的外れ
かみ合わせ
面白み
思いがける
真っ当
通り道
代り
言い残す
灯す
すき間
茶の湯
言わす
散らかす
省ける
年老いる
お受け取り
切り分け
愛でる
治せる
ため池
競り
道しるべ
流れ出す
手ぶら
仕返し
仕組む
面持ち
女らしい
人だかり
むし歯
落ちつく
受け持つ
湯たんぽ
仕入れる
積み立て
自ずと
明ける
利上げ
取り返す
力む
落す
共働き
念じる
言わば
くり返し
香ばい
積める
心残り
思い付く
科す
川遊び
勇ましい
言いなり
高み
生す
月明かり
中る
安らぐ
追い上げ
向かい側
食べもの
登れる
雪かき
小分け
付け足す
底上げ
真新しい
暑苦しい
向き直る
小回り
笑い話
今一つ
焼き魚
一番乗り
持ち前
っ放し
乗っける
案じ
付け方
申し受ける
受け付ける
横向き
切り取り
名指し
売り手
取調べ
不意打ち
取りかかる
取り下げ
にじみ出る
決する
飲ます
口出し
落ちこぼれ
馬鹿げる
散らかる
切り身
聞き分け
何でもかんでも
打ち勝つ
引っ
組み入れる
風向き
思いきり
はみ出る
売り子
何もの
省みる
口説く
でっち上げ
後ろめたい
心細い
さらけ出す
急きょ
面する
結う
間仕切り
受け取れる
外回り
通せる
顔負け
多少なりとも
題する
見切る
空き巣
出来栄え
行き止まり
お孫さん
照れくさい
極まる
起す
送り火
追い付く
使い果たす
平らげる
ぶっ飛ばす
下調べ
泳がせる
下向き
売切れる
手つき
皮ふ
出し物
必ずや
折り曲げる
活ける
生まれながら
相成る
冷す
手ごたえ
刷る
大急ぎ
お早う
取りやめ
何ぞ
聞きつける
引き戸
建て直す
重苦しい
生け花
通える
申しわけ
拾い上げる
大き目
わが身
出合い
小売り
重なり合う
名ばかり
朝っぱら
山の神
二の丸
見聞き
もんじゃ焼き
転び
思わす
利食い
お上
まかり通る
冷やかす
入れ物
引っぱる
火入れ
引き付ける
立て直す
差し止め
来たす
けが人
様変わり
飛び上がる
見回り
指せる
先走る
横取り
冷ややか
ほうじ茶
語り手
絵はがき
行き場
ほろ苦い
受け身
引出し
かき集める
入り組む
色分け
牛耳る
下手くそ
野放し
見もの
仲良い
数の子
取り去る
お手上げ
すっ飛ぶ
根こそぎ
出歩く
見かねる
よもやま話
本立て
少い
人となり
休まる
待ちかねる
勇気づける
身の上
表れる
切り出す
夜な夜な
身だしなみ
日持ち
心苦しい
さり気
年取る
残れる
巣立つ
売り買い
ふき取る
かつお節
歯切れ
表せる
うま味
結び方
花き
死にかける
受け手
目利き
取り出せる
買付け
受け流す
湯けむり
口付け
付きまとう
見て取る
根っから
量る
暗に
口走る
反る
歌い手
夜遊び
静まり返る
細切り
立ち会い
青ざめる
三つ葉
向かい風
連ねる
お幸せ
一人っ子
最たる
受け売り
歯ぐき
かけ声
大金持ち
負かす
ひな人形
積み木
待ちわびる
間引き
お祭
手始め
波打つ
米ぬか
組み立る
知ったかぶり
かもし出す
事欠く
石ころ
取り外す
見ず知らず
焼き付け
活き活き
立ち見
大引け
水たまり
苦み
強いる
しょう油
曲がり角
下ごしらえ
試せる
売れっ子
二の次
書き残す
立ち返る
よじ登る
引き止める
読み取れる
手強い
紙おむつ
心持ち
思い出深い
道連れ
関する
出ろ
引っかける
行く手
水はけ
落つ
配す
くじ引き
積み重なる
利下げ
成り下がる
道行く
整然と
売りつける
もも肉
血まみれ
発がん
覚え書き
手立て
取り急ぎ
浅はか
お先に
受け答え
船乗り
育て上げる
太刀打ち
灯る
売れ残る
明るみ
紙切れ
泣き虫
問いただす
一回り
生みだす
乗り気
耳かき
打ち付ける
ごった返す
立ち上る
歌い上げる
化ける
売れ残り
勝ち残る
果す
馬鹿らしい
湯の花
飲み食い
感じとる
雨宿り
送り先
勇む
考え事
赤とんぼ
夜泣き
食わす
祝い事
かき消す
お宮
ふる里
ごみ箱
読み出し
和気あいあい
産める
心配り
足もと
上がれる
位置決め
落ちぶれる
天引き
然るべき
赤らめる
聞き覚え
力持ち
借入れ
引き立てる
小走り
明い
気高い
温い
運び出す
歯みがき
落ち度
取り合わせ
申し出る
引き下げる
満たせる
水浴び
買わす
身なり
引き下がる
香典返し
は種
持ちこたえる
足し算
かき回す
悪しからず
愛くるしい
雲行き
照る
火照る
作り話
人付き合い
ほど近い
思いきる
下回り
折り返す
照れる
残り物
人知れず
引上げ
当り前
気休め
冷や
当て字
駅前通り
ちゃぶ台
もぎ取る
おとぎ話
色付く
木の芽
一人ぼっち
食いしばる
言いがかり
けん引
ご用
取り次ぎ
思い直す
丸まる
極めつけ
高ぶる
手出し
言わずもがな
練り上げる
送り返す
血の気
晴れやか
気晴らし
湯のみ
安め
後ろ足
分け合う
名残り
そびえ立つ
三の丸
お出で
道すがら
山開き
結び目
持たす
立ち話
目まぐるしい
水しぶき
追い返す
おすそ分け
酒好き
行く先
巣立ち
飛び道具
話し相手
ほ場
い草
静まる
先回り
すり身
暗がり
守り神
昔ばなし
読み切り
打ち立てる
行き帰り
高鳴る
石積み
新入り
火消し
書き記す
作付け
焼き付く
位置づける
図れる
早わかり
だまし取る
真っ白い
打ちのめす
変わり者
行き方
役どころ
力いっぱい
立ち直り
熱っぽい
和え物
物入れ
思へる
お玉
山あい
草分け
大人びる
連なり
勝ち進む
とり方
焼きうどん
流れ落ちる
組み上げる
落っこちる
日めくり
調う
取りつける
代える
楽ちん
間借り
引受け
果ては
お通し
後ずさる
言い争う
大はしゃぎ
北の方
今に
秒読み
目出度い
のし紙
先読み
投げやり
動きだす
笑いかける
持ち家
書き出す
下ろせる
心して
横書き
物書き
へき地
上向く
歯がゆい
流れ着く
改まる
考えつく
察する
沖合い
勝ち星
夏みかん
起つ
遊び人
使い古す
立ちあがる
打上げる
どんでん返し
物差し
打ち上げ花火
黒ずむ
か弱い
帰りがけ
言いよう
出っ歯
つまみ食い
回れる
泣きつく
ただ中
速める
代る
文字どおり
照りつける
手ほどき
何時の間にか
気付かす
打ち水
目と
見て取れる
仕送り
茶化す
働き者
口説き
有り様
ひと目
乗り上げる
日向ぼっこ
物好き
物申す
切り立つ
平が
もみ合う
取り分け
近しい
こき使う
手の内
火の玉
書き直す
労う
知らん顔
飛び起きる
平泳ぎ
ぶった切る
お人好し
言いつける
打ち止め
体つき
関連づける
根回し
麦わら
立てこもる
首切り
区分け
にごり酒
転げ落ちる
お母ちゃん
結べる
皮肉る
折り目
入れ直す
作りだす
小出し
口づけ
香の物
生ぬるい
手付かず
水っぽい
飛び火
足がかり
問える
借り物
命取り
引下げ
客引き
しめ縄
歯ぎしり
話し声
真っすぐ
急かす
早める
果てる
お母さま
売り切れる
引きずり出す
差し置く
付する
三つ子
研く
通りかかる
行かす
見せびらかす
まん丸
書き写す
起きあがる
風変わり
日の目
何たる
大当り
持ち去る
虫食い
手ごわい
ならず者
成りすます
あて先
人さま
作りあげる
ろう者
耳打ち
あの手この手
思い出せる
そら豆
鼻くそ
ふ頭
願い出る
切り花
近付ける
真後ろ
物静か
究める
投げ入れ
草むしり
道ばた
物知り
親ばか
時の間
取り仕切る
こじ開ける
地べた
表書き
漁り
家作り
お先
指折り
思い上がる
泣きじゃくる
期する
よそ者
湯上り
すべり台
早送り
起き出す
耳たぶ
手だて
助け出す
受けとる
差し引き
見いだせる
事なき
女好き
頭打ち
言い様
ふ化
季節外れ
取り付き
丸焼き
夜通し
大回り
お立ち台
取りそろえる
消え失せる
引っかく
上げ下げ
名乗り出る
成り上がる
泣き顔
見付かる
前のめり
王さま
持ち時間
取りあげる
取りこぼす
分かれ道
働かす
服す
重り
読みで
心無い
立ち合う
開け放つ
引き算
流し台
取立て
見てくれ
暗む
決め方
追い打ち
借り手
申し合わせ
くせ毛
かき分ける
落ち目
打ち取る
物悲しい
野焼き
反らす
やり直せる
引き出せる
まん中
面食らう
つり橋
祝す
曲がりくねる
ひと休み
取り回す
言の葉
読みとる
面取り
取次ぐ
選び出す
回り道
連れ帰る
思い付き
合い言葉
お父ちゃん
引きつけ
ひ弱
話し出す
少な目
表する
湯飲み
栄える
ご苦労さん
古めかしい
送り主
言い表せる
乗り回す
立てかける
お出まし
落ち合う
上積み
底なし
引続き
車止め
赤黒い
積み重ねる
生きざま
果して
切りつける
入れ子
青のり
地合い
時たま
高じる
泣き言
ご苦労さま
お手玉
持ち運ぶ
笑い飛ばす
赤ら顔
体たらく
早変わり
火付け
細切れ
思いの外
役回り
最果て
食い入る
か細い
ご来光
ほくそ笑む
名だたる
見せしめ
満ち足りる
間にあう
焼き立て
引き合う
感極まる
一区切り
大がかり
見知る
中休み
生まれたて
切り下げ
先ごろ
作り物
打ち合い
植わる
病みつき
季節はずれ
住みつく
言い出せる
色直し
結び付く
まき散らす
お引き受け
言い当てる
どす黒い
手こずる
ぶり返す
分かれ目
大の字
心もとない
物思い
然るに
耳鼻いんこう
気味が悪い
真直ぐ
通りがかり
原っぱ
帳消し
号する
元気づける
たまり場
見返す
乗り入れる
仕向け
高笑い
言い表す
近ごろ
打ちつける
聞き耳
晴れ晴れ
売り飛ばす
負わす
転げる
起り
思いとどまる
お下がり
後書き
先だって
見い出す
物言う
見合わせる
笑む
見通す
宿り
話し言葉
花開く
大人げ
打つ手
流せる
名付け親
目覚しい
打ち返す
乗り合わせる
食べごろ
表立つ
地の利
出そろう
横たえる
食い下がる
本通り
病み上がり
直ぐに
反り返る
一心に
思わせぶり
手つかず
後の祭り
感じ取れる
食む
九つ
明り
束ねる
連れ合い
半そで
近付き
思い起こせる
後ろ手
お歌
相乗り
借り上げ
量り売り
着こなす
目くじら
写せる
入りこむ
関が原
口直し
飛び石
追っ手
白ける
切り売り
借り受ける
法る
不治の病
追い回す
三が日
静める
止す
世直し
取上げる
風当たり
引きつける
物まね
生み出せる
ねじ曲げる
関の山
気味悪い
打って出る
相手取る
つや消し
手遊び
悪あがき
口止め
身売り
ひと安心
野ばら
立て札
話合い
切っ先
引き入れる
根深い
がま口
回りくどい
気負う
受け持ち
入り交じる
は虫類
表通り
乗り合い
何ごと
投げ飛ばす
付き合える
切り上げる
立ち回る
折れ曲がる
飛びかかる
売りさばく
やり場
毛深い
芽生える
取外し
深入り
せき止める
付け合せ
味つけ
やり手
ひと息
本読み
見定め
事細か
取りだす
持ち回り
気だるい
春めく
二の足
鏡開き
利き手
雪の下
半開き
組み合わす
平に
小太り
立ちふさがる
大ぶり
家の子
色付け
積り
口うるさい
花しょうぶ
通り名
分ち
細る
さざ波
心置き
日取り
馬乗り
打ち直す
気負い
引きちぎる
図太い
見通せる
足かせ
拾える
明るむ
買い置き
組み方
形づくる
取りざた
見取り図
か年
深追い
競り合い
言いふらす
あぜ道
両さん
ぶつ切り
悪ふざけ
決定づける
晴れ着
画く
笑わす
用心深い
連れ立つ
思わしくない
つくり出す
真ん前
毛頭ない
気安い
仕立てる
手伝える
失す
急ぎ足
打ちっぱなし
青み
あざ笑う
感じ入る
水飲み
積み上げる
品ぞろえ
川流れ
ぶどう酒
うな重
折しも
かき立てる
手分け
青じそ
古くさい
初乗り
音読み
うめき声
品定め
小競り合い
完ぺき
横流し
笑い転げる
重ね重ね
先んじる
息づかい
負い目
またの名
たき火
みやげ物
力ずく
飛び地
遠まわし
気づかう
目覚ましい
きき酒
言い返せる
そそり立つ
落し物
かがり火
追い立てる
立ちすくむ
着こなせる
根づく
紙くず
仲間はずれ
話し手
付き物
取り止める
つけ加える
受け口
無理強い
頭でっかち
口利き
早とちり
円い
のし上がる
聞き書き
開けっ放し
たたき台
黒光り
木の間
下せる
活気づく
決る
五月晴れ
遠回し
役だつ
受けつける
書き取る
つり具
食らいつく
いで湯
交す
上と下
事足りる
仲よく
仕上り
思いだす
悪びれる
向こう岸
持ちこむ
別れ話
聞き取れる
花祭り
集り
折れ線
合し
やり口
けん玉
つかみ取り
丸っこい
申し子
日の入り
拾い読み
終わらす
読みきり
街なか
病み付き
立ちこめる
真っ黒い
小口切り
口ぶり
巣食う
目ざす
清清しい
持ち歩ける
選る
戦ふ
考え付く
取り分
後れ
案ずる
かけ算
だだっ広い
つ折
取り持つ
回し者
前書き
走らす
日照り
手回し
中通り
しゃしゃり出る
持ち運べる
出で立ち
でき上がる
買い入れ
食い初め
作りたて
細める
作り出せる
焼け野原
手間ひま
取り入る
庭付き
朝帰り
人助け
登りつめる
茶わん
切り返す
やり返す
泣き笑い
組み付ける
麦打ち
たたき出す
ご法度
お節
上の空
静まりかえる
習わし
白む
言い草
買いあさる
浅ましい
持ち場
願いごと
植え付ける
買いだめ
申し立てる
目やに
思いつめる
つくり上げる
物売り
顔なじみ
魚の目
売出し
鳴り出す
参じる
定まり
と金
笑いもの
読みふける
場当たり
語りあう
付き人
相打ち
人当たり
共食い
花だより
お新香
焼入れ
美しくも
よそ見
引き当て
老いる
お天道様
書きとめる
計らう
にわか雨
受け方
感づく
福の神
弱き
落とし物
くみ上げる
小気味よい
死する
祭り上げる
乗りこむ
湯通し
地上げ
行きつく
言葉づかい
足せる
休み休み
秋まつり
もらい泣き
群れる
取付ける
進み出る
変わり果てる
お家芸
生れる
竹とんぼ
取り交わす
当たり年
遊ばす
輪っか
約す
一つ覚え
じゃじゃ馬
夏ばて
待ちかまえる
店じまい
鳥かご
書き物
何とぞ
下積み
仕切り直し
服する
つり上げ
湯上がり
前かがみ
古ぼける
住みかえる
差し向ける
待てる
息の根
へし折る
種明かし
手合わせ
こき下ろす
買い漁る
打ちまくる
手広い
竹やぶ
切れ間
見回る
板の間
食いつぶす
当せん
書き初め
平手打ち
うるち米
血みどろ
がぶ飲み
気後れ
木こり
手合い
はじき出す
合いの手
手習い
打ち身
お神酒
言いだす
放れる
大みそか
取り外せる
分つ
変じる
野太い
しっぺ返し
小じわ
点る
点てる
立ちつくす
見直せる
折り重なる
子守り
引き回し
せん切り
手まり
笑い事
訓読み
お達し
焼け石
待ちくたびれる
横付け
目配り
いがみ合う
自ずから
有終の美
むち打つ
身じろぐ
今しがた
灯ろう
ひ孫
書きなぐる
かいま見る
練り直す
冷え冷え
伝え聞く
問い返す
虫けら
言い終わる
切れ長
とり入れる
位置付ける
口ごもる
取り返せる
もみ消し
お里
見知り
身の毛
量り
見まね
乗りこなす
内回り
つなぎ目
夕やけ
輪投げ
お引き立て
西向き
水あめ
不幸せ
まくし立てる
古る
大入り
波立つ
間引く
植付け
時おり
心変わり
例へば
お古
出直す
ご多分
米どころ
いぶし銀
楽に
上し
知らんぷり
頭ごなし
問いつめる
血走る
上っ面
仕立て屋
おろし金
油っこい
はけ口
消え入る
見つけだす
暑がり
見せかける
かっ飛ばす
折り合う
待ちぼうけ
かん水
病める
ふんぞり返る
弱弱しい
曲がりなりにも
出しゃばる
飛びこむ
陸続き
化けの皮
にらみ合う
目配せ
うっ血
競り勝つ
立ち行く
読み切る
中ごろ
水差し
くじ運
肉付き
折返し
照れ笑い
満ち欠け
立ち消え
練り物
付け合わせる
川べり
船着き場
思い残す
立ち木
鳴り物
人受け
好き好む
続けざま
松ぼっくり
浅黒い
残り香
書き散らす
数え年
白和え
石組み
手付き
花やしき
連れ子
風の子
根差す
流し入れる
お住い
木くず
調える
申しつける
立入る
差止め
食い意地
青っぽい
考えもの
一先ず
切りかえる
二つ返事
気落ち
目ざとい
申入れ
食らわす
書き入れ
終に
火の車
生温い
大ざっぱ
巣くう
交う
別ける
思わしい
目付き
乗り手
花便り
夜回り
ねばり強い
写し出す
競り合う
然しながら
流る
注げる
聞きかじる
やり合う
持ち合い
組み直す
事始め
もの悲しい
言い直す
街かど
高利回り
山分け
火遊び
出来合い
食い気
消し飛ぶ
高望み
化かす
負け戦
由る
花冷え
お礼参り
列する
取出し
向かえる
書下ろし
持ちきる
転ずる
思いっ切り
血祭り
野ざらし
真向かい
せり出し
水入らず
案じる
雪下ろし
強か
土のう
待受ける
引き落とす
気乗り
いきり立つ
追っかける
湯浴み
放せる
目通り
覚ませる
投げ売り
地続き
切通し
島流し
切り通し
身ごもる
男勝り
流し目
札入れ
光らせる
焼き飯
引っ付く
見せ物
見きわめる
乗りきる
落ちこむ
見おろす
手植え
変わり種
底入れ
取り続ける
白あん
ひと足早い
負けん気
考へる
相づち
利かす
仕る
心行く
産す
神がかり
分け前
心地好い
親しめる
食あたり
命からがら
お上手
お多福
付合い
書き言葉
両開き
晴れ上がる
切り分ける
拾い物
未練がましい
やっつけ仕事
火まつり
名付ける
産み落とす
手向け
変り種
乗り組む
点す
読みかける
中だるみ
聞き上手
長らえる
置いてきぼり
年がら年中
鳴り物入り
気もち
上がったり
次の間
底冷え
根付け
くつ下
色あい
すそ野
わきの下
利する
冷や冷や
積み残す
集まれる
結び付き
命拾い
お点前
目がける
写し取る
首根っこ
置き時計
湯冷め
ひしめき合う
地鳴り
引っさげる
買入れる
飛び上がり
着流し
放ったらかし
言いくるめる
かち合う
塩もみ
すり合わせ
四つんばい
申し入れる
先細り
見初める
走り書き
生きのびる
血なまぐさい
言い出しっぺ
飛び出せる
取りまとめる
候う
引き返せる
むかし話
成さん
住い
言いまくる
お松
かくし芸
毛羽立つ
願わくは
木組み
筆まめ
真白い
消えうせる
手もと
日だまり
乗り付ける
真っ昼間
打ちこむ
水切れ
唱う
茶目っ気
さん付け
借金取り
合す
谷あい
念ずる
旅だつ
名前負け
手づかみ
打ち合せる
末広がり
すくい上げる
焼き付ける
取り次ぐ
顔付き
雨よけ
見付ける
組み合う
首つり
富める
肉付け
物すごい
生みの親
追い落とす
通り雨
そぞろ歩き
聞きだす
真打ち
歌いまくる
玉こんにゃく
読取り
根負け
思す
日なた
開け放す
飲み代
お手の物
そば湯
くす玉
ひと回り
書き分ける
通し番号
働き手
勇み足
大もうけ
書初め
待ち人
風しん
もの申す
人でなし
失ふ
むしり取る
見くびる
つむじ風
命知らず
ひねり出す
働きがい
考え物
通いつめる
取り下げる
生き別れ
ひし形
米びつ
敗ける
手みやげ
はね返す
取下げる
配する
早生まれ
生める
読み出す
ほほ笑む
焼付け
手すき
老いぼれる
言いきる
争える
生きぬく
重み付け
人づて
てこ入れ
画する
取りやめる
こびり付く
目じり
組み合せる
空き室
借り切る
やせ細る
根から
引け目
連れ回す
何時の間に
ほの暗い
取っ組み合い
がら空き
利す
冷やせる
落ちつき
売り切り
打ち落とす
口もと
町外れ
お代
一こま
色めく
へそ曲がり
火の手
目明し
少しく
事足る
はまり役
語り合える
熱す
手折る
帰せる
青みがかる
口ぐせ
産み付ける
科する
つけ根
朝もや
売りまくる
追いこむ
持ち出せる
円建て
向き合える
松の内
立ちのぼる
知らぬ顔
付け所
塩ゆで
わき道
生まれつく
力負け
覚る
位する
転ける
代かき
目立て
心づかい
打ち出せる
話し合える
ふっ飛ぶ
軽はずみ
秋めく
夜なべ
七転び八起き
下働き
付け入る
ぶっ続け
申し送る
大安売り
読みあさる
紙すき
正せる
絵入り
人なつこい
山ろく
交わせる
目覚し
出会い頭
追い出せる
身投げ
ひとり歩き
兄たち
しかめっ面
死に体
勝れる
仕向ける
赤茶ける
注す
目くそ
手返し
商う
すすり泣く
出ずっぱり
受けいれる
万事休す
口答え
したり顔
生き血
理る
照り返す
売り主
投げ付ける
気ぜわしい
知合い
こぎ着ける
ひと足
ひと通り
山焼き
持ちかえる
よつ葉
菜っ葉
飛びだす
天下る
知りあい
行き着ける
むき身
たたき起こす
手いっぱい
聞き役
花ごよみ
飛びまわる
実入り
飛び飛び
小見出し
使いもの
い服
成れる
男泣き
ふれ合い
冷や水
天下分け目
思いたつ
早分かり
声変わり
具える
まゆ毛
見定める
重んずる
わり算
立ちあがり
夜鳴き
極楽とんぼ
注し
死なす
手はず
橋りょう
はぎ取る
目付け
差しかかる
投げ入れる
飲みもの
飛び付く
都落ち
取りつかれる
仲間外れ
読み下す
料る
動機付ける
島しょ
すきま風
人好き
切れ者
まっ白
別もの
助く
足どり
走り出る
選り好み
首ったけ
仕置き
送りだす
白みそ
切りそろえる
先付け
送り付ける
打ちっ放し
数え上げる
取消す
食いつなぐ
お高く
取りこむ
相変わる
夏向き
せせら笑う
積み荷
茶こし
ぶん投げる
うちの人
金もうけ
なり手
先がける
ただ者
さし絵
和める
浴びせかける
取りつく
羽ばたける
入れかえる
青黒い
聞き苦しい
送りこむ
語りつぐ
野遊び
上ずる
くの一
方向づけ
水がめ
分け目
かけ橋
七光り
力づける
人さし指
板ばさみ
世話焼き
わき起こる
仲よし
まき絵
見なれる
ぜい肉
聞き分ける
泣きわめく
香しい
学び取る
わき水
言いだしっぺ
合せる
うるう年
包める
道行き
弱っちい
目のあたり
追いすがる
引き取り手
散り散り
毛むくじゃら
水け
赤みがかる
めん類
ぜん息
焼きつける
手負い
なで下ろす
まい進
一皮むける
真ん丸
和する
便せん
組入れる
観音開き
雪どけ
虫の息
入れ代わる
引きだす
火あぶり
出あう
成り代わる
お流れ
はしご車
花かご
切りかかる
作り笑い
かき出す
大っぴら
積み立てる
かき鳴らす
大売出し
かぶと虫
点取り
死に場所
手さばき
弓なり
おびき出す
岩のり
右向き
求まる
こぼれ落ちる
記せる
もみ消す
極まり
来し方
またたく間
読み流す
借上げ
当て馬
書き付ける
でき上がり
鳴ける
焼きいも
色刷り
結わえる
なき声
いんげん豆
氷る
物覚え
横好き
悪乗り
計れる
切れ切れ
のたうち回る
売りつくす
風切り
成れの果て
湯引く
立ち上り
仲立ち
読みとり
足つき
進ちょく
乗入れる
節回し
読みこなす
海鳴り
ろ紙
養える
くみ取り
取りかえる
取り落とす
水かさ
追い上げる
印す
育てあげる
目鼻立ち
借る
間近い
面食い
積立て
置きかえる
福引き
的はずれ
寺参り
風待ち
建て前
山かけ
具に
練り合わせる
がた落ち
天つゆ
書き表す
何のその
うすら寒い
世話好き
前立て
買い受ける
泳ぎ方
日の本
こけら落とし
読み通す
雪あかり
月の輪
四つ角
湯せん
ひた走り
思うつぼ
犬ぞり
切り目
中落ち
飲み明かす
続き物
とり上げる
ばら肉
見立てる
差し出せる
止めど
親せき
病が
後ろ指
元売り
かけ合う
重量挙げ
受けとり
足かけ
花ことば
風前の灯
差し出がましい
置き引き
きれい事
早打ち
つぼ焼き
切りとる
売り言葉
置き物
日本晴れ
顔向け
気立て
使いみち
書きつける
心する
研さん
お歯黒
ちり紙
金切り声
孫の手
学びや
心ならずも
なたね油
安らう
他山の石
ささ身
ごま塩
花いちもんめ
水ぼうそう
大写し
ばら色
いま一つ
熱る
こぼれ種
持ち分
願い下げ
ただし書き
関連付ける
一足飛び
行きずり
差引く
競る
口開け
身ぶり
開き戸
七つの海
気むずかしい
組み付く
口ひげ
高飛び
失する
陽ざし
指し手
立て直せる
具合い
雨あられ
当たりまえ
すし飯
はじき返す
一ぱい
朝立ち
焼きもの
花入れ
やり切れない
差し金
姉たち
雨だれ
積み出す
借り出す
急がす
夕ごはん
つるし上げ
落とし前
かば焼き
追える
七つ道具
もらい物
出初め
勝ち気
山の手線
地ならし
人聞き
左向き
歯向かう
血の池
食い合う
上目使い
冷やか
問いあわせる
月あかり
見当る
土いじり
希う
耳より
年の功
もめ事
たわ言
飲み下す
つり合う
集える
祝える
見下げる
山びこ
ひいき目
いろは歌
飯ごう
冬ごもり
向かいあう
書き立てる
投ずる
すすり泣き
上れる
見せどころ
小ぢんまり
意味あい
結い上げる
雪うさぎ
小さ目
引きずり回す
天びん
買いこむ
書き送る
まっ黒
言い立てる
遊び回る
立上り
せん定
男好き
見すえる
太っちょ
小うるさい
見つけ出せる
取入れ
歌わす
さく井
くみ取る
はき出す
かかわり合い
むせ返る
庭作り
じん帯
一時しのぎ
どら焼
産みつける
山すそ
返す返す
読みもの
くぎ付け
手ざわり
目まい
ひん曲がる
出切る
昔語り
金づる
初っぱな
船積み
何時しか
手ひどい
列ぶ
強ばる
泣き所
塩っぱい
底無し
起が
雨ざらし
空かす
巣ごもる
あいさつ回り
つまみ出す
ただ事
石こう
取りはずす
雨ふり
焼け死ぬ
上げ下ろし
取り立てる
差せる
お側
建て売り
さくら草
買い言葉
言葉少な
積み下ろし
引きあげる
まがい物
有り金
落ちつける
羊かん
首すじ
お仕着せ
左きき
給する
取決める
徒に
そば切り
橋げた
石づき
使いで
死に神
乗りつける
冷や飯
金ぴか
見合せる
借り方
読み返せる
いの一番
人少な
置き手紙
朝起き
持出す
あきれ果てる
乗りこなせる
語り明かす
用足し
女たらし
切り付ける
取りまく
書きためる
とろ火
口説き落とす
少なくも
いけ好かない
ほほ笑み
野次る
七草がゆ
浅まい
差し入れる
打合わせ
赤らむ
気どる
そぎ切り
ひっくり返せる
見のがす
色いろ
取っ付き
行き付け
はち切れる
挙る
聞き入れる
ほう助
折り紙付き
遊び歩く
打ち放す
手ぬるい
川開き
かん養
売り上げる
行ずる
組みなおす
血合い
山出し
止り
読み合わせる
書する
晴らせる
根無し草
富くじ
取りとめる
取り消せる
鼻持ち
おぼろ月夜
買受ける
よそ行き
中入り
高みの見物
さい帯
売りきれる
くせ者
とび出る
思いあたる
出直せる
力試し
かんきつ類
横やり
花かんざし
温む
見取り
行く年
生まれ変われる
中の間
子だくさん
書きあげる
飛び切り
ご両人
読みかえる
焼き場
むし暑い
立ちどまる
名のり
内輪もめ
身一つ
貝がら
口やかましい
色つや
親代わり
かん高い
覚す
話しぶり
がん具
身ぐるみ
めぐり合わせ
さいの目
見なせる
ゆずり葉
速まる
本に
何気無い
黒こげ
書き下す
言い聞かす
差入れ
たたき上げる
仕上る
上げ相場
待ち合わせる
焼きもち
前ぶれ
出たとこ勝負
目の子
あて名
加さん
かじ取り
やり玉
切下げ
落着き
研げる
取っつき
引き回す
買いかぶる
宮仕え
急く
差出す
指切り
岡っ引き
死に目
すり足
目ざめ
引っくり返す
付きっきり
丸だし
ひとっ飛び
消し止める
世界じゅう
くい止める
立ち代る
ぐい飲み
上げ底
取り計らい
引きずりこむ
食べかす
ぼう然
持ち帰れる
し笑
起てる
手さげ
心付け
くり出す
聞きづらい
残りもの
行く行く
さらし者
水かき
荷さばき
辞する
火の元
説き明かす
買い付ける
立ち聞き
かな漢字
覚り
労しい
仕事がら
通わす
立ち直れる
こむら返り
田作り
浴する
から口
うわの空
むせび泣く
残り火
生焼け
切り出せる
つり上がる
手落ち
思いのたけ
草もち
選り分ける
乗りだす
くり広げる
助け船
心もち
対がん
真っ平
読上げる
あめ色
物の数
習える
焼き印
物入り
青田買い
物分り
おつかれ様
回らん
星くず
大立ち回り
後かたづけ
大わらわ
打切り
出来ばえ
取りたて
通せんぼ
心づく
入り用
相まつ
目通し
気くばり
空っ風
力つきる
死に顔
思いなおす
こう着
金づち
数え歌
乗りかえ
丸つぶれ
口げんか
湯冷まし
はした金
内また
前借り
葉たばこ
向う側
飛び下りる
組付ける
売り付ける
もちの木
角い
仕合せ
たい積
べに花
行きがけ
い死
果てし
聞き出せる
道具立て
生き字引
つま先立つ
あぶり出し
焼け付く
遠乗り
切りつめる
なまけ者
目差す
書き下し文
心安い
持ち合わせる
身代り
荷動き
観ずる
決り
草深い
うわ言
立ち向かえる
うじ虫
決め球
書出し
祝い酒
こう配
晴れわたる
鳴かせる
栃の木
種もみ
当て身
笑い返す
人指し指
位取り
負える
書き置き
話しことば
何やかや
孫引き
今わ
付合う
ひまし油
口取り
乗りこえる
産みの親
借り主
差しのべる
はじき飛ばす
人使い
横っ飛び
内の人
ひこうき雲
ひとりっ子
願える
はえ縄
感じとれる
出がらし
でっち上げる
やけ酒
引き下ろす
本決まり
付きもの
調子づく
木いちご
交ざる
色変わり
里いも
景気づけ
気がね
お付
問い直し
死に別れる
消し炭
好もしい
考えごと
暗やみ
待合せ
名うて
目ざましい
つや出し
見積る
借り出し
年度始め
不ぞろい
食いもの
鼻つまみ
思う様
火の気
飲みほす
お手つき
魚つり
血の道
送り出せる
打ちきる
通ぶる
男っぷり
夕ぐれ
差し止める
月極め
あきれ返る
ふり向く
引く手あまた
思いおこす
円やか
飲みで
焼きとり
月のもの
おみ足
七曲り
つなぎ止める
利ざや
会わす
立合い
道づれ
買い主
ひと声
申し入れ書
重る
ほうき星
目打ち
火ぶた
手っとり早い
わき目
目だつ
かり出す
取り分ける
通りゃんせ
つなぎ服
急ごしらえ
議す
心がまえ
食わせる
事切れる
当てずっぽう
打放す
取りあう
打ち勝てる
お冷
用立てる
ねずみ色
言いよどむ
転がせる
説ける
いたずら書き
はしご酒
売り出せる
口説ける
借り入れる
追いまわす
使いこむ
ひょろ長い
円すい
話しこむ
取って置き
お下げ
力こぶ
黒焼き
委しい
引き分ける
さらし首
なれ合い
だみ声
飲みこむ
ちんどん屋
安が
手付け
たたき売り
玉子とじ
らい病
約する
走り出せる
でんでん虫
書きかた
食いっぱぐれ
心づもり
ねじ切り
相いれる
切り開ける
大人ぶる
ぺんぺん草
はね返る
も本
波うつ
出歩ける
夜ふかし
別れ道
見まがう
人まかせ
学びとる
うの花
差上げる
飛び立てる
当てつける
たて続け
黄み
照り付ける
まっ先に
乗ずる
仲たがい
茶飲み
宿無し
木取り
引出す
ごちそう様
改む
風の神
面差し
落とし主
持て成す
鳥の子
目の玉
先だつ
歯ならび
仕出かす
色どり
立上がる
光り物
水あか
分かち書き
側が
貝焼き
労り
漁り火
着の身着のまま
やり投げ
出し手
書き出せる
形見分け
虫送り
切上げ
積上げる
待ち合い
町はずれ
はやし立てる
明くる日
笑い飛ばせる
転ばす
投てき
口さがない
旅立てる
ひと山
時どき
売付ける
長そで
力まかせ
打ちどころ
産気づく
軽軽しい
塩引き
飛び魚
切り結ぶ
お気にいり
とまり木
使い走り
事も無げ
芽出し
言い付ける
引返し
配れる
生生しい
組みこむ
待合い
買い上げる
馬鹿笑い
引きしめる
生き写し
研ぎ出し
土ぼこり
紙ふぶき
か黒い
受入れる
問合せる
お守
真ちゅう
二重取り
曲がれる
書置き
戦く
牛ふん
子別れ
知り合える
どの方
てん菜
早帰り
まわり道
具する
言いぐさ
食いで
長たらしい
ひとり立ち
来なさる
弱り目
手のもの
取って返す
出合える
言いあう
道すじ
人さらい
着古し
大売り出し
小ざかしい
長びく
泣き付く
無いものねだり
語りべ
夕立ち
見取る
何はなくとも
手の者
あお向け
出来す
のど元
根の国
物見高い
果せる
からっ風
問わず語り
あ然
死がい
木かげ
見晴らす
清ら
手切れ金
木ねじ
ふれ合う
待ちこがれる
取りくむ
ひそひそ話
黒み
焼き切る
新しもの
入り切る
願かけ
思い止まる
しこ名
もろ手
のけ者
あばら家
ろくろ首
文無し
口当り
通し柱
付け上がる
仕合わせ
つまみ上げる
心弱い
手当たり
おちょぼ口
油絵の具
作りかえる
お茶の子
三つどもえ
持する
星祭り
老い先
拾いもの
身もだえ
前祝い
側仕え
走り回れる
鳥追い
歩みよる
る説
横ずれ
松かさ
真っ直中
今し方
反す
つづら折り
読み札
空ろ
流れ図
物取り
顔かたち
真黒い
なす事
はげ山
生き馬
引き当てる
聞きにくい
身のほど
みつ豆
ふるい落とす
鳴りだす
竹やり
時代もの
後向き
と列
たたき落とす
手ずから
出来ごと
覚束無い
照焼き
無い物ねだり
黄いろい
好きずき
着ぶくれ
言いそびれる
金回り
見回せる
当り散らす
ひとさし指
取り口
乗り通す
身持ち
朝な夕な
玉取り
出どころ
買いつける
勝ち進める
物別れ
聞きほれる
お菜
物笑い
焼け出す
成立つ
気強い
軽んずる
うら悲しい
皿回し
手ぐすね
委せる
ぜい弱
つばぜり合い
横合い
わき出る
内もも
手さぐり
いわし雲
たて糸
牛追い
行きがかり
落としぶた
でんぐり返し
開けっぱなし
矢じり
水たき
つり上げる
組上げる
平たん
いら立ち
気軽い
七さん
戦ぐ
火打ち
ふるい分ける
打ち所
べき乗
追いまくる
立ち上がれる
かん子
耳新しい
間の子
食い道楽
うす切り
すみれ色
動ずる
平らか
立ち会える
勝ち戦
生あたたかい
虫下し
子の日
勉める
買いたたく
立ち止る
助け合える
下り立つ
灯台もと暗し
立ち働く
わき見
選り取り
耳ざとい
手だし
待遠しい
もみ上げ
箱書き
有り体
書き入れる
聞き流せる
のけ反る
生白い
あん分
鼻白む
人気もの
書きたてる
くず鉄
いたし方
死にものぐるい
茶入れ
放りだす
お上りさん
足とり
より目
水きり
お七夜
身ごろ
家族づれ
書き直せる
分けつ
大事無い
しゃくり上げる
だ円
手軽い
由無い
投げこむ
組みかえる
手前みそ
夜ふけ
南回り
光らす
茶飲み話
見切れる
かき消える
読取る
わき毛
成行き
下っぱ
取り計らう
別刷り
受持つ
面立ち
宿り木
耳ざわり
引きおこす
もの静か
極め付ける
年取り
買い切る
青じろい
うれし泣き
小手調べ
物の本
生きいき
作り付け
さし木
温み
面はゆい
流行らす
大きに
転べる
湯あがり
名前変え
黒作り
生き神
人なれる
みかげ石
夜もすがら
芽ばえ
もつれ合う
ひ弱い
はね上がる
うそ寒い
物わかり
絵合わせ
聞き付ける
音頭取り
立て板に水
度しがたい
言いまくり
わが校
うす茶
朝ぼらけ
組みたてる
申し伝える
打出し
一本立ち
下読み
百度参り
散じる
ずり落ちる
刷り上がる
用向き
取付き
出合い頭
もり立てる
食い足りる
水びたし
予て
長ずる
先出し
当たり散らす
冷えこむ
荷受け
買い入れる
丸のみ
生きながらえる
予てから
やむ無い
差しだす
引立て
茶せん
焼き打ち
ささやき声
泣きはらす
熱苦しい
写し絵
小暗い
荷作り
三すくみ
取ってつけたよう
思いめぐらす
息む
飲んべえ
安んずる
追いはぎ
玉乗り
火打ち石
試し切り
心づよい
馬の足
切り下げる
聞す
はだか麦
体する
ぴか一
切出し
初める
ひとつ覚え
ひな鳥
立ち後れる
横っ面
水あげ
組立てる
飛出す
飲み手
見送れる
形無し
投げ出せる
上がり口
手取り早い
あん馬
用だつ
わら半紙
生きかえる
福福しい
いわく付き
以ての外
極め付き
草いきれ
さくら貝
投げだす
仕分ける
付きっ切り
水もの
然して
息ぐるしい
地固め
あみ出す
耳遠い
あずま屋
店開き
虫めがね
三つ指
急き立てる
落ちのびる
こま犬
なまり節
船遊び
赤める
鼻っ柱
木ぐらい
毛じらみ
負かせる
お勝手
受け合う
変ずる
願わしい
図図しい
山ごもり
取っておき
主立つ
取りなす
引っつかむ
具わる
初初しい
がまん強い
切りぬく
冷っこい
とちの木
根づよい
なまっ白い
えり好み
差しあげる
続き間
鏡もち
る言
語り物
別れ別れ
悪がしこい
験し
手ぶくろ
夜明かし
お足
はね上げる
よこ糸
かすめ取る
あばら屋
花びん
生なましい
波の花
口伝え
面もち
進み出す
作り立て
生まれ月
付けどころ
小ぐらい
取り決める
差し当たり
残り多い
手あみ
開けっぴろげ
次つぎ
試そう
せり出す
はせ参じる
思い起す
後暗い
なすり付ける
ばら積み
転か
老いらく
鼻かぜ
暗きょ
残多い
せん無い
向い風
飛びたつ
順送り
読みこなせる
もの言い
受止める
馬返し
小ぎれい
持上げる
名だかい
生っ白い
切れ上がる
北回り
想える
丸焼け
女もの
手がたい
間遠い
ふくれっ面
山ふところ
酒びたり
日向ぼこ
書き入れ時
浅ぐろい
借受ける
時めく
根回り
表ざた
引つる
倍する
首っ引き
好いたらしい
番える
弱よわしい
目ばやい
開きなおる
手間どる
口べた
売行き
事新しい
物ぐるおしい
引き起す
口がたい
出し切れる
しみ入る
女女しい
差出がましい
度がたい
息せき切る
耳どおい
散歩みち
細細しい
花やか
別して
果し合い
気はずかしい
神神しい
とって返す
付け出し
おぼろ月
冷や麦
出来上り
然ること
結える
外まわり
気近い
使われだす
意味付ける
小ぜわしい
放りっぱなし
重おもしい
物物しい
朝めし
温もる
受け流せる
書送る
かかあ天下
合い方
引きたてる
重重しい
売りこむ
生っちろい
計り売り
聞苦しい
小やかましい
つつが無い
聞ぐるしい
赤じそ
曲り角
よんどころ無い
手あつい
種取り
手っとりばやい
かい人
苦にがしい
百日ぜき
花はずかしい
犬死に
笑いごと
女めしい
目の当り
ぽっと出
梅雨晴れ
あえ物
手ばしこい
見ぐるしい
しつけ糸
空空しい
類さん
人がましい
人なつかしい
火の番
持ち切り
手びろい
物がなしい
小書き
手重い
列ねる
育くむ
おんなの子
由由しい
昔なじみ
見目好い
ばく進
便無い
清すがしい
いけ図図しい
口ぎたない
付せん
物すさまじい
のら犬
ひざ元
気づかわしい
笑い物
引合い
死にぞこない
たれ流し
つかみ合う
生れつき
まわり遠い
晴がましい
手速い
生じろい
毛ぶかい
縄のれん
有り合わせ
競り市
労労い
こん包
茶がら
さび付く
長もち
男男しい
生新しい
博する
気色ばむ
草ぶかい
がん作
空ぞらしい
回り遠い
言い古す
物がたい
ほろほろ鳥
軽がろしい
点じる
すがり付く
初もの
成りたつ
泣き泣き
分別らしい
細かしい
要心深い
物ものしい
取出す
白白しい
清けい
小だかい
角角しい
花花しい
気がつく
苦しまぎれ
見好い
小ぎたない
貝の口
手ばやい
神ごうしい
愛づらい
美美しい
指ぬき
気づよい
代われる
気だかい
日なたぼっこ
木ぶかい
薬きょう
勝ち名乗り
木深い
苦苦しい
組合せる
入れあげる
無くする
茶どころ
空はずかしい
わき役
事ごとしい
転がりこむ
回遠い
手がるい
時雨れる
出向ける
だだっ子
失くなる
弓取り
積重ねる
画びょう
焼き塩
入り日
目ばゆい
物ぐるわしい
打ちだす
角かどしい
何心無い
曲曲しい
好き好きい
真っ正直
ずり上がる
聞にくい
君付け
本意無い
もっての外
手向ける
聞づらい
はた目
上がり目
好きずきい
やぶ医者
根ぶかい
何のかんの
飛びこみ
連れる
立直す
入りびたる
四つ身
事事しい
初ういしい
あえ無い
遠白い
覚えず
上せる
横っちょ
うり二つ
つぎ足す
言いなす
目つぶし
身びいき
美びしい
小はずかしい
白め
界わい
見返せる
くみ出す
起きぬけ
やじ馬
乗りかえる
花ふぶき
切取り
書入れ
わい曲
売り声
手開き
打ちあげる
観する
読出し
送りがな
打消す
てん末
通し矢
一つ身
雪明り
玉ぐし
すい星
一人ぽっち
切り子
調子付く
焼け太り
育める
田遊び
雪おろし
明り取り
所帯持ち
重ね合わす
黒める
ぜん動
買い上がる
歩き回れる
買い気
決めこむ
見落す
取り切れる
注する
住まわす
昼めし
芽ぶく
おしろい花
体当り
起き上がれる
手あか
思うさま
手わざ
ひと役
標す
親思い
さい先
火持ち
年回り
先んずる
地鳴き
はね返り
紙入れ
習わす
乗りまわす
待ち客
悪たれ
駅売り
打上げ花火
びた一文
金つば
着付ける
立て付け
あだ花
追いたてる
うぐいす色
やり返せる
果たし合い
ぶち当てる
火の見やぐら
目する
低める
参ろう
流ちょう
上向ける
見返る
作りもの
笑いこける
お絵書き
言挙げ
うす口
ひと皮
笑いころげる
梅ぼし
係り結び
付出し
どら息子
付け加わる
見合わす
輪乗り
仕来り
折り返せる
はん用
女ごころ
札止め
すりこ木
乗り出せる
すべり出し
後れ毛
折り重ねる
雪ぐ
夏もの
打ち消せる
うす焼き
菜っぱ
はしご乗り
底引き
言付け
鳥の子紙
名折れ
うす皮
二の矢
先乗り
立て役者
う回
一生けん命
初参り
思い当る
引っぱたく
ほうり出す
石うす
言祝ぐ
目ざまし
星回り
送り返せる
勝ちぬく
松やに
色好み
旗持ち
笑い種
引き物
待ちあわせる
見下せる
切り落す
思ほす
菜ばし
打ち返せる
食い上げ
方向づける
月参り
手回り
小屋組み
糸あやつり
小止み
お代り
待ち合せる
花立て
青む
油通し
見晴らせる
はげ頭
夏負け
もらい手
手あて
一本やり
加われる
付け人
村びと
ぼたん雪
語い
顔合せ
ひん曲げる
い集
前後ろ
引受ける
ぬぐい去る
見とがめる
つゆ草
紙きれ
科の木
のぼせ上がる
切り回す
なつ印
打明ける
持合い
競べ
身欠きにしん
手ふき
草とり
京おんな
引き合わす
便る
身動ぎ
組み合い
見守れる
建売り
落ちこぼれる
人いきれ
手配り
草かんむり
持ち重り
きのこ雲
祝ひ
心当り
かかわり合う
水の手
つけ足す
卒する
働きもの
組みつく
野ねずみ
出会す
でんぐり返る
夕なぎ
切り合う
ご用聞き
約束ごと
切返し
けん化
何くれ
手かせ
給わる
笑いとばす
人まね
がく然
まごの手
もち屋
差っ引く
まっ暗
無げ
後ろ前
弓引く
書下し
こう門
事もなげ
力付ける
書出す
聞取り
見ほれる
西洋なし
昼下り
食いしんぼう
熱冷まし
開き直れる
ふり入れる
毛せん
