場合
情報
必要
利用
表示
自分
記事
商品
使用
登録
最近
今日
写真
参加
出来
問題
日本
以下
地図
時間
入力
関連
対応
画像
内容
質問
意見
最新
意味
無料
期待
参考
仕事
希望
中心
設定
現在
物件
追加
理解
説明
可能
注文
条件
規定
指定
言葉
住所
大切
用意
目的
人気
発表
気軽
作成
周辺
予約
名前
今回
電話
興味
関係
発生
先頭
注目
今年
評価
世界
全国
生活
広告
安心
病院
相談
公開
話題
会員
友達
判断
報告
責任
注意
部屋
回答
予定
機能
実際
実現
下記
対象
当社
大変
求人
状態
発見
設置
本文
非常
結果
仕方
送信
心配
案内
重要
過去
運営
転職
東京
作品
編集
協力
勉強
何度
健康
開発
経験
移動
最後
動画
大事
原因
感想
開始
保証
適用
文字
場所
活動
会社
決定
無理
登場
感謝
旅行
有効
今後
以上
中古
禁止
価格
様子
上記
取得
理由
昨日
採用
最初
残念
発売
方法
便利
機会
発送
成功
送料
表現
提出
土地
女性
予想
元気
返品
料理
日記
変化
想像
学校
新着
活用
帰属
当然
在庫
提案
時代
新築
効果
明日
天気
解決
同意
豊富
自然
部分
構成
体験
確保
投票
保護
相手
準備
参照
大人
観光
自由
完成
個人
向上
修正
特集
失敗
読者
事前
導入
位置
放送
記入
楽天
人間
調査
家族
歴史
管理
返信
感動
形成
本当
満足
食事
整備
料金
印象
直接
安全
要望
指導
気分
文章
研究
季節
発行
記録
成長
有名
音楽
時期
自信
努力
本日
意識
主張
事実
配信
特定
無効
適切
通知
美容
正確
解説
自身
失礼
練習
出演
当店
用品
毎日
新規
受付
大阪
店名
旅館
社会
実感
不安
時計
全部
約束
以前
印刷
種類
製造
許可
英語
保管
設立
京都
計画
絶対
複数
地元
本人
家電
成立
増加
営業
引用
達成
近所
資格
都合
中国
番組
路線
評判
不明
要求
複製
画面
以外
先生
集中
改正
返事
馬鹿
実行
目標
通報
人生
次回
大学
独自
計算
行動
最高
証明
関心
立場
発言
試合
何人
制作
移転
沖縄
教育
勝手
報道
法人
現状
全体
確立
食品
苦手
調子
病気
当時
海外
開設
明確
基本
構築
発信
技術
医院
強調
損害
地球
素材
強化
建設
知識
関東
課題
会場
支持
特化
安定
限定
電車
時点
想定
今週
資料
分類
未来
区別
中止
前提
格安
共通
経過
事件
判明
共有
礼金
受賞
入手
減少
調整
空気
同一
出席
記述
提示
学問
設計
明記
出荷
点数
低下
条例
各号
整理
小説
防止
配置
公表
来店
基準
出版
何年
設備
復活
取材
反応
所属
総合
放置
代表
記念
見方
学生
表明
刊行
見学
規則
原則
同様
新聞
国内
金額
職業
指示
最大
医師
製品
相当
駅名
反対
人物
接続
苦労
省略
政治
容易
経営
家庭
他人
職種
学習
開示
歯科
公布
各種
医者
笑顔
友人
回復
感心
完全
今月
表情
解消
事情
結構
第一
配送
男性
観察
得意
停止
合格
工夫
支配
出品
過言
受信
作業
制限
不足
高校
公式
出発
現実
配布
氏名
識別
予告
生産
利益
数字
確信
昨年
上部
再現
運転
事業
類似
図表
左右
授業
弁当
取引
育成
理想
支給
固定
正直
無断
辞書
表記
公共
目安
製作
教養
個別
好評
卒業
身体
実績
通常
確定
出前
去年
意外
保有
休日
修理
快適
健全
最適
今度
多数
当日
演出
地名
祝日
太陽
休業
先週
交付
移行
土産
外部
限界
入荷
政令
出場
文化
会話
追求
来年
解放
加工
何故
交流
前日
関西
老人
組織
速報
本社
市民
建物
食材
必死
自動
発明
加入
国民
見解
上手
由来
所有
来場
悪化
書店
売買
送付
半角
事故
散歩
全文
空間
無事
電子
用語
業務
投資
定義
期間
身近
有無
法令
夢中
検出
面白
本気
勝利
連想
予感
結局
加算
査定
講演
当院
何回
通過
成果
再生
不要
結成
体調
確実
入院
倉庫
文句
布団
再度
銀行
何卒
運用
目次
軽減
予算
再開
定着
規約
交通
職員
費用
程度
追記
主要
先日
出現
愛用
制定
反省
予測
進行
余談
絵本
特別
準用
適当
検査
中身
地点
特典
相場
測定
平和
基点
入札
周囲
決意
信用
入会
動作
講師
美人
現地
勇気
業界
能力
進化
次第
前回
短期
題材
加減
保険
見事
町名
貸家
手元
連動
神社
感覚
手紙
手帳
本書
物語
分野
算出
重複
方向
殺害
形式
小物
本来
会議
品質
戦争
世話
現場
新刊
出産
予防
事務
計上
単語
実家
事態
科学
運行
統一
直面
業種
出張
通信
正解
投入
重点
教室
保持
日中
社長
活発
機器
大勢
選出
出店
主体
自覚
本作
芸能
統計
手術
文具
野菜
育児
通用
作者
起算
配合
事例
毎年
採点
連続
要素
検定
正常
受験
和食
主流
空港
各社
完売
発達
経由
持参
開放
意向
生成
入学
進学
飲料
建立
加筆
風景
独立
転用
全力
任意
発足
変動
件数
何事
中断
買取
付属
復元
合意
検証
最寄
進出
細心
午後
冷静
素直
王国
定番
着物
香水
新設
生息
新型
適正
動物
生徒
職場
選手
市長
配達
梅雨
第二
日刊
荷物
順調
親切
工具
夕方
日常
音声
漢字
建築
適合
店内
新年
余計
大量
高速
薬局
相性
生命
順位
解明
日付
商標
雑貨
集計
大会
手配
基調
特性
起動
定評
工事
常識
団体
現代
文庫
可決
公園
受講
招待
埼玉
真似
原料
義務
前述
選定
性格
祝福
家具
開業
実態
東海
入金
出典
完備
定員
材料
不快
輸入
伝説
観点
飲食
特設
店側
市場
最悪
有料
平日
人材
電気
日程
墓地
任命
手間
半分
気配
構造
回転
混雑
仕様
明治
体感
賛成
発覚
運命
中学
屋根
区分
多大
真実
統合
戸建
意図
花見
番号
提起
数年
医学
議長
景色
習得
協議
命名
観測
公演
当地
息子
国際
店頭
何時
転送
徒然
行使
意思
例外
職務
破損
起因
当選
原作
徒歩
場面
何者
不満
急増
所持
格好
服用
眼科
正式
複雑
下手
北陸
悲鳴
順番
気合
告白
外観
光景
台風
満開
愛知
東北
性別
買物
着用
選挙
余地
加速
伝統
合流
答弁
変身
省令
着手
本屋
流行
自殺
阪神
帰国
態度
商談
昭和
実物
好感
実力
間近
安置
児童
本年
広場
動向
館内
代金
共感
仮定
女子
大手
飼育
手軽
制服
名所
日曜
早速
税金
気温
工場
昼食
地位
朝食
勝負
円高
面積
現金
応用
版元
的確
前面
前後
兵庫
焼肉
部員
付着
花火
制度
同社
総務
食感
点在
作用
最強
対戦
全角
滋賀
客室
少年
判決
規制
天候
修行
自負
業者
店長
断念
提唱
判定
和書
運動
返金
平気
天使
周知
今朝
意義
目前
土曜
電化
大半
最長
消費
移住
実験
時空
多発
念頭
正当
絶賛
夕食
急速
初期
用事
研修
調和
賛同
伝授
事由
自社
流通
同行
個室
改良
考案
指名
新品
重大
待機
中央
政府
寄付
表紙
明示
青空
防犯
広島
味方
満面
入居
週末
親身
具合
同居
合間
告知
配属
節約
個性
強制
会長
起用
都内
行政
留学
地方
書類
道路
調節
見積
救急
集約
手順
週刊
分解
達人
世代
内科
職歴
要件
原点
有利
録画
特価
標高
野球
性質
静岡
再建
精通
要因
増大
永遠
毎度
本質
曜日
業績
各地
不幸
第三
効力
夜景
油断
県内
人数
命令
絶大
録音
文書
標準
国境
混在
改造
返答
後半
照合
平成
短大
米国
規程
居住
田舎
多様
出土
問屋
復帰
夜中
入社
再会
未然
何物
教会
内定
断言
故意
証言
落札
両立
良好
地上
行列
予報
本音
全然
帰省
上演
信号
列車
付加
記号
放出
実情
講義
試験
先行
出力
財布
苦笑
役目
主婦
多少
最低
近年
借金
高額
上限
選任
下限
悪口
苦戦
新潟
観戦
体制
最中
分布
多用
都市
損失
素人
解散
自立
備考
不正
楽器
算定
科目
日当
謝罪
議決
断然
不便
少女
産業
成績
貯金
清潔
明言
親子
世間
差別
米屋
暗殺
精神
特筆
間取
前条
全員
来週
物流
園芸
発想
行方
右上
信州
当初
特色
代行
成分
食堂
開花
武器
独断
岩手
発動
実在
無限
正義
直前
付近
書式
民宿
着目
合計
青春
才能
植物
読書
年配
楽曲
両手
行事
実証
鉄道
思想
正体
頭皮
決勝
登山
面接
機種
不可
完結
神様
図版
本名
風味
民主
不備
多分
心身
発注
幸福
所定
開通
改変
記法
留意
感情
駅別
真夏
訓練
単発
自在
岐阜
入場
習慣
強要
多額
手法
古書
得体
直送
愛情
大型
道具
出題
連結
様相
毎週
外科
下落
有益
考察
整体
追放
終始
圧力
未定
逆転
流出
率直
分身
限度
高度
広報
連発
案件
足元
続出
利点
挙句
味覚
本物
対立
直近
切手
自生
混同
課税
協働
言語
戦後
単位
半年
新車
王様
分散
町長
役員
定食
持続
作曲
愛犬
直結
博士
照会
上位
月日
大地
複写
今夜
切断
効能
根底
名言
芸術
明白
広大
大分
体力
独特
集合
当分
中間
図面
社寺
低迷
浴衣
主役
委員
部落
出資
通学
訓令
産地
死去
可愛
接近
生計
解体
正面
物質
回数
天国
食育
大別
欠落
神経
熱心
日数
犯罪
資金
近代
強力
開講
帰路
集団
保全
横目
進歩
都会
停車
県外
休止
参戦
調理
年末
連休
身長
養成
関節
理念
議題
整形
総会
共同
採取
右記
財産
現象
進路
人目
輸出
提言
編成
情熱
数量
適応
多岐
学者
受理
配備
機械
高級
文中
決心
死者
乗車
首相
何日
愛車
天才
過失
同等
天空
申出
編入
起点
助成
増進
両方
資産
迷子
赤毛
下車
意志
投下
人形
深夜
説得
住民
同店
星空
分断
社員
反発
主人
格別
事典
出番
所在
容量
成約
駅近
題名
使命
長期
後者
例年
最短
店員
愛読
境内
国家
絵画
待望
走行
風情
合成
愛媛
戦場
残業
表面
共演
角度
欠品
加圧
極上
空室
大目
極意
農業
作動
接客
寺院
香港
街中
赤字
散見
調達
建造
移植
何倍
新作
売地
農家
浴室
委任
着実
標的
大正
記者
原告
運勢
低減
姉妹
和風
養子
右側
打破
作家
法規
墓石
横行
主眼
紙面
陽気
来日
空白
矢印
国語
集結
結合
来院
毛皮
試算
混入
暑中
原案
許容
血液
来館
現役
往復
決断
栄養
教授
上質
原文
小麦
立地
功績
分岐
洋食
要約
佐賀
遠方
飲酒
評点
商売
各国
発令
会計
上司
人事
徳島
体内
発刊
各課
以内
採決
形状
上陸
通貨
今作
数日
計測
作製
全身
社名
改定
救出
経路
会談
真相
公言
終結
断定
適法
負荷
心理
国会
古代
鳥類
暗示
議会
演技
決議
白銀
書評
羽目
性能
形態
手続
方式
教師
天災
任期
男女
公立
時事
熱中
給料
水曜
定率
弟子
連行
以来
生地
書面
主題
当方
週間
防災
夢見
両親
総額
本件
勇者
移築
血行
左側
早目
協会
雑談
相続
洋服
議員
支店
人種
賞品
虫歯
法則
保守
助長
長年
過程
告示
復刊
民族
仕業
標識
旅先
絶品
運送
父親
院内
女神
比例
原付
主演
群生
週休
高台
初版
定額
皮肉
反逆
支出
体重
文学
幸運
自体
小雨
実費
金色
資本
左記
競売
右折
電波
気長
後世
目線
体質
精進
流用
絶景
出身
上下
災害
支度
本市
入賞
見当
強行
会見
側面
上場
停電
定年
集客
門地
必見
仮面
好意
社説
日産
改行
急務
左折
眼鏡
地面
決着
午前
容器
大雨
大豆
同時
和洋
制約
留守
美白
東西
人文
欠点
水気
不服
他店
改名
物事
上述
労働
名店
新緑
入口
切開
身軽
有用
保健
志望
神話
決算
土台
生業
国立
確約
水分
生協
花屋
家主
苦情
社外
入店
内包
人口
同条
他社
注力
各自
美味
指圧
県民
栃木
夫婦
会合
観客
解禁
絶望
余念
列挙
声明
新書
在住
倍率
大声
特許
本品
同課
立証
図書
松竹
悪用
夏旅
燃油
群馬
初日
指標
連日
日課
英国
本家
課金
総力
起業
初回
種別
部類
全集
転落
幹事
流石
加味
測位
前号
競争
算入
責務
高知
洋画
学区
他者
絶版
全室
点灯
小売
特選
口調
朝刊
交差
何本
青森
満天
合体
注入
物心
半減
死体
当館
番地
先制
戦略
同表
期限
地酒
水着
無線
工芸
良品
足湯
未知
逆手
交際
司会
神道
人質
平均
病状
女医
減額
生育
右下
転校
暴行
好調
特長
数人
親交
入室
本業
角地
信念
効率
初音
常備
本校
月別
動員
山積
農薬
学会
名物
素顔
全面
小児
結集
不利
同点
店主
参画
都心
登記
母親
直感
金利
給食
意地
右手
日時
気候
外灯
件名
年月
犯人
住人
外交
安静
家中
航空
人類
学科
業態
仏教
活気
別人
自作
不当
長文
後日
健在
出庫
修復
移設
損保
適度
毎月
築浅
前記
移管
大笑
数回
人体
物色
思考
地歴
告発
取消
何位
判別
洋楽
島根
人達
辞典
放流
包囲
男子
招集
通告
倍増
入所
歴任
便乗
究極
通院
部活
手前
北東
財務
景観
来月
発音
参入
曲名
察知
機関
早急
助言
開店
感化
同席
売上
原理
夕刊
月刊
丁目
月曜
作文
部門
単品
成人
林道
調印
茨城
知事
温度
生物
境界
本題
有力
不動
点検
世辞
余分
消失
軍配
社内
残暑
本場
全開
車両
酒類
天神
時価
借入
手足
修得
地区
本体
最速
用法
経年
坂道
黄色
初夏
絶句
火災
土日
金曜
景気
真価
年表
消化
演歌
晴天
建学
外国
病名
地理
上京
底本
書名
顔色
何分
食器
打開
本案
手話
人妻
台頭
共生
照明
辞任
代弁
受取
北部
以後
平行
本紙
賞賛
道場
土用
運輸
目印
満席
借家
入浴
不在
前進
台場
過度
挙行
下着
放題
知人
主導
改札
各週
長男
左手
絶好
後述
解任
港区
気楽
初心
配設
平素
健勝
思案
学部
子宮
都度
武士
筆者
各店
続行
申告
各氏
校正
真心
部位
体現
合算
物理
長所
土木
所得
前者
防衛
想起
好天
経歴
魚屋
外見
出先
用紙
代用
対比
職人
失望
移送
受領
雨天
保育
始末
上品
直後
受給
判然
大差
同情
代引
車検
対決
駅前
公明
寄生
落下
法事
子犬
部品
節目
自愛
復旧
歌声
復興
包丁
開運
同号
洋書
心得
通路
白黒
前半
番目
平然
営利
産学
家事
両者
下見
見本
母体
参列
暴力
単独
速読
消去
夕日
最終
副業
白羽
早朝
小社
本番
教員
半額
比重
変形
横断
何重
号給
品種
等級
予断
貸切
活力
天井
会館
志向
内側
歴然
救助
同名
賞味
家計
接待
昨夜
式場
検挙
借主
火事
伝達
近辺
開局
失念
本店
通園
市内
戦国
集積
応対
道順
造成
反転
母校
比率
快挙
旅宿
教材
出動
外構
弱火
台所
領土
流入
民間
前年
北区
本館
酒屋
転売
散在
昼夜
下部
清栄
発散
悪意
国産
前身
対話
的中
不覚
中立
字路
住戸
全品
同期
名作
北上
夜空
挙式
官報
実務
対談
焼失
開館
算数
学力
戦死
部下
商業
宿場
子孫
点心
下図
体育
産物
無茶
室内
同乗
矢先
近場
水準
構想
神官
兄弟
不育
北側
取付
実用
起立
名曲
商材
化学
受注
競馬
公告
本州
日光
内部
教訓
議事
貧富
技能
試読
毎回
中略
採集
力説
属性
迷宮
歴代
数分
熱意
郡名
保養
投信
文芸
見物
天然
永久
前世
名義
開演
制止
予期
上達
典型
先手
標語
空想
水辺
河川
精度
中部
用量
予言
初演
青年
山梨
所要
数学
対面
女王
老後
人格
人出
寺社
友情
取組
発現
音読
細部
願書
様式
小顔
年季
確率
念願
圧勝
黒人
理科
満月
英和
信条
栄光
愛想
相応
何気
集会
園内
切望
照準
同法
命中
借地
開会
過料
発育
要領
大小
年代
増量
回線
院長
愛着
図示
造営
方達
別名
自明
親友
近道
決行
地形
風水
感服
性的
毎朝
手当
談笑
手札
無言
常温
上表
年額
有事
迷路
美術
当面
公示
美女
意表
目玉
白日
散布
直行
実例
制圧
気象
講習
原型
公正
次条
最良
地下
殺人
送達
食後
改築
他界
禁物
親指
学位
良質
漢方
中年
気絶
数倍
米軍
終戦
新調
師事
協賛
食店
混合
改修
身分
統治
外出
日清
大根
家屋
各界
車種
通例
運航
未満
確固
争点
酸味
年号
質屋
県境
商用
居城
同人
連番
英数
各園
合宿
何様
中秋
先見
人名
折角
力点
血流
月額
鉱物
演芸
試食
物議
快勝
名医
犯行
列島
別物
火山
食料
海上
燃焼
昨今
交代
電報
手先
耳元
風化
神職
満室
無実
小鳥
宿題
功名
商社
転向
公務
変色
無罪
築年
北国
静止
戦前
事案
手中
産科
電力
仏具
足音
歯類
水中
解約
地道
具備
宿命
北米
全米
飛来
祭事
行内
事後
流布
軽食
大字
未読
根幹
返送
観念
対等
熱気
野望
主食
配当
感知
悪夢
正規
最小
勢力
早期
水木
買得
方言
総理
数名
後味
心境
入用
東部
教示
重箱
増設
木立
用心
内見
住基
完食
街道
電池
暴走
留置
赤鼻
製薬
近接
年度
天下
詩人
月間
東日
筆頭
今号
風土
心地
次号
主力
発案
合唱
西側
同紙
無数
共用
新卒
和解
不測
後進
高配
実話
給付
毛頭
防水
入門
年金
第四
逆行
入歯
防音
再発
多幸
水道
花束
女心
無職
競技
整然
速度
興信
再任
転入
小屋
南東
南下
信徒
芸人
仮説
養育
印字
先月
別送
正午
消息
反日
集落
原本
時候
面談
開校
文例
何色
市区
工程
同会
地番
悪者
強固
付帯
総研
風来
食塩
始発
和室
果物
気持
交配
本学
区間
直進
差額
出船
金賞
用例
氷山
新種
新橋
語学
言動
南側
薬事
売主
名残
機体
元本
通話
通行
目頭
本意
組立
通関
熱戦
貸借
西区
法務
口実
外側
結末
半生
他県
雑然
学院
和式
石油
冬型
太古
製法
海辺
同然
当科
課程
空色
王子
先決
炭火
中火
南西
白馬
検知
連立
悪評
同調
赤色
代物
悪質
放牧
反感
下水
学費
本部
熱望
市政
下表
在学
所見
感性
好物
条文
節分
定価
金属
判例
足手
人前
本会
元来
貸出
東側
苦言
古典
寄進
開場
順序
有罪
小耳
極道
進入
不用
続発
多量
手本
常連
組合
地価
経費
本格
入試
下味
加熱
愛飲
近世
所管
前期
口元
言明
市部
前作
合図
快晴
付記
命運
財政
行頭
居候
指数
南区
増築
路上
大体
線引
余程
手際
重量
便所
高温
配列
伝送
保留
粉末
初見
里山
資質
正気
新子
配付
線上
待受
乗船
経理
量産
流星
直筆
登校
新米
売店
人財
中日
続編
間接
大賞
法的
同日
心血
夕飯
精製
散会
歌手
試着
和英
落選
損金
小人
音質
競合
上流
全焼
林立
後場
在職
鉄板
出走
地味
築城
配管
童話
後手
先述
所以
風習
強風
答申
読物
画材
着服
方面
任務
外食
税率
健保
無知
発電
築造
先導
反旗
話数
建機
香料
悪寒
必読
協同
外来
新法
現行
不良
型式
料率
上着
音色
声高
電停
眼下
牧場
白紙
大方
鳥取
下線
湯水
日別
必然
不意
死後
銅像
式典
手芸
時給
悪気
黄金
理事
特養
単身
始動
予選
敗北
次男
修業
行者
内外
内在
協定
化石
空手
不調
少量
残高
例示
表内
酒場
工法
屋号
音頭
適量
北西
全戸
公平
間際
屋外