場合
情報
必要
利用
表示
自分
紹介
掲載
記事
検索
商品
使用
登録
最近
今日
写真
確認
参加
詳細
提供
出来
問題
投稿
日本
以下
地図
変更
開催
時間
入力
関連
対応
画像
賃貸
内容
質問
購入
意見
最新
意味
無料
選択
期待
参考
仕事
希望
中心
設定
現在
物件
追加
理解
説明
可能
携帯
存在
注文
条件
実施
規定
指定
言葉
住所
大切
用意
目的
人気
発表
気軽
作成
周辺
予約
名前
今回
電話
販売
地域
興味
応援
簡単
記載
関係
発生
先頭
注目
今年
評価
世界
全国
生活
広告
安心
削除
連絡
終了
病院
相談
更新
公開
話題
会員
友達
判断
報告
責任
影響
注意
部屋
回答
予定
機能
実際
実現
下記
対象
検討
当社
大変
求人
状態
発見
設置
本文
子供
皆様
非常
結果
仕方
店舗
送信
心配
案内
重要
過去
該当
運営
状況
転職
東京
作品
編集
協力
勉強
何度
健康
開発
経験
移動
最後
動画
大事
原因
感想
指摘
開始
保証
展開
適用
文字
場所
活動
会社
決定
無理
登場
感謝
旅行
施設
有効
今後
以上
中古
禁止
記憶
価格
様子
充実
上記
取得
理由
昨日
採用
募集
最初
企業
残念
発売
方法
便利
機会
発送
成功
送料
活躍
承認
宿泊
保存
表現
提出
土地
女性
比較
映画
予想
元気
撮影
返品
料理
日記
変化
項目
想像
学校
新着
活用
帰属
当然
在庫
提案
時代
新築
効果
明日
天気
解決
同意
豊富
自然
部分
構成
体験
確保
雑誌
投票
保護
相手
反映
準備
是非
参照
特徴
大人
迷惑
閲覧
担当
観光
自由
拡大
完成
環境
個人
普通
向上
展示
修正
特集
失敗
読者
事前
導入
負担
支援
位置
放送
記入
交換
楽天
逮捕
人間
調査
家族
歴史
管理
返信
感動
形成
本当
満足
食事
整備
結婚
料金
印象
了承
直接
安全
認識
要望
指導
気分
到着
文章
研究
季節
邪魔
転載
発行
記録
成長
有名
音楽
時期
自信
努力
沿線
維持
発展
本日
意識
派遣
主張
事実
解除
応募
配信
特定
無効
適切
通知
収録
美容
正確
疑問
解説
改善
法律
自身
発揮
依頼
否定
失礼
練習
出演
当店
魅力
用品
毎日
推進
新規
受付
大阪
攻撃
店名
旅館
社会
実感
医療
不安
挑戦
趣味
時計
獲得
全部
考慮
治療
約束
以前
著者
印刷
映像
種類
製造
許可
英語
困難
保管
設立
違反
京都
計画
絶対
演劇
納得
彼女
複数
地元
本人
家電
成立
増加
営業
施行
通販
引用
達成
近所
資格
都合
中国
番組
路線
評判
不明
素敵
要求
複製
画面
貢献
以外
先生
集中
改正
敷金
返事
税込
馬鹿
実行
目標
通報
人生
次回
大学
無視
独自
計算
役割
誕生
行動
最高
舞台
温泉
証明
関心
風呂
把握
立場
発言
批判
試合
何人
請求
制作
移転
沖縄
教育
勝手
書籍
報道
法人
現状
全体
確立
企画
食品
余裕
苦手
閉店
調子
経済
訪問
病気
当時
海外
開設
拝見
明確
基本
構築
発信
認定
技術
披露
医院
強調
損害
地球
素材
強化
建設
知識
関東
承諾
被害
課題
会場
支持
特化
安定
限定
議論
電車
死亡
時点
想定
申請
今週
資料
分類
未来
区別
中止
完了
行為
前提
格安
共通
経過
厳選
事件
判明
共有
礼金
受賞
収集
入手
減少
調整
空気
同一
出席
記述
提示
学問
宅配
訂正
設計
弊社
明記
出荷
売却
点数
低下
条例
各号
整理
小説
防止
配置
認証
公表
来店
基準
堪能
優先
出版
相互
住宅
傾向
何年
設備
復活
取材
反応
所属
総合
放置
代表
記念
見方
学生
表明
刊行
見学
処理
規則
沢山
原則
満喫
同様
対策
新聞
破壊
国内
金額
職業
指示
最大
信頼
診断
医師
製品
分析
相当
駅名
配慮
反対
人物
接続
如何
挨拶
自宅
症状
苦労
省略
政治
容易
新鮮
購読
経営
演奏
家庭
他人
職種
学習
開示
歯科
公布
各種
医者
笑顔
友人
契約
回復
搭載
感心
価値
完全
今月
表情
解消
事情
結構
第一
大幅
背景
事項
割引
配送
男性
廃止
観察
得意
受診
停止
合格
工夫
支配
駄目
出品
過言
受信
作業
重視
促進
連携
制限
障害
継続
面倒
不足
高校
福祉
公式
出発
現実
配布
承知
将来
氏名
介護
識別
予告
生産
利益
数字
確信
昨年
上部
距離
再現
運転
事業
類似
図表
専門
丁寧
左右
授業
弁当
取引
育成
理想
支給
固定
正直
無断
辞書
言及
表記
公共
目安
製作
実践
継承
教養
措置
個別
好評
危険
卒業
恋愛
身体
普及
権利
実績
通常
確定
無駄
出前
犠牲
去年
優勝
意外
保有
金券
魅了
委託
休日
範囲
修理
添付
患者
近隣
覚悟
快適
健全
洗練
要請
最適
今度
多数
当日
風邪
貴重
演出
栽培
上昇
誤解
地名
祝日
太陽
我慢
異常
休業
先週
交付
連載
移行
土産
結論
外部
匿名
限界
入荷
年齢
政令
出場
文化
会話
追求
来年
解放
加工
何故
前項
交流
前日
関西
老人
組織
速報
本社
市民
象徴
建物
食材
申込
必死
自動
発明
加入
国民
見解
基礎
上手
由来
所有
来場
真剣
値段
翌日
悪化
書店
売買
従事
送付
半角
事故
刺激
涼宮
対処
勘弁
散歩
全文
空間
推測
私達
無事
就職
電子
用語
業務
投資
定義
吸収
期間
身近
有無
別途
法令
夢中
検出
視線
面白
拠点
視点
侵害
拒否
本気
放映
概要
勝利
視野
連想
予感
結局
加算
閑静
査定
圧倒
講演
妊娠
帰宅
当院
何回
通過
成果
歓迎
再生
勤務
不要
結成
体調
混乱
確実
入院
看板
従前
倉庫
文句
宣言
布団
再度
銀行
何卒
乾燥
運用
後悔
方針
目次
何処
軽減
予算
再開
冥福
定着
株式
懸念
規約
解釈
銘柄
緊張
推奨
交通
職員
費用
程度
郵便
焦点
追記
履歴
装備
示唆
霊園
変換
回避
感染
主要
先日
出現
愛用
支障
制定
反省
寄与
従来
予測
進行
推定
余談
蓄積
絵本
特別
準用
多彩
適当
名称
検査
締結
中身
地点
特典
相場
測定
平和
韓国
就任
基点
徹底
突入
入札
微妙
周囲
決意
信用
瞬間
入会
動作
講師
美人
現地
勇気
業界
能力
自慢
進化
遭遇
次第
前回
関与
短期
題材
加減
決済
保険
加盟
見事
講座
町名
秘密
貸家
分譲
手元
抽選
連動
神社
感覚
手紙
手帳
必須
家賃
階段
本書
操作
物語
分野
算出
突然
推移
現況
重複
方向
殺害
了解
形式
小物
本来
会議
品質
掃除
戦争
宣伝
世話
現場
併設
新刊
出産
予防
尊敬
事務
計上
単語
実家
普段
処分
事態
科学
離島
運行
統一
頂戴
趣旨
直面
業種
通勤
出張
通信
正解
葬儀
投入
重点
教室
保持
日中
社長
活発
機器
途中
大勢
選出
出店
主体
自覚
本作
芸能
統計
手術
文具
保障
野菜
用途
育児
通用
供給
依存
作者
収納
起算
遂行
配合
専用
事例
目撃
毎年
容疑
採点
連続
要素
検定
正常
受験
和食
主流
自己
空港
危機
各社
完売
発達
経由
持参
装着
開放
意向
生成
入学
満載
進学
策定
飲料
振込
魔法
建立
同項
加筆
紛失
風景
独立
痛感
尊重
転用
駆使
全力
任意
発足
変動
件数
閉鎖
賠償
譲渡
警察
何事
背中
中断
買取
付属
衝撃
復元
合意
検証
崩壊
最寄
進出
細心
散策
午後
冷静
素直
王国
定番
着物
香水
新設
生息
隣接
新型
解析
適正
動物
生徒
職場
手段
選手
市長
配達
梅雨
第二
採択
日刊
付与
削減
紅葉
荷物
順調
親切
工具
合併
夕方
日常
地震
音声
漢字
歌詞
除去
建築
迅速
適合
店内
新年
余計
大量
高速
薬局
到達
相性
生命
抑制
順位
解明
日付
商標
声優
雑貨
集計
大会
審査
寿司
手配
基調
網羅
特性
起動
定評
工事
浸透
円滑
消滅
常識
団体
提携
現代
文庫
怪我
回収
基盤
可決
公園
受講
抽出
招待
埼玉
真似
対抗
原料
義務
前述
選定
存分
遵守
非難
性格
排除
同僚
模様
経緯
祝福
家具
開業
実態
東海
入金
出典
完備
定員
至高
材料
不快
輸入
伝説
観点
創設
飲食
特設
知恵
賃料
店側
市場
併用
最悪
有料
執筆
平日
密接
人材
電気
日程
墓地
任命
遠慮
手間
先輩
凝縮
窓口
半分
気配
構造
回転
混雑
仕様
年収
明治
体感
専念
賛成
発覚
重宝
興奮
恐縮
融合
運命
中学
屋根
区分
多大
届出
真実
感激
統合
戸建
処方
意図
花見
番号
提起
数年
医学
議長
景色
段階
補足
習得
協議
掲示
挿入
命名
模索
観測
公演
当地
息子
滞在
国際
店頭
何時
転送
創造
収穫
徒然
極端
行使
意思
例外
職務
破損
突破
妥当
割合
起因
株価
当選
原作
徒歩
場面
差異
放棄
侵入
何者
曖昧
不満
急増
日頃
所持
阻止
供述
視聴
姿勢
郵送
漫画
支払
愛顧
格好
冗談
服用
眼科
正式
宴会
駆除
複雑
下手
北陸
悲鳴
順番
気合
告白
外観
光景
台風
満開
給与
愛知
認可
翻弄
東北
監督
性別
買物
推薦
克服
着用
選挙
異議
余地
拘束
加速
伝統
合流
答弁
変身
省令
着手
在籍
延期
本屋
流行
免許
自殺
横軸
阪神
帰国
既婚
未婚
汚染
態度
商談
貴方
昭和
実物
好感
実力
間近
安置
起訴
児童
子宝
本年
主催
授与
密着
広場
動向
館内
根拠
代金
共感
仮定
魔女
女子
椅子
大手
飼育
手軽
制服
名所
日曜
早速
税金
気温
工場
昼食
地位
処置
朝食
勝負
円高
募金
面積
現金
応用
版元
的確
前面
前後
兵庫
出展
焼肉
部員
付着
花火
制度
同社
総務
監視
発掘
食感
点在
作用
最強
対戦
全角
滋賀
電源
客室
少年
制御
判決
規制
天候
近畿
修行
自負
浮上
業者
同署
店長
断念
中傷
頻繁
提唱
判定
和書
運動
返金
平気
天使
控除
周知
空欄
今朝
意義
目前
土曜
幼児
電化
大半
最長
消費
喫茶
移住
市販
実験
時空
当該
上映
多発
念頭
証券
素朴
正当
絶賛
夕食
急速
診療
拍手
初期
用事
研修
調和
賛同
名誉
伝授
事由
離婚
自社
流通
同行
個室
改良
考案
指名
激安
新品
緩和
重大
待機
中央
誤差
政府
寄付
賃借
認知
表紙
爆発
明示
青空
候補
防犯
広島
拉致
味方
満面
入居
週末
延長
充分
親身
敬意
若干
具合
同居
合間
歳月
拍車
権限
告知
配属
俺的
節約
個性
占領
強制
会長
封印
唯一
起用
都内
行政
留学
地方
書類
道路
調節
見積
質疑
救急
凡例
集約
忠実
手順
週刊
内蔵
分解
達人
世代
内科
職歴
要件
原点
有利
録画
特価
誘導
返還
標高
分割
抵抗
毀損
規模
野球
縮尺
性質
静岡
再建
精通
要因
厳密
増大
信仰
永遠
毎度
本質
曜日
業績
各地
除外
不幸
焼酎
第三
効力
夜景
油断
県内
格納
人数
敏感
命令
絶大
録音
文書
標準
排出
宇宙
単純
国境
混在
改造
返答
後半
偶然
撤去
照合
奉納
平成
短大
米国
規程
居住
田舎
多様
出土
問屋
収入
復帰
故障
夜中
無難
入社
再会
未然
何物
教会
闘病
内定
表彰
退会
断言
故意
診察
証言
触発
落札
両立
不況
良好
地上
納期
深刻
半端
翻訳
行列
数値
予報
本音
愉快
全然
接触
帰省
納付
上演
信号
列車
付加
寝具
分離
記号
放出
実情
講義
試験
仏閣
先行
敬老
搬送
衣装
邸宅
出力
財布
苦笑
凍結
役目
洗脳
主婦
多少
最低
発射
近年
借金
相違
高額
上限
警戒
著書
選任
下限
休憩
悪口
苦戦
創建
新潟
観戦
体制
最中
分布
魔術
食欲
摂取
多用
都市
脱毛
損失
急激
殺到
素人
衰弱
解散
砂糖
転換
自立
炎上
備考
優秀
反射
玄関
不正
楽器
実装
威力
算定
科目
試聴
縮小
日当
謝罪
激減
議決
口座
断然
寄贈
不便
鎮座
迫力
少女
産業
成績
慎重
貯金
清潔
明言
親子
世間
圧迫
恋人
差別
米屋
現存
暗殺
精神
追及
尽力
特筆
間取
前条
全員
来週
収容
物流
園芸
引越
発想
行方
右上
信州
当初
矛盾
特色
代行
成分
投与
今更
食堂
開花
施工
推察
途方
同封
武器
独断
岩手
発動
腰痛
阻害
露出
実在
無限
正義
視察
虚偽
直前
解雇
付近
滅多
鮮明
書式
民宿
着目
合計
補助
青春
皆無
頂点
才能
液晶
植物
読書
端数
年配
楽曲
感銘
両手
執行
行事
宣告
錯覚
実証
短縮
管轄
鉄道
柔軟
思想
正体
頭皮
決勝
登山
面接
顕著
雄大
機種
不可
完結
団塊
神様
工房
図版
本名
風味
民主
詐欺
含有
肝心
不備
多分
幼少
史跡
心身
発注
幸福
所定
輩出
開通
殺伐
改変
熟成
反論
引退
記法
留意
感情
駅別
鑑賞
警告
豪華
源泉
真夏
訓練
単発
自在
生涯
岐阜
入場
習慣
強要
多額
憂鬱
手法
罰金
沸騰
視界
古書
釣行
得体
若者
直送
交渉
嫌気
愛情
大型
声援
道具
出題
妨害
免除
所蔵
純金
連結
様相
毎週
禁煙
外科
下落
有益
北斗
考察
整体
追放
終始
圧力
未定
逆転
流出
担任
率直
分身
限度
高度
広報
連発
重傷
案件
処刑
突如
膨大
足元
改装
続出
利点
奇妙
挙句
味覚
分泌
本物
勧誘
対立
抗議
徴収
直近
切手
自生
混同
課税
協働
言語
買収
戦後
単位
半年
新車
王様
地獄
絶妙
分散
指揮
勘案
破綻
町長
役員
需要
定食
持続
洗濯
誘拐
総称
沈黙
作曲
愛犬
直結
博士
照会
上位
月日
大地
複写
華麗
今夜
切断
効能
根底
名言
外壁
芸術
明白
哲学
広大
大分
体力
舗装
還元
以降
廃車
独特
集合
当分
中間
図面
社寺
雇用
低迷
株主
浴衣
伝承
主役
委員
没頭
部落
容赦
捜査
返却
真偽
私的
長蛇
出資
通学
訓令
媒体
産地
死去
可愛
渋滞
接近
生計
審議
書棚
解体
正面
搬入
物質
退職
回数
発症
天国
愛称
違法
所存
食育
彼氏
大別
欠落
神経
爆笑
熱心
日数
犯罪
資金
近代
強力
開講
帰路
金融
集団
保全
付随
許諾
帽子
横目
進歩
都会
疾患
停車
県外
脳内
包装
休止
参戦
調理
年末
連休
進展
尋常
身長
養成
恩恵
懐石
悪魔
関節
貴社
理念
議題
取扱
箇所
贈呈
整形
山頂
改称
総会
共同
存続
採取
仙台
右記
財産
資源
台湾
至難
誠意
口臭
署名
現象
進路
手頃
討論
全般
抵触
人目
輸出
提言
面影
編成
情熱
常駐
数量
適応
熟知
遺体
多岐
探求
閑散
学者
根源
受理
配備
機械
高級
意欲
文中
決心
死者
衝動
抜粋
仏壇
既存
乗車
首相
何日
愛車
天才
参拝
獣医
振興
異動
過失
同等
天空
準拠
申出
暗闇
倒産
編入
起点
助成
駐車
否認
増進
稽古
起源
冊子
両方
資産
迷子
赤毛
下車
擁護
祈願
発祥
邦楽
優遇
猛毒
絶滅
到来
端的
趣向
意志
襲撃
投下
人形
深夜
証拠
説得
睡眠
住民
展望
同店
星空
分断
背後
社員
反発
宅地
主人
格別
事典
大粒
出番
所在
容量
成約
作詞
故郷
駅近
題名
使命
長期
後者
修了
例年
最短
店員
愛読
境内
国家
絵画
待望
走行
風情
酷似
開幕
合成
愛媛
戦場
残業
完璧
独占
表面
共演
角度
欠品
奇跡
加圧
極上
空室
大目
極意
農業
作動
社宅
肯定
接客
敬遠
浮気
寺院
換算
香港
街中
赤字
散見
調達
建造
移植
何倍
立派
新作
売地
暴露
農家
昇順
浴室
昼寝
委任
着実
標的
承継
大正
記者
避難
原告
却下
運勢
低減
販促
姉妹
和風
見頃
養子
右側
葬式
賢者
打破
泉質
探偵
並行
難点
盛大
作家
法規
墓石
横行
主眼
紙面
陽気
隔離
来日
空白
矢印
衝突
国語
集結
結合
来院
毛皮
今頃
試算
混入
暑中
原案
訴訟
銀座
躍起
許容
血液
来館
現役
往復
決断
割愛
栄養
格段
発酵
教授
上質
原文
言論
小麦
滅失
立地
功績
分岐
洋食
出没
機嫌
要約
佐賀
遠方
理論
緊急
飲酒
評点
星忍
商売
植栽
各国
発令
会計
直撃
上司
人事
徳島
体内
発刊
各課
以内
採決
形状
上陸
通貨
今作
数日
諸般
計測
作製
全身
社名
改定
救出
経路
聖痕
図鑑
本稿
大抵
過剰
会談
合致
真相
鎮痛
公言
誤用
脅迫
終結
断定
適法
負荷
心理
国会
撤退
恐怖
古代
鳥類
暗示
議会
演技
決議
担保
韓流
冒頭
充満
切符
白銀
書評
毛穴
羽目
露呈
性能
形態
手続
恒例
方式
教師
天災
任期
男女
公立
印鑑
時事
熱中
給料
水曜
紛争
定率
弟子
連行
以来
生地
負傷
書面
援助
主題
当方
週間
無償
眺望
概念
防災
夢見
変貌
両親
総額
頭痛
描写
概算
本件
勇者
移築
血行
左側
健闘
早目
協会
雑談
相続
洋服
除名
議員
支店
人種
賞品
虫歯
預入
創立
法則
保守
助長
散乱
就活
論文
長年
過程
告示
頻発
復刊
匹敵
民族
仕業
物販
標識
旅先
返済
絶品
脳裏
欧米
運送
添加
矯正
父親
内緒
院内
女神
比例
定款
遺跡
劇場
送迎
原付
優良
主演
何歳
棄却
邦画
政権
心臓
遮断
群生
週休
高台
初版
定額
皮肉
反逆
支出
契機
体重
文学
釈然
餌食
内装
幸運
自体
小雨
実費
宝庫
贈答
移籍
追随
金色
資本
左記
捕獲
競売
欠如
御覧
否決
右折
電波
気長
原爆
税抜
発端
御社
楽譜
後世
足跡
目線
体質
精進
赴任
筋肉
流用
江戸
創出
絶景
文献
充当
出身
上下
射殺
占拠
災害
妄想
支度
本市
入賞
圏内
見当
免責
強行
会見
遷移
開拓
常勤
時刻
側面
上場
停電
定年
集客
門地
圧巻
必見
仮面
噴出
好意
社説
日産
改行
急務
左折
塗装
眼鏡
地面
停滞
決着
午前
固執
敷地
容器
既出
大雨
君臨
真摯
埋葬
大豆
同時
踏襲
攻略
和洋
困惑
制約
町域
平穏
留守
名刺
美白
東西
私事
人文
欠点
軽視
水気
不服
戦闘
他店
外為
抜群
改名
異名
憲法
誘引
物事
払拭
上述
労働
名店
新緑
強烈
入口
切開
身軽
有用
保健
不審
茶髪
志望
隣町
神話
享受
派手
随所
決算
土台
生業
国立
為替
確約
水分
生協
別荘
花屋
昇格
微動
家主
厳重
機微
苦情
密集
社外
入店
転勤
内払
脱出
内包
人口
別窓
秘書
同条
監査
他社
注力
洗礼
祈念
各自
美味
本棚
爽快
指圧
県民
栃木
夫婦
釈放
会合
観客
依拠
解禁
絶望
余念
循環
裏側
列挙
天皇
退院
声明
新書
下欄
貼付
在住
格闘
漫才
倍率
大声
初恋
拡張
特許
本品
衰退
同課
廃棄
立証
自我
図書
稼働
松竹
悪用
夏旅
燃油
群馬
初日
指標
容認
連日
日課
英国
看護
圧縮
本家
課金
総力
起業
初回
種別
部類
脚光
全集
転落
幹事
生殖
繁殖
流石
加味
県警
同盟
握手
測位
前号
呼応
競争
算入
奴隷
奨励
責務
高知
召喚
洋画
上欄
即日
学区
称号
生存
悲惨
裏目
他者
絶版
闘争
眉間
全室
凝視
点灯
小売
斎場
施策
特選
清掃
口調
星座
遺憾
片隅
朝刊
交差
何本
青森
満天
合体
誘発
注入
物心
舌鼓
虐待
巨人
半減
勧告
死体
当館
番地
納入
先制
戦略
同表
珍重
度肝
壮大
期限
食卓
隙間
地酒
水着
誘惑
逸脱
端末
女優
無線
工芸
良品
足湯
未知
摘発
逆手
交際
司会
政策
神道
欲望
拒絶
丈夫
人質
平均
創刊
顧客
病状
女医
減額
生育
右下
転校
抱負
内訳
乙女
露店
共存
暴行
好調
特長
震源
収益
専攻
滝汗
数人
親交
入室
本業
角地
信念
痛風
塗布
効率
初音
常備
本校
劇中
月別
動員
宗教
山積
特撮
農薬
至福
注射
待遇
学会
名物
素顔
全面
小児
貴店
薄毛
結集
激励
不利
同点
甚大
店主
参画
都心
画策
登記
母親
直感
稼動
金利
履行
寒暖
給食
意地
右手
日時
遅滞
全巻
増殖
虹色
脅威
源氏
気候
厳守
外灯
巡回
如実
件名
年月
涙目
犯人
住人
婚活
喪失
玩具
外交
安静
家中
虐殺
納品
後退
航空
人類
学科
業態
忍者
鳥肌
仏教
枠内
活気
背筋
別人
自作
不当
長文
後日
健在
動揺
出庫
激化
修復
移設
損保
適度
煙草
自称
探索
毎月
築浅
刻印
実況
服装
前記
誤字
移管
歳暮
大笑
数回
人体
奮闘
超越
僕的
物色
思考
地歴
監禁
献上
告発
取消
何位
判別
洋楽
島根
人達
酵素
辞典
放流
包囲
男子
痩身
著作
招集
原稿
通告
倍増
入所
歴任
壊滅
便乗
究極
通院
部活
新婚
手前
北東
脂肪
補償
嫉妬
小腹
財務
伐採
景観
来月
発音
参入
下痢
曲名
鑑定
被告
主宰
察知
懸賞
機関
早急
助言
幕末
改革
氾濫
何枚
開店
感化
同席
売上
原理
夕刊
挫折
月刊
形跡
丁目
月曜
別段
作文
部門
単品
盛況
感嘆
中核
猛暑
成人
拡充
死刑
林道
調印
突進
茨城
知事
孤立
宝石
難航
温度
全滅
生物
境界
打撃
裁判
国宝
本題
抑圧
増幅
有力
高齢
美肌
偉大
侵略
不動
陳列
座敷
人権
補給
点検
高騰
世辞
余分
消失
軌道
軍配
社内
残暑
加担
破棄
本場
無縁
全開
白髪
出勤
車両
酒類
天神
時価
創作
警鐘
借入
手足
賜物
修得
地区
本体
敢行
最速
追跡
囲碁
用法
将棋
髪型
経年
激動
坂道
黄色
善意
奉仕
初夏
注視
銭湯
絶句
火災
土日
金曜
景気
真価
私立
年表
消化
演歌
検診
晴天
建学
外国
病名
枚挙
語源
蛇口
汚損
地理
上京
底本
書名
顔色
何分
食器
麺類
大汗
打開
本案
端午
手話
片方
最善
人妻
台頭
釣果
共生
竜馬
照明
辞任
代弁
静寂
自薦
次項
受取
北部
熟練
以後
平行
本紙
呼称
卸売
賞賛
附則
道場
寄稿
土用
運輸
勃発
目印
満席
借家
仮称
入浴
収蔵
不在
娯楽
前進
台場
過度
挙行
初詣
下着
放題
知人
諸君
危害
主導
壁紙
改札
各週
長男
頒布
左手
絶好
後述
疾風
解任
治癒
港区
段落
気楽
優勢
装飾
初心
領域
配設
平素
施術
健勝
思案
学部
子宮
都度
武士
筆者
各店
選抜
中華
遅延
区域
続行
申告
各氏
蒸発
校正
妥協
真心
部位
体現
合算
褒美
隠蔽
物理
高揚
競艇
長所
幽閉
土木
全貌
軽傷
押収
所得
花嫁
前者
俺達
逃走
防衛
垣根
皮膚
想起
好天
経歴
魚屋
外見
濃厚
出先
用紙
代用
改訂
庁舎
対比
肝要
諸刃
逝去
可否
振袖
浄化
職人
失望
移送
受領
融資
進呈
雨天
保育
聖書
旦那
自炊
夢幻
始末
上品
直後
受給
催行
判然
大差
同情
代引
車検
対決
駅前
公明
寄生
諸説
希薄
落下
法事
子犬
投影
部品
節目
自愛
突出
復旧
歌声
復興
包丁
頂上
開運
同号
没収
洋書
心得
余韻
通路
白黒
抹茶
執着
前半
捕虜
親戚
滞納
番目
平然
営利
驚異
産学
愚痴
退治
家事
留袖
両者
下見
歓声
窮地
見本
母体
参列
搬出
暴力
単独
速読
要綱
消去
双書
夕日
最終
副業
白羽
双子
中堅
早朝
宛書
仁義
乾杯
劣化
推計
小社
劇的
牛乳
本番
教員
半額
繁栄
略称
厳正
比重
異性
得策
変形
横断
結納
何重
号給
本誌
品種
等級
打診
炎症
脱却
封入
補強
停泊
刑事
予断
貸切
賢明
活力
化粧
中継
付託
常軌
提訴
天井
連呼
折込
会館
石碑
異変
志向
内側
歴然
救助
同名
賞味
家計
接待
昨夜
式場
蛇足
検挙
左端
暗黙
大腸
借主
火事
伝達
芝居
近辺
開局
失念
腹痛
本店
決裁
通園
市内
戦国
撃墜
運搬
集積
応対
廊下
本剤
道順
細胞
造成
堅調
拝読
反転
理屈
俳優
母校
比率
貯蔵
快挙
芝生
媒介
公募
旅宿
苦慮
優雅
教材
私見
敗退
出動
外構
弱火
台所
昆虫
信越
領土
流入
仰天
民間
前年
懲役
北区
本館
酒屋
冒険
出稿
転売
散在
歓喜
昼夜
下部
清栄
発散
牛丼
奔走
随時
悪意
高値
国産
前身
対話
的中
豪語
不覚
中立
荒涼
字路
骨折
住戸
全品
同期
名作
北上
直訳
夜空
挙式
彫刻
交互
官報
実務
対談
焼失
開館
算数
学力
戦死
傘下
求索
部下
商業
呼吸
宿場
子孫
点心
下図
苦悩
体育
収得
日韓
創業
負債
産物
換金
無茶
造詣
室内
同乗
矢先
近場
接骨
水準
両脇
構想
神官
論外
交錯
兄弟
難色
不育
北側
取付
沙汰
実用
専任
起立
名曲
派生
商材
異論
化学
受注
純額
競馬
公告
本州
日光
連盟
内部
教訓
議事
緊密
貧富
仲介
技能
試読
減免
吟味
毎回
温暖
中略
採集
力説
属性
迷宮
歴代
数分
熱意
貫通
郡名
保養
投信
敷設
文芸
見物
瞬時
天然
永久
前世
名義
残酷
置換
開演
粗末
制止
抹消
架空
予期
上達
典型
先手
標語
授乳
剥奪
空想
水辺
河川
精度
中部
拝借
用量
被災
予言
初演
誤記
悠久
所掌
同伴
青年
山梨
所要
数学
対面
誇示
消耗
昇華
評論
駐留
女王
清祥
官僚
老後
人格
帰還
人出
寺社
欠陥
友情
取組
発現
損傷
音読
細部
願書
監修
様式
幾人
豆腐
小顔
口癖
規範
年季
宛名
確率
念願
圧勝
警備
黒人
理科
満月
侵攻
倫理
英和
信条
個展
傑作
栄光
豚骨
愛想
相応
何気
台詞
照射
集会
園内
切望
照準
水槽
同法
視力
命中
借地
開会
過料
発育
要領
誠実
大小
透明
年代
便宜
増量
撤回
回線
院長
愛着
図示
造営
方達
別名
自明
下段
親友
近道
決行
地形
風水
感服
性的
毎朝
忙殺
熱狂
手当
人柄
談笑
手札
無言
風柳
陥落
常温
上表
年額
有事
迷路
美術
当面
更地
霊場
津波
公示
美女
胎児
意表
目玉
潜伏
白日
散布
直行
実例
制圧
気象
秘湯
講習
原型
核爆
社債
左欄
県庁
公正
併合
次条
通称
最良
地下
粘着
殺人
送達
樹立
食後
改築
他界
禁物
特殊
親指
大胆
学位
反撃
良質
傷害
来訪
漢方
中年
気絶
数倍
米軍
履修
潜入
哀悼
終戦
新調
師事
太鼓
協賛
呪文
繁盛
介入
食店
睡魔
混合
羅列
改修
身分
統治
部署
外出
日清
侮辱
換言
大根
猛烈
家屋
各界
車種
通例
中腹
運航
未満
不敵
確固
争点
魚介
酸味
年号
激怒
母乳
質屋
偏見
県境
商用
居城
秩序
同人
連番
乱入
英数
各園
侵食
合宿
何様
降順
中秋
先見
人名
折角
喚起
征服
力点
猛威
血流
月額
縁起
鉱物
封筒
料亭
演芸
試食
物議
厳禁
快勝
便秘
名医
目視
靴下
犯行
即時
列島
豚肉
別物
火山
食料
辞退
海上
諸悪
燃焼
臓器
昨今
交代
電報
完膚
手先
本展
鉛筆
耳元
堆積
風化
廃校
神職
満室
無実
小鳥
宿題
功名
名簿
封鎖
商社
階層
転向
公務
養殖
救済
多忙
変色
無罪
築年
北国
静止
戦前
事案
手中
湿気
産科
電力
抹殺
仏具
足音
縦覧
収拾
歯類
実権
水中
解約
地道
本拠
具備
宿命
献立
廃盤
点滅
北米
必至
全米
寿命
飛来
祭事
行内
終値
本腰
事後
滅亡
老舗
流布
軽食
大字
未読
根幹
返送
撃破
席巻
観念
探検
簡潔
対等
熱気
野望
主食
配当
感知
悪夢
正規
最小
窃盗
勢力
補完
奥様
早期
掌握
水木
買得
附帯
方言
辛酸
総理
毎晩
数名
御礼
供養
朗読
後味
心境
閉会
入用
成熟
東部
教示
重箱
親睦
増設
木立
用心
追突
内見
住基
訴状
完食
街道
微笑
帰途
電池
固唾
暴走
留置
冷凍
完済
赤鼻
安値
不妊
製薬
厄介
近接
年度
冷麺
間隔
投獄
天下
詩人
月間
弥生
東日
筆頭
今号
間髪
近郊
風土
心地
廃線
次号
主力
発案
合唱
片手
西側
蔵書
変遷
所為
同紙
疲弊
無数
財源
捜索
佳境
共用
新卒
権力
和解
不測
堅持
後進
高配
実話
本項
給付
毛頭
寝息
防水
還付
装置
入門
愛猫
年金
脚本
第四
駐在
逆行
論破
息吹
入歯
防音
再発
感触
昇進
忠告
傷跡
多幸
水道
花束
女心
無職
競技
整然
速度
翌年
脱線
興信
再任
分裂
転入
小屋
南東
南下
思惑
信徒
貸与
懇意
公衆
芸人
低層
仮説
革命
養育
苦痛
疾走
激増
苗字
印字
先月
別送
奇祭
執事
退屈
紅潮
騒然
釈明
直視
正午
悲痛
不倫
消息
硬直
反日
集落
自認
補充
原本
時候
逸品
誤審
面談
開校
公認
文例
何色
遺志
市区
工程
同会
水没
収載
劇団
是正
地番
高層
残存
悪者
皇室
強固
付帯
先端
総研
風来
体臭
温床
食塩
薬剤
始発
和室
青紫
締切
恋姫
惨殺
傾倒
果物
気持
交配
本学
指針
区間
直進
軸足
彼岸
波紋
唐突
末尾
警報
乱立
亀裂
差額
出船
金賞
用例
理系
亡命
要衝
氷山
新種
新橋
崇拝
語学
貴院
言動
南側
薬事
乳児
売主
忠誠
名残
頃合
津軽
閉口
互換
機体
割安
元本
通話
逆襲
植樹
通行
書簡
目頭
本意
組立
通関
熱戦
埋没
貸借
西区
法務
脱字
口実
外側
結末
半生
他県
雑然
学院
和式
石油
他薦
補佐
売値
冬型
寝言
融通
波乱
太古
終盤
製法
欧州
海辺
内覧
同然
喫緊
当科
課程
空色
王子
先決
介在
炭火
中火
南西
白馬
検知
連立
渡来
寡聞
巻末
覆面
悪評
髪質
同調
赤色
隔絶
代物
栄冠
悪質
放牧
著名
反感
召集
危惧
過敏
激痛
下水
学費
高麗
献血
本部
熱望
刺身
市政
豊胸
下表
在学
聴取
所見
斜面
感性
湖沼
好物
条文
濃縮
節分
定価
贈与
処罰
振替
左遷
金属
兼務
判例
突撃
足手
人前
本会
元来
貸出
浮遊
総括
身柄
奥深
就航
東側
苦言
紅茶
古典
右欄
排水
寄進
開場
順序
押印
有罪
罵倒
控訴
小耳
極道
北欧
進入
寛大
不用
続発
何割
多量
主訴
手本
常連
筆舌
組合
報酬
呪縛
地価
経費
弦楽
彼方
収監
本格
入試
下味
加熱
愛飲
近世
所管
前期
口元
私共
言明
加齢
還暦
傍聴
納豆
畜産
市部
買値
兼任
前作
疾病
粉砕
合図
痛烈
猶予
快晴
付記
書斎
激突
命運
財政
就業
大概
行頭
居候
指数
南区
増築
路上
俳句
最旬
大体
源流
甘味
線引
余程
肩身
覚醒
駐屯
手際
重量
便所
広域
懇談
南欧
長靴
高温
配列
出塁
伝送
全裸
防御
受託
保留
粉末
初見
本尊
符号
模型
腫瘍
里山
資質
債権
荒廃
観覧
正気
新子
配付
系列
線上
待受
顧問
乗船
充填
敵対
軌跡
制覇
卓越
迫害
経理
量産
流星
直筆
乗換
登校
新米
売店
人財
火葬
陰口
中日
段差
続編
髪量
間接
優位
満了
挑発
大賞
精霊
法的
渡航
着床
同日
満腹
心血
夕飯
精製
後輩
存亡
畏敬
散会
歌手
試着
和英
諮問
縦軸
落選
損金
小人
音質
競合
上流
密閉
亡国
全焼
電撃
刃物
林立
黙認
哀愁
後場
在職
女将
数奇
鉄板
出走
地味
築城
配管
童話
目処
後手
火蓋
先述
所以
風習
強風
答申
読物
画材
着服
方面
任務
外食
税率
健保
逸話
無知
発電
築造
先導
反旗
話数
神棚
建機
香料
悪寒
必読
遅刻
協同
果敢
外来
腸内
鼓動
死傷
何層
新法
現行
不良
型式
料率
上着
何軒
音色
遺伝
声高
電停
荒波
幻想
遺産
短冊
儀式
眼下
国籍
牧場
白紙
大方
鳥取
下線
湯水
基軸
床下
日別
結核
必然
不意
論理
死後
求刑
舌側
束縛
銅像
式典
手芸
併記
是認
時給
悪気
困窮
醸成
黄金
右翼
理事
特養
扶養
輪郭
単身
病棟
紋章
始動
予選
敗北
暗躍
胎教
紫色
次男
失墜
語弊
修業
先陣
行者
内外
割高
内在
協定
極論
化石
空手
異国
不調
占有
荒野
復縁
少量
振動
沈殿
座席
残高
例示
表内
酒場
工法
屋号
音頭
適量
北西
全戸
公平
間際
屋外