マンション
ランキング
レストラン
アルバイト
コンテンツ
プレゼント
キャンセル
オンライン
ウォレット
ウィンドウ
アドバイス
ダイエット
ライセンス
クリニック
マイリスト
チャレンジ
インテリア
アウトドア
アカウント
プログラム
サムネイル
オプション
ヘルスケア
ログアウト
ヘアサロン
プレミアム
サインイン
リクエスト
タイミング
エンジニア
オリジナル
コンテスト
リサイクル
クラシック
キャッシュ
ペンション
トピックス
ウインドウ
コンセプト
チャンネル
バラエティ
リラックス
ハイキング
パキスタン
バスケット
レイアウト
ジャケット
マニュアル
クリスマス
フィギュア
アクセント
フライパン
スクリプト
クレジット
ブライダル
ダイビング
リサイタル
イタリアン
サジェスト
プロバイダ
テクニック
テンション
コンパクト
トライアル
スタジアム
グランプリ
メディカル
インパクト
エスニック
キャンパス
スペシャル
セグメント
カルシウム
ボクシング
ギャンブル
コンタクト
アナリスト
タイムラグ
ランニング
ノルウェイ
サイエンス
アナウンス
ベルサイユ
タイアップ
フットケア
バイキング
ワシントン
ハプニング
アイディア
トッピング
ダイレクト
プログラマ
コミックス
セッション
スクウェア
ガスコンロ
メカニズム
リスペクト
パイオニア
サプライズ
デフォルト
ラッピング
フラッシュ
パラダイム
プリペイド
ダイニング
インライン
ヘルメット
エンジョイ
クオリティ
スケルトン
ナチュラル
ビッグバン
キャロット
インプット
リポジトリ
フルボッコ
ファックス
テクニカル
プルダウン
ポジション
レバレッジ
ビジュアル
エレガント
オムライス
スクラップ
リコメンド
ダンジョン
セクション
レコメンド
デメリット
レスポンス
スティック
ファミレス
アクション
