思う
言う
行く
思い
良い
書く
入る
使う
見る
感じ
知る
持つ
考え
読む
下さる
探す
聞く
無い
食べる
問い合わせ
同じ
買う
好き
多い
作る
その他
入れる
に関する
受ける
行う
高い
お願い
多く
少し
続く
出す
分かる
大きい
悪い
楽しい
帰る
取る
終わる
変わる
本当に
強い
お客様
新しい
向け
教え
初めて
頂く
飲む
早い
特に
大きな
一つ
続ける
見え
通り
言える
始め
呼ぶ
全て
楽しみ
近く
欲しい
少ない
気持ち
に対する
忘れる
に対して
求める
その後
送る
子ども
生きる
過ぎる
考える
話す
確か
お知らせ
長い
面白い
出来る
来る
流れ
出る
使い
選ぶ
置く
待つ
ご覧
向かう
乗る
進む
語る
お気に入り
お前
付け
売る
届け
残る
付き
美しい
死ぬ
歩く
合わせる
美味しい
全く
目指す
走る
作り
実は
開く
会う
基づく
必ず
変える
限り
示す
認める
難しい
生まれ
見せる
見える
大好き
小さい
始まる
近い
異なる
行い
安い
名無し
に関して
出会い
覚える
住む
合う
小さな
上げ
見つける
降る
起きる
立つ
有る
打つ
加える
上がる
答え
決め
増え
決まる
用いる
付く
残す
新た
若い
困る
守る
深い
動き
落ち
暮らし
お金
幸せ
調べ
負け
比べる
進める
明らか
遊び
可愛い
広い
最も
楽しめる
祭り
思い出す
動く
願う
優しい
久しぶり
切る
お話
感じる
信じる
低い
働く
同時に
笑う
素晴らしい
歌う
厳しい
届く
殺す
休み
周り
学ぶ
問合せ
勝つ
見つかる
起こる
食う
買い物
立て
例えば
消える
香り
知れる
軽い
伝え
止め
通る
除く
遊ぶ
飛ぶ
役立つ
自ら
済む
見れる
白い
痛い
流す
一戸建て
住まい
連れ
過ごす
焼き
気づく
女の子
限る
集め
試し
明るい
落とす
お待ち
申し上げる
訪れる
寒い
古い
開ける
集まる
起こす
豊か
選び
常に
に対し
借りる
聞こえる
沿う
お客
再び
次に
応じる
当たる
正しい
と共に
お腹
歩き
述べる
使える
始まり
捨てる
切れ
育てる
止まる
別に
失う
並ぶ
残り
後ろ
ご飯
喜ぶ
激しい
楽しむ
図る
戦い
減る
暑い
赤い
引く
使い方
熱い
生じる
任せる
建てる
引き
もう少し
弱い
関わる
子育て
痛み
至る
頂ける
短い
申し訳
静か
考え方
好み
広がる
返す
立ち
回る
分ける
始める
決して
何とか
居る
重い
伝わる
お茶
勝ち
得る
定める
当たり
係る
二つ
出会う
登る
手続き
取り組み
足る
問う
取り組む
思い出
分の
座る
泣く
行なう
落ち着く
禁じる
投げる
終える
辺り
上手い
寄せ
巻く
寄る
代わり
優れる
笑い
お世話
追う
喜び
気に入る
乗り
現れ
慣れる
働き
手作り
挙げる
当たり前
切り
助け
初め
遠く
出かける
待ち
戦う
望む
我が家
売れ
目立つ
を通して
許す
一気に
悲しい
走り
世の中
近づく
死ねる
細かい
を通じて
改めて
夏休み
動かす
運ぶ
お母さん
勢い
黒い
気付く
赤ちゃん
思わず
貸し
迷う
幸い
役に立つ
もう一度
負う
別れ
経つ
閉じる
美味い
愛しい
組み合わせ
生かす
調べる
定め
相変わらず
少なくとも
判る
表す
下り
開き
早め
下がる
囲む
向こう
増やす
何で
結ぶ
解る
見直し
上げる
暗い
晴れ
仕上げ
お送り
ある程度
育つ
冷たい
教える
重ね
果たす
外す
去る
想い
支え
出せる
上がり
防ぐ
我が
同じく
張る
青い
向き
放つ
暖かい
お伝え
見つめる
受け取る
設け
備え
学び
味わう
食べ物
遠い
書ける
実に
単に
明け
受け入れ
亡くなる
乗せる
努める
有する
広げる
無くなる
下げ
辞める
演じる
本当は
取り寄せる
植える
並べる
取り上げ
回り
仕組み
効く
向い
伝える
焼く
組む
見かけ
折る
味わい
流れる
飛ばす
保つ
包む
救う
入り口
泣き
増える
吸う
受け付け
引き続き
付ける
見た目
着い
速い
細い
拾う
当て
飼う
盛り上がる
ご存知
着く
お出かけ
直し
整う
決める
お父さん
申す
参る
造り
高め
意外と
登り
有難う
日帰り
難い
休む
活かす
並び
選べる
知り合い
正しく
思える
お昼
予め
積む
急ぐ
承る
下る
極めて
満たす
引っ張る
疑い
空く
落ちる
守り
消し
洗う
共に
やる気
回し
混ぜる
取り付け
お答え
間に合う
付き合い
減らす
並びに
治る
やり方
温かい
記す
単なる
真ん中
聞ける
上る
男の子
付き合う
お子様
成る
通し
構う
通じ
探せる
何故か
助かる
盛る
生き物
苦しい
余り
お礼
光る
仲良く
見積もり
集まり
担う
行ける
訪ねる
生き方
愛する
生み出す
応え
従う
古く
問い合せる
割れる
似合う
引き出す
造る
見守る
色んな
加わる
お湯
燃える
外れ
試み
生える
愛す
若しくは
お笑い
出来上がる
分かれ
達す
間取り
誤り
浴びる
許し
上り
お祝い
増し
生まれる
広がり
解く
姉さん
っ子
作り方
危ない
招く
この間
映る
見通し
移す
張り
創る
後で
取り入れ
笑える
築く
持てる
立ち寄る
手入れ
満ちる
高める
何より
見積り
疑う
答える
何だか
重なる
深める
断る
暮らす
この世
易い
固い
その間
高まる
導く
仕入れ
大いに
誠に
混む
お手伝い
数える
曲がる
読み取る
務め
三つ
あり方
興味深い
立てる
現れる
並み
祝い
返る
支える
仮に
割り
破る
上回る
最寄り駅
数多い
心から
採る
止める
配る
争い
書き方
見上げる
果たして
要る
確かめる
飛び出す
通う
お寺
立ち上がる
下ろす
反する
何らかの
太る
済ませる
手伝い
呼びかける
干す
言い方
思いつく
混じる
適す
か月
注ぐ
構え
取れる
兄ちゃん
半ば
買える
探る
観る
兄さん
笑み
預かる
消す
幼い
流行る
あっという間に
移る
例える
要するに
いつの間にか
染め
問い
謝る
言い訳
固め
取り出し
習う
見出し
必ずしも
背負う
未だに
追いかける
丸い
勤め
散る
お断り
著しい
写る
未だ
育ち
苦しむ
負ける
泳ぐ
犯す
収める
建つ
心がけ
次第に
太い
思いっきり
厚い
何となく
盛り上がり
打ち合わせ
有す
照らす
治す
何とも
組み
割る
受け止める
空き
心地よい
我が国
浅い
仕立て
利く
要する
独り言
刻む
固まる
今や
気持ちよい
いい加減
直す
盛ん
読める
果て
好む
前向き
黄色い
見比べる
鳴る
お好み焼き
真っ赤
年寄り
仕上がり
目覚め
在る
有り難い
覚める
代わる
飲み物
成り立つ
冷え
手伝う
属する
何と
名乗る
金持ち
相次ぐ
蒸す
悲しみ
片付け
迷い
見よい
二度と
買い上げ
遊べる
苦しみ
一人暮らし
話しかける
お話し
打ち上げる
唱える
売れる
運び
お子さん
関わり
お正月
お買い得
作れる
接す
盛り上げる
差し
冷やす
田んぼ
直ぐ
話し合い
売り上げ
傷つける
受け取り
友だち
指し
お手数
やって来る
救い
勝てる
飼い主
天ぷら
臨む
収まる
時に
説く
大した
告げ
許せる
裏切る
わが国
引き上げ
気持ちいい
指す
鳴らす
誤る
学べる
通す
取り除く
売り切れ
回す
結び
引き起こす
集める
切ない
動ける
情けない
納める
洗い
群れ
打てる
過ごせる
望み
力強い
作り出す
着る
暴れ
写し
通い
従って
姉ちゃん
余る
命じる
思ふ
選び方
率いる
お家
交わす
故に
座り
欠け
目当て
歩ける
手がける
歩む
面す
お気
味付け
泣ける
閉める
染まる
持ち主
営む
下がり
交える
下げる
着ける
曲げる
発す
足す
直ちに
持ち帰り
万が一
話し合う
見かける
追いつく
産む
務める
歩み
素早い
焼け
日焼け
転がる
作り上げる
お過ごし
に関し
降りる
下す
乱れ
貯める
申し出
切れる
報じる
来れる
測る
先ず
会える
真っ白
改め
組み立て
温める
たどり着く
鳴く
知らせ
敗れる
向き合う
色合い
解ける
通じる
望ましい
便り
等しい
可愛らしい
存じ
属す
明かす
招き
育む
葉っぱ
傷つく
何かと
生る
うつ病
苦い
落ち着き
気まま
見直す
急ぎ
接する
読み方
預け
持ち上げる
やり取り
問い合わせる
立ち読み
出入り
要は
親しい
位置づけ
役立てる
ご存じ
間もなく
生き残る
速やか
強める
時には
装う
争う
習い事
盛りだくさん
分る
助ける
引っかかる
就く
化す
積もる
売り場
売れ筋
貧しい
秘める
中でも
受かる
向ける
好ましい
責め
発する
富む
思い切る
冷める
に関しまして
受け入れる
日差し
取り消し
焼き鳥
講じる
味わえる
見送る
引き取る
ため息
題す
待ち合わせ
向う
仲良し
帯びる
織る
想う
差し上げる
養う
包み
集い
ご苦労
無理やり
一人ひとり
気持ち良い
気まぐれ
大きめ
留まる
暮れ
言い出す
早起き
教わる
取組む
置き場
値上げ
留め
物足りない
昔ながら
因みに
値下げ
食らう
結びつく
祝う
知り合う
終る
引け
乗り物
区切る
試す
増す
仕上がる
現に
折り返し
近づける
お参り
立ち上がり
積み重ね
見下ろす
手持ち
直る
何やら
通り過ぎる
競う
夜明け
貯まる
四つ
何気ない
何ら
着せる
お守り
暖か
論じる
我ら
高まり
動き出す
町並み
名付け
手のひら
働ける
設ける
燃やす
帰り道
追って
重ねる
現す
達する
たこ焼き
引きずる
密か
花びら
多め
呼び出し
化け
操る
日の出
当てはまる
仕分け
厚み
告げる
破れ
欠く
数少ない
入れ歯
使い勝手
先ほど
転ぶ
垂れ
混ざる
貸し出し
討つ
応える
いち早い
和む
手書き
編み
飲める
見送り
当てる
品切れ
要す
気合い
宝くじ
焼きそば
絶える
仕える
思いやり
危うい
お返し
手打ち
呼べる
菜の花
追い出す
痛む
休める
変る
真に
大人しい
見合い
強まる
広まる
期す
細か
真っ直ぐ
当り
母さん
補う
移り
深まる
差し出す
気の毒
損なう
成す
練り
独り
引き受け
落書き
無くす
何だ
聞き取る
見受ける
近寄る
乗り切る
広め
消せる
転じる
次ぐ
文字通り
案の定
制す
空ける
出会える
問いかける
道のり
親しみ
明かり
生む
取り巻く
買い求める
読み返す
石けん
費やす
お宝
計る
向く
栄え
覚ます
持ち帰る
乳がん
整える
行える
強み
表れ
昼休み
降ろす
見当たる
知らせる
言うまでもない
値する
相応しい
夕暮れ
至り
奏でる
訳す
重み
物語る
持ち出し
手づくり
映す
次いで
乗り出す
下し
閉まる
持ち歩く
走り回る
手当て
友の会
生まれ変わる
望める
暮らせる
真っ暗
田植え
立ち止まる
察し
下回る
備える
練る
玉ねぎ
現われる
欠ける
読み取り
出回る
何もかも
返せる
今さら
痛める
語り合う
在り方
立ち向かう
見どころ
着付け
聞かす
取り出す
父さん
合える
極め
停める
満つ
正に
弱る
鳴き声
引き寄せる
付す
出向く
送り出す
車いす
届け出
除ける
を以て
食する
大さじ
生き生き
いた事
逆らう
深み
主として
真っ
真っ黒
泳ぎ
取り外し
名づける
使い分け
大して
夕焼け
見分け
想い出
思い切り
生ずる
思いつき
値引き
延ばす
鳴り
先立つ
集う
付け加える
産まれる
戦える
長生き
絶つ
真っ先
余りに
やり直し
働きかけ
折りたたみ
昼過ぎ
天下り
香ばしい
話せる
お方
丸ごと
意味合い
日の丸
映し出す
待ち時間
老い
大通り
太もも
傷み
分かれる
区切り
見極め
丸出し
裏切り
延べ
取り消す
飛べる
蒸し暑い
灯り
重たい
夕べ
際立つ
結びつける
まとめ買い
絵かき
引き下げ
一向に
待ち受ける
省く
思い入れ
品書き
見慣れる
最寄り
乗り場
身の回り
帰す
見合う
通れる
見習う
打ち出し
早くから
お便り
見失う
人びと
則る
ほうれん草
代え
一段と
やむを得ない
安らぎ
感じ取る
投じる
買い取り
度合い
略す
準じる
課す
お母様
旅立つ
置ける
日ごろ
引き分け
手洗い
何しろ
当る
焼き肉
大げさ
主たる
走り出す
使い捨て
若返る
割り切る
少なめ
利回り
病む
散らし
止む
飛び交う
格付け
終り
照れ
読み上げる
放す
宿る
割り当て
助け合う
愛らしい
積み上げ
順に
見捨てる
刻み
染み
乗れる
何時も
買取る
君たち
取り合う
山歩き
和える
有り得る
行き先
担ぐ
生み
快い
苦しめる
乗じる
位置付け
寄り道
わが家
切り取る
近付く
拝む
鳴き
活きる
見習い
久しい
済ます
子連れ
手助け
片づける
好い
日当たり
組合せ
使いこなす
持ち物
手すり
差し入れ
値上がり
呼び出す
冷え性
墓参り
あっという間
落ち着ける
通行止め
お許し
聖なる
亡き
欠かす
起き上がる
手引き
亡くす
退く
対す
心強い
行き届く
思い立つ
取り上げる
待ち遠しい
閉ざす
乗っ取る
残せる
温まる
旅立ち
別れる
小さめ
定か
眼差し
色づく
絶えず
乗り入れ
読み解く
打合せ
切り口
知らす
飲み屋
見やすい
ただ今
日にち
言い聞かせる
読み物
取り付ける
細長い
貸す
見落とす
進め方
話し方
長持ち
打ち切り
決め手
編む
仕切り
寄せる
目覚まし
申し入れ
仕出し
仕切る
開き直る
きめ細かい
可笑しい
産み
横たわる
損ねる
すき焼き
切り捨て
見回す
見知らぬ
改める
委ねる
好く
ひっくり返す
否める
生き残り
見出す
大いなる
有難い
連なる
年明け
合せ
見なす
推す
受取る
護る
止る
大笑い
分厚い
落ち葉
程よい
気が付く
張り付く
五つ
お供
たんぱく質
言い分
健やか
分かつ
持ち合わせ
不味い
長引く
横切る
平ら
防げる
細やか
洗い流す
構える
遠ざかる
過ち
立ち去る
名乗り
大盛り
温もり
風合い
使い道
断り
語りかける
戸建て
得する
内祝い
計り
資する
似合い
細め
険しい
低め
任す
行き来
飛び降りる
暮し
呼び名
気さく
供する
今にも
兆し
立ち入り
延び
丸める
値打ち
落とせる
見下す
長め
山登り
笑い声
申し立て
仕上げる
盛り合わせ
治まる
紅い
外せる
心構え
張り切る
外れる
組み合わせる
係わる
届ける
神さま
春休み
通りすがり
営み
担い手
書き下ろす
根強い
勝る
当の
折り紙
準ずる
取付け
許可ない
洗える
報う
取り囲む
生き延びる
生きがい
願い事
転がす
走れる
目の当たり
尊い
世に
手がかり
軽やか
歩き回る
取り入れる
実る
追っかけ
取り直す
勤める
生かせる
課する
段取り
取寄せる
呼ばわり
縮む
差す
切り開く
実り
親しむ
差し引く
永い
仲間入り
付け根
あだ名
裏付け
伝う
見立て
試みる
投げ出す
後ほど
着こなし
取消し
極める
塩焼き
探り
志す
取りあえず
何れ
暖める
歯ごたえ
連ね
引き上げる
人差し指
脳みそ
色とりどり
焼き上げる
八つ
授かる
義務付け
お化け
入ろう
博す
直に
待たす
香る
落とし穴
生れ
取り残す
母ちゃん
目覚める
切り上げ
売り出し
勝ち取る
見せつける
裁く
万引き
梅干し
覚せい
飛び立つ
大当たり
祭る
手ごろ
冬休み
見苦しい
見合わせ
大まか
買い取る
持ち運び
定まる
混ぜ合う
引き返し
見入る
いつの間に
泣かせる
申し付ける
見張る
名高い
台無し
男らしい
投げかける
住める
暴く
手放し
に際し
上乗せ
笑わせる
生まれ変わり
晴れる
立ち並ぶ
映り
取りまとめ
備わる
今ひとつ
授ける
明け方
表わす
お年
お子さま
映え
清める
命ずる
講ずる
色っぽい
立ち直る
乱す
切れ味
治める
化け物
書き出し
手ぬぐい
夢見る
お札
垂らす
持ち出す
お決まり
点く
足取り
善い
先行き
持ち味
何せ
縮める
届け先
顔立ち
先取り
下りる
落し
ろ過
先送り
果てしない
みじん切り
晴らす
散らす
四角い
責める
あの世
根っこ
解す
気付け
評す
配し
七つ
末永い
何一つ
一休み
映える
思う存分
植え付け
動き回る
果たせる
挙がる
使い切る
苦笑い
長らく
降り注ぐ
思いこむ
空き地
晴れ間
投げつける
前もって
成り立ち
切り出し
かき氷
言い回し
研ぐ
写り
浴びせる
口当たり
探し出す
災い
負け犬
焼き物
求む
聞き入る
木の実
遊び心
分り
水洗い
遊び場
お似合い
極まりない
同い年
取り返し
和やか
お手本
飛びつく
交じる
出だし
気配り
義務づける
選りすぐる
保てる
見返し
売上げ
梅雨入り
絵の具
出くわす
茶色い
親知らず
思い起こす
清い
飛び回る
幼なじみ
芽生え
肺がん
格好いい
真っ最中
受付ける
居座る
固める
失せる
言い張る
身動き
熟す
総じて
起る
作り直す
写す
恩返し
生き返る
根ざす
お花畑
対する
合わす
断つ
過ぎ去る
気取る
済まない
帰れる
聞き流す
和らげる
断ち切る
見切り
見返り
群がる
お年玉
直せる
割く
まつ毛
里帰り
囲い
追いやる
気まずい
傷む
食い物
重んじる
忘れ物
ぶら下がる
言い放つ
指さす
思い通り
うろ覚え
切り落とす
見晴らし
見栄え
言い伝え
降り出す
働かせる
顔つき
退ける
改ざん
見せかけ
生ける
安っぽい
見覚え
はみ出す
教え子
見張り
裏返し
味わい深い
手放す
散らばる
交わる
飛び散る
差し支える
死す
後回し
向かい合う
潔い
泳げる
真っ青
係り
老ける
見開く
思い当たる
食える
小さじ
見いだす
生い立ち
風通し
間合い
心当たり
引き金
冷える
乗っかる
それ程
遠回り
お済み
助っ人
手応え
類する
木の葉
ひと言
平然と
お気づき
放る
暴れる
見極める
考え直す
後ろ姿
使いこなせる
箱入り
組める
情け
巻き上げる
打ち明ける
決めつける
行き過ぎ
折れる
手造り
思いやる
根付く
ごま油
見とれる
顔ぶれ
思い返す
遺す
極み
静けさ
打ち切る
生きもの
慣らす
安らか
ひび割れ
総て
申し分
程遠い
損する
司る
行きつけ
清らか
小ぶり
歯止め
前売り
射す
小高い
空しい
つき合う
祝い金
父ちゃん
雨上がり
預ける
雪だるま
受けとめる
食いつく
読み直す
立て続け
お産
前置き
人見知り
疑わしい
折りたたむ
海沿い
巻き起こす
全う
口ずさむ
酸っぱい
喜ばしい
引き立て
納まる
売り物
染める
当てはめる
置き去り
線引き
お供え
片思い
創り出す
長続き
行き着く
歯並び
張り紙
手っ取り早い
耕す
気取り
貸し切り
見せ場
導き出す
不向き
増やせる
放り出す
陽射し
照り
丸見え
たった今
処す
天の川
飲み干す
逆さ
売れ行き
語らう
見届ける
安売り
白っぽい
千切り
移り変わり
思い知らす
囲う
つま先
わが子
無性に
申しあげる
お作り
切に
送れる
集る
切り札
成り行き
消え去る
引き合い
種まき
言い過ぎ
お立ち
水遊び
見つけ出す
切らす
息苦しい
ご利益
かき混ぜる
表向き
お呼び
害する
羽ばたく
見開き
盛り付ける
引き返す
泣かす
弱まる
人殺し
立ち会う
追い求める
上書き
ついて行く
買い付け
読み書き
山積み
基く
日に日に
打ち出す
立て直し
むき出し
子持ち
勢ぞろい
裁き
借り入れ
手取り
ひっくり返る
因る
耳鳴り
書き上げる
飛び出る
印象深い
吸い取る
心温まる
受け皿
ひな祭り
出し入れ
冷ます
我が身
片付く
幕開け
歌える
まな板
相まって
広める
ぶら下げる
垂れ流し
秋祭り
皮切り
言い合う
追い風
引き続く
お目にかかる
夢みる
片付ける
読み手
思いがけない
腹立つ
専ら
遠のく
見付け
報い
引き受ける
取り調べる
空っぽ
肉まん
この上ない
解き放つ
効き目
正す
起し
足りる
注意深い
刷り
赤み
囲み
給う
使い物
行き交う
長ける
期限切れ
見積もる
短め
値動き
下らない
ぬるま湯
茶の間
上向き
命がけ
解き明かす
人間らしい
どん底
息づく
身代わり
下取り
見過ごす
買い方
買い手
出入り口
築き上げる
交ぜる
何だかんだ
左利き
連れ出す
切れ目
流れ星
お初
思い思い
丸み
引き立つ
手早い
移り住む
立たす
弱める
書き手
害す
草の根
呼び捨て
心待ち
後ろ向き
値下がり
木の下
見応え
温かみ
出し合う
打ち破る
欲張り
立会う
ご時世
持ちかける
備え付け
生き残れる
書き直し
回せる
色あせる
操り
真っ盛り
決す
断じて
気にいる
競い合う
規則正しい
忘れ去る
焼ける
お山
出直し
住まう
合わさる
見ごたえ
取り合い
早まる
昼下がり
人並み
束ね
和らぐ
気がかり
変わり目
酒造り
通ずる
真っ向
引き出物
漁る
聞える
手放せる
取っ手
拡がる
手直し
悲しむ
つ折り
人通り
見分ける
帰り際
弱み
行く末
遊び方
受入れ
山並み
降り続く
持ち上がる
買上げ
見計らう
信ずる
胃がん
息切れ
手厚い
待ち構える
追いつめる
下り坂
取り引き
取り立て
待ち望む
羽織る
腹立たしい
見にくい
呼び寄せる
空売り
延びる
そよ風
雪解け
宮参り
食い止める
手の平
つかの間
物言い
感ずる
今どき
顔出し
聞き手
黒っぽい
存する
立ちはだかる
推し進める
暖まる
立ち回り
末っ子
思しい
悪しい
縄張り
交わり
大根おろし
敬う
太め
目新しい
守れる
至って
秋晴れ
殺る
奏す
組み立てる
言い返す
束の間
曲る
初日の出
宿す
流れ出る
卵焼き
生まれつき
供え
勝ち負け
肉じゃが
売り出す
発つ
画す
立ち入る
平たい
目の下
食器洗い
練り歩く
顔合わせ
変り
興す
投げ捨てる
時間切れ
比す
か国
時として
会す
下書き
織りなす
買出し
然し
燃え上がる
乱れる
世にも
取り組める
語り口
取り付く
と同時に
見づらい
証す
山盛り
肥える
欲する
腹の中
素通り
手間取る
確固たる
重ね合う
商い
拡げる
古び
仲直り
連れ去る
追いつける
縮まる
見せ付ける
度重なる
心がける
目論む
見出せる
たどり着ける
数え切れる
ひと味
辞す
思い知る
竹の子
買いもの
ひき肉
余す
背ける
買い出し
強がる
見破る
泣く泣く
傷める
来す
こぼれ話
働きかける
舌打ち
奮う
難なく
乗り切れる
居合わせる
青白い
関す
お次
雨降り
泣き声
暮れる
こみ上げる
適う
後片付け
草むら
やむを得ず
馬鹿馬鹿しい
見あたる
走り去る
聞き返す
やり直す
持ち直す
念入り
差し歯
折り合い
愛せる
遠ざける
語れる
挙げ句
別売り
取り置く
見やる
吸い上げる
引ける
荷造り
歩み寄る
聞き出す
過す
お力
飛び乗る
見放す
地すべり
日当り
引き落とし
仕留める
お目見え
黄ばむ
土砂降り
言い切る
空回り
採れる
信ぴょう
炭焼き
お開き
制する
不慣れ
お預け
背もたれ
顔見知り
持て余す
留める
反り
波乗り
使い手
朝焼け
高らか
飛び入り
お日様
使い分ける
仕打ち
目玉焼き
六つ
愛し合う
著い
住み着く
打ち消す
閉じこもる
動じる
てんこ盛り
散りばめる
見向く
空き家
心ゆく
お構い
切り返し
安上がり
かみ合う
考え出す
酒飲み
取り決め
出合う
異に
足止め
組立て
横ばい
ひと月
あっと言う間に
喜べる
輪切り
残り少ない
水切り
ほど遠い
運べる
生やす
お仕置き
元通り
人ごみ
持ち株
形作る
お茶屋
巻き返す
草取り
起こせる
破たん
結び付ける
黒ずみ
打ち合う
山の幸
出し切る
易しい
的外れ
かみ合わせ
面白み
思いがける
真っ当
張り出し
割れ目
小刻み
通り道
代り
言い残す
春巻き
灯す
すき間
茶の湯
言わす
散らかす
省ける
傷付ける
年老いる
裏打ち
お受け取り
切り分け
愛でる
治せる
比べ物
ため池
競り
道しるべ
流れ出す
手ぶら
仕返し
仕組む
面持ち
女らしい
人だかり
手探り
むし歯
落ちつく
受け持つ
湯たんぽ
仕入れる
積み立て
張り合う
絶する
指し示す
自ずと
明ける
寄り付き
利上げ
取り返す
力む
落す
共働き
念じる
に対しまして
言わば
くり返し
香ばい
積める
心残り
呼び止める
論ずる
思い付く
科す
処する
川遊び
勇ましい
言いなり
吸い物
高み
生す
拝める
月明かり
中る
張れる
安らぐ
追い上げ
向かい側
食べもの
容れる
登れる
洗い場
取り巻き
雪かき
小分け
付け足す
底上げ
真新しい
暑苦しい
向き直る
飼い犬
小回り
笑い話
今一つ
絶え間
焼き魚
一番乗り
持ち前
っ放し
乗っける
裏付ける
案じ
穴あけ
付け方
申し受ける
受け付ける
横向き
証する
切り取り
名指し
売り手
取調べ
不意打ち
読み応え
取りかかる
取り下げ
にじみ出る
決する
編み物
買い得
飲ます
口出し
落ちこぼれ
馬鹿げる
呼び起こす
散らかる
切り身
聞き分け
織り成す
きな粉
何でもかんでも
打ち勝つ
引っ
組み入れる
建ち並ぶ
風向き
思いきり
興じる
厚め
はみ出る
売り子
程なく
裏切り者
何もの
救える
腹ごしらえ
省みる
物干し
口説く
でっち上げ
背く
後ろめたい
心細い
さらけ出す
急きょ
面する
結う
家探し
間仕切り
受け取れる
外回り
切り捨てる
通せる
顔負け
多少なりとも
題する
丸洗い
見切る
空き巣
出来栄え
行き止まり
お孫さん
照れくさい
極まる
起す
送り火
追い付く
使い果たす
平らげる
ぶっ飛ばす
下調べ
生暖かい
泳がせる
張り上げる
下向き
売切れる
手つき
皮ふ
出し物
必ずや
折り曲げる
活ける
生まれながら
入り乱れる
相成る
預り
冷す
手ごたえ
刷る
大急ぎ
お早う
取りやめ
何ぞ
聞きつける
忘れかける
引き戸
建て直す
危ぶむ
尊ぶ
重苦しい
生け花
通える
申しわけ
拾い上げる
大き目
わが身
出合い
小売り
重なり合う
名ばかり
不確か
朝っぱら
往く
貸出す
山の神
二の丸
見聞き
水割り
もんじゃ焼き
転び
経る
厳か
思わす
利食い
お上
まかり通る
冷やかす
探し回る
入れ物
引っぱる
夢にも
乗り降り
火入れ
引き付ける
明け暮れ
立て直す
差し止め
座れる
来たす
けが人
得意げ
様変わり
飛び上がる
見回り
せん断
指せる
先走る
横取り
冷ややか
ほうじ茶
語り手
絵はがき
行き場
絶やす
ほろ苦い
日干し
受け身
やり過ごす
引出し
かき集める
垂れ下がる
入り組む
建ぺい率
色分け
牛耳る
慣れ親しむ
下手くそ
野放し
見もの
垂れる
仲良い
数の子
かわら版
取り去る
お手上げ
障る
すっ飛ぶ
根こそぎ
出歩く
見かねる
解する
よもやま話
本立て
水増し
少い
人となり
休まる
待ちかねる
勇気づける
身の上
表れる
切り出す
打ち解ける
夜な夜な
棒読み
値切る
身だしなみ
日持ち
心苦しい
さり気
年取る
移ろい
残れる
巣立つ
売り買い
ふき取る
かつお節
歯切れ
表せる
うま味
結び方
容易い
花き
死にかける
似せる
受け手
出っ張る
裏づけ
目利き
取り出せる
買付け
受け流す
湯けむり
口付け
編み出す
持ち寄る
骨組み
付きまとう
格上げ
解らん
痛ましい
見て取る
根っから
お告げ
量る
暗に
勤しむ
口走る
反る
歌い手
夜遊び
静まり返る
細切り
蒸れる
立ち会い
青ざめる
三つ葉
向かい風
連ねる
お幸せ
一人っ子
最たる
受け売り
歯ぐき
かけ声
大金持ち
負かす
ひな人形
人混み
積み木
逆立ち
放し飼い
待ちわびる
間引き
お祭
虫除け
手始め
波打つ
米ぬか
組み立る
知ったかぶり
かもし出す
事欠く
筋合い
石ころ
格下げ
取り外す
見ず知らず
焼き付け
活き活き
立ち見
看取る
大引け
水たまり
苦み
強いる
しょう油
返り討ち
曲がり角
宝探し
下ごしらえ
試せる
売れっ子
二の次
物忘れ
書き残す
立ち返る
よじ登る
引き止める
読み取れる
手強い
似る
紙おむつ
心持ち
思い出深い
道連れ
関する
出ろ
引っかける
行く手
水はけ
裏通り
落つ
配す
くじ引き
積み重なる
利下げ
成り下がる
道行く
立ち退く
整然と
わかり易い
貸し付け
売りつける
もも肉
殺し合い
血まみれ
発がん
覚え書き
手立て
取り急ぎ
浅はか
お先に
切り刻む
受け答え
船乗り
育て上げる
太刀打ち
灯る
売れ残る
明るみ
紙切れ
泣き虫
問いただす
閉じこめる
熟れる
一回り
立寄る
生みだす
乗り気
耳かき
居残る
打ち付ける
蔵出し
ごった返す
立ち上る
歌い上げる
化ける
売れ残り
勝ち残る
果す
馬鹿らしい
湯の花
飲み食い
感じとる
雨宿り
送り先
勇む
考え事
補い
赤とんぼ
夜泣き
似通う
切り盛り
食わす
祝い事
かき消す
お宮
ふる里
ごみ箱
読み出し
和気あいあい
移り変わる
産める
処方せん
心配り
足もと
上がれる
位置決め
落ちぶれる
天引き
割り出し
然るべき
築ける
赤らめる
聞き覚え
力持ち
借入れ
片想い
引き立てる
小走り
明い
気高い
目盛り
欲張る
温い
運び出す
討ち取る
逆さま
歯みがき
落ち度
勤め先
取り合わせ
申し出る
引き下げる
素焼き
満たせる
水浴び
買わす
身なり
呼び声
引き下がる
書き留め
香典返し
筋書き
は種
持ちこたえる
足し算
かき回す
悪しからず
愛くるしい
寄せ付ける
雲行き
照る
火照る
作り話
人付き合い
ほど近い
任じる
思いきる
下回り
折り返す
照れる
残り物
石造り
人知れず
引上げ
当り前
気休め
冷や
当て字
駅前通り
店構え
ちゃぶ台
もぎ取る
おとぎ話
色付く
木の芽
一人ぼっち
耳障り
食いしばる
波打ち際
言いがかり
けん引
ご用
巻き付ける
毛並み
取り次ぎ
思い直す
丸まる
座す
縮れる
極めつけ
高ぶる
花盛り
手出し
言わずもがな
練り上げる
送り返す
血の気
晴れやか
気晴らし
湯のみ
安め
後ろ足
分け合う
名残り
そびえ立つ
三の丸
お出で
道すがら
置き忘れる
山開き
結び目
持たす
痛めつける
立ち話
目まぐるしい
水しぶき
追い返す
おすそ分け
切り傷
腹いっぱい
酒好き
行く先
巣立ち
飛び道具
話し相手
断わる
ほ場
適する
い草
静まる
先回り
すり身
暗がり
守り神
昔ばなし
読み切り
打ち立てる
取り乱す
行き帰り
高鳴る
石積み
新入り
火消し
書き記す
作付け
焼き付く
位置づける
図れる
拡がり
早わかり
だまし取る
真っ白い
打ちのめす
補てん
変わり者
手織り
行き方
肥やし
役どころ
力いっぱい
修め
立ち直り
救い出す
太っ腹
熱っぽい
降り積もる
和え物
探し求める
物入れ
送り届ける
思へる
お玉
山あい
草分け
大人びる
連なり
勝ち進む
とり方
焼きうどん
流れ落ちる
組み上げる
手編み
落っこちる
日めくり
目障り
賃上げ
調う
殺せる
日暮れ
取りつける
捨て去る
横並び
見限る
代える
楽ちん
危なっかしい
圧し
間借り
引受け
張り付け
果ては
お通し
後ずさる
言い争う
ご都合主義
大はしゃぎ
奮い立つ
北の方
今に
禁ずる
秒読み
目出度い
のし紙
手招き
先読み
投げやり
動きだす
蒸し返す
笑いかける
持ち家
立ち往生
書き出す
下ろせる
告ぐ
心して
横書き
物書き
割り当てる
へき地
上向く
歯がゆい
流れ着く
改まる
旧い
減じる
手提げ
考えつく
読み比べる
垂れ幕
察する
素っ気
粉じん
沖合い
善し悪し
勝ち星
夏みかん
起つ
結論づける
遊び人
使い古す
立ちあがる
打上げる
どんでん返し
物差し
打ち上げ花火
就ける
黒ずむ
か弱い
帰りがけ
言いよう
身構え
出っ歯
割引き
つまみ食い
回れる
泣きつく
ただ中
速める
代る
腹黒い
文字どおり
存じ上げる
照りつける
手ほどき
何時の間にか
気付かす
打ち水
目と
枝垂れ桜
見て取れる
仕送り
茶化す
働き者
口説き
干ばつ
染め上げる
相容れない
有り様
洗い物
ひと目
乗り移る
乗り上げる
腹いせ
日向ぼっこ
物好き
持ち寄り
物申す
切り立つ
平が
もみ合う
取り分け
近しい
こき使う
手の内
郵便受け
火の玉
書き直す
労う
知らん顔
射る
飛び起きる
平泳ぎ
ぶった切る
お人好し
言いつける
打ち止め
罪深い
体つき
厚かましい
探し当てる
関連づける
根回し
麦わら
立てこもる
首切り
区分け
にごり酒
盛りあがる
見殺し
転げ落ちる
お母ちゃん
ねつ造
結べる
皮肉る
折り目
入れ直す
作りだす
小出し
口づけ
燃やせる
香の物
生ぬるい
手付かず
水っぽい
飛び火
火の粉
足がかり
使い慣れる
編さん
しわ寄せ
問える
供え物
借り物
命取り
引下げ
客引き
洗い出し
しめ縄
歯ぎしり
演ずる
呼び覚ます
足並み
話し声
真っすぐ
急かす
早める
果てる
お母さま
染み付く
売り切れる
引きずり出す
差し置く
付する
移せる
三つ子
秘か
研く
貸し出す
通りかかる
行かす
見せびらかす
まん丸
書き写す
起きあがる
風変わり
日の目
破れる
何たる
大当り
持ち去る
虫食い
生まれ故郷
手ごわい
ならず者
成りすます
これ程
あて先
人さま
作りあげる
ろう者
蒸し器
耳打ち
ぶっ殺す
あの手この手
思い出せる
そら豆
質す
朗らか
鼻くそ
生え際
有り余る
提げる
格好よい
ふ頭
解せる
願い出る
切り花
近付ける
真後ろ
物静か
究める
投げ入れ
草むしり
道ばた
物知り
親ばか
時の間
人任せ
取り仕切る
際どい
こじ開ける
地べた
表書き
蒸らす
漁り
家作り
お先
若い衆
指折り
思い上がる
泣きじゃくる
期する
臨める
よそ者
湯上り
すべり台
早送り
起き出す
耳たぶ
一点張り
蒸し焼き
切り株
手だて
助け出す
受けとる
差し引き
見いだせる
解き方
能書き
筋金入り
事なき
女好き
桜えび
頭打ち
月並み
言い様
ふ化
季節外れ
取り付き
丸焼き
印象づける
夜通し
盛り返す
大回り
お立ち台
取りそろえる
消え失せる
引っかく
上げ下げ
仁王立ち
名乗り出る
成り上がる
報いる
泣き顔
割り引き
見付かる
前のめり
王さま
持ち時間
日増しに
取りあげる
取りこぼす
貴い
分かれ道
働かす
服す
重り
読みで
心無い
立ち合う
開け放つ
引き算
流し台
取立て
見てくれ
暗む
決め方
追い打ち
借り手
精いっぱい
申し合わせ
くせ毛
独りよがり
救い主
金貸し
かき分ける
に当たりまして
落ち目
打ち取る
物悲しい
耳寄り
見納め
枝分かれ
野焼き
反らす
やり直せる
引き出せる
まん中
面食らう
つり橋
祝す
曲がりくねる
ひと休み
取り回す
言の葉
読みとる
面取り
取次ぐ
選び出す
回り道
連れ帰る
思い付き
合い言葉
お父ちゃん
引きつけ
ひ弱
話し出す
少な目
表する
湯飲み
栄える
似つかわしい
送り状
ご苦労さん
古めかしい
送り主
降りしきる
言い表せる
乗り回す
立てかける
お出まし
落ち合う
上積み
底なし
引続き
車止め
赤黒い
積み重ねる
生きざま
果して
切りつける
入れ子
入れ忘れる
青のり
地合い
時たま
高じる
泣き言
届け出る
ご苦労さま
お手玉
持ち運ぶ
けん制
笑い飛ばす
赤ら顔
体たらく
早変わり
火付け
細切れ
応ずる
片や
思いの外
役回り
最果て
食い入る
視る
破く
か細い
ご来光
ほくそ笑む
務まる
名だたる
見せしめ
住み慣れる
満ち足りる
間にあう
暖かみ
焼き立て
引き合う
感極まる
一区切り
比べもの
大がかり
見知る
中休み
生まれたて
切り下げ
困り果てる
先ごろ
作り物
打ち合い
植わる
病みつき
季節はずれ
住みつく
言い出せる
色直し
結び付く
まき散らす
お引き受け
言い当てる
採り入れる
どす黒い
手こずる
ぶり返す
分かれ目
大の字
心もとない
遠巻き
物思い
然るに
討ち入り
耳鼻いんこう
気味が悪い
真直ぐ
下支え
通りがかり
原っぱ
帳消し
号する
元気づける
たまり場
見返す
乗り入れる
仕向け
高笑い
片割れ
言い表す
近ごろ
打ちつける
聞き耳
招き入れる
晴れ晴れ
造り上げる
売り飛ばす
破ける
負わす
転げる
家並み
起り
供える
思いとどまる
気難しい
お下がり
後書き
歯応え
先だって
久方ぶり
見い出す
物言う
見合わせる
笑む
見通す
宿り
話し言葉
花開く
大人げ
打つ手
寄り付く
流せる
名付け親
目覚しい
打ち返す
割当て
乗り合わせる
食べごろ
貸せる
表立つ
暮す
地の利
酒盛り
出そろう
横たえる
歩み寄り
食い下がる
本通り
病み上がり
直ぐに
割ぽう
反り返る
盛合せ
一心に
往き
思わせぶり
手つかず
後の祭り
感じ取れる
食む
間延び
九つ
明り
束ねる
連れ合い
半そで
切捨て
近付き
思い起こせる
後ろ手
お歌
相乗り
借り上げ
量り売り
着こなす
目くじら
写せる
興ざめる
入りこむ
目移り
関が原
出過ぎる
干せる
口直し
飛び石
気張る
捨て身
追っ手
白ける
切り売り
でん粉
借り受ける
法る
不治の病
追い回す
巻ける
三が日
静める
立ち姿
止す
世直し
かぎ針
取上げる
風当たり
引きつける
物まね
生み出せる
ねじ曲げる
取り留める
割り引く
優る
立ち居
関の山
気味悪い
打って出る
相手取る
つや消し
手遊び
悪あがき
口止め
身売り
染みる
義務付ける
確たる
ひと安心
野ばら
立て札
話合い
切っ先
吸い寄せる
貸し借り
引き入れる
根深い
がま口
回りくどい
気負う
受け持ち
切り干し
入り交じる
は虫類
力任せ
表通り
お呼ばれ
乗り合い
何ごと
株分け
投げ飛ばす
言い寄る
採り上げる
付き合える
際だつ
切り上げる
幕の内
立ち回る
折れ曲がる
飛びかかる
板張り
売りさばく
やり場
毛深い
芽生える
取外し
手厳しい
別れ際
深入り
裏返る
せき止める
付け合せ
味つけ
やり手
ひと息
本読み
見定め
事細か
寄せ書き
取りだす
呼びつける
持ち回り
気だるい
引張る
春めく
二の足
鏡開き
苦肉の策
利き手
雪の下
半開き
組み合わす
平に
小太り
立ちふさがる
大ぶり
打ち寄せる
家の子
色付け
積り
居直る
口うるさい
危なげない
花しょうぶ
通り名
分ち
細る
さざ波
心置き
日取り
馬乗り
打ち直す
気負い
引きちぎる
図太い
見通せる
足かせ
拾える
明るむ
買い置き
組み方
か条
形づくる
取りざた
見取り図
か年
深追い
競り合い
言いふらす
あぜ道
両さん
ぶつ切り
悪ふざけ
織り上げる
決定づける
晴れ着
画く
笑わす
用心深い
連れ立つ
思わしくない
つくり出す
出来映え
真ん前
毛頭ない
干からびる
気安い
すい臓
仕立てる
能無し
目減り
手伝える
失す
急ぎ足
打ちっぱなし
青み
あざ笑う
燃え盛る
感じ入る
水飲み
積み上げる
本降り
品ぞろえ
川流れ
ぶどう酒
うな重
団らん
折しも
かき立てる
小降り
手分け
青じそ
古くさい
則す
初乗り
音読み
背中合わせ
うめき声
品定め
真似る
小競り合い
造り酒屋
完ぺき
横流し
笑い転げる
重ね重ね
先んじる
息づかい
負い目
またの名
たき火
みやげ物
夢の島
力ずく
飛び地
遠まわし
気づかう
射止める
目覚ましい
きき酒
言い返せる
そそり立つ
落し物
かがり火
追い立てる
立ちすくむ
着こなせる
干上がる
根づく
因む
紙くず
仲間はずれ
話し手
貸切り
付き物
取り止める
つけ加える
受け口
無理強い
頭でっかち
口利き
明け暮れる
早とちり
引き際
円い
確り
のし上がる
聞き書き
開けっ放し
張り出す
たたき台
地域おこし
黒光り
出張る
わき腹
木の間
下せる
活気づく
決る
五月晴れ
遠回し
役だつ
統べる
受けつける
書き取る
つり具
降す
食らいつく
脈打つ
胸焼け
いで湯
交す
上と下
事足りる
仲よく
仕上り
思いだす
悪びれる
向こう岸
持ちこむ
別れ話
縮こまる
皿洗い
呼びかけ人
聞き取れる
花祭り
集り
折れ線
合し
やり口
けん玉
つかみ取り
丸っこい
申し子
日の入り
拾い読み
弁える
終わらす
読みきり
当たり障り
街なか
病み付き
立ちこめる
真っ黒い
手痛い
張り切り
造り出す
小口切り
口ぶり
巣食う
推し量る
目ざす
清清しい
持ち歩ける
選る
戦ふ
考え付く
勤まる
取り分
操れる
後れ
案ずる
かけ算
だだっ広い
つ折
取り持つ
回し者
似つく
前書き
走らす
日照り
手回し
中通り
ど根性
しゃしゃり出る
持ち運べる
左巻き
出で立ち
寄りかかる
でき上がる
買い入れ
焼き討ち
食い初め
作りたて
引き延ばし
細める
作り出せる
焼け野原
日射し
手間ひま
取り入る
割り増し
庭付き
朝帰り
人助け
登りつめる
茶わん
切り返す
やり返す
泣き笑い
組み付ける
在りし
討ち死に
麦打ち
過半数割れ
たたき出す
独り暮らし
ご法度
お節
上の空
血迷う
静まりかえる
習わし
ぶどう糖
客寄せ
白む
報せ
言い草
買いあさる
浅ましい
立ち寄れる
持ち場
願いごと
植え付ける
買いだめ
申し立てる
引き留める
目やに
思いつめる
つくり上げる
物売り
糸巻き
顔なじみ
羽織り
魚の目
盛りつけ
能う
売出し
鳴り出す
編み上げる
参じる
張りつめる
息巻く
定まり
と金
笑いもの
読みふける
場当たり
語りあう
付き人
相打ち
目の敵
人当たり
枝垂れる
預け入れ
絶え絶え
共食い
花だより
お新香
焼入れ
飼える
美しくも
よそ見
引き当て
型破り
老いる
解きほぐす
お天道様
射つ
書きとめる
計らう
にわか雨
き損
降り立つ
受け方
片づく
感づく
象る
暴れまくる
殺める
福の神
弱き
落とし物
くみ上げる
接ぎ木
小気味よい
申し述べる
身寄り
死する
祭り上げる
乗りこむ
湯通し
地上げ
行きつく
言葉づかい
訳せる
足せる
休み休み
秋まつり
もらい泣き
野暮ったい
設える
群れる
取付ける
進み出る
寄り合い
染み入る
変わり果てる
見易い
かく乱
お家芸
生れる
否や
出来損ない
竹とんぼ
毒づく
取り交わす
当たり年
座が
遊ばす
輪っか
約す
一つ覚え
じゃじゃ馬
夏ばて
待ちかまえる
じん肺
店じまい
鳥かご
不届き
書き物
何とぞ
意地っ張り
勢いづく
下積み
宙返り
片寄る
仕切り直し
世の常
割り算
夕映え
日割り
服する
つり上げ
裏ごし
湯上がり
前かがみ
古ぼける
住みかえる
差し向ける
待てる
学び舎
息の根
へし折る
興る
一人暮し
種明かし
障り
手合わせ
こき下ろす
取り除ける
買い漁る
打ちまくる
手広い
なめし革
竹やぶ
切れ間
見回る
板の間
復す
食いつぶす
当せん
書き初め
閉め切る
平手打ち
うるち米
吸い出し
血みどろ
寄り切る
がぶ飲み
割り切れる
宗と
気後れ
木こり
見栄っ張り
手合い
日除け
仮住まい
帯留め
優に
さ迷う
はじき出す
合いの手
手習い
打ち身
お神酒
言いだす
放れる
大みそか
取り外せる
分つ
変じる
野太い
しっぺ返し
小じわ
点る
点てる
均しい
立ちつくす
見直せる
折り重なる
子守り
引き回し
せん切り
手まり
笑い事
訓読み
蒸し物
お達し
焼け石
待ちくたびれる
横付け
機織り
目配り
歩留まり
いがみ合う
自ずから
心許ない
有終の美
むち打つ
忘れっぽい
身じろぐ
今しがた
灯ろう
ひ孫
書きなぐる
かいま見る
練り直す
馬の骨
冷え冷え
過る
伝え聞く
問い返す
我が物顔
虫けら
言い終わる
切れ長
とり入れる
位置付ける
口ごもる
割り出す
取り返せる
もみ消し
お里
見知り
身の程
身の毛
量り
内張り
うら若い
見まね
乗りこなす
内回り
うたい文句
序の口
つなぎ目
夕やけ
輪投げ
お引き立て
西向き
水あめ
不幸せ
慣れっこ
まくし立てる
古る
大入り
波立つ
呼出し
我と
土俵入り
間引く
植付け
背びれ
時おり
心変わり
例へば
修する
巻き付く
お古
背泳ぎ
出直す
落ち武者
引っ張りだこ
ご多分
米どころ
いぶし銀
楽に
上し
絹ごし
降らす
知らんぷり
頭ごなし
問いつめる
並べ立てる
血走る
勤め人
存ずる
呼び出せる
上っ面
得てして
仕立て屋
お座
おろし金
油っこい
はけ口
消え入る
乗り過ごす
見つけだす
裁つ
暑がり
見せかける
かっ飛ばす
帰り支度
折り合う
手慣れる
どしゃ降り
待ちぼうけ
かん水
病める
ぶ厚い
ふんぞり返る
弱弱しい
曲がりなりにも
出しゃばる
飛びこむ
陸続き
化けの皮
にらみ合う
目配せ
うっ血
競り勝つ
立ち行く
付き従う
読み切る
中ごろ
幕切れ
水差し
くじ運
肉付き
折返し
吸える
照れ笑い
満ち欠け
立ち消え
練り物
付け合わせる
川べり
船着き場
思い残す
立ち木
鳴り物
人受け
たい肥
好き好む
独り身
投げ銭
続けざま
松ぼっくり
浅黒い
残り香
書き散らす
数え年
白和え
敵討ち
石組み
律する
密やか
手付き
花やしき
耳慣れる
連れ子
風の子
根差す
流し入れる
裏返す
手並み
お住い
律す
木くず
洗い上げる
調える
申しつける
示せる
立入る
差止め
食い意地
青っぽい
考えもの
一先ず
切りかえる
勝ち得る
二つ返事
半殺し
居合い
気落ち
貯え
目ざとい
申入れ
食らわす
書き入れ
終に
火の車
生温い
大ざっぱ
巣くう
交う
別ける
思わしい
目付き
すり減る
乗り手
生易しい
花便り
夜回り
ねばり強い
写し出す
競り合う
然しながら
流る
注げる
聞きかじる
やり合う
持ち合い
組み直す
身構える
事始め
もの悲しい
言い直す
街かど
言い捨てる
測れる
高利回り
責め立てる
山分け
火遊び
断固たる
平謝り
出来合い
食い気
張り手
消し飛ぶ
高望み
居着く
化かす
負け戦
由る
花冷え
お礼参り
列する
取出し
向かえる
書下ろし
持ちきる
転ずる
思いっ切り
亡びる
血祭り
並外れる
盛り土
独り立ち
代わり映え
野ざらし
真向かい
せり出し
水入らず
補える
案じる
評する
雪下ろし
強か
賃下げ
土のう
待受ける
引き落とす
気乗り
いきり立つ
枝打ち
洗い落とす
追っかける
暴れだす
湯浴み
独りぼっち
放せる
目通り
覚ませる
投げ売り
張りつく
地続き
切通し
上げ潮
島流し
切り通し
数寄屋造り
導ける
身ごもる
まん延
男勝り
流し目
札入れ
招へい
永らく
光らせる
焼き飯
引っ付く
見せ物
見きわめる
損じる
乗りきる
落ちこむ
骨折る
見おろす
おびき寄せる
手植え
変わり種
肥やす
底入れ
乗り捨てる
守り本尊
並び方
取り続ける
白あん
ひと足早い
負けん気
考へる
相づち
すり寄る
利かす
仕る
心行く
紅しょうが
胸ぐら
差し障り
産す
神がかり
慣わし
分け前
右寄り
死に際
心地好い
親しめる
食あたり
乱切り
居並ぶ
命からがら
お上手
救ける
お多福
付合い
書き言葉
両開き
晴れ上がる
切り分ける
拾い物
未練がましい
やっつけ仕事
火まつり
巻きこむ
得難い
名付ける
産み落とす
手向け
変り種
乗り組む
点す
読みかける
中だるみ
盛り場
聞き上手
長らえる
置いてきぼり
年がら年中
鳴り物入り
気もち
上がったり
厳に
成り済ます
次の間
身の程知らず
貸し付ける
底冷え
根付け
くつ下
色あい
酸い
すそ野
わきの下
利する
見過ごせる
冷や冷や
染みつく
積み残す
集まれる
死に絶える
結び付き
舌足らず
命拾い
過ぎ行く
お点前
目がける
引き潮
得がたい
写し取る
首根っこ
置き時計
湯冷め
ひしめき合う
地鳴り
引っさげる
買入れる
飛び上がり
着流し
放ったらかし
言いくるめる
棒立ち
かち合う
塩もみ
すり合わせ
四つんばい
申し入れる
先細り
見初める
走り書き
生きのびる
血なまぐさい
仲間割れ
言い出しっぺ
寄れる
飛び出せる
取りまとめる
候う
引き返せる
むかし話
成さん
寄りつく
住い
言いまくる
お松
かくし芸
毛羽立つ
ほ乳類
願わくは
木組み
筆まめ
真白い
消えうせる
並べ方
手もと
日だまり
乗り付ける
真っ昼間
筋交い
打ちこむ
水切れ
唱う
茶目っ気
さん付け
すり減らす
借金取り
合す
谷あい
念ずる
旅だつ
腹巻き
接ぎ
名前負け
手づかみ
打ち合せる
若作り
末広がり
すくい上げる
焼き付ける
取り次ぐ
顔付き
雨よけ
見付ける
組み合う
首つり
圧す
富める
肉付け
物すごい
口移し
生みの親
追い落とす
通り雨
そぞろ歩き
総立ち
聞きだす
真打ち
歌いまくる
玉こんにゃく
奏する
読取り
根負け
思す
備に
日なた
開け放す
飲み代
お手の物
そば湯
くす玉
ひと回り
書き分ける
通し番号
働き手
勇み足
染る
大もうけ
否応なしに
書初め
待ち人
風しん
もの申す
人でなし
失ふ
割ける
むしり取る
見くびる
殺ぐ
つむじ風
命知らず
ひねり出す
働きがい
拝する
考え物
通いつめる
台詞回し
取り下げる
生き別れ
ひし形
米びつ
敗ける
手みやげ
はね返す
取下げる
長年の夢
配する
早生まれ
生める
降りそそぐ
読み出す
ほほ笑む
焼付け
手すき
老いぼれる
言いきる
争える
落ち延びる
生きぬく
重み付け
人づて
てこ入れ
画する
砂遊び
取りやめる
こびり付く
目じり
肥る
かき乱す
見損なう
逆なで
組み合せる
空き室
借り切る
やせ細る
面構え
根から
推して知るべし
引け目
取り混ぜる
連れ回す
何時の間に
ほの暗い
気構え
取っ組み合い
探し出せる
がら空き
利す
冷やせる
やむを得る
担ぎ出す
生殺し
落ちつき
売り切り
打ち落とす
聞き捨てる
口もと
町外れ
在す
編める
区割り
お代
疑い深い
一こま
色めく
へそ曲がり
火の手
目明し
少しく
告げ口
貸し手
事足る
はまり役
捨て子
語り合える
際す
熱す
手折る
帰せる
暴れ出す
青みがかる
口ぐせ
燃え移る
産み付ける
科する
つけ根
朝もや
売りまくる
追いこむ
持ち出せる
燃えさかる
円建て
向き合える
松の内
立ちのぼる
宙ぶらりん
染め上がる
知らぬ顔
お納め
呼び水
付け所
塩ゆで
わき道
売約済み
生まれつく
力負け
覚る
位する
根絶やし
転ける
年の暮れ
代かき
目立て
高利貸し
心づかい
打ち出せる
話し合える
ふっ飛ぶ
軽はずみ
秋めく
夜なべ
七転び八起き
忘れもの
下働き
付け入る
ぶっ続け
申し送る
大安売り
読みあさる
留め置く
紙すき
現代っ子
正せる
絵入り
人なつこい
山ろく
交わせる
目覚し
寄付き
出会い頭
追い出せる
身投げ
割りばし
ひとり歩き
兄たち
裁ける
しかめっ面
死に体
晴れ姿
吸いこむ
勝れる
腹持ち
気圧される
片手落ち
仕向ける
赤茶ける
注す
思い過ごす
目くそ
手返し
商う
殺気立つ
すすり泣く
えん罪
延ばせる
移り気
角張る
出ずっぱり
受けいれる
万事休す
口答え
かなぐり捨てる
したり顔
生き血
理る
照り返す
売り主
投げ付ける
気ぜわしい
知合い
こぎ着ける
ひと足
ひと通り
山焼き
持ちかえる
よつ葉
菜っ葉
飛びだす
布く
喜ばす
問い質す
天下る
知りあい
腹の虫
行き着ける
蒸かす
火垂る
むき身
たたき起こす
手いっぱい
聞き役
花ごよみ
飛びまわる
実入り
飛び飛び
担える
小見出し
使いもの
い服
成れる
男泣き
ふれ合い
張り子
探り当てる
冷や水
天下分け目
思いたつ
早分かり
下の句
声変わり
具える
左寄り
まゆ毛
見定める
重んずる
土寄せ
わり算
立ちあがり
夜鳴き
極楽とんぼ
注し
お祖父さん
死なす
手はず
字余り
橋りょう
はぎ取る
目付け
差しかかる
投げ入れる
税引き
逆立つ
飲みもの
飛び付く
子供だまし
条は
非の打ち所
都落ち
取りつかれる
仲間外れ
読み下す
料る
動機付ける
島しょ
すきま風
人好き
切れ者
引き延ばす
まっ白
門構え
別もの
洗い張り
総なめ
助く
修める
足どり
走り出る
選り好み
首ったけ
仕置き
送りだす
白みそ
造れる
切りそろえる
先付け
送り付ける
打ちっ放し
腹ごなし
数え上げる
取消す
食いつなぐ
お高く
取りこむ
相変わる
夏向き
厳つい
せせら笑う
積み荷
年忘れ
茶こし
ぶん投げる
うちの人
金もうけ
なり手
割り付け
先がける
ただ者
さし絵
和める
浴びせかける
書き損じ
取りつく
羽ばたける
局留め
入れかえる
青黒い
聞き苦しい
送りこむ
語りつぐ
野遊び
夢うつつ
上ずる
片腹痛い
くの一
方向づけ
水がめ
分け目
従える
かけ橋
七光り
吸い出す
理解し合う
圧する
力づける
人さし指
板ばさみ
厳然たる
世話焼き
忘れな草
わき起こる
仲よし
まき絵
見なれる
ぜい肉
飼い殺し
聞き分ける
目論み
耕うん
洗い出す
泣きわめく
香しい
看る
学び取る
わき水
言いだしっぺ
合せる
うるう年
包める
巻上げる
道行き
弱っちい
地割れ
にじり寄る
捨て置く
目のあたり
追いすがる
引き取り手
散り散り
毛むくじゃら
水け
赤みがかる
刻める
めん類
寄せつける
ぜん息
胸当て
焼きつける
手負い
なで下ろす
まい進
編み目
一皮むける
真ん丸
和する
便せん
組入れる
観音開き
恩知らず
雪どけ
虫の息
入れ代わる
引きだす
火あぶり
出あう
成り代わる
お流れ
はしご車
花かご
切りかかる
作り笑い
かき出す
大っぴら
探り出す
積み立てる
絵解き
かき鳴らす
大売出し
かぶと虫
収れん
点取り
道場破り
死に場所
手さばき
弓なり
打ち捨てる
おびき出す
岩のり
著す
右向き
乳飲み子
積み増し
求まる
こぼれ落ちる
記せる
もみ消す
極まり
亡き人
価する
来し方
またたく間
読み流す
言い値
借上げ
当て馬
張り付ける
書き付ける
でき上がり
平織り
鳴ける
焼きいも
色刷り
結わえる
なき声
つり銭
いんげん豆
ひな型
氷る
物覚え
虫干し
横好き
悪乗り
計れる
切れ切れ
書き留める
洗たく
のたうち回る
燃え広がる
並び立つ
売りつくす
風切り
成れの果て
湯引く
立ち上り
聞き届ける
仲立ち
宝もの
読みとり
足つき
進ちょく
乗入れる
口寄せ
節回し
降ろせる
読みこなす
海鳴り
ろ紙
養える
素知らぬ
秘す
くみ取り
閉め出す
取りかえる
取り落とす
うどん粉
貸し切る
導き出せる
水かさ
追い上げる
印す
育てあげる
目鼻立ち
借る
とび職
間近い
面食い
積立て
置きかえる
福引き
的はずれ
寺参り
風待ち
報ずる
毒消し
建て前
山かけ
見果てぬ夢
具に
練り合わせる
がた落ち
天つゆ
書き表す
何のその
うすら寒い
世話好き
前立て
筋立て
買い受ける
泳ぎ方
日の本
こけら落とし
読み通す
減ずる
雪あかり
断ずる
月の輪
四つ角
湯せん
ひた走り
思うつぼ
舌ざわり
犬ぞり
犯せる
延び延び
切り目
中落ち
序で
飲み明かす
続き物
張りつける
とり上げる
ばら肉
傷あと
見立てる
差し出せる
止めど
揮う
親せき
病が
後ろ指
元売り
かけ合う
座りこむ
情ない
割に
独り歩き
重量挙げ
受けとり
足かけ
花ことば
風前の灯
差し出がましい
置き引き
きれい事
早打ち
つぼ焼き
切りとる
売り言葉
置き物
日本晴れ
疑る
顔向け
練り製品
示し合わせる
気立て
使いみち
書きつける
心する
研さん
行き過ぎる
お歯黒
ちり紙
金切り声
孫の手
学びや
心ならずも
なたね油
安らう
燃す
飛び退く
他山の石
ささ身
ごま塩
花いちもんめ
水ぼうそう
大写し
ばら色
領する
いま一つ
世捨て人
熱る
こぼれ種
持ち分
願い下げ
刻みつける
洗いざらい
ただし書き
備付ける
関連付ける
一足飛び
行きずり
差引く
競る
口開け
身ぶり
開き戸
七つの海
気むずかしい
討てる
組み付く
心得る
口ひげ
高飛び
失する
陽ざし
綿入れ
子飼い
指し手
防じん
立て直せる
具合い
焼き増し
雨あられ
当たりまえ
呼び続ける
すし飯
はじき返す
一ぱい
型染め
朝立ち
焼きもの
花入れ
やり切れない
永らえる
差し金
姉たち
雨だれ
積み出す
借り出す
急がす
夕ごはん
断れる
乱れ飛ぶ
つるし上げ
落とし前
かば焼き
裏返せる
追える
七つ道具
もらい物
出初め
勝ち気
舌なめずり
映せる
山の手線
血染め
地ならし
腹ばい
人聞き
左向き
歯向かう
血の池
食い合う
上目使い
冷やか
問いあわせる
月あかり
見当る
独り善がり
寄こす
お祖母さん
制は
巻きずし
土いじり
希う
お得意さん
耳より
かみ殺す
秘けつ
年の功
もめ事
たわ言
移り香
飲み下す
つり合う
集える
祝える
見下げる
山びこ
仕入れ値
ひいき目
いろは歌
燃え立つ
飯ごう
冬ごもり
向かいあう
染め物
書き立てる
投ずる
すすり泣き
上れる
独り者
見せどころ
小ぢんまり
意味あい
結い上げる
雪うさぎ
小さ目
引きずり回す
洗い直す
天びん
買いこむ
若だんな
書き送る
まっ黒
言い立てる
ひき殺す
遊び回る
上の句
立上り
せん定
男好き
見すえる
太っちょ
小うるさい
見つけ出せる
取入れ
歌わす
ふっ素
さく井
くみ取る
はき出す
洗い流せる
かかわり合い
むせ返る
庭作り
じん帯
一時しのぎ
どら焼
産みつける
山すそ
返す返す
読みもの
くぎ付け
手ざわり
刻み付ける
目まい
ひん曲がる
出切る
昔語り
腹立てる
金づる
初っぱな
船積み
何時しか
手ひどい
列ぶ
強ばる
泣き所
塩っぱい
底無し
厚ぼったい
起が
雨ざらし
空かす
補い合う
巣ごもる
あいさつ回り
つまみ出す
殺し文句
ただ事
石こう
うしろ姿
私ゃ
巻き貝
取りはずす
雨ふり
焼け死ぬ
上げ下ろし
取り立てる
差せる
費す
お側
建て売り
さくら草
型くずれ
買い言葉
言葉少な
差支え
仮り
積み下ろし
引きあげる
まがい物
有り金
落ちつける
羊かん
首すじ
お仕着せ
左きき
給する
取決める
徒に
そば切り
橋げた
石づき
使いで
吸出し
死に神
乗りつける
冷や飯
お針子
金ぴか
見合せる
借り方
読み返せる
いの一番
人少な
置き手紙
風除け
朝起き
歴然と
持出す
あきれ果てる
乗りこなせる
語り明かす
下げ潮
用足し
女たらし
度し難い
切り付ける
取りまく
胸苦しい
ご破算
書きためる
興味しんしん
取り得
とろ火
口説き落とす
少なくも
いけ好かない
ほほ笑み
野次る
七草がゆ
浅まい
差し入れる
打合わせ
飼い慣らす
赤らむ
気どる
そぎ切り
ひっくり返せる
見のがす
色いろ
お手盛り
取っ付き
行き付け
はち切れる
挙る
聞き入れる
ほう助
折り紙付き
遊び歩く
打ち放す
手ぬるい
川開き
かん養
売り上げる
行ずる
組みなおす
罪作り
血合い
山出し
止り
読み合わせる
退る
書する
創れる
晴らせる
根無し草
型付け
富くじ
取りとめる
取り消せる
鼻持ち
おぼろ月夜
買受ける
よそ行き
中入り
高みの見物
さい帯
売りきれる
くせ者
とび出る
思いあたる
出直せる
お株
盛りつける
力試し
かんきつ類
横やり
花かんざし
温む
見取り
余り物
行く年
生まれ変われる
中の間
子だくさん
書きあげる
造りあげる
飛び切り
ご両人
読みかえる
焼き場
むし暑い
立ちどまる
名のり
内輪もめ
身一つ
貝がら
口やかましい
色つや
親代わり
かん高い
覚す
話しぶり
がん具
並み居る
身ぐるみ
めぐり合わせ
盛上げる
さいの目
見なせる
ゆずり葉
張りきる
速まる
本に
何気無い
製する
黒こげ
書き下す
書き捨てる
言い聞かす
差入れ
たたき上げる
車寄せ
承ける
仕上る
上げ相場
待ち合わせる
焼きもち
前ぶれ
出たとこ勝負
目の子
あて名
加さん
染め直す
かじ取り
やり玉
右寄せ
切下げ
落着き
研げる
取っつき
引き回す
買いかぶる
造りだす
宮仕え
急く
亡ぼす
差出す
指切り
岡っ引き
死に目
割れ物
すり足
目ざめ
引っくり返す
付きっきり
丸だし
若さま
ほ乳
ひとっ飛び
消し止める
世界じゅう
くい止める
乱取り
立ち代る
警ら
ぐい飲み
上げ底
桜もち
取り計らい
痛み分け
引きずりこむ
食べかす
ぼう然
持ち帰れる
ごみ捨て
し笑
起てる
遺る
手さげ
心付け
くり出す
目張り
聞きづらい
残りもの
行く行く
さらし者
水かき
荷さばき
辞する
火の元
説き明かす
買い付ける
立ち聞き
かな漢字
背負い投げ
移れる
覚り
立退く
労しい
仕事がら
通わす
腹ぺこ
立ち直れる
情け深い
こむら返り
田作り
浴する
から口
うわの空
むせび泣く
残り火
生焼け
切り出せる
つり上がる
接ぐ
手落ち
野垂れ死に
迷わす
思いのたけ
草もち
めん棒
選り分ける
乗りだす
くり広げる
助け船
雑然と
を通じまして
満ち潮
心もち
対がん
真っ平
名寄せ
読上げる
あめ色
物の数
習える
左寄せ
焼き印
物入り
張りぼて
青田買い
物分り
値上り
あばら骨
おつかれ様
暴き出す
回らん
星くず
大立ち回り
後かたづけ
大わらわ
忘れ形見
打切り
出来ばえ
取りたて
通せんぼ
心づく
入り用
相まつ
目通し
気くばり
骨っぽい
空っ風
力つきる
雪囲い
死に顔
思いなおす
こう着
金づち
数え歌
乗りかえ
丸つぶれ
口げんか
預る
湯冷まし
はした金
内また
宙づり
前借り
葉たばこ
向う側
目映い
飛び下りる
棒引き
田舎っぺ
組付ける
売り付ける
もちの木
角い
仕合せ
たい積
燃えつく
おしどり夫婦
べに花
行きがけ
い死
果てし
補する
聞き出せる
だ液
道具立て
生き字引
型どる
つま先立つ
あぶり出し
焼け付く
遠乗り
切りつめる
なまけ者
骨休め
目差す
不行き届き
書き下し文
心安い
持ち合わせる
身代り
荷動き
観ずる
決り
草深い
うわ言
立ち向かえる
うじ虫
過つ
決め球
書出し
祝い酒
こう配
復する
賞する
晴れわたる
蔵開き
鳴かせる
栃の木
引っ張れる
種もみ
当て身
笑い返す
干し草
人指し指
位取り
砂ぼこり
負える
書き置き
話しことば
何やかや
孫引き
片す
今わ
付合う
骨折り損
囲める
ひまし油
口取り
乗りこえる
産みの親
借り主
差しのべる
はじき飛ばす
人使い
秘蔵っ子
横っ飛び
内の人
ひこうき雲
ひとりっ子
願える
はえ縄
精しい
感じとれる
出がらし
でっち上げる
やけ酒
相討ち
引き下ろす
本決まり
付きもの
調子づく
巻き物
木いちご
引っ提げる
交ざる
色変わり
里いも
景気づけ
気がね
お付
問い直し
死に別れる
消し炭
亡ぶ
好もしい
考えごと
暗やみ
待合せ
貴ぶ
名うて
目ざましい
つや出し
見積る
逆巻く
比する
借り出し
年度始め
訳する
不ぞろい
日暮し
食いもの
鼻つまみ
思う様
火の気
飲みほす
お手つき
魚つり
血の道
送り出せる
打ちきる
通ぶる
男っぷり
夕ぐれ
差し止める
逆さまつげ
月極め
なぶり殺し
あきれ返る
真っ逆さま
ふり向く
引く手あまた
思いおこす
とり除く
円やか
飲みで
どん欲
臨も
焼きとり
月のもの
おみ足
七曲り
断てる
つなぎ止める
利ざや
染付け
会わす
立合い
道づれ
買い主
ひと声
申し入れ書
重る
ほうき星
目打ち
火ぶた
費やせる
手っとり早い
往ける
わき目
目だつ
宣る
かり出す
取り分ける
通りゃんせ
つなぎ服
急ごしらえ
議す
心がまえ
未必の故意
減す
食わせる
お構いなく
事切れる
当てずっぽう
打放す
取りあう
打ち勝てる
お冷
用立てる
ねずみ色
言いよどむ
捨て石
転がせる
似たりよったり
説ける
いたずら書き
はしご酒
売り出せる
二の句
口説ける
借り入れる
追いまわす
使いこむ
ひょろ長い
円すい
話しこむ
取って置き
裏づける
寄り目
お下げ
力こぶ
黒焼き
委しい
引き分ける
益する
と腹
さらし首
なれ合い
切り忘れる
痛み入る
取巻く
増せる
死の灰
だみ声
質流れ
飲みこむ
ちんどん屋
安が
手付け
さい銭
紅いも
たたき売り
備えつける
玉子とじ
らい病
呼ばわる
約する
対応付ける
走り出せる
かたくり粉
でんでん虫
書きかた
食いっぱぐれ
精出す
心づもり
ねじ切り
相いれる
切り開ける
大人ぶる
ぺんぺん草
はね返る
も本
波うつ
出歩ける
夜ふかし
認め印
別れ道
やり過ごせる
見まがう
人まかせ
学びとる
うの花
差上げる
飛び立てる
当てつける
たて続け
黄み
土盛り
担げる
照り付ける
まっ先に
度忘れ
乗ずる
仲たがい
茶飲み
宿無し
木取り
引出す
ごちそう様
改む
買い支え
暴ける
留る
風の神
面差し
減らず口
横っ腹
落とし主
持て成す
現せる
鳥の子
思い余る
目の玉
先だつ
歯ならび
仕出かす
黄な粉
色どり
り災
立上がる
光り物
水あか
分かち書き
と殺
側が
総ざらい
貝焼き
労り
漁り火
着の身着のまま
やり投げ
備え付ける
出し手
書き出せる
形見分け
虫送り
宣う
切上げ
積上げる
待ち合い
町はずれ
はやし立てる
こん棒
閉す
えびす講
明くる日
笑い飛ばせる
転ばす
投てき
口さがない
旅立てる
ひと山
幕開き
編み機
時どき
売付ける
長そで
力まかせ
打ちどころ
産気づく
軽軽しい
縦じま
盛上がる
塩引き
飛び魚
切り結ぶ
お気にいり
とまり木
使い走り
呼び物
事も無げ
芽出し
言い付ける
引返し
配れる
定義付ける
生生しい
組みこむ
蒸暑い
待合い
買い上げる
馬鹿笑い
引きしめる
訳知り
棒切れ
生き写し
研ぎ出し
土ぼこり
貸し金
探しあてる
紙ふぶき
はく製
夜討ち
か黒い
独りごつ
受入れる
問合せる
賞じゅつ金
お守
真ちゅう
二重取り
曲がれる
書置き
戦く
牛ふん
背負える
物欲しそう
織れる
子別れ
知り合える
どの方
訪う
映じる
てん菜
早帰り
まわり道
具する
紙巻き
言いぐさ
食いで
じり貧
長たらしい
ひとり立ち
来なさる
中干し
弱り目
手のもの
取って返す
推せる
出合える
言いあう
道すじ
織りまぜる
除け者
人さらい
危なげ
着古し
大売り出し
小ざかしい
長びく
泣き付く
飼い葉
無いものねだり
解かす
焼き捨てる
語りべ
効きめ
ろうけつ染め
夕立ち
難無く
見取る
打ち殺す
何はなくとも
大降り
手の者
あお向け
出来す
のど元
根の国
物見高い
均す
術無い
太り過ぎ
果せる
からっ風
そぼ降る
問わず語り
あ然
死がい
木かげ
見晴らす
清ら
手切れ金
木ねじ
ふれ合う
待ちこがれる
取りくむ
ひそひそ話
黒み
焼き切る
新しもの
入り切る
願かけ
思い止まる
しこ名
歩留り
もろ手
のけ者
あばら家
ろくろ首
文無し
口当り
通し柱
付け上がる
仕合わせ
型通り
つまみ上げる
心弱い
手当たり
おちょぼ口
油絵の具
作りかえる
独り子
お茶の子
三つどもえ
持する
星祭り
老い先
拾いもの
身もだえ
前祝い
側仕え
並びない
走り回れる
能くする
鳥追い
歩みよる
判じる
延し
る説
割引く
横ずれ
順序よく
松かさ
真っ直中
今し方
反す
つづら折り
読み札
空ろ
流れ図
保ち合う
物取り
型どおり
条件付ける
顔かたち
真黒い
割り下
なす事
はげ山
所在無い
生き馬
引き当てる
聞きにくい
身のほど
書院造り
みつ豆
ふるい落とす
鳴りだす
竹やり
時代もの
後向き
延す
と列
割り出せる
心許無い
たたき落とす
手ずから
有難がる
迷い子
出来ごと
覚束無い
千枚通し
片流れ
指し値
照焼き
無い物ねだり
黄いろい
好きずき
着ぶくれ
言いそびれる
金回り
座ぶとん
見回せる
当り散らす
ひとさし指
先祖返り
取り口
宙乗り
乗り通す
身持ち
耕せる
ほお張る
朝な夕な
態と
玉取り
出どころ
買いつける
勝ち進める
物別れ
聞きほれる
お菜
物笑い
焼け出す
成立つ
染む
気強い
出任せ
軽んずる
うら悲しい
寄せ場
皿回し
手ぐすね
委せる
ぜい弱
寄る辺
つばぜり合い
横合い
危ぐ
わき出る
内もも
手さぐり
いわし雲
たて糸
牛追い
行きがかり
落としぶた
でんぐり返し
居住まい
開けっぱなし
矢じり
水たき
つり上げる
組上げる
平たん
いら立ち
気軽い
七さん
戦ぐ
舌つづみ
火打ち
ふるい分ける
打ち所
べき乗
引け値
追い銭
追いまくる
立ち上がれる
かん子
耳新しい
間の子
食い道楽
うす切り
すみれ色
まち針
動ずる
平らか
絶てる
立ち会える
勝ち戦
すり混ぜる
破れかぶれ
策する
生あたたかい
虫下し
子の日
勉める
買いたたく
立ち止る
助け合える
下り立つ
灯台もと暗し
立ち働く
わき見
選り取り
待ち針
耳ざとい
手だし
こ難しい
待遠しい
もみ上げ
箱書き
情深い
有り体
書き入れる
聞き流せる
のけ反る
生白い
あん分
鼻白む
人気もの
書きたてる
くず鉄
いたし方
死にものぐるい
茶入れ
放りだす
お上りさん
足とり
より目
見破れる
水きり
お七夜
身ごろ
家族づれ
書き直せる
敵す
ほら穴
分けつ
面映ゆい
大事無い
しゃくり上げる
だ円
手軽い
由無い
投げこむ
組みかえる
手前みそ
背わた
夜ふけ
差し延べる
座する
南回り
光らす
茶飲み話
見切れる
かき消える
読取る
わき毛
後退り
奮い起こす
成行き
下っぱ
閉そく
二枚重ね
取り計らう
別刷り
受持つ
染め出す
退かす
胸きゅん
面立ち
宿り木
耳ざわり
引きおこす
もの静か
熟する
極め付ける
背すじ
年取り
買い切る
青じろい
うれし泣き
張り合える
小手調べ
物の本
生きいき
作り付け
さし木
温み
面はゆい
流行らす
大きに
転べる
湯あがり
名前変え
黒作り
生き神
縮み上がる
蔵する
人なれる
みかげ石
夜もすがら
芽ばえ
行過ぎる
もつれ合う
ひ弱い
はね上がる
うそ寒い
くん蒸
物わかり
絵合わせ
聞き付ける
音頭取り
洗いざらし
立て板に水
仕損じる
立ち至る
度しがたい
言いまくり
わが校
窓ぎわ
うす茶
朝ぼらけ
討ち果たす
組みたてる
申し伝える
打出し
総毛立つ
一本立ち
下読み
背開き
落し穴
百度参り
散じる
じん臓
世迷い言
腹だたしい
論る
ずり落ちる
刷り上がる
用向き
月割り
取付き
巻きす
出合い頭
質入れ
胸くそ
もり立てる
食い足りる
水びたし
予て
捨て値
長ずる
欲ばり
割りほぐす
先出し
当たり散らす
冷えこむ
荷受け
買い入れる
丸のみ
生きながらえる
予てから
やむ無い
差しだす
引立て
茶せん
焼き打ち
ささやき声
派手め
泣きはらす
熱苦しい
写し絵
小暗い
荷作り
三すくみ
取ってつけたよう
往き来
思いめぐらす
息む
飲んべえ
水張り
安んずる
五目並べ
追いはぎ
若若しい
玉乗り
火打ち石
試し切り
心づよい
馬の足
切り下げる
逆らえる
聞す
はだか麦
体する
ぴか一
都忘れ
切出し
初める
ひとつ覚え
ひな鳥
立ち後れる
横っ面
水あげ
組立てる
飛出す
建て増し
飲み手
見送れる
横座り
形無し
前垂れ
投げ出せる
上がり口
手取り早い
あん馬
用だつ
わら半紙
生きかえる
福福しい
いわく付き
以ての外
極め付き
理解し合える
すきっ腹
草いきれ
さくら貝
投げだす
仕分ける
付きっ切り
水もの
若わかしい
然して
息ぐるしい
地固め
雨垂れ
あみ出す
耳遠い
あずま屋
店開き
虫めがね
血統書付き
態とらしい
三つ指
急き立てる
落ちのびる
こま犬
創り出せる
染めあげる
なまり節
船遊び
解き放す
赤める
鼻っ柱
木ぐらい
毛じらみ
負かせる
略する
お勝手
受け合う
変ずる
異い
願わしい
生干し
図図しい
お眼鏡
山ごもり
取っておき
主立つ
取りなす
弁ずる
危く
引っつかむ
具わる
初初しい
がまん強い
切りぬく
染め分け
判官びいき
冷っこい
とちの木
根づよい
なまっ白い
えり好み
毒毒しい
差しあげる
続き間
鏡もち
る言
語り物
解け合う
人寄せ
別れ別れ
往ぬ
悪がしこい
験し
手ぶくろ
寄り合う
夜明かし
痛痛しい
お足
はね上げる
罪ぶかい
よこ糸
かすめ取る
あばら屋
花びん
生なましい
波の花
口伝え
面もち
進み出す
作り立て
生まれ月
付けどころ
小ぐらい
取り決める
水責め
差し当たり
残り多い
手あみ
開けっぴろげ
次つぎ
試そう
せり出す
はせ参じる
思い起す
座付き
後暗い
なすり付ける
ばら積み
転か
採りあげる
老いらく
鼻かぜ
暗きょ
残多い
せん無い
向い風
逆と
かさ張る
飛びたつ
順送り
読みこなせる
もの言い
受止める
馬返し
小ぎれい
持上げる
名だかい
生っ白い
割増し
切れ上がる
北回り
想える
丸焼け
女もの
手がたい
巻き返せる
間遠い
ふくれっ面
山ふところ
酒びたり
ごね得
毒どくしい
夢語り
日向ぼこ
書き入れ時
浅ぐろい
誤らせる
借受ける
時めく
照り映える
根回り
表ざた
弁じる
引つる
倍する
首っ引き
好いたらしい
番える
仏の座
弱よわしい
目ばやい
開きなおる
手間どる
口べた
売行き
張出し
干し物
事新しい
物ぐるおしい
呼び入れる
引き起す
口がたい
出し切れる
しみ入る
気障っぽい
くず粉
女女しい
口減らし
差出がましい
度がたい
息せき切る
耳どおい
散歩みち
細細しい
花やか
別して
果し合い
貯える
気はずかしい
山留め
神神しい
とって返す
付け出し
おぼろ月
冷や麦
出来上り
然ること
結える
装てん
外まわり
気近い
使われだす
意味付ける
腹ぐろい
小ぜわしい
素ばやい
お先棒
独り旅
放りっぱなし
重おもしい
物物しい
朝めし
温もる
受け流せる
割付け
書送る
うち捨てる
かかあ天下
合い方
素通し
引きたてる
重重しい
売りこむ
生っちろい
計り売り
聞苦しい
小やかましい
つつが無い
聞ぐるしい
赤じそ
曲り角
提灯持ち
よんどころ無い
手あつい
種取り
女殺し
手っとりばやい
骨とう
かい人
編み針
苦にがしい
百日ぜき
花はずかしい
犬死に
笑いごと
女めしい
染め付け
痛いたしい
目の当り
ぽっと出
梅雨晴れ
あえ物
手ばしこい
腹切り
見ぐるしい
しつけ糸
空空しい
類さん
人がましい
人なつかしい
火の番
持ち切り
手びろい
物がなしい
小書き
手重い
列ねる
育くむ
おんなの子
由由しい
背割り
昔なじみ
見目好い
ばく進
便無い
清すがしい
いけ図図しい
口ぎたない
付せん
物すさまじい
のら犬
ひざ元
気づかわしい
笑い物
洗いもの
義理立て
引合い
死にぞこない
態とがましい
疑いぶかい
たれ流し
つかみ合う
生れつき
まわり遠い
晴がましい
手速い
生じろい
毛ぶかい
縄のれん
有り合わせ
競り市
舌たるい
労労い
報せる
こん包
茶がら
さび付く
長もち
男男しい
生新しい
諸に
似合しい
居たたまらない
謝する
博する
寸足らず
気色ばむ
草ぶかい
がん作
空ぞらしい
並び無い
回り遠い
授かりもの
言い古す
物がたい
ほろほろ鳥
軽がろしい
点じる
殺りく
すがり付く
鉱さい
降りかかる
初もの
こんにゃく粉
成りたつ
泣き泣き
分別らしい
細かしい
要心深い
物ものしい
取出す
白白しい
届出る
死に損ない
清けい
小だかい
蒸しもの
角角しい
大層らしい
花花しい
気がつく
潮待ち
苦しまぎれ
見好い
小ぎたない
頭割り
貝の口
手ばやい
神ごうしい
愛づらい
美美しい
指ぬき
気づよい
代われる
忘がたい
気だかい
日なたぼっこ
疑深い
胸ぐるしい
木ぶかい
薬きょう
勝ち名乗り
木深い
捨てぜりふ
苦苦しい
組合せる
入れあげる
無くする
茶どころ
探れる
似気無い
空はずかしい
わき役
事ごとしい
転がりこむ
回遠い
似あわしい
手がるい
時雨れる
出向ける
だだっ子
失くなる
弓取り
積重ねる
画びょう
焼き塩
入り日
目ばゆい
物ぐるわしい
打ちだす
角かどしい
何心無い
並無い
曲曲しい
好き好きい
真っ正直
ずり上がる
聞にくい
君付け
本意無い
興ずる
もっての外
手向ける
聞づらい
片すみ
腹ぎたない
はた目
度難い
上がり目
好きずきい
やぶ医者
根ぶかい
あだ討ち
何のかんの
飛びこみ
連れる
映えばえしい
担わす
立直す
入りびたる
四つ身
事事しい
初ういしい
値うち
あえ無い
遠白い
覚えず
救い出せる
上せる
飲み干せる
横っちょ
うり二つ
つぎ足す
言いなす
目つぶし
身びいき
美びしい
小はずかしい
白め
意気盛ん
界わい
見返せる
くみ出す
起きぬけ
やじ馬
乗りかえる
現ずる
花ふぶき
切取り
書入れ
わい曲
売り声
手開き
付け届け
打ちあげる
観する
読出し
送りがな
寄せ木
打消す
てん末
貸切る
通し矢
一つ身
雪明り
玉ぐし
すい星
一人ぽっち
切り子
調子付く
焼け太り
育める
田遊び
雪おろし
明り取り
所帯持ち
余りもの
重ね合わす
黒める
ぜん動
腹づもり
脳こうそく
買い上がる
洗いたて
歩き回れる
買い気
決めこむ
見落す
取り切れる
注する
住まわす
昼めし
似かよう
芽ぶく
呼び付ける
名前呼び
おしろい花
体当り
起き上がれる
手あか
常世の国
思うさま
手わざ
ひと役
吸い付ける
秘する
逆ざや
舌っ足らず
標す
親思い
さい先
火持ち
年回り
先んずる
地鳴き
左近の桜
はね返り
紙入れ
習わす
乗りまわす
待ち客
悪たれ
駅売り
除する
打上げ花火
びた一文
金つば
着付ける
天降り
立て付け
あだ花
追いたてる
うぐいす色
やり返せる
果たし合い
ぶち当てる
こらえ性
火の見やぐら
目する
低める
腹積もり
参ろう
流ちょう
上向ける
見返る
作りもの
笑いこける
引け際
お絵書き
言挙げ
うす口
ひと皮
笑いころげる
梅ぼし
係り結び
付出し
どら息子
付け加わる
見合わす
生き仏
輪乗り
骨ばる
歴然たる
仕来り
混じりけ
折り返せる
はん用
女ごころ
札止め
すりこ木
停る
乗り出せる
当り障り
片っぱし
すべり出し
後れ毛
折り重ねる
雪ぐ
夏もの
打ち消せる
うす焼き
下張り
菜っぱ
はしご乗り
底引き
言付け
断ち切れる
鳥の子紙
名折れ
燃えつきる
うす皮
二の矢
先乗り
立て役者
手解き
う回
一生けん命
売り値
初参り
思い当る
有難み
織りあげる
引っぱたく
ほうり出す
石うす
言祝ぐ
目ざまし
並べかえ
星回り
送り返せる
勝ちぬく
松やに
じん性
ほう酸
色好み
旗持ち
笑い種
引き物
待ちあわせる
見下せる
切り落す
きゅう舎
染め粉
思ほす
菜ばし
打ち返せる
食い上げ
方向づける
月参り
手回り
小屋組み
糸あやつり
小止み
お代り
待ち合せる
花立て
青む
油通し
見晴らせる
はげ頭
夏負け
不意討ち
もらい手
手あて
勢いづける
一本やり
並みいる
加われる
付け人
村びと
ぼたん雪
語い
顔合せ
ひん曲げる
い集
前後ろ
引受ける
貸し主
若しも
ぬぐい去る
見とがめる
つゆ草
紙きれ
吸いつける
編み棒
科の木
のぼせ上がる
切り回す
謝れる
なつ印
ろっ骨
張付ける
打明ける
持合い
競べ
身欠きにしん
手ふき
草とり
京おんな
引き合わす
寄付く
便る
身動ぎ
組み合い
見守れる
建売り
心筋こうそく
落ちこぼれる
織り目
人いきれ
手配り
てん刻
草かんむり
組織立つ
持ち重り
きのこ雲
祝ひ
肥し
心当り
かかわり合う
水の手
つけ足す
卒する
働きもの
組みつく
野ねずみ
値い
出会す
でんぐり返る
夕なぎ
切り合う
ひび割れる
ご用聞き
約束ごと
切返し
肥立ち
けん化
何くれ
手かせ
給わる
笑いとばす
人まね
がく然
まごの手
もち屋
差っ引く
晩さん
まっ暗
無げ
後ろ前
護れる
弓引く
書下し
季寄せ
こう門
事もなげ
力付ける
見栄張り
書出す
割出し
聞取り
見ほれる
西洋なし
昼下り
食いしんぼう
熱冷まし
しゃ断
織りこむ
開き直れる
ふり入れる
毛せん
命とり
あら塩
足固め
箱乗り
名指す
手の物
見せ金
書き落とす
山ざくら
下がり目
終えん
分べん
愛し合える
移り変る
立ちこむ
連れ出せる
競える
まわし者
上がり湯
気だて
差し出る
自じ
口入れ
物思う
血しょう
追い散らす
割り付ける
映し出せる
切り落とせる
和ぐ
折りこむ
出っぱる
巻き起こせる
値下り
骨つぼ
竹ざお
目あて
焼きなまし
しゅん工
当てこする
食休み
見栄っぱり
相つぐ
むかっ腹
面ご
呼び上げる
慣らせる
犬かき
取りあつかう
続け様
当たれる
地回り
取り合える
強かん
砂かぶり
切れ字
曲りなり
張り飛ばす
あわ立つ
同ずる
つけ回す
空くじ
可愛がれる
ろ水
追い返せる
長じゅばん
男やもめ
葉ずれ
手切れ
黄いろ
親ゆずり
呼びだし
ちぎれ雲
呼出す
ひり出す
かりん糖
にじり口
冷や酒
若死に
ねじ切る
成りゆき
目くるめく
起きがけ
うつ向く
砂糖きび
よそ目
安ど
湯ぶね
食いかけ
保合い
出雲の神
火の見
星明り
もろ差し
生いたち
間の手
差し障る
泣きごと
付け回す
選びだす
票読み
成立ち
言い分け
洗い立て
忘れ草
き死
ち密
ばく大
独りでに
風変り
引っ立てる
くず米
行きあたりばったり
連れこむ
手付け金
泣きどころ
楽焼き
花づくし
大和なでしこ
研き
脳しんとう
年かさ
高いびき
夏めく
えい航
せき立てる
泣き女
すう勢
来はじめる
痛め付ける
雨ごい
勢い付く
素より
ひ素
私しゃ
茶の子
礼さん
天どん
敵する
根上り
預かれる
境い目
取合う
見交わす
えびす顔
おじぎ草
いん石
後まわし
良しあし
兆す
疑える
心入れ
作り事
親ぼく
えん麦
着たきり
板ずり
人がら
真し
神さびる
巻き尺
明らめる
乗組む
総べる
手後れ
なぐり書き
略せる
つまみ菜
引く手数多
腹下し
祭れる
両切り
検める
止め金
混じえる
打ち落とせる
盛れる
目ざわり
片寄せる
目ざめる
労する
水まくら
役する
のど輪
見えかくれ
座りこみ
一走り
反すう
引き続ける
まっ青
天の河
激つ
ふり仮名
泣きぬれる
割当てる
じり安
助け出せる
冬ざれ
家付き
お持たせ
破れ目
ひがみ根性
見上ぐ
解きあかす
照らせる
青かび
初もうで
梅雨あけ
ぶどう色
し好
預け入れる
えび茶
取り結ぶ
夜歩き
切りこみ
取巻き
当て付ける
聞きわける
刻する
書きことば
旅回り
宣する
いら立つ
のし歩く
はい出す
行き合う
引止める
口こみ
整とん
取りすがる
聞分け
延べ数
量れる
雪焼け
若もの
下生え
夏やせ
読み捨て
飲みこみ
つけ入る
南ばん
否む
のり出す
仕うまつる
割りきれる
張りめぐらせる
一すじ
ふっ切れる
貸し出せる
付けまつげ
笑い草
総まくり
当て推量
三下り
伝ぱ
逆上せる
はい出る
切り取れる
取り集める
玉無し
お福分け
死に装束
頭がい骨
役付き
生らす
日盛り
かき寄せる
変ぼう
息づまる
言いつのる
列べる
権現造り
組みつける
思いあまる
飲み助
うおの目
垂れこめる
極り
食中り
済す
へい死
模する
絶えま
飼い鳥
言葉じり
うす緑
真向い
子取り
長幼の序
横すべり
愛し子
ごう音
打ちあう
手無し
定めし
取っ組む
書き流す
思いわずらう
取りのける
泣き明かす
配り歩く
責めたてる
矢の根
落着ける
月の物
射すくめる
なま物
服せる
すね当て
聞きとがめる
穴ぐら
推し量れる
見おろせる
お移り
寄せ手
差し合う
引っ返す
湯あか
守り立てる
年のうち
値切れる
句切る
思いかえす
かけ持ち
知るべ
足げ
花生け
書き表せる
入りまじる
優勢勝ち
反れる
夕まぐれ
並び立てる
音引き
ひと事
安倍川もち
知合う
博打打ち
混ぜ合わす
議する
老いさらばえる
お鏡
にぎり飯
乗りかける
老け役
おり紙
へし合い
縮れ毛
山かげ
引返す
取合せ
ことなかれ主義
聞き合わせる
裏ぶた
売り急ぐ
口きき
太刀持ち
打ちあける
客あしらい
綿打ち
読み誤る
こと足りる
まくら木
日保ち
標ぼう
意地っぱり
赤さび
仕付け
朝まだき
つづり方
ふく射
塩出し
興せる
のみの市
借り上げる
背のび
じり高
立ち代わる
血止め
着のみ着のまま
神降ろし
打ち破れる
混ぜっ返す
後れる
春もの
引き連れる
近寄れる
太れる
口ごたえ
気おされる
配ぜん
せん方
留り
方向付ける
後入れ
洗い粉
切り放す
送りこみ
かな書き
失せ物
出立つ
楽屋落ち
清か
目明かし
血だるま
天が下
松葉づえ
呼び値
早引け
打ち続く
たたき出せる
ねん出
逆もどり
石だたみ
ぼっ発
いもづる式
進ずる
焼け落ちる
こそぎ落とす
織り物
順序付ける
強じん
お仕置
勝取る
気働き
打ち傷
切れはし
逆立てる
洗い落とせる
盛り返せる
そ上
買い取れる
関所破り
世慣れる
万人向き
刷れる
小割り
深ける
せき柱
やまと絵
わかれ道
あて字
雨がっぱ
深深と
編みもの
急かせる
胃かいよう
損ずる
筋張る
客受け
生立ち
そ菜
不入り
清まる
績む
取外す
下じき
細み
たらの子
運び出せる
変り目
一番やり
道の辺
大物食い
余所行き
そで口
血統書つき
担ぎ屋
たる木
接ぎ合わせる
お八つ
意気地無し
死出の旅
大づかみ
なで上げる
焼けこげ
身八つ
取入れる
保する
すすり上げる
焼かす
赤字補てん
金入れ
先細る
つけ上がる
なすり合い
立去る
割り方
糸切り歯
ひき割り
わからず屋
糸入り
ほお骨
面くらう
せり上げ
打ちとける
早立ち
ねずみ算
均てん
耳垂れ
しり目
防ぎょ
八つ手
上がりかまち
光りもの
まん延する
月の輪熊
談ずる
くん製
街開き
根比べ
六つ切り
ぬぐい去れる
若がえる
行届く
買い進む
差しかえる
語りぐさ
当て物
引き降ろす
石ばし
うつし絵
混ぜ返す
立食い
おう盛
男もの
通り相場
はずみ車
居座れる
泣き別れ
取分け
鉄さび
根競べ
気迷い
人待ち顔
筋向い
愛きょう
落ち行く
飛び歩く
米つき
菜切り包丁
西の内
便する
もみ手
刻み目
切取る
親子づれ
配当落ち
だんご鼻
口切り
日待ち
地割り
日もち
派する
歩み寄れる
水すまし
売り口
荷づくり
小作り
たずね人
線切り
つき合える
大向う
挙げ足
食い散らす
めい想
取りえ
手空き
若づくり
血まなこ
引下げる
湯わかし
発しん
先達て
苦みばしる
うず巻く
編上げ
引きずり出せる
もたれ合い
野だて
はね橋
くり上げる
刷り上げる
引き延ばせる
考え出せる
こん身
やせ地
ふくらし粉
持運ぶ
月足らず
麦めし
せん茶
小間切れ
げた箱
うるさ型
ささみ肉
ば声
下り物
消え残る
出えん
受けあう
水さし
乗出す
進ぜる
追い付ける
足留め
芽ぐむ
追いこす
染め色
額面割れ
食いだめ
こと切れる
京染め
人相書き
時化る
縄ばしご
降ひょう
先の日
水あたり
付回す
取りまわす
湯ざまし
古びる
口しょう
お座なり
愛がん
判じ物
夢まぼろし
大福もち
追出す
歌い文句
切りすて
映ろう
草する
尺取り虫
練れる
吸いがら
お針
言い種
砂れき
取りこめる
かきいれ時
消え果てる
付け焼き
伝へる
口つき
竹べら
逆さ言葉
つっ走る
付け足せる
何時ぞや
差しかける
読み分ける
花明り
入れ代わり立ち代わり
向かい合える
みがき粉
燃えさし
雨上り
言伝え
混じり気
のぼり坂
引き去る
死に損なう
物おじ
底光り
若やぐ
身ぶるい
大つごもり
かち得る
だいご味
落合う
目見え
骨無し
ゆう出
整然たる
赤んぼう
ふん便
成り金
引きかえす
言い交わす
曲げ物
手の裏
末の世
病みあがり
討ちとる
左うちわ
豆しぼり
末期の水
泳ぎ着く
裏切れる
寄合い
丁と
波打ちぎわ
引き落とせる
はにかみ屋
仕付け糸
引当て
骨張る
鳴かす
小当り
取り合せる
真盛り
相寄る
生みつける
飛入り
よそ事
賃貸し
曲乗り
とば口
盛り合わせる
勝ちどき
味付ける
焼きごて
そら似
取り直せる
石づくり
危き
引っこめる
お手付き
並居る
手向かう
打解ける
たたり目
取合い
思い合わせる
お茶子
二つ割り
調子外れ
星あかり
好ききらい
すり切り
留まれる
ろう城
招きねこ
局止め
底ぬけ
内のり
死に水
散り急ぐ
気っ風
年の内
様変り
向う岸
ふろ場
調子はずれ
困ぱい
牛殺し
春さき
ときの声
在りかた
糸作り
はく落
切り石
火消し役
読み誤り
失そう
映ずる
久びさ
実しやか
放く
も写
ふたつ返事
建て直せる
さら地
色焼け
織り糸
仲好し
立直る
丸め誤差
飛まつ
費え
草生す
見る見る間に
風び
小びん
まかり出る
適える
たれ幕
日延べ
敬する
お目見得
見ばえ
どっち道
わた毛
組み写真
月決め
近寄せる
手合せ
昔かたぎ
置きざり
やりっ放し
手がき
練りもの
派手やか
へらず口
笑いぐさ
お目玉
取返し
売り飛ばせる
夏やすみ
合いびき
ねじ上げる
もらい火
付けかえる
せんべい布団
ご面相
状差し
立消え
落し文
ふ卵
引き取れる
立ち入れる
事える
固太り
仮の世
出げいこ
解れる
取り殺す
声つき
副える
蒸せる
けん責
そり返る
割り印
節くれだつ
申出る
聞き物
結わえ付ける
射せる
さい配
合の手
黒みがかる
組みあげる
上っ張り
生き返れる
織成す
真面目くさる
聞きいれる
人泣かせ
出つくす
装える
酒焼け
ざら場
気っぷ
どか雪
雪投げ
つけ物
いく分
取止め
整え直す
ねらい打つ
散ずる
残がい
やどり木
円か
暮六つ
明りょう
はち合わせ
手まね
さら湯
待合い室
復しゅう
背の君
葉ぼたん
ぼだい樹
一しきり
申し合せる
発く
何びと
身の代金
洗たく機
火付き
ます目
気がる
世過ぎ
聞きただす
関係付ける
混とん
吸いかけ
秋もの
一点ばり
区切れる
打ちすえる
賀する
貸し方
変り者
推める
売りさばける
口まね
もらい水
むくの木
飲ん兵衛
深情け
たらの木
判じ絵
ぼた山
当り屋
横流れ
家鳴り
あなた任せ
捨て金
相する
読切り
言いたてる
やっちゃ場
欲ばる
和とじ
毒する
飛びつける
手ぎわ
つくつく法師
ひとり暮し
さっ引く
いき方
検する
縄飛び
切りあげる
なれ合う
はれ物
うぶ声
木やり
親ごころ
ちぢれ毛
ひっ算
一皮むく
手おけ
三つ組
裁判ざた
えり足
銀あん
お多福豆
鼻ぺちゃ
かき落とす
国なまり
午前さま
生れ変る
横紙破り
帰り車
ひじ打ち
断ち割る
貝合せ
川向う
縮みあがる
めい福
割り注
芽接ぎ
罪ほろぼし
察す
引く手
根無し
切れ口
波のり
当り年
転がれる
茶しぶ
信じ合える
こぬか雨
清まし
お発ち
中おち
生み付ける
もえぎ色
頂だい
丸めこむ
当て所
張りかえ
粉みじん
張りあい
朝明け
こつ然
水際立つ
編みだす
推する
数えあげ
お下
もの音
心覚え
首の座
川止め
書きとる
虫くい
星取り表
切捨てる
当てもの
録する
手利き
茶めし
呼び立てる
骨接ぎ
あい変わる
お呼び立て
出で立つ
ひと幕
焼増し
行きどまり
しょうぶ湯
乗っ取れる
折り合える
山鳴り
投出す
実だくさん
独り合点
先入れ先出し
時節がら
不精ひげ
供回り
たわけ者
糸へん
持ち寄れる
借入れる
聞き返せる
札つき
散らし書き
相入れる
雪折れ
中ぶた
まな弟子
延べ板
盛り花
芸無し
みるみる間に
はざ間
忘する
ばん回
吸い取れる
放とう
思いなし
持寄る
勝ち味
旅もの
物識り
はき物
芽立ち
肉ばなれ
地均し
田の面
先入れ
つるし上げる
判ずる
飛び回れる
割りあてる
もく星
存える
こけら落し
意気ごみ
見過す
曲りくねる
せん光
夕げ
学び取れる
打直す
冷かし
落ちっぱなし
出ばる
若書き
下げ止まり感
積立てる
早変り
わらい話
八方破れ
後がま
鼻っ面
祝する
よろい戸
ひと晩
居合せる
かんの虫
貝あわせ
やさ男
小ざっぱり
明かり窓
片りん
順序づける
ひん死
張切る
果し状
つまみ出せる
善がる
参する
背たけ
絹張り
丸太ん棒
投げ物
明かりとり
春がすみ
吸取る
思いなす
物の具
生まれ落ちる
そう快
乗り回せる
花活け
食わせ物
玉つき
しもた屋
はやり歌
大なた
見えすく
二つながら
関の戸
四切り
男結び
みね打ち
大切り
小田巻き蒸し
手当り次第
さん然
おくれ毛
もっけの幸い
容ぼう
引け時
さし当たる
点てん
囲える
ほお紅
困りきる
比ゆ
物いり
切れこみ
染みとおる
もち味
乗捨てる
乱せる
回り持ち
食み出す
牛なべ
札びら
難くせ
千日参り
思い乱れる
水ぎわ
そん色
銀ぶら
かぎっ子
居あわせる
むき出す
面当て
身ぎれい
顔つなぎ
力落とし
さらし粉
利付き
段もの
山ぶき
おとこの子
二上り
前貸し
山ひだ
へき開
くし焼き
夜どおし
おぜん立て
物ごい
燃えたつ
見積もれる
げん気
色消し
飛しょう
出語り
あて馬
が解
初買い
設い
すき間風
木の頭
冷ませる
飛び乗れる
午さん
起き直る
かい出す
焼け野が原
取りはからう
干割れ
順ぐり
根分け
人付き
気の病
一つ話
ふく射熱
半どん
似た者夫婦
氷まくら
格式張る
年の市
巻きたばこ
なれ初め
調子もの
若向き
ぎ装
足ぶみ
刻みたばこ
引かれ者
手ぬき
物づくし
上張り
手なれる
決め所
黄だん
何とて
水こぼし
たて穴
なり変わる
かん口令
折ふし
首くくり
打ち出の小づち
組合う
申し合わせる
打出す
小屋がけ
手まめ
野良ねこ
不まじめ
野育ち
折合い
入り母屋
切り火
うち続く
せん馬
有り勝ち
周章てる
うば車
呼びすて
ゆき届く
傷もの
私する
からめ手
う曲
喜の字
千切れ雲
当て外れ
焼き絵
かん木
段ち
朝げいこ
浴衣がけ
見そこなう
あいの手
むだ話
無理じい
折り箱
立回り
言付かる
問いただせる
わたの原
宿れる
型付き
食い下がれる
指し示せる
より糸
散切り
起きあがれる
投かん
かかり湯
表引き
夕やみ
泣き面
いったい全体
風ぼう
手ごめ
筋向かい
手初め
はちの巣
土手っ腹
保護預かり
言いぶん
すり付ける
歩引き
ぶ然
底ばい
満ぷく
追分け
当たりさわり
だまし討
一ぷく
引きちぎれる
ぺてん師
中ぶらりん
巣だつ
張合い
係結び
姉さんかぶり
番茶も出花
切立つ
切盛り
のの様
円み
物指し
先立てる
かつぎ上げる
内ない
存じる
差障り
わび状
六字の名号
花がつお
飛立つ
裁ち切る
小肥り
かごの鳥
寄るべ
心ばえ
船待ち
くみ取れる
反り橋
焼けぼっくい
善しあし
取りいれ
ありがた味
言い伝える
取調べる
平がな
胃けいれん
みなの衆
延べ日数
こ座
さぐり合う
取片付ける
展し
気散じ
下ろし金
知らず顔
三角きん
開さく
骨拾い
責めさいなむ
連れあい
乗りかかる
気受け
場所ふさぎ
行き止り
うわ薬
生れ落ちる
早わざ
取りしきる
組合す
親もと
お玉じゃくし
鳥もち
燃えがら
不仕合せ
常打ち
染分け
負ぶさる
ゆ着
外とう
切れめ
有りげ
聞きかえす
け飛ばす
虫ず
余り者
地しん
ばた足
紙ばさみ
酒だる
と絶
油照り
信用貸し
引連れる
花どき
ごみ取り
書取る
通りがけ
張り板
手暗がり
良しなに
を通しまして
作りごと
近回り
行止り
心臓まひ
心付く
相いれない
合の子
並べたてる
由無し言
参ずる
安んぞ
刷りこむ
おや子
問い合わす
前かけ
切りかける
放下す
背なか
糸取り
しょ糖
足ならし
付け文
身ごなし
寄書き
節句働き
止り木
いや応なし
小商い
身過ぎ
わが物顔
差入れる
油染みる
参らす
暗たん
はじき出せる
持ち合わす
混じり物
聞き置く
難ずる
ひとつ身
生つば
一打ち
い使
金ぱく
同せい
まっ最中
作り声
逆しま
遊び女
印する
しり上がり
仏だん
列なる
身まかる
辺ぴ
けた数
夜の目
切上げる
山びと
かち取る
折りかえし
絵探し
久留米がすり
同士打ち
後引き
歩きづめ
人入れ
陸上げ
き然
岩つつじ
着映え
首かせ
歌合わせ
聞きあきる
降り積る
好きもの
朝する
前く
たい色
芽ばえる
ちゃめっ気
入り海
染入る
小また
知ろしめす
信じん
防空ごう
延べ人員
ぶら下がれる
一くさり
算する
立ち居ふるまい
居続け
思いすごし
のし上がれる
立ちならぶ
つくり笑い
付け出す
広びろ
あわせ鏡
り病
分れ道
うっ積
知りぬく
着太り
黒目勝ち
捨て印
ぬれ手
あま味
とう骨
受売り
後ろだて
追っ付け
雨止み
申出で
こう丸
打寄せる
小やみ
置き屋
のど笛
うりざね顔
度外れ
なさぬ仲
小づち
ふり方
売れっこ
夢まくら
夜すがら
根切り虫
あいの子
独り暮し
打ちよせる
雨あし
馬ふん
皿まわし
取囲む
空笑い
種切れ
犬張り子
千三つ
延べる
寺入り
根引き
とき色
土地っ子
母もの
合い口
当り役
験す
食初め
手まねき
す巻き
松過ぎ
うしろ足
別れぎわ
積出す
引立てる
末しょう
火取り
心ばせ
はり合う
もらい湯
別ち
生えぎわ
内裏びな
殺気だつ
気移り
折返す
明けがた
ひとり者
立並ぶ
打止め
置去り
どさ回り
永続き
負けずぎらい
にび色
すくみ上がる
小いき
力わざ
礼回り
宿下がり
絵合せ
字配り
手つだう
流し元
間貸し
参れる
中の口
小切れ
流れ歩く
向う見ず
山ぎわ
横ざま
画然と
べた付く
天下とり
取回し
失せもの
よじ登れる
身じたく
常とう
ひと筋縄
鉄かぶと
はねっ返り
けい骨
七分づき
不行届き
夕さり
かく座
しば犬
何時のまにか
暮し向き
けんび鏡
色めがね
そ生
手答え
日読み
まっ消
打切る
えん下
売りとばす
物ぐさ
よび名
取っかかり
鳴りわたる
通り路
あぶれ者
取立てる
きわ立つ
出来あい
入れこみ
節する
わかち書き
生まれでる
首巻き
帯する
達っする
広っぱ
目明き
取りしまる
鉄の肺
寸切り
飛び箱
横ならび
差止める
ひとつ話
反り身
独りぽっち
打ち取れる
真結び
衣かつぎ
使い先
首っぴき
いなか者
腹合わせ
行きあたり
干ぴょう
張上げる
血たん
忘れがたみ
末えい
日並み
はなし家
我勝ち
見ごと
連けい
先ぽう
食入る
人あしらい
足どめ
かかぁ天下
顔寄せ
てい談
明らむ
節まわし
上乗り
遠鳴り
若返れる
まん月
焼付ける
肉はさみ
屋台ばやし
買い貯め
分れ目
連だつ
満たん
火かげん
心成し
勇み立つ
急げる
持回り
令する
腹当て
組打ち
見張れる
かね合い
罪する
あっ気
水っぱな
白練り
紙つぶて
銀ぶち
付け火
空き店
広やか
水ごけ
額づく
敬けん
行きあたる
空買い
染め分ける
穀断ち
志ざす
死出の山
炭じん
選び出せる
居食い
後入れ先出し
数えうた
寒げいこ
ざら紙
支う
一飛び
手の筋
落ち合える
首引き
朝な朝な
老い木
出切れ
染め付ける
現し世
追いはらう
風当り
飛び上がれる
打勝つ
お福わけ
もみ消せる
こき使える
思案投げ首
名ごり
立ちどころに
せきつい動物
内貸し
受答え
お茶ひき
行きあう
女の童
追討ち
読みさす
元のもくあみ
鼻っぱし
さし水
準える
風引き
ばか力
暮れ残る
あれ性
休する
形作れる
ひと度
きめ手
差支える
背中合せ
天真らんまん
けい古
遊び回れる
明かり障子
減り張り
何でもかでも
兵たん
地つづき
呼び子
強情っぱり
荷送り
飛びかかれる
矢がすり
はい用
待ち合わす
打破る
捨てどころ
見収め
あぶら虫
夜働き
点ずる
入れ目
初っ切り
付き木
気構える
美ぼう
食い切る
ひじ鉄
責め合う
ばく然
則する
投げ飛ばせる
産み月
当ぎり
染み着く
しめ切る
立向かう
悪しざま
どんぐり眼
ひき潮
切り割り
夜さり
食止める
手ぬかり
欲得ずく
花ぐもり
位はい
個条書き
割切れる
敬える
賃借り
早手回し
時無し
独りっ子
そう身
家構え
かみきり虫
形がい
お河童
受け出す
山へん
気ぶん
教べん
はしご段
ます席
日増し
生り年
つや消
うつり香
引っこみ
人間わざ
引切り無し
絵さがし
空き間
寒明け
お国ぶり
なり形
言付ける
はげ落ちる
一わたり
数えあげる
呼び塩
おしら様
打ち切れる
起きあがりこぼし
受け持てる
輪かん
ひとつ穴
茶びん
身受け
合いかぎ
七化け
額ぶち
丸ぼうず
勝負け
空き腹
潮焼け
追い使う
分合う
思いちがい
持ち回る
肥す
もぎ取れる
住みなす
ほおの木
間がら
る骨
割れもの
あがり目
心やり
春告げ鳥
こわれ物
砂じん
肉しゅ
投入れ
盛り分ける
お変り
白茶ける
空きかん
か働
引合せ
初物食い
曲打ち
おもて向き
片割れ月
こと足る
まがり角
心組み
決めどころ
差し出口
空せき
とらの巻
いい表す
討取る
重そ
格子造り
打合せる
年寄る
土付かず
見せ消ち
あで姿
主取り
借れる
横切れる
浅み
大見え
届けでる
言い直せる
から元気
しゅん功
当座しのぎ
冷や飯食い
混ずる
代り映え
早生れ
お目もじ
付け目
言い条
ぬぐい取る
文使い
引き窓
座持ち
物の気
言い習わす
言張る
位負け
小わき
呼捨て
小づくり
目のかたき
横降り
飛交う
引付け
生けにえ
せん毛
幕あい
お銭
付け値
干る
用紙送り
おえら方
くやし泣き
巣立てる
総くずれ
しん粉
書付け
雨がさ
混じりもの
松たけ
注文流れ
生い先
生さぬ仲
せん動
面付き
修まる
そう病
断がい
男だて
起上り小法師
平らぐ
絵空ごと
読み流せる
資金ぐり
付加える
代る代る
へぎ板
平然たる
立付け
しゃくし定規
七つ立ち
真向き
歩み板
帳じり
絶えだえ
赤えい
ちょうちん持ち
倉出し
事寄せる
親無し
身二つ
ご難続き
最後っぺ
乗切る
えい児
仕着せ
こう頭
おぼれ谷
入れ札
がい然性
食いはぐれ
好き心
苦り切る
角ぐむ
軽べつ
べら棒
せり上げる
七ふしぎ
縦結び
苦りきる
雪けむり
酒太り
鼻っつら
くそ力
訓ずる
縄付き
花合せ
聞きもらす
びてい骨
語り明かせる
だて巻き
下じ
忠義立て
どの事
見す見す
報える
差出る
つまみ洗い
相続く
生かる
行交う
勤め口
大つぶ
塩あじ
かき消せる
笑いっ放し
気組み
時貸し
かま首
点取り虫
寸づまり
降注ぐ
張り切れる
産じょく
えり分ける
しぶ皮
太刀さばき
しょく台
全ぼう
横っぱら
かぎ鼻
取りどころ
火責め
出はな
向けなおす
かずの子
自まん
ざん新
やの字
うば桜
開け閉て
切開く
冷かす
塩断ち
差付ける
肥よく
南ろく
横あい
風折れ
たこの木
在り来り
波除け
底ひ
さらし木綿
組み合す
退っ引き
聞覚え
お平
反っくり返る
熱かん
夜っぴて
精かん
三りんぼう
横っつら
茶しゃく
費える
反っ歯
射通す
歌っこ
浅草のり
下たい
間に合せ
取返す
物慣れる
どら声
根こぎ
巣くつ
首っ玉
意地張り
笑まひ
奮いたつ
役向き
書きいれる
取留め
揮ごう
着たきりすずめ
ずうずう弁
永の別れ
身知らず
出し値
取りもつ
なき虫
独りもの
組みあう
かっ歩
合せ鏡
着初め
わかれ目
低まる
写し出せる
追い羽根
食わせもの
あぶら身
前下り
見回れる
節付け
切出す
じゃの目
つわ者
小競合い
書き損じる
筋ちがい
千羽づる
すき通る
縄延び
医する
置忘れる
はちゅう類
秋落ち
思い切れる
鳥寄せ
ぼ金
落しぶた
後回り
蔵入れ
場当り
切下げる
終わり値
読みあわせ
ちょう戦
無何有の郷
物ごし
立ち合える
静ひつ
横っとび
折りあい
拾い歩き
見取り算
上包み
細作り
付入る
畑ちがい
味け
使い水
呼寄せる
歌まくら
道教え
さがり目
仕出す
取り粉
数え日
乗り合わす
け落とす
二重回し
面とり
上つ方
型置き
日照り雨
子うし
ひきたて役
もの売り
暑気中り
書き残せる
そら耳
ほほ笑みかける
祭文語り
言い放す
取りつくろう
巻き起す
荷なう
飲みつぶれる
思いとどまれる
気のり
大島つむぎ
芽立つ
き傷
青立ち
赤むけ
当てはずれ
先ぶれ
はく色
別れ路
成り変わる
学びとれる
人当り
茶だんす
ひとり合点
後じん
程合い
宿借り
仕組める
打付ける
模様ながめ
地ごく
ひ骨
練歩く
貸し賃
立ち去れる
出盛る
取り仕切れる
口づて
歯入れ
取止める
捨て所
落しもの
未だまだ
薬食い
食らえる
まじり気
歴る
貧する
追い打つ
健か
消化せん
競り合える
落し前
革める
左ぎっちょ
増さる
生い立つ
いく重
手盛り
聞分ける
お父つぁん
への河童
上がり段
割出す
うん気
絶え入る
売残り
速送り
重ねがさね
借り着
安上り
署する
したたか者
読みつぐ
上っ調子
大立て者
有余る
責めつける
相がかり
井げた
対じ
引立て役
買いしめる
ぜい言
蒸しずし
明け番
申しかねる
両てんびん
求め行く
鉄火みそ
つい間板
まくら元
取り捨てる
輪なげ
座りだこ
付けひげ
小きざみ
引入れる
五穀豊じょう
出ごと
言いつかる
追い肥
幼友だち
回り気
絹もの
解き物
間切る
切り羽
手ごま
打ち合わす
肉置き
立合う
語路合せ
切返す
湯中り
立待ち
乗取る
分引き
国構え
落し入れる
菜切り
行きかかる
三羽がらす
書き記せる
切り立てる
固まれる
取り次げる
そう入
熊ざさ
虫へん
でっ歯
晴やか
雪起し
割りふる
出食わす
解きもの
切りくずす
花やぐ
立ち退ける
黒ぐろ
出出し
取り片付ける
悪もの
飛散る
看取れる
行着く
返すがえす
買いためる
印ろう
解明かす
山止め
逆ねじ
立ち所に
受けこたえ
歩ます
くたばり損ない
とり殺す
質せる
角立つ
ねん転
弁そ
研出し
やり過す
日の下開山
相四つ
上っつら
明り障子
そそり立てる
取持つ
編出す
知行取り
航る
小田巻き
おたずね者
何時のまに
折れ口
写し物
若げ
もらい子
土なべ
打ちくだく
行きちがい
鳴きしきる
出外れる
委する
限れる
打ち直せる
張合う
間げき
焼直し
声変り
当てなし
しめ殺す
たいこ腹
むら気
本直し
こり性
通りみち
場なれ
似寄り
寄りすがる
引当てる
絶え果てる
せん痛
囲い者
家移り
不つりあい
示し合わす
上っぱり
取計らう
呼びもの
居残れる
夫婦づれ
選りどり
こん度
切付ける
差し招く
言放つ
ふた親
切れ物
もらい乳
取り囲める
極め手
推量る
飛付く
使い果す
生別れ
腹下り
立聞き
そら言
切れぎれ
立返る
おびき出せる
無考え
盛りかえす
高ずる
染め模様
初生り
切りきず
散り残る
飛びのる
やみ市
らく印
丸ぽちゃ
口写し
蒸返す
酒ぐせ
飛出る
取り所
ひっきり無し
息まく
打合う
朝がけ
女出入り
引きさく
かっ切る
仮す
売飛ばす
窓べ
生れかわる
開け放せる
ふき上げ
まぜ返す
下り腹
玉のこし
生えぬき
もの別れ
四角張る
書入れる
連立つ
かこう岩
付足す
大ぶろしき
ばた屋
低み
混ぜっかえす
はち密
染出す
かくし子
心得える
食下がる
返り忠
はやり立つ
腹がけ
打ちつづく
米食い虫
去り状
折りかえす
聞出す
取分ける
盛り砂
立働く
雑然たる
取り交す
歩きつめる
血すじ
探り出せる
笑いばなし
結びの神
二番せんじ
借り家
写し取れる
枝折り戸
引っ下げる
行き暮れる
鼻曲り
むし返す
差し上る
分け取り
差向ける
居住い
売れのこり
角目立つ
回り番
暗ます
書記す
仕立て物
慣わす
重立つ
火移り
蒸しなべ
言い回す
選び取れる
つけ目
化のう
手まくら
結ぼれる
すずかけの木
切りとれる
ふるえ上がる
小切る
山家育ち
明けっ放し
落ちめ
打ち落す
も造
仕付ける
置きかわる
野次れる
こびり着く
人指しゆび
半ら
張り回す
片かな
追いやれる
減せる
練りあわせる
音さた
差しかざす
補てい
ひっ付く
わけ目
並一通り
鹿島立ち
脳いっ血
間引ける
入組む
買置き
聞捨て
引下がる
早分り
言いのがれる
乗り組める
研ぎ物
手づる
革まる
要さい
下仕え
取り去れる
寄せかける
走り井
食いしろ
たき物
向い合せ
張り合わす
蒸ける
取仕切る
思い直せる
散りはてる
追付く
験する
ご三家
やって退ける
りょう線
組み直せる
角書き
断然と
ひっくり返れる
おどり上がる
根まわし
だく足
ほこ先
落し紙
所帯染みる
投付ける
足ついで
垂んとする
見えっ張り
地ひびき
差しいれる
打返す
盛り合わす
負けおしみ
有合せ
追い回せる
小田巻蒸し
張り足す
素見す
有がい
肥れる
こぎ着く
中売り
飛び板
取り広げる
武張る
戦がす
負け星
鳥かん
すご味
仕ぐさ
ぽん引き
亡くする
気の薬
入り船
潮どき
走りでる
呼ぶ子
打ちだせる
競り上げる
かち取れる
つっ返す
紙の木
招ずる
接ぎ合せる
象がん
はぎ合わす
取去る
取殺す
上げ数
取り極める
差延べる
打見る
火取る
接げる
聞流す
努まる
洋かん
背切り
研ける
すき腹
固練り
目切れ
接ぎ合わす
行きだおれ
雪持ち
わざ師
引ずる
芽だつ
身の代
降しきる
持ちかえれる
べっ視
切合う
引っこぬく
知ろし食す
歌い女
段だら
言い寄れる
輪なり
七つ屋
精出せる
言いおく
川すじ
気障り
飛切り
付け木
従く
手折れる
しみ付く
合かぎ
明け放す
在り合せる
推し移る
満ぞく
たん能
がり版
取り前
練り直せる
聞入れる
交ぜっ返す
かつ目
じょう乱
打落す
飛回る
まぐれ当り
潮垂れる
住み成す
口よせ
外らす
流れ着ける
染付く
引回し
白むく
し細
点頭く
生延びる
類える
鼻っぱしら
ねらい打てる
めっき線
心変り
上っ側
作り物語
書き判
書下す
取混ぜる
外の面
強持て
行き当る
帰が
散らしずし
立てこもれる
行き当りばったり
聞き合わす
用達し
食わずぎらい
付けひも
明けっぱなし
裏がえる
たけのこ生活
あや織り
化かせる
ゆう和
亡くなす
一目りょう然
取りかたづける
当りさわり
いんぎん無礼
おとし入れる
書立てる
打ちかえす
置きわすれる
言いそこなう
輸する
差向い
空うそぶく
お待ち遠様
打ち見る
打勝てる
慣す
親代り
りん病
思ひ寄る
