思う
言う
行く
思い
良い
書く
入る
使う
見る
感じ
知る
持つ
考え
読む
下さる
探す
聞く
無い
食べる
問い合わせ
同じ
買う
好き
多い
作る
その他
入れる
に関する
受ける
行う
高い
お願い
多く
少し
続く
出す
及び
分かる
大きい
悪い
楽しい
帰る
取る
終わる
違う
変わる
本当に
強い
お客様
新しい
向け
教え
初めて
頂く
含む
飲む
早い
特に
大きな
一つ
続ける
見え
通り
言える
始め
呼ぶ
全て
楽しみ
詳しい
近く
欲しい
少ない
気持ち
に対する
忘れる
に対して
求める
その後
送る
子ども
生きる
過ぎる
皆さん
考える
話す
確か
お知らせ
長い
違い
面白い
出来る
描く
来る
流れ
出る
使い
選ぶ
置く
待つ
ご覧
向かう
乗る
進む
語る
お気に入り
お前
付け
売る
届け
残る
付き
美しい
死ぬ
歩く
致す
合わせる
美味しい
全く
目指す
走る
作り
実は
与える
開く
会う
基づく
必ず
変える
限り
示す
認める
難しい
生まれ
見せる
見える
大好き
小さい
始まる
近い
異なる
行い
安い
名無し
に関して
出会い
覚える
住む
押す
合う
小さな
上げ
見つける
降る
起きる
立つ
有る
打つ
加える
上がる
答え
決め
増え
決まる
用いる
付く
残す
新た
若い
困る
守る
深い
動き
落ち
暮らし
お金
幸せ
調べ
負け
比べる
間違い
進める
明らか
遊び
可愛い
広い
最も
迎える
楽しめる
祭り
思い出す
動く
願う
優しい
久しぶり
切る
お話
疲れ
彼ら
感じる
含める
信じる
低い
働く
同時に
笑う
素晴らしい
歌う
厳しい
届く
殺す
休み
離れる
周り
学ぶ
問合せ
勝つ
見つかる
起こる
食う
書き込み
買い物
立て
勧める
支払い
遅い
例えば
消える
怖い
香り
知れる
軽い
伝え
止め
通る
除く
遊ぶ
飛ぶ
役立つ
自ら
済む
見れる
白い
払う
痛い
流す
一戸建て
住まい
連れ
繰り返す
過ごす
焼き
申し込み
気づく
女の子
限る
集め
試し
明るい
更に
落とす
お待ち
申し上げる
訪れる
寒い
古い
開ける
悩み
集まる
起こす
豊か
選び
常に
に対し
借りる
聞こえる
沿う
取り扱い
お客
再び
次に
応じる
当たる
正しい
と共に
お腹
驚く
歩き
述べる
使える
始まり
捨てる
切れ
育てる
止まる
別に
失う
並ぶ
残り
後ろ
ご飯
喜ぶ
抜ける
激しい
楽しむ
図る
戦い
忙しい
減る
引越し
暑い
赤い
引く
使い方
熱い
生じる
任せる
建てる
引き
渡る
もう少し
弱い
関わる
子育て
痛み
至る
頂ける
隠す
短い
申し訳
静か
考え方
好み
広がる
返す
立ち
甘い
回る
分ける
咲く
越える
始める
珍しい
扱い
悩む
決して
何とか
避ける
居る
重い
伝わる
お茶
勝ち
得る
間違う
定める
当たり
係る
二つ
出会う
登る
手続き
遅れ
取り組み
足る
問う
取り組む
思い出
分の
座る
泣く
行なう
落ち着く
禁じる
投げる
終える
辺り
上手い
寄せ
巻く
寄る
代わり
抱く
優れる
笑い
お世話
追う
お互い
喜び
気に入る
乗り
現れ
慣れる
働き
手作り
挙げる
扱う
当たり前
載る
怒る
切り
助け
初め
遠く
書き込む
薄い
出かける
待ち
戦う
望む
恥ずかしい
我が家
逃げ
売れ
目立つ
触れ
を通して
許す
一気に
悲しい
走り
世の中
近づく
抜く
死ねる
細かい
狭い
を通じて
改めて
夏休み
動かす
替える
吹く
込み
運ぶ
お母さん
勢い
黒い
気付く
眠る
赤ちゃん
汚れ
思わず
貸し
迷う
幸い
驚き
役に立つ
もう一度
負う
別れ
経つ
閉じる
美味い
愛しい
寂しい
組み合わせ
生かす
調べる
定め
頼る
相変わらず
巡る
少なくとも
判る
表す
下り
振る
開き
早め
下がる
囲む
お菓子
向こう
増やす
何で
結ぶ
解る
見直し
迫る
載せる
上げる
暗い
晴れ
仕上げ
お送り
ある程度
育つ
幅広い
冷たい
教える
贈る
倒す
重ね
果たす
外す
去る
想い
間違える
支え
出せる
振り
上がり
占い
取扱い
防ぐ
込める
振り返る
我が
同じく
お疲れ様
張る
青い
向き
放つ
暖かい
お伝え
見つめる
受け取る
設け
備え
学び
味わう
食べ物
遠い
書ける
実に
単に
明け
受け入れ
亡くなる
怒り
乗せる
努める
有する
広げる
寝る
無くなる
下げ
倒れる
壊れる
越す
辞める
演じる
本当は
訴え
取り寄せる
植える
並べる
取り上げ
回り
仕組み
効く
向い
伝える
輝く
込む
焼く
組む
濃い
見かけ
折る
味わい
踊り
飾る
流れる
飛ばす
保つ
踊る
踏む
抱え
包む
救う
入り口
襲う
泣き
増える
恐れ
吸う
荒らす
受け付け
引き続き
抜き
弾く
渡し
頼む
付ける
見た目
着い
速い
細い
拾う
当て
飼う
盛り上がる
ご存知
着く
お出かけ
直し
整う
決める
お父さん
申す
参る
造り
高め
意外と
叫ぶ
登り
有難う
日帰り
絡む
難い
休む
活かす
並び
選べる
知り合い
正しく
思える
お昼
予め
積む
急ぐ
承る
下る
恐ろしい
極めて
満たす
引っ張る
疑い
空く
隠れ
及ぶ
落ちる
伺い
守り
消し
洗う
占める
共に
攻め
やる気
回し
混ぜる
取り付け
お答え
間に合う
付き合い
減らす
並びに
治る
やり方
温かい
記す
単なる
真ん中
聞ける
上る
男の子
柔らかい
付き合う
お子様
耐え
誇る
成る
通し
構う
通じ
恵まれる
探せる
吐く
何故か
申込む
助かる
盛る
生き物
苦しい
余り
お礼
黙る
光る
仲良く
見積もり
添える
集まり
担う
行ける
浮かぶ
訪ねる
狩り
生き方
飾り
愛する
生み出す
支払う
応え
従う
古く
問い合せる
握る
奥さん
割れる
似合う
引き出す
触る
造る
見守る
色んな
加わる
尽くす
掘る
お湯
燃える
外れ
試み
生える
愛す
若しくは
お笑い
出来上がる
分かれ
達す
壊す
祈る
間取り
お越し
誤り
浴びる
取り扱う
許し
咲き
上り
突っ込む
お祝い
増し
生まれる
広がり
解く
祈り
姉さん
っ子
作り方
詰め
危ない
招く
この間
映る
見通し
移す
尋ねる
張り
御座い
創る
後で
取り入れ
荒れる
笑える
築く
持てる
立ち寄る
手入れ
満ちる
踏まえる
高める
何より
見積り
響く
疑う
答える
何だか
重なる
及ぼす
深める
断る
暮らす
この世
響き
易い
固い
その間
高まる
導く
仕入れ
巻き込む
大いに
誠に
混む
泊まる
お手伝い
数える
汚い
曲がる
渡す
読み取る
務め
三つ
あり方
興味深い
立てる
被る
現れる
並み
祝い
切り替え
返る
支える
仮に
割り
破る
上回る
最寄り駅
数多い
鮮やか
心から
撃つ
誇り
採る
止める
配る
争い
書き方
見上げる
果たして
要る
詰まる
確かめる
飛び出す
通う
皆さま
お寺
立ち上がる
下ろす
騒ぐ
反する
何らかの
お盆
太る
済ませる
引っ越し
手伝い
呼びかける
干す
言い方
思いつく
混じる
適す
旨い
か月
注ぐ
眠い
構え
取れる
兄ちゃん
半ば
買える
探る
観る
兄さん
笑み
預かる
消す
幼い
触れる
流行る
あっという間に
贈り物
移る
例える
舞う
召し上がる
要するに
いつの間にか
染め
逃げる
問い
脱ぐ
謝る
言い訳
固め
浮かべる
取り出し
習う
見出し
頼り
必ずしも
伺う
輝き
背負う
未だに
曇る
追いかける
称す
丸い
勤め
散る
お断り
著しい
写る
未だ
育ち
苦しむ
負ける
泳ぐ
犯す
収める
建つ
心がけ
腐る
次第に
太い
思いっきり
厚い
何となく
沈む
盛り上がり
打ち合わせ
有す
照らす
押さえ
治す
何とも
組み
割る
受け止める
空き
心地よい
我が国
浅い
仕立て
乗り越える
利く
眠り
要する
兼ねる
独り言
刻む
固まる
今や
気持ちよい
いい加減
直す
鋭い
盛ん
恐らく
離す
読める
果て
好む
前向き
黄色い
見比べる
鳴る
お好み焼き
真っ赤
年寄り
仕上がり
目覚め
在る
有り難い
覚める
奴ら
代わる
浮く
飲み物
成り立つ
微笑む
冷え
手伝う
属する
何と
名乗る
金持ち
相次ぐ
蒸す
悲しみ
片付け
迷い
繰り広げる
含み
叫び
斜め
見よい
二度と
敷く
買い上げ
遊べる
苦しみ
一人暮らし
話しかける
お話し
打ち上げる
唱える
売れる
運び
お子さん
関わり
お正月
お買い得
作れる
接す
盛り上げる
差し
冷やす
田んぼ
直ぐ
話し合い
売り上げ
傷つける
受け取り
友だち
指し
お手数
やって来る
救い
勝てる
持ち込む
乗り込む
飼い主
天ぷら
臨む
受け継ぐ
柔らか
収まる
時に
説く
大した
告げ
許せる
裏切る
わが国
引き上げ
気持ちいい
指す
鳴らす
着替え
見込み
誤る
学べる
通す
取り除く
売り切れ
回す
結び
引き起こす
狂う
集める
互いに
切ない
逃す
駆ける
髪の毛
動ける
情けない
騒ぎ
納める
洗い
群れ
飛び込む
打てる
過ごせる
望み
力強い
お祈り
作り出す
着る
溶け
見逃し
暴れ
捕まる
写し
刺す
見舞い
通い
闘い
従って
姉ちゃん
幾つ
お陰
枯れる
余る
命じる
震え
思ふ
選び方
率いる
お家
交わす
故に
座り
欠け
目当て
歩ける
手がける
偉い
歩む
面す
お気
落ち込む
劣る
味付け
泣ける
閉める
染まる
持ち主
営む
下がり
交える
下げる
着ける
曲げる
発す
足す
直ちに
持ち帰り
万が一
入れ替え
話し合う
見かける
訴える
頼み
恵み
追いつく
産む
務める
歩み
素早い
焼け
刺し
日焼け
転がる
作り上げる
お過ごし
に関し
降りる
下す
乱れ
貯める
申し出
切れる
報じる
来れる
測る
先ず
会える
真っ白
改め
組み立て
乾く
温める
捕まえる
たどり着く
鳴く
知らせ
敗れる
向き合う
色合い
お迎え
解ける
通じる
望ましい
便り
等しい
可愛らしい
存じ
属す
明かす
招き
育む
葉っぱ
傷つく
何かと
生る
うつ病
苦い
落ち着き
傾ける
気まま
甘え
見直す
闘う
急ぎ
接する
彩る
読み方
預け
持ち上げる
やり取り
申し込む
問い合わせる
立ち読み
出入り
要は
親しい
取り込む
位置づけ
役立てる
継ぐ
ご存じ
振込む
突き
間もなく
抱きしめる
生き残る
速やか
強める
時には
握り
装う
争う
引き継ぐ
入り込む
習い事
盛りだくさん
分る
追い込む
助ける
打ち込む
引っかかる
就く
化す
積もる
売り場
売れ筋
お疲れさま
駆けつける
押し付ける
泊まり
貧しい
秘める
中でも
受かる
向ける
好ましい
責め
発する
富む
思い切る
小遣い
お尋ね
冷める
甘み
に関しまして
振り回す
盗る
仕込み
受け入れる
日差し
取り消し
焼き鳥
講じる
味わえる
突っ込み
見送る
引き取る
ため息
題す
肩こり
待ち合わせ
向う
仲良し
帯びる
織る
想う
差し上げる
養う
包み
遅れる
集い
ご苦労
無理やり
盗む
一人ひとり
突く
見込む
気持ち良い
描ける
気まぐれ
大きめ
留まる
替わる
暮れ
言い出す
早起き
教わる
取組む
抱える
置き場
値上げ
留め
物足りない
昔ながら
持ち込み
因みに
値下げ
淡い
食らう
咲かせる
結びつく
祝う
知り合う
終る
引け
乗り物
振り向く
区切る
試す
増す
恐い
仕上がる
現に
折り返し
介す
恋しい
近づける
お参り
立ち上がり
積み重ね
見下ろす
手持ち
直る
何やら
通り過ぎる
競う
即ち
夜明け
貯まる
四つ
何気ない
何ら
着せる
お守り
暖か
論じる
思い込む
我ら
高まり
動き出す
町並み
名付け
手のひら
働ける
設ける
燃やす
出迎え
帰り道
追って
重ねる
現す
組み込む
達する
たこ焼き
引きずる
密か
花びら
多め
呼び出し
疲れる
化け
操る
日の出
浸る
当てはまる
仕分け
厚み
逃れ
告げる
破れ
欠く
数少ない
入れ歯
使い勝手
先ほど
転ぶ
垂れ
隠れ家
混ざる
貸し出し
税込み
荒い
討つ
応える
いち早い
和む
手書き
溶かす
編み
澄む
飲める
見送り
尽き
当てる
品切れ
堅い
要す
気合い
見渡す
吸い込む
宝くじ
大騒ぎ
焼きそば
絶える
刈る
仕える
仰る
逃げ出す
思いやり
危うい
お返し
久し振り
手打ち
呼べる
菜の花
追い出す
痛む
休める
変る
真に
大人しい
見合い
強まる
広まる
期す
細か
真っ直ぐ
引き込む
当り
母さん
補う
移り
深まる
差し出す
抱っこ
気の毒
損なう
成す
練り
独り
引き受け
落書き
無くす
何だ
旨み
聞き取る
見受ける
近寄る
煮込み
乗り切る
広め
消せる
転じる
次ぐ
文字通り
案の定
制す
空ける
出会える
問いかける
道のり
親しみ
明かり
生む
取り巻く
捕らえる
浸かる
買い求める
読み返す
石けん
倒せる
費やす
お宝
計る
向く
盛り込む
栄え
互い
覚ます
仰ぐ
持ち帰る
乳がん
整える
行える
強み
表れ
お隣
昼休み
降ろす
怒鳴る
見当たる
抜け出す
知らせる
彩り
言うまでもない
値する
相応しい
夕暮れ
至り
奏でる
訳す
重み
物語る
持ち出し
振るう
手づくり
映す
次いで
乗り出す
下し
傍ら
閉まる
吐き出す
持ち歩く
走り回る
手当て
友の会
生まれ変わる
望める
暮らせる
真っ暗
田植え
立ち止まる
察し
日替わり
下回る
備える
練る
玉ねぎ
途切れる
現われる
過払い
悩ます
欠ける
読み取り
出回る
何もかも
返せる
仕込む
今さら
痛める
語り合う
在り方
立ち向かう
見どころ
絡める
着付け
聞かす
取り出す
父さん
傾く
合える
極め
停める
戸惑う
満つ
浮かび上がる
手抜き
正に
弱る
鳴き声
引き寄せる
付す
出向く
振り込み
送り出す
車いす
届け出
除ける
踏み込む
嘆く
思い込み
差し込む
を以て
食する
大さじ
生き生き
いた事
誉める
思い浮かべる
逆らう
深み
主として
踏み出す
鈍い
真っ
真っ黒
泳ぎ
取り外し
名づける
追い詰める
幾ら
使い分け
大して
夕焼け
見分け
想い出
お忙しい
見抜く
思い切り
生ずる
思いつき
値引き
延ばす
書込み
鳴り
遠慮ない
包み込む
先立つ
集う
付け加える
産まれる
戦える
長生き
捕る
絶つ
真っ先
薄れる
すれ違う
余りに
隣る
読み込み
やり直し
働きかけ
折りたたみ
昼過ぎ
天下り
香ばしい
話せる
お方
丸ごと
意味合い
日の丸
映し出す
閉じ込める
遣い
待ち時間
老い
大通り
太もも
傷み
分かれる
区切り
遣る
見極め
丸出し
裏切り
延べ
取り消す
飛べる
蒸し暑い
灯り
重たい
夕べ
際立つ
結びつける
吹っ飛ぶ
まとめ買い
吐き気
絵かき
引き下げ
一向に
浮き
召す
待ち受ける
省く
思い入れ
品書き
驚かす
為す
薄暗い
見慣れる
最寄り
面倒くさい
煮込む
乗り場
身の回り
帰す
見合う
通れる
見習う
打ち出し
早くから
逃がす
お便り
見失う
人びと
則る
透ける
ほうれん草
代え
一段と
やむを得ない
安らぎ
感じ取る
投じる
買い取り
度合い
耐える
奥深い
略す
準じる
課す
跳ぶ
お母様
恋する
旅立つ
置ける
日ごろ
引き分け
手洗い
怖がる
見舞う
何しろ
当る
焼き肉
吹き飛ばす
大げさ
泊り
主たる
走り出す
使い捨て
若返る
攻める
割り切る
少なめ
利回り
病む
散らし
余儀ない
詰め込む
止む
飛び交う
刺さる
格付け
終り
照れ
読み上げる
占い師
見逃す
放す
宿る
割り当て
助け合う
愛らしい
積み上げ
順に
見捨てる
刻み
染み
乗れる
何時も
買取る
君たち
押し寄せる
憶える
依然として
取り合う
前払い
山歩き
跳ね
和える
有り得る
行き先
担ぐ
引渡し
生み
快い
苦しめる
乗じる
位置付け
寄り道
わが家
切り取る
近付く
拝む
鳴き
活きる
見習い
久しい
済ます
子連れ
手助け
震える
片づける
好い
日当たり
組合せ
使いこなす
持ち物
手すり
差し入れ
恐る
値上がり
呼び出す
冷え性
墓参り
あっという間
落ち着ける
通行止め
お許し
聖なる
亡き
欠かす
起き上がる
手引き
亡くす
暇つぶし
退く
対す
心強い
行き届く
思い立つ
振る舞い
取り上げる
待ち遠しい
閉ざす
乗っ取る
残せる
坊さん
薄める
温まる
旅立ち
別れる
小さめ
定か
眼差し
色づく
泊まれる
寝かせる
戸惑い
絶えず
乗り入れ
読み解く
打合せ
切り口
知らす
飲み屋
見やすい
ただ今
日にち
言い聞かせる
手渡し
読み物
取り付ける
細長い
貸す
取り替える
見落とす
進め方
話し方
意気込み
長持ち
打ち切り
寄り添う
沈める
決め手
編む
仕切り
狩る
見渡せる
寄せる
目覚まし
申し入れ
仕出し
仕切る
開き直る
微か
きめ細かい
可笑しい
産み
横たわる
取り込み
損ねる
すき焼き
切り捨て
絵描き
見回す
見知らぬ
改める
委ねる
好く
ひっくり返す
否める
沈み
生き残り
見出す
大いなる
有難い
連なる
年明け
合せ
読み込む
見なす
推す
受取る
離せる
兼ね備える
後払い
駆け抜ける
護る
赤ん坊
すれ違い
止る
大笑い
恐れ入る
分厚い
落ち葉
程よい
気が付く
張り付く
五つ
お供
たんぱく質
言い分
健やか
分かつ
浸す
持ち合わせ
不味い
長引く
尽きる
横切る
平ら
防げる
細やか
洗い流す
構える
遠ざかる
切り替える
抱きつく
摘み
書き込める
過ち
立ち去る
名乗り
大盛り
温もり
風合い
使い道
詰まり
断り
後押し
語りかける
戸建て
先駆け
流れ込む
得する
内祝い
計り
資する
似合い
細め
険しい
低め
占う
任す
行き来
飛び降りる
頼もしい
暮し
買い替え
呼び名
気さく
供する
今にも
兆し
立ち入り
詰め合わせ
延び
丸める
値打ち
狂い
落とせる
見下す
長め
押し込む
奥行き
山登り
溶け込む
笑い声
申し立て
盆踊り
抜け毛
違える
生き抜く
仕上げる
盛り合わせ
治まる
紅い
外せる
心構え
張り切る
落ち込み
外れる
気遣い
傾げる
組み合わせる
係わる
届ける
飛び込み
神さま
春休み
通りすがり
営み
担い手
書き下ろす
根強い
切り替わる
勝る
吹き出す
当の
折り紙
準ずる
取付け
許可ない
微笑ましい
洗える
報う
取り囲む
戯れる
生き延びる
称する
生きがい
吹き込む
嘆き
願い事
飲み込む
転がす
走れる
目の当たり
尊い
世に
手がかり
軽やか
歩き回る
取り入れる
実る
追っかけ
通り抜ける
取り直す
勤める
放り込む
生かせる
課する
段取り
取寄せる
肩書き
呼ばわり
縮む
差す
切り開く
実り
親しむ
差し引く
永い
年越し
仲間入り
付け根
あだ名
駆る
裏付け
伝う
見立て
試みる
触り
投げ出す
後ほど
着こなし
取消し
極める
塩焼き
探り
志す
取りあえず
何れ
暖める
歯ごたえ
連ね
引き上げる
見逃せる
人差し指
脳みそ
入れ替わる
色とりどり
焼き上げる
摘む
突きつける
八つ
授かる
義務付け
お化け
入ろう
博す
直に
待たす
香る
落とし穴
生れ
乾かす
取り残す
母ちゃん
目覚める
切り上げ
売り出し
勝ち取る
依る
見せつける
振り込む
裁く
万引き
梅干し
覚せい
吹き抜け
飛び立つ
踏み切る
大当たり
祭る
手ごろ
冬休み
見苦しい
見合わせ
大まか
買い取る
押しつけ
持ち運び
定まる
混ぜ合う
建て替え
引き返し
見入る
いつの間に
泣かせる
申し付ける
見張る
名高い
台無し
男らしい
投げかける
住める
暴く
手放し
に際し
押さえる
上乗せ
傾き
笑わせる
生まれ変わり
濁り
晴れる
弾む
立ち並ぶ
映り
取りまとめ
備わる
今ひとつ
授ける
明け方
表わす
駆け寄る
お年
乗り継ぎ
抜かす
お子さま
映え
清める
命ずる
講ずる
色っぽい
即す
立ち直る
割り込む
乱す
切れ味
拓く
恥じる
治める
蓄え
隠せる
化け物
煮る
書き出し
手ぬぐい
夢見る
お札
垂らす
持ち出す
お決まり
点く
足取り
曇り空
踏ん張る
善い
先行き
通り越す
持ち味
何せ
かけ離れる
縮める
届け先
顔立ち
先取り
下りる
落し
ろ過
先送り
果てしない
みじん切り
晴らす
呼び込む
引き渡し
散らす
四角い
責める
あの世
根っこ
解す
気付け
評す
配し
七つ
騒がしい
掘り下げる
末永い
何一つ
一休み
透き通る
映える
恐れる
思う存分
間抜け
植え付け
動き回る
惑わす
果たせる
挙がる
眠れる
使い切る
苦笑い
長らく
降り注ぐ
思いこむ
空き地
晴れ間
投げつける
前もって
逃れる
濁る
成り立ち
切り出し
かき氷
言い回し
息抜き
研ぐ
写り
浴びせる
弾ける
口当たり
探し出す
災い
負け犬
焼き物
求む
聞き入る
木の実
遊び心
分り
水洗い
突き進む
踊り子
途絶える
居眠り
遊び場
お似合い
咲き誇る
極まりない
同い年
取り返し
和やか
お手本
飛びつく
見込める
交じる
躍る
出だし
気配り
義務づける
選りすぐる
保てる
見返し
売上げ
梅雨入り
住み替える
絵の具
出くわす
茂る
茶色い
親知らず
思い起こす
清い
飛び回る
幼なじみ
芽生え
肺がん
格好いい
真っ最中
受付ける
居座る
固める
失せる
言い張る
身動き
突っ走る
熟す
総じて
起る
隠れる
作り直す
写す
恩返し
手渡す
生き返る
切り抜き
根ざす
お花畑
対する
合わす
断つ
過ぎ去る
繰り出す
騒がせる
鳴り響く
気取る
済まない
帰れる
聞き流す
和らげる
断ち切る
見切り
見返り
群がる
突き出し
お年玉
瞬く
直せる
舞い上がる
盗み
割く
まつ毛
里帰り
組み込み
囲い
追いやる
気まずい
差し替え
傷む
食い物
突き刺さる
出遅れ
重んじる
浮かれる
忘れ物
ぶら下がる
言い放つ
指さす
思い通り
侵す
うろ覚え
切り落とす
見晴らし
見栄え
言い伝え
降り出す
働かせる
顔つき
吹き替え
被せる
退ける
改ざん
見せかけ
生ける
白髪染め
安っぽい
入れ替わり
引き抜く
見覚え
はみ出す
教え子
見張り
裏返し
素泊まり
弾き語り
味わい深い
手放す
散らばる
仰向け
乾き
交わる
飛び散る
差し支える
死す
後回し
向かい合う
描き出す
潔い
取扱う
泳げる
押し出し
噴く
真っ青
係り
老ける
見開く
思い当たる
惨め
食える
小さじ
見いだす
生い立ち
踏み入る
風通し
間合い
心当たり
引き金
冷える
乗っかる
遅ればせながら
それ程
遠回り
お済み
助っ人
恐る恐る
手応え
類する
吹き飛ぶ
投げ込む
木の葉
ひと言
平然と
お気づき
放る
暴れる
稲刈り
見極める
遅らせる
詰める
考え直す
繰り出し
資金繰り
後ろ姿
使いこなせる
箱入り
組める
情け
襲いかかる
巻き上げる
打ち明ける
切り込む
決めつける
行き過ぎ
お座敷
折れる
手造り
引き継ぎ
思いやる
根付く
駆け引き
追い越し
ごま油
見とれる
語り継ぐ
溶ける
手遅れ
顔ぶれ
思い返す
遺す
極み
静けさ
繰る
打ち切る
生きもの
大忙し
気遣う
慣らす
安らか
ひび割れ
振舞う
総て
申し分
程遠い
損する
司る
行きつけ
清らか
甘酸っぱい
冷え込む
色濃い
小ぶり
追い込み
歯止め
前売り
汗だく
軒並み
射す
小高い
読み替える
冷え込み
空しい
つき合う
考え込む
祝い金
父ちゃん
雨上がり
預ける
空振り
雪だるま
受けとめる
食いつく
読み直す
立て続け
お産
執り行う
前置き
触れ合う
人見知り
疑わしい
折りたたむ
着払い
海沿い
巻き起こす
腐れ
全う
口ずさむ
酸っぱい
喜ばしい
引き立て
切り離し
納まる
振り切る
売り物
縁結び
染める
当てはめる
置き去り
勝ち越し
線引き
お供え
片思い
創り出す
長続き
頼める
行き着く
歯並び
張り紙
手っ取り早い
耕す
気取り
貸し切り
見せ場
導き出す
不向き
詰合せ
増やせる
絡み合う
放り出す
陽射し
照り
丸見え
素振り
たった今
処す
天の川
飲み干す
逆さ
売れ行き
語らう
頼れる
執る
見届ける
安売り
白っぽい
千切り
移り変わり
端っこ
思い知らす
囲う
つま先
わが子
無性に
申しあげる
お作り
切に
下敷き
送れる
集る
振り込める
切り札
成り行き
坊ちゃん
消え去る
引き合い
種まき
言い過ぎ
お立ち
水遊び
甘やかす
見つけ出す
切らす
息苦しい
ご利益
逃げ切る
かき混ぜる
表向き
お呼び
害する
羽ばたく
継ぎ
見開き
寝起き
盛り付ける
引き返す
泣かす
弱まる
思い描く
輝かしい
人殺し
立ち会う
追い求める
目隠し
上書き
ついて行く
買い付け
読み書き
山積み
基く
引き離す
日に日に
打ち出す
立て直し
震わせる
むき出し
子持ち
勢ぞろい
裁き
引っ越す
借り入れ
手取り
意気込む
寝込む
ひっくり返る
因る
耳鳴り
書き上げる
取替える
手触り
飛び出る
突き抜ける
印象深い
吸い取る
目白押し
心温まる
受け皿
敷き詰める
ひな祭り
出し入れ
冷ます
草刈り
我が身
片付く
振る舞う
幕開け
歌える
まな板
相まって
広める
ぶら下げる
垂れ流し
秋祭り
叫び声
皮切り
麗しい
言い合う
称え
問い詰める
追い風
引き続く
お目にかかる
夢みる
片付ける
読み手
思いがけない
煮付け
腹立つ
寝返り
弾み
専ら
遠のく
追い払う
見付け
報い
引き受ける
取り調べる
空っぽ
肉まん
この上ない
解き放つ
効き目
正す
起し
戒め
足りる
注意深い
刷り
振り付け
撃てる
赤み
囲み
給う
溶く
更かす
駆け込み
使い物
押入る
行き交う
長ける
期限切れ
見積もる
短め
値動き
下らない
涙す
ぬるま湯
茶の間
彼女ら
上向き
坊や
命がけ
解き明かす
人間らしい
どん底
振り分け
息づく
染み込む
身代わり
下取り
逃げ込む
見え隠れ
見過ごす
買い方
折り畳む
食いしん坊
買い手
出入り口
手描き
送り込む
乗り継ぐ
薄切り
築き上げる
咲き乱れる
交ぜる
何だかんだ
左利き
連れ出す
浮き上がる
切れ目
流れ星
威張る
お初
思い思い
心遣い
突き放す
駆け込む
丸み
引き立つ
冷や汗
燃え尽きる
悩ましい
割り込み
手早い
移り住む
眠たい
立たす
弱める
鈍る
すり抜ける
書き手
害す
片っ端
草の根
呼び捨て
心待ち
後ろ向き
値下がり
突き刺す
時代遅れ
木の下
見応え
温かみ
出し合う
入れ替える
恥ずかしながら
打ち破る
欲張り
到る
立会う
追い抜く
盛り沢山
ご時世
押し切る
仰せ
脱がす
持ちかける
駆け出し
備え付け
生き残れる
抱き合う
鑑みる
前倒し
書き直し
寝ぼけ
回せる
色あせる
操り
真っ盛り
決す
断じて
気にいる
競い合う
規則正しい
忘れ去る
焼ける
お山
出直し
切り離す
住まう
合わさる
見ごたえ
取り合い
早まる
昼下がり
人並み
束ね
和らぐ
二の腕
気がかり
勝ち抜く
変わり目
注ぎ込む
酒造り
抱え込む
通ずる
真っ向
引き出物
漁る
聞える
手放せる
引継ぎ
取っ手
拡がる
手直し
悲しむ
誇れる
つ折り
拠る
煮詰める
力尽きる
攻め込む
人通り
見分ける
帰り際
滴る
弱み
行く末
遊び方
受入れ
山並み
添う
降り続く
持ち上がる
買上げ
芽吹く
絡まる
見計らう
信ずる
胃がん
息切れ
手厚い
未払い
待ち構える
追いつめる
下り坂
取り引き
取り立て
押し上げ
待ち望む
羽織る
抜け出せる
腹立たしい
見にくい
受け渡し
恐く
呼び寄せる
空売り
延びる
そよ風
雪解け
宮参り
食い止める
手の平
つかの間
吹ける
物言い
感ずる
模様替え
今どき
踏み切り
中継ぎ
顔出し
ひき逃げ
聞き手
黒っぽい
張り替える
気兼ね
存する
立ちはだかる
推し進める
暖まる
立ち回り
末っ子
押し倒す
思しい
悪しい
縄張り
交わり
大根おろし
敬う
太め
目新しい
守れる
至って
流し込む
秋晴れ
お陰様
持ち越し
殺る
奏す
組み立てる
濁す
押しかける
言い返す
束の間
生い茂る
曲る
付き添い
初日の出
宿す
流れ出る
響かせる
卵焼き
握りしめる
掘り出し物
生まれつき
供え
勝ち負け
肉じゃが
売り出す
発つ
突き上げる
お辞儀
潮干狩り
張替え
画す
分割払い
立ち入る
平たい
脱す
目の下
食い込む
食器洗い
触れ合い
練り歩く
顔合わせ
変り
興す
投げ捨てる
時間切れ
比す
吹き荒れる
か国
時として
会す
下書き
見越し
吹き付ける
先払い
織りなす
買出し
然し
替り
燃え上がる
乗り遅れ
乱れる
振り上げる
世にも
取り組める
押さえつける
語り口
取り付く
と同時に
見づらい
つぎ込む
泊める
証す
山盛り
肥える
欲する
独り占め
腹の中
素通り
手間取る
確固たる
重ね合う
商い
拡げる
古び
仲直り
連れ去る
引っ込む
追いつける
縮まる
透かし
薄っぺら
見せ付ける
度重なる
心がける
目論む
突き止める
見出せる
たどり着ける
衣替え
ぶち壊す
数え切れる
ひと味
辞す
思い知る
竹の子
買いもの
浮かせる
罰する
ひき肉
余す
背ける
買い出し
強がる
見破る
泣く泣く
傷める
来す
場違い
こぼれ話
押し出す
働きかける
振り払う
舌打ち
奮う
見詰める
難なく
乗り切れる
掘り出し
居合わせる
青白い
陣取る
関す
お次
雨降り
泣き声
暮れる
皆殺し
こみ上げる
適う
後片付け
草むら
却って
やむを得ず
馬鹿馬鹿しい
畳む
見あたる
汚す
走り去る
詰め込み
光り輝く
聞き返す
やり直す
持ち直す
念入り
差し歯
折り合い
愛せる
遠ざける
語れる
挙げ句
渡り鳥
別売り
取り置く
見やる
吸い上げる
引ける
荷造り
歩み寄る
聞き出す
過す
朽ちる
拍子抜け
飛び越える
お力
飛び乗る
寝かす
見放す
地すべり
日当り
掘り起こし
引き落とし
仕留める
お目見え
黄ばむ
土砂降り
言い切る
空回り
採れる
信ぴょう
炭焼き
焼き芋
お開き
制する
不慣れ
お預け
背もたれ
顔見知り
獲る
持て余す
留める
反り
波乗り
使い手
朝焼け
遣う
高らか
飛び入り
お日様
扱える
折り込み
使い分ける
寂れる
仕打ち
目玉焼き
六つ
愛し合う
屈し
著い
足踏み
住み着く
打ち消す
閉じこもる
ぶち込む
付け替える
動じる
てんこ盛り
散りばめる
冒す
見向く
空き家
心ゆく
切り抜ける
詰め寄る
お構い
切り返し
安上がり
かみ合う
考え出す
酒飲み
取り決め
汗ばむ
更ける
出合う
突き当たる
異に
足止め
組立て
横ばい
ひと月
あっと言う間に
渡せる
喜べる
輪切り
残り少ない
水切り
繰り上げる
ほど遠い
運べる
生やす
お仕置き
元通り
人ごみ
持ち株
泣き叫ぶ
形作る
お茶屋
巻き返す
草取り
起こせる
破たん
振りかぶる
結び付ける
抜き出す
黒ずみ
行き渡る
押さえ込む
打ち合う
山の幸
出し切る
跳ね上がる
易しい
踏み台
的外れ
かみ合わせ
踏みにじる
面白み
思いがける
致し方
真っ当
張り出し
割れ目
小刻み
差し込み
売り込み
通り道
代り
言い残す
差し押さえ
春巻き
灯す
すき間
茶の湯
言わす
伺える
散らかす
省ける
傷付ける
甘んじる
年老いる
裏打ち
お受け取り
甘えん坊
切り分け
愛でる
治せる
堅苦しい
駆け足
比べ物
ため池
競り
道しるべ
流れ出す
手ぶら
仕返し
仕組む
面持ち
女らしい
人だかり
替え歌
駆け回る
手探り
追い越す
むし歯
落ちつく
受け持つ
湯たんぽ
突き落とす
仕入れる
積み立て
逃げ回る
張り合う
絶する
指し示す
自ずと
明ける
寄り付き
利上げ
取り返す
力む
落す
共働き
念じる
に対しまして
言わば
くり返し
押し花
香ばい
お召
積める
噴き出す
心残り
呼び止める
仕舞い
論ずる
思い付く
科す
甘える
組込み
処する
川遊び
着替える
連れ込む
勇ましい
言いなり
立ち尽くす
吸い物
高み
生す
拝める
言い渡す
月明かり
中る
張れる
安らぐ
追い上げ
向かい側
食べもの
澄ます
走り抜ける
容れる
登れる
洗い場
取り巻き
雪かき
突き出る
小分け
付け足す
底上げ
真新しい
暑苦しい
向き直る
詰め替える
飼い犬
小回り
笑い話
今一つ
絶え間
焼き魚
付き添う
一番乗り
持ち前
っ放し
乗っける
裏付ける
案じ
較べる
穴あけ
付け方
申し受ける
受け付ける
横向き
証する
切り取り
踏みつける
名指し
床の間
売り手
取調べ
不意打ち
読み応え
取りかかる
取り下げ
瞬き
にじみ出る
決する
取り込める
尽す
編み物
買い得
飲ます
口出し
落ちこぼれ
馬鹿げる
呼び起こす
散らかる
抗う
切り身
聞き分け
織り成す
きな粉
何でもかんでも
振り子
打ち勝つ
引っ
組み入れる
建ち並ぶ
風向き
思いきり
興じる
厚め
はみ出る
舞い降りる
行き詰まる
押しつぶす
馬刺し
売り子
添い寝
程なく
裏切り者
何もの
救える
腹ごしらえ
省みる
突っ張る
物干し
口説く
でっち上げ
煮える
決め込む
振りまく
振り替え
背く
後ろめたい
心細い
さらけ出す
急きょ
突き詰める
すり替え
駆け付ける
言い渡し
寝転がる
引き渡す
奥の院
面する
結う
家探し
間仕切り
受け取れる
外回り
汚れる
切り捨てる
通せる
詰る
顔負け
多少なりとも
鬼ごっこ
題する
茂み
丸洗い
見切る
空き巣
出来栄え
行き止まり
飛び跳ねる
寝そべる
振りかざす
お孫さん
照れくさい
極まる
起す
送り火
追い付く
使い果たす
脱げる
仕舞う
狭める
平らげる
ぶっ飛ばす
浸ける
下調べ
生暖かい
泳がせる
張り上げる
下向き
売切れる
手つき
皮ふ
出し物
運び込む
必ずや
折り曲げる
活ける
生まれながら
入り乱れる
慎む
取り壊す
相成る
預り
冷す
手ごたえ
刷る
不払い
大急ぎ
お早う
取りやめ
何ぞ
聞きつける
忘れかける
涙ぐむ
引き戸
建て直す
危ぶむ
尊ぶ
回り込む
重苦しい
生け花
通える
申しわけ
拾い上げる
大き目
遣わす
わが身
出合い
小売り
重なり合う
名ばかり
不確か
朝っぱら
往く
寝転ぶ
貸出す
山の神
二の丸
見聞き
取り壊し
趣き
水割り
もんじゃ焼き
転び
経る
押し目
厳か
思わす
利食い
お上
刈り取る
まかり通る
秀でる
冷やかす
探し回る
入れ物
引っぱる
夢にも
乗り降り
橋渡し
火入れ
着込む
引き付ける
明け暮れ
立て直す
差し止め
座れる
来たす
けが人
尽く
得意げ
様変わり
飛び上がる
植え込み
見回り
せん断
指せる
先走る
為る
横取り
神隠し
一般に
冷ややか
ほうじ茶
語り手
絵はがき
落とし込む
行き場
絶やす
ほろ苦い
引っ込める
日干し
受け身
やり過ごす
尽くせる
泊る
引出し
かき集める
垂れ下がる
入り組む
建ぺい率
色分け
牛耳る
引き抜き
慣れ親しむ
下手くそ
野放し
見もの
垂れる
抱き上げる
奥さま
仲良い
数の子
かわら版
兼ね合い
取り去る
お手上げ
障る
すっ飛ぶ
座り込み
捕える
根こそぎ
出歩く
見かねる
解する
よもやま話
本立て
脱ぎ捨てる
水増し
少い
人となり
休まる
突っ
待ちかねる
刺しゅう
勇気づける
身の上
誇らしい
表れる
切り出す
打ち解ける
夜な夜な
棒読み
値切る
身だしなみ
日持ち
心苦しい
さり気
手堅い
年取る
移ろい
下っ端
残れる
巣立つ
売り買い
ふき取る
かつお節
歯切れ
表せる
うま味
誇らしげ
結び方
容易い
切替える
花き
研ぎ澄ます
死にかける
似せる
受け手
出っ張る
裏づけ
目利き
取り出せる
買付け
受け流す
湯けむり
跳ね返す
口付け
編み出す
ぎっくり腰
持ち寄る
骨組み
割り振る
付きまとう
格上げ
押え
解らん
痛ましい
見て取る
根っから
お告げ
量る
暗に
渡り歩く
勤しむ
口走る
反る
売り込む
歌い手
夜遊び
静まり返る
細切り
蒸れる
立ち会い
青ざめる
踏み入れる
三つ葉
向かい風
連ねる
見違える
お幸せ
一人っ子
最たる
受け売り
歯ぐき
跳ねる
迎え入れ
かけ声
大金持ち
負かす
ひな人形
込み上げる
摘み取る
人混み
押しつける
積み木
逆立ち
放し飼い
待ちわびる
間引き
迎え撃つ
お祭
虫除け
手始め
逃げ場
波打つ
抜け道
米ぬか
組み立る
知ったかぶり
かもし出す
事欠く
身振り
抜き取る
筋合い
石ころ
格下げ
取り外す
巻き添え
見ず知らず
焼き付け
活き活き
立ち見
看取る
大引け
水たまり
苦み
知れ渡る
強いる
しょう油
返り討ち
取り押さえる
振り出し
大詰め
曲がり角
宝探し
下ごしらえ
前触れ
試せる
売れっ子
二の次
物忘れ
書き残す
立ち返る
よじ登る
引き止める
読み取れる
恐らくは
手強い
似る
歓び
紙おむつ
巡り会う
心持ち
思い出深い
はめ込む
道連れ
関する
出ろ
引っかける
恥づ
行く手
水はけ
裏通り
落つ
配す
くじ引き
積み重なる
遅くとも
利下げ
成り下がる
道行く
立ち退く
整然と
わかり易い
貸し付け
雄叫び
踊れる
売りつける
泣き寝入り
面倒い
踏み込み
もも肉
使い込む
殺し合い
血まみれ
発がん
覚え書き
手立て
取り急ぎ
寝取る
刻み込む
浅はか
煮詰まる
積み込み
お先に
捕らわれる
切り刻む
受け答え
船乗り
育て上げる
太刀打ち
灯る
売れ残る
明るみ
紙切れ
夜逃げ
泣き虫
問いただす
持ち込める
さつま芋
閉じこめる
熟れる
一回り
後ろ髪
立寄る
生みだす
乗り気
耳かき
居残る
打ち付ける
蔵出し
ごった返す
突き飛ばす
立ち上る
御存じ
歌い上げる
化ける
突き破る
売れ残り
勝ち残る
果す
馬鹿らしい
湯の花
飲み食い
枯らす
感じとる
雨宿り
送り先
勇む
考え事
補い
赤とんぼ
見透かす
濃いめ
夜泣き
二の舞
荒ぶ
似通う
踏みしめる
切り盛り
食わす
祝い事
かき消す
坊っちゃん
お宮
ふる里
身の丈
ごみ箱
読み出し
積み込む
和気あいあい
思い悩む
移り変わる
産める
処方せん
張り巡らす
書き添える
心配り
足もと
上がれる
位置決め
落ちぶれる
天引き
割り出し
然るべき
築ける
織り込む
赤らめる
聞き覚え
力持ち
踏める
見劣り
借入れ
片想い
引き立てる
小走り
明い
気高い
目盛り
欲張る
温い
運び出す
支払える
討ち取る
組み替え
逆さま
歯みがき
手振り
落ち度
勤め先
取り合わせ
申し出る
引き下げる
素焼き
満たせる
買い占め
水浴び
買わす
身なり
呼び声
引き下がる
飲み込み
書き留め
煮立つ
浮き出る
香典返し
称える
筋書き
は種
信じ込む
持ちこたえる
足し算
かき回す
悪しからず
愛くるしい
寄せ付ける
雲行き
照る
火照る
作り話
人付き合い
ほど近い
任じる
思いきる
下回り
浮かす
折り返す
照れる
残り物
石造り
人知れず
引上げ
押し入れ
逃げ道
立ち込める
当り前
気休め
首飾り
冷や
当て字
駅前通り
店構え
ちゃぶ台
もぎ取る
押し込み
おとぎ話
吹っ切る
色付く
木の芽
一人ぼっち
耳障り
食いしばる
奇しくも
波打ち際
張り詰める
拠り所
言いがかり
けん引
ご用
巻き付ける
話し込む
毛並み
取り次ぎ
思い直す
繰返し
丸まる
倒れ込む
吹きかける
座す
縮れる
極めつけ
高ぶる
花盛り
抜け出る
手出し
言わずもがな
手違い
練り上げる
撃ち込む
送り返す
血の気
押し込める
飾り付ける
晴れやか
絡みつく
気晴らし
湯のみ
安め
後ろ足
分け合う
名残り
そびえ立つ
三の丸
寝付ける
お出で
煙る
隣り合わせる
道すがら
置き忘れる
山開き
結び目
持たす
痛めつける
立ち話
被ばく
踊り場
寝苦しい
目まぐるしい
水しぶき
怒れる
追い返す
おすそ分け
お節介
言い逃れる
切り傷
腹いっぱい
酒好き
行く先
着飾る
巣立ち
取り払う
飛び道具
話し相手
断わる
ほ場
適する
い草
静まる
先回り
すり身
暗がり
守り神
昔ばなし
読み切り
打ち立てる
取り乱す
気違い
行き帰り
持ち替える
高鳴る
石積み
新入り
火消し
書き記す
作付け
刈り取り
継ぎ目
肩代わり
小振り
駆り立てる
焼き付く
位置づける
図れる
拡がり
幾重にも
早わかり
だまし取る
真っ白い
打ちのめす
補てん
変わり者
手織り
行き方
肥やし
役どころ
力いっぱい
修め
立ち直り
救い出す
太っ腹
熱っぽい
降り積もる
和え物
行き詰まり
探し求める
縄跳び
送り迎え
物入れ
送り届ける
思へる
お玉
踏み出せる
踏み外す
山あい
草分け
大人びる
連なり
勝ち進む
とり方
焼きうどん
流れ落ちる
山越え
組み上げる
手編み
入り浸る
うたた寝
落っこちる
日めくり
目障り
賃上げ
調う
被さる
奥まる
殺せる
日暮れ
取りつける
捨て去る
横並び
見限る
代える
楽ちん
危なっかしい
圧し
間借り
しみ込む
引受け
張り付け
果ては
お通し
後ずさる
言い争う
ご都合主義
大はしゃぎ
奮い立つ
北の方
今に
輝ける
禁ずる
売り払う
秒読み
目出度い
のし紙
手招き
先読み
投げやり
動きだす
蒸し返す
笑いかける
持ち家
立ち往生
書き出す
下ろせる
告ぐ
心して
横書き
抱ける
物書き
割り当てる
へき地
寝過ごす
上向く
胴上げ
歯がゆい
流れ着く
改まる
旧い
段違い
減じる
手提げ
考えつく
荒っぽい
読み比べる
垂れ幕
押しのける
払える
察する
素っ気
粉じん
沖合い
狭まる
善し悪し
勝ち星
住み込み
夏みかん
起つ
引きずり込む
結論づける
遊び人
使い古す
立ちあがる
打上げる
どんでん返し
押し入る
寂しげ
物差し
打ち上げ花火
就ける
黒ずむ
か弱い
帰りがけ
言いよう
身構え
守り抜く
出っ歯
割引き
つまみ食い
回れる
泣きつく
ただ中
恥じらう
速める
代る
切り抜く
腹黒い
浮ぶ
文字どおり
存じ上げる
照りつける
手ほどき
舌触り
何時の間にか
気付かす
打ち水
甘ったるい
目と
替え玉
くぐり抜ける
枝垂れ桜
見て取れる
仕送り
茶化す
働き者
口説き
振り向ける
干ばつ
紅葉狩り
澄み切る
染め上げる
相容れない
有り様
洗い物
涙する
取り柄
ひと目
乗り移る
乗り上げる
腹いせ
縁遠い
上目遣い
日向ぼっこ
物好き
持ち寄り
お巡りさん
含み損
凡そ
物申す
切り立つ
平が
食い違い
もみ合う
掘り返す
取り分け
近しい
こき使う
手の内
郵便受け
火の玉
恥知らず
書き直す
労う
突き出す
知らん顔
隠し持つ
射る
飛び起きる
平泳ぎ
ぶった切る
引っこ抜く
お人好し
言いつける
晴れ渡る
打ち止め
罪深い
刈り込む
体つき
厚かましい
素泊り
探し当てる
関連づける
ずば抜ける
寝入る
根回し
麦わら
立てこもる
吹き出物
首切り
区分け
にごり酒
盛りあがる
見殺し
寝返る
転げ落ちる
お母ちゃん
ねつ造
結べる
皮肉る
折り目
入れ直す
作りだす
小出し
口づけ
燃やせる
香の物
生ぬるい
手付かず
水っぽい
飛び火
火の粉
木枯らし
食い違う
払込む
足がかり
使い慣れる
思い違い
編さん
しわ寄せ
問える
供え物
借り物
命取り
引下げ
刷り込む
客引き
洗い出し
聞き込む
身震い
しめ縄
取り違え
歯ぎしり
演ずる
込み合う
呼び覚ます
足並み
話し声
真っすぐ
突き立てる
急かす
脂っこい
早咲き
早める
果てる
お母さま
振舞い
お飾り
跳ね返る
染み付く
売り切れる
引きずり出す
差し置く
骨抜き
付する
移せる
三つ子
秘か
肉離れ
研く
貸し出す
通りかかる
行かす
見せびらかす
まん丸
書き写す
起きあがる
風変わり
日の目
破れる
何たる
大当り
持ち去る
虫食い
怒り狂う
生まれ故郷
吹き出る
手ごわい
立て替える
ならず者
成りすます
これ程
筋違い
あて先
人さま
突き付ける
鋭さ
騒ぎ立てる
作りあげる
ろう者
蒸し器
耳打ち
ぶっ殺す
力添え
あの手この手
ねじ込む
思い出せる
そら豆
質す
朗らか
鼻くそ
差押え
誉れ
生え際
有り余る
巡らす
提げる
格好よい
ふ頭
解せる
願い出る
切り花
近付ける
真後ろ
物静か
究める
投げ入れ
草むしり
陣取り
道ばた
物知り
親ばか
時の間
押し通す
人任せ
取り仕切る
際どい
こじ開ける
地べた
表書き
蒸らす
漁り
家作り
お先
若い衆
指折り
思い上がる
泣きじゃくる
期する
臨める
よそ者
切れ端
湯上り
すべり台
早送り
起き出す
耳たぶ
一点張り
箱詰め
織り込み
蒸し焼き
怒鳴りつける
切り株
手だて
助け出す
明け渡し
受けとる
引き替える
差し引き
見いだせる
掘り起こす
解き方
能書き
筋金入り
惑う
事なき
女好き
桜えび
じゃが芋
仮名遣い
頭打ち
踏み倒す
月並み
言い様
ふ化
季節外れ
取り付き
送り込み
丸焼き
印象づける
夜通し
盛り返す
大回り
跡継ぎ
躍り出る
お立ち台
取りそろえる
消え失せる
引っかく
上げ下げ
仁王立ち
名乗り出る
成り上がる
報いる
泣き顔
行き詰る
押し売り
割り引き
見付かる
前のめり
王さま
持ち時間
日増しに
取りあげる
取りこぼす
枯れ葉
貴い
めり込む
分かれ道
働かす
お陰さま
服す
重り
読みで
心無い
立ち合う
開け放つ
引き算
流し台
取立て
見てくれ
暗む
決め方
追い打ち
借り手
精いっぱい
申し合わせ
くせ毛
独りよがり
救い主
金貸し
かき分ける
に当たりまして
落ち目
打ち取る
寄越す
物悲しい
耳寄り
見納め
水浸し
枝分かれ
野焼き
陰ながら
反らす
やり直せる
耐え難い
引き出せる
まん中
面食らう
溶け合う
つり橋
祝す
曲がりくねる
ひと休み
取り回す
言の葉
読みとる
面取り
取次ぐ
桃の節句
お祭り騒ぎ
選び出す
回り道
踏みとどまる
枯れ木
連れ帰る
勝ち誇る
腕組み
思い付き
押し上げる
合い言葉
お父ちゃん
引きつけ
息遣い
ひ弱
話し出す
少な目
表する
ごり押し
湯飲み
栄える
読み込める
似つかわしい
送り状
ご苦労さん
古めかしい
申し込める
送り主
降りしきる
言い表せる
乗り回す
夜更け
壊せる
立てかける
お出まし
隠ぺい
落ち合う
上積み
底なし
引続き
車止め
赤黒い
慎み
頼み込む
手押し
積み重ねる
生きざま
果して
吹き返す
切りつける
入れ子
入れ忘れる
青のり
地合い
時たま
高じる
泣き言
届け出る
闘える
ご苦労さま
振りかけ
お手玉
持ち運ぶ
けん制
笑い飛ばす
赤ら顔
体たらく
早変わり
火付け
細切れ
応ずる
片や
思いの外
役回り
鳥刺し
最果て
食い入る
視る
破く
か細い
ご来光
ほくそ笑む
抜き取り
務まる
初っ端
なぎ倒す
名だたる
見せしめ
住み慣れる
考え抜く
満ち足りる
のぞき込む
焼き払う
甘ったれる
間にあう
暖かみ
朽ち果てる
焼き立て
引き合う
奥ゆかしい
感極まる
寝かしつける
一区切り
恥さらし
比べもの
大がかり
見知る
中休み
生まれたて
切り下げ
困り果てる
先ごろ
作り物
打ち合い
植わる
病みつき
季節はずれ
住みつく
言い出せる
色直し
食い倒れ
結び付く
まき散らす
持込む
お引き受け
言い当てる
採り入れる
どす黒い
吹き抜ける
手こずる
ぶり返す
射抜く
分かれ目
大の字
遅咲き
切り詰める
心もとない
遠巻き
物思い
然るに
討ち入り
耳鼻いんこう
気味が悪い
入り込める
なだれ込む
抜き差し
真直ぐ
逃げ帰る
下支え
通りがかり
原っぱ
帳消し
号する
元気づける
たまり場
見返す
乗り入れる
仕向け
高笑い
片割れ
言い表す
近ごろ
打ちつける
聞き耳
招き入れる
晴れ晴れ
造り上げる
売り飛ばす
破ける
負わす
転げる
家並み
端折る
起り
繁る
供える
思いとどまる
気難しい
お下がり
後書き
跡取り
歯応え
飾りつける
先だって
吹雪く
久方ぶり
荒れ果てる
見い出す
屈する
物言う
囲い込み
見合わせる
荒れ狂う
笑む
見通す
宿り
話し言葉
花開く
大人げ
打つ手
寄り付く
流せる
名付け親
目覚しい
打ち返す
割当て
乗り合わせる
食べごろ
出尽くす
貸せる
表立つ
突っ込める
床ずれ
暮す
地の利
酒盛り
門前払い
出そろう
横たえる
歩み寄り
負け越す
勝ち抜き
食い下がる
本通り
幾らか
病み上がり
直ぐに
大振り
割ぽう
反り返る
屈む
盛合せ
のめり込む
上げ幅
一心に
往き
思わせぶり
手つかず
薄まる
脱する
巡り合う
後の祭り
感じ取れる
吹かす
食む
間延び
九つ
明り
束ねる
連れ合い
半そで
切捨て
近付き
思い起こせる
後ろ手
お歌
生え抜き
相乗り
借り上げ
お互い様
量り売り
着こなす
薄汚い
目くじら
写せる
払い下げ
興ざめる
入りこむ
目移り
関が原
打ち込める
出過ぎる
霧吹き
干せる
口直し
飛び石
気張る
捨て身
追っ手
押し返す
白ける
居抜き
切り売り
でん粉
借り受ける
手仕舞い
法る
不治の病
追い回す
巻ける
漫然と
切り離せる
狂おしい
三が日
静める
突っ切る
立ち姿
止す
世直し
離れ離れ
かぎ針
取上げる
風当たり
引きつける
物まね
生み出せる
ねじ曲げる
取り留める
嘆かわしい
割り引く
優る
立ち居
人違い
蓄える
神頼み
関の山
気味悪い
打って出る
相手取る
底抜け
駆け落ち
つや消し
手遊び
悪あがき
焼け跡
烈しい
口止め
身売り
染みる
義務付ける
分け与える
吐ける
持ち越す
確たる
ひと安心
野ばら
立て札
話合い
切っ先
吸い寄せる
貸し借り
引き入れる
根深い
がま口
回りくどい
切り倒す
騒ぎ出す
気負う
受け持ち
切り干し
入り交じる
は虫類
力任せ
表通り
お呼ばれ
乗り合い
詰めかける
何ごと
切羽詰る
株分け
投げ飛ばす
言い寄る
採り上げる
付き合える
際だつ
切れ込み
切り上げる
仰け反る
繰上げる
幕の内
立ち回る
折れ曲がる
飛びかかる
板張り
売りさばく
世渡り
やり場
汚らしい
毛深い
芽生える
取外し
手厳しい
別れ際
深入り
裏返る
せき止める
付け合せ
味つけ
やり手
ひと息
本読み
見定め
事細か
潮吹き
八重咲き
肩入れ
寄せ書き
取りだす
呼びつける
持ち回り
気だるい
引張る
春めく
二の足
丸刈り
鏡開き
苦肉の策
利き手
くり抜く
雪の下
半開き
組み合わす
平に
物珍しい
小太り
水溶き
立ちふさがる
大ぶり
小汚い
割り振り
打ち寄せる
家の子
色付け
積り
居直る
口うるさい
危なげない
花しょうぶ
通り名
分ち
細る
さざ波
心置き
日取り
馬乗り
打ち直す
気負い
引きちぎる
図太い
見通せる
足かせ
腰抜け
拾える
明るむ
買い置き
組み方
か条
飲み込める
形づくる
取りざた
見取り図
か年
深追い
競り合い
言いふらす
あぜ道
両さん
ぶつ切り
悪ふざけ
織り上げる
決定づける
晴れ着
画く
笑わす
用心深い
連れ立つ
詰む
買い込み
思わしくない
つくり出す
出来映え
真ん前
毛頭ない
干からびる
気安い
抜き打ち
刺し身
すい臓
仕立てる
能無し
目減り
手伝える
失す
急ぎ足
恵む
打ちっぱなし
青み
床や
あざ笑う
燃え盛る
振り落とす
腰かけ
恐がる
当て逃げ
感じ入る
共倒れ
水飲み
積み上げる
本降り
品ぞろえ
川流れ
ぶどう酒
うな重
団らん
折しも
かき立てる
小降り
薄らぐ
手分け
駆り出す
青じそ
古くさい
則す
理屈っぽい
初乗り
音読み
敷き布団
背中合わせ
うめき声
隠し事
品定め
真似る
小競り合い
造り酒屋
完ぺき
横流し
底堅い
笑い転げる
跳べる
響きわたる
座り込む
重ね重ね
飛び抜ける
繁い
先んじる
息づかい
振れる
負い目
掘り出す
煮立てる
またの名
叫べる
たき火
陰干し
みやげ物
編み込む
夢の島
力ずく
飛び地
浮き沈み
抱き合わせる
遠まわし
気づかう
与する
押し流す
射止める
目覚ましい
きき酒
言い返せる
差し迫る
そそり立つ
落し物
かがり火
追い立てる
撃ち殺す
立ちすくむ
着こなせる
干上がる
根づく
因む
紙くず
仲間はずれ
話し手
盗み出す
貸切り
付き物
陰り
取り止める
咲かす
つけ加える
受け口
無理強い
頭でっかち
詰み
我慢強い
口利き
明け暮れる
早とちり
引き際
円い
確り
のし上がる
網焼き
聞き書き
開けっ放し
渡り合う
張り出す
たたき台
地域おこし
黒光り
出張る
わき腹
木の間
下せる
買い越す
活気づく
迎え入れる
決る
五月晴れ
遠回し
染み抜き
役だつ
統べる
受けつける
書き取る
つり具
肩透かし
戯れ言
降す
食らいつく
脈打つ
胸焼け
いで湯
交す
上と下
事足りる
仲よく
仕上り
思いだす
悪びれる
向こう岸
持ちこむ
別れ話
縮こまる
皿洗い
呼びかけ人
聞き取れる
花祭り
麦わら帽子
突っつく
集り
つけ込む
折れ線
合し
やり口
けん玉
つかみ取り
丸っこい
申し子
日の入り
拾い読み
弁える
終わらす
読みきり
当たり障り
街なか
飾り物
病み付き
照れ隠し
立ちこめる
真っ黒い
手痛い
張り切り
造り出す
小口切り
口ぶり
皆んな
巣食う
推し量る
目ざす
清清しい
持ち歩ける
選る
乾す
戦ふ
考え付く
ずれ込む
勤まる
取り分
操れる
後れ
案ずる
かけ算
だだっ広い
小躍り
つ折
取り持つ
回し者
似つく
前書き
走らす
日照り
隠し子
手回し
中通り
ど根性
逃げ惑う
しゃしゃり出る
持ち運べる
左巻き
出で立ち
寄りかかる
見遣る
でき上がる
買い入れ
踏み込める
焼き討ち
食い初め
作りたて
引き延ばし
矢継ぎ早
張り込み
細める
作り出せる
焼け野原
日射し
現実離れ
手間ひま
取り入る
割り増し
庭付き
朝帰り
人助け
登りつめる
三途の川
茶わん
切り返す
やり返す
泣き笑い
組み付ける
在りし
討ち死に
麦打ち
猛然と
過半数割れ
たたき出す
独り暮らし
ご法度
胸騒ぎ
物狂い
お節
寝静まる
上の空
出し抜く
血迷う
静まりかえる
習わし
ぶどう糖
客寄せ
白む
報せ
言い草
買いあさる
浅ましい
立ち寄れる
土踏まず
持ち場
願いごと
植え付ける
買いだめ
申し立てる
引き留める
返り咲き
目やに
突っかかる
思いつめる
染み渡る
与る
つくり上げる
物売り
糸巻き
互に
顔なじみ
小突く
羽織り
息継ぎ
黙り
魚の目
盛りつけ
能う
売出し
鳴り出す
編み上げる
参じる
張りつめる
舞い込む
震え上がる
息巻く
出迎える
定まり
と金
笑いもの
読みふける
場当たり
語りあう
付き人
相打ち
目の敵
切羽詰まる
人当たり
枝垂れる
預け入れ
絶え絶え
狂わす
共食い
遅まきながら
花だより
お新香
焼入れ
飼える
踏ん切り
狩り場
包み隠す
美しくも
よそ見
引き当て
型破り
老いる
解きほぐす
付け込む
お天道様
射つ
書きとめる
恐れ多い
飾れる
しみ抜き
吹替え
計らう
にわか雨
き損
降り立つ
受け方
押し下げる
慎ましい
片づく
感づく
象る
暴れまくる
殺める
端くれ
福の神
弱き
落とし物
くみ上げる
接ぎ木
払い込み
小気味よい
御の字
申し述べる
身寄り
死する
祭り上げる
乗りこむ
湯通し
駆け出す
盗み見
丸め込む
撃ちまくる
地上げ
行きつく
言葉づかい
訳せる
足せる
休み休み
秋まつり
雄しべ
乗り遅れる
継ぎ足し
ため込む
もらい泣き
野暮ったい
売り渡し
設える
群れる
取付ける
進み出る
寄り合い
染み入る
持ち逃げ
変わり果てる
打ち抜く
大盤振る舞い
見易い
かく乱
お家芸
生れる
否や
出来損ない
竹とんぼ
毒づく
取り交わす
当たり年
座が
遊ばす
輪っか
約す
一つ覚え
じゃじゃ馬
夏ばて
待ちかまえる
返り咲く
じん肺
店じまい
鳥かご
不届き
書き物
何とぞ
澄み渡る
お門違い
意地っ張り
勢いづく
抜かる
走り込み
吹き上げ
下積み
宙返り
片寄る
仕切り直し
はめ込み
世の常
割り算
連れ添う
夕映え
手繰り
日割り
服する
迷い込む
つり上げ
裏ごし
湯上がり
前かがみ
寝付く
古ぼける
入替え
住みかえる
差し向ける
待てる
学び舎
息の根
へし折る
興る
涙ぐましい
一人暮し
種明かし
腐れ縁
撃ち抜く
障り
手合わせ
こき下ろす
取り除ける
買い漁る
買い替える
打ちまくる
手広い
なめし革
竹やぶ
人込み
切れ間
見回る
浮き立つ
板の間
含み益
復す
段飾り
食いつぶす
当せん
お抱え
書き初め
閉め切る
平手打ち
うるち米
吸い出し
血みどろ
寄り切る
捕われる
食い荒らす
がぶ飲み
割り切れる
執念深い
宗と
気後れ
木こり
持ち腐れ
見栄っ張り
手合い
明け渡す
抜きん出る
日除け
吹抜け
寝ころぶ
仮住まい
帯留め
玉突き
優に
さ迷う
はじき出す
合いの手
手習い
押し黙る
打ち身
お神酒
言いだす
薪割り
放れる
繰り越し
引っ込み
大みそか
凡て
ごった煮
取り外せる
肩越し
分つ
変じる
地響き
野太い
縁切り
しっぺ返し
薄気味悪い
小じわ
腕立て
点る
煮つける
点てる
均しい
立ちつくす
見直せる
折り重なる
子守り
引き回し
一眠り
握りつぶす
せん切り
世継ぎ
手まり
抜け穴
跳び箱
笑い事
訓読み
寝違える
蒸し物
抗する
お達し
撃ち合う
焼け石
待ちくたびれる
横付け
機織り
押し付けがましい
目配り
歩留まり
いがみ合う
自ずから
心許ない
有終の美
むち打つ
忘れっぽい
身じろぐ
今しがた
灯ろう
触れ込み
ひ孫
書きなぐる
かいま見る
練り直す
馬の骨
冷え冷え
過る
伝え聞く
戒める
問い返す
我が物顔
虫けら
言い終わる
切れ長
屈める
とり入れる
吹きすさぶ
位置付ける
口ごもる
割り出す
取り返せる
もみ消し
屈す
お里
見知り
身の程
身の毛
量り
内張り
聞き及ぶ
うら若い
絡み付く
見まね
乗りこなす
浮べる
内回り
うたい文句
序の口
つなぎ目
触れあう
攻め立てる
夕やけ
輪投げ
お引き立て
謡う
西向き
水あめ
不幸せ
行き違い
慣れっこ
踏んづける
渡れる
まくし立てる
古る
大入り
払い込む
波立つ
呼出し
我と
飾り気
土俵入り
引っ込み思案
間引く
立て込む
植付け
背びれ
時おり
心変わり
例へば
修する
澄みきる
巻き付く
お古
背泳ぎ
出直す
落ち武者
引っ張りだこ
毛抜き
ご多分
米どころ
いぶし銀
押し進める
黙す
楽に
召使い
枯れ草
上し
寝泊り
絹ごし
降らす
知らんぷり
頭ごなし
忙しない
問いつめる
立ち枯れ
仰せつかる
騒然と
汚らわしい
並べ立てる
血走る
勤め人
存ずる
呼び出せる
上っ面
得てして
仕立て屋
突っぱねる
お座
おろし金
刺し子
油っこい
とけ込む
はけ口
消え入る
乗り過ごす
見つけだす
裁つ
暑がり
見せかける
かっ飛ばす
帰り支度
折り合う
手慣れる
どしゃ降り
待ちぼうけ
人恋しい
柔かい
かん水
病める
刺し殺す
ぶ厚い
ふんぞり返る
弱弱しい
曲がりなりにも
出しゃばる
飛びこむ
植え込む
陸続き
化けの皮
にらみ合う
口汚い
目配せ
うっ血
競り勝つ
立ち行く
尾びれ
付き従う
読み切る
射し込む
中ごろ
幕切れ
水差し
くじ運
肉付き
折返し
吸える
込み入る
照れ笑い
満ち欠け
耐え抜く
御祝い
騒げる
立ち消え
練り物
付け合わせる
川べり
船着き場
思い残す
立ち木
鳴り物
ねじ込み
人受け
恐れながら
たい肥
好き好む
独り身
食い逃げ
投げ銭
続けざま
松ぼっくり
浅黒い
残り香
書き散らす
数え年
白和え
抜け目
敵討ち
石組み
律する
打ち倒す
密やか
手付き
張り巡らせる
花やしき
耳慣れる
連れ子
風の子
番狂わせ
根差す
流し入れる
耐えがたい
裏返す
売り渡す
手並み
お住い
律す
木くず
突き合わせる
洗い上げる
調える
申しつける
示せる
立入る
差止め
食い意地
青っぽい
考えもの
堅め
一先ず
切りかえる
勝ち得る
載っける
利き腕
二つ返事
半殺し
居合い
気落ち
買い与える
貯え
目ざとい
申入れ
食らわす
書き入れ
終に
火の車
弾き返す
繰り下げる
生温い
大ざっぱ
巣くう
交う
別ける
思わしい
仰げる
払わす
目付き
すり減る
乗り手
不渡り
生易しい
振り分ける
寝込み
花便り
押出し
夜回り
繰り入れ
ねばり強い
写し出す
競り合う
御座る
然しながら
流る
注げる
聞きかじる
逃げ足
やり合う
奥の手
持ち合い
組み直す
身構える
事始め
もの悲しい
言い直す
街かど
言い捨てる
測れる
薄曇り
高利回り
責め立てる
山分け
火遊び
断固たる
尽かす
平謝り
出来合い
食い気
張り手
消し飛ぶ
作り替える
高望み
居着く
化かす
負け戦
由る
花冷え
お礼参り
列する
取出し
向かえる
書下ろし
持ちきる
転ずる
思いっ切り
亡びる
血祭り
並外れる
詰め所
枯れ枝
盛り土
歩き疲れる
独り立ち
代わり映え
刺せる
野ざらし
真向かい
せり出し
水入らず
補える
案じる
張り込む
評する
雪下ろし
代替え
思い詰める
強か
賃下げ
土のう
払い出し
待受ける
引き落とす
気乗り
いきり立つ
召しあがる
押せる
冬枯れ
枝打ち
洗い落とす
追っかける
暴れだす
湯浴み
独りぼっち
放せる
目通り
覚ませる
投げ売り
取り逃がす
張りつく
捕れる
地続き
切通し
触れ合える
荒れ地
上げ潮
島流し
切り通し
数寄屋造り
導ける
身ごもる
まん延
透きとおる
寝泊まり
男勝り
流し目
札入れ
招へい
永らく
光らせる
焼き飯
引っ付く
見せ物
見きわめる
損じる
乗りきる
落ちこむ
隠れ里
骨折る
見おろす
おびき寄せる
手植え
変わり種
肥やす
底入れ
乗り捨てる
守り本尊
並び方
取り続ける
白あん
ひと足早い
負けん気
上澄み
考へる
相づち
すり寄る
利かす
仕る
抱き込む
心行く
介する
紅しょうが
押し迫る
胸ぐら
差し障り
産す
神がかり
慣わし
分け前
右寄り
薄焼き
死に際
心地好い
項垂れる
親しめる
食あたり
乱切り
居並ぶ
命からがら
お上手
救ける
お多福
付合い
書き言葉
両開き
晴れ上がる
切り分ける
敷きつめる
拾い物
未練がましい
やっつけ仕事
火まつり
巻きこむ
眠りこける
得難い
俗っぽい
名付ける
産み落とす
手向け
逃げだす
寂びる
変り種
乗り組む
点す
読みかける
中だるみ
盛り場
聞き上手
長らえる
置いてきぼり
年がら年中
浮き足立つ
代替わり
鳴り物入り
気もち
上がったり
猛る
厳に
木目込み
成り済ます
次の間
身の程知らず
貸し付ける
後継ぎ
底冷え
根付け
くつ下
色あい
雌しべ
雲隠れ
酸い
すそ野
わきの下
利する
見過ごせる
冷や冷や
染みつく
積み残す
集まれる
死に絶える
結び付き
舌足らず
命拾い
煙たがる
過ぎ行く
惨い
罰す
てんてこ舞い
助け舟
遣り取り
お点前
目がける
引き潮
得がたい
写し取る
首根っこ
置き時計
湯冷め
ひしめき合う
地鳴り
引っさげる
買入れる
飛び上がり
着流し
手詰まり
放ったらかし
言いくるめる
棒立ち
かち合う
塩もみ
すり合わせ
四つんばい
申し入れる
先細り
見初める
走り書き
生きのびる
血なまぐさい
息詰まる
仲間割れ
言い出しっぺ
寄れる
飛び出せる
たたき込む
取りまとめる
雄たけび
候う
引き返せる
むかし話
成さん
寄りつく
住い
言いまくる
手繰る
お松
かくし芸
毛羽立つ
ほ乳類
願わくは
木組み
逃げ腰
筆まめ
真白い
消えうせる
振り乱す
並べ方
手もと
日だまり
殖やす
継ぎ手
踏み絵
乗り付ける
真っ昼間
筋交い
打ちこむ
物怖じ
水切れ
火渡り
繰り越す
唱う
茶目っ気
さん付け
すり減らす
被り物
借金取り
合す
谷あい
念ずる
お太鼓
寝付き
引き払う
旅だつ
知恵の輪
腹巻き
押しやる
接ぎ
名前負け
手づかみ
打ち合せる
若作り
末広がり
すくい上げる
焼き付ける
吹っかける
取り次ぐ
腕利き
差し替える
渡し船
顔付き
雨よけ
見付ける
組み合う
首つり
罰当たり
圧す
及び腰
富める
肉付け
荒城の月
手が込む
物すごい
口移し
生みの親
追い落とす
通り雨
そぞろ歩き
扇ぐ
総立ち
聞きだす
真打ち
歌いまくる
玉こんにゃく
奏する
読取り
根負け
組み込める
振りまわす
思す
備に
日なた
ごろ寝
開け放す
飲み代
お手の物
そば湯
くす玉
ひと回り
書き分ける
通し番号
働き手
勇み足
のみ込む
見抜ける
染る
大もうけ
否応なしに
書初め
利払い
被う
待ち人
風しん
もの申す
人でなし
黙り込む
失ふ
割ける
むしり取る
見くびる
踏み越える
殺ぐ
つむじ風
命知らず
ひねり出す
買占め
働きがい
拝する
飛び越す
考え物
通いつめる
受渡し
台詞回し
取り下げる
生き別れ
ひし形
米びつ
理詰め
横倒し
敗ける
手みやげ
はね返す
取下げる
長年の夢
配する
早生まれ
生める
突き当り
降りそそぐ
読み出す
ほほ笑む
背負い込む
焼付け
手すき
子離れ
継げる
切れ込む
老いぼれる
元払い
拓ける
言いきる
争える
落ち延びる
生きぬく
重み付け
人づて
てこ入れ
画する
四季咲き
砂遊び
取りやめる
こびり付く
目じり
中押し
肥る
かき乱す
買い込む
見損なう
切抜き
床しい
逆なで
握り飯
腕試し
組み合せる
殿さま
空き室
借り切る
やせ細る
思し召し
薄ら寒い
面構え
根から
含み笑い
推して知るべし
引け目
取り混ぜる
連れ回す
殖える
離ればなれ
何時の間に
ほの暗い
気構え
空恐ろしい
取っ組み合い
慮る
探し出せる
がら空き
利す
飛び込める
冷やせる
やむを得る
担ぎ出す
生殺し
落ちつき
売り切り
打ち落とす
聞き捨てる
口もと
町外れ
在す
編める
逃せる
区割り
お代
疑い深い
一こま
色めく
押し合い
へそ曲がり
火の手
仰が
目明し
少しく
告げ口
貸し手
事足る
はまり役
捨て子
語り合える
ばい煙
際す
振りほどく
熱す
攻め落とす
手折る
帰せる
暴れ出す
立ち遅れる
青みがかる
口ぐせ
燃え移る
産み付ける
盗み聞き
木枯し
恋う
科する
つけ根
朝もや
売りまくる
追いこむ
持ち出せる
燃えさかる
円建て
向き合える
松の内
立ちのぼる
宙ぶらりん
染め上がる
煮出し
知らぬ顔
お納め
呼び水
付け所
引き継げる
惑い
塩ゆで
わき道
売約済み
生まれつく
力負け
覚る
位する
根絶やし
転ける
年の暮れ
馬鹿騒ぎ
代かき
木っ端
目立て
高利貸し
心づかい
弾き出す
打ち出せる
震わす
話し合える
ふっ飛ぶ
軽はずみ
秋めく
夜なべ
七転び八起き
忘れもの
下働き
追っ払う
付け入る
ぶっ続け
申し送る
荒む
渡し舟
大安売り
行き倒れ
読みあさる
留め置く
紙すき
現代っ子
正せる
絵入り
人なつこい
山ろく
交わせる
目覚し
寄付き
出会い頭
追い出せる
逃げ延びる
泊りがけ
身投げ
割りばし
髪結い
ひとり歩き
登り詰める
兄たち
裁ける
建て替える
しかめっ面
月払い
突ける
死に体
跳ね返り
晴れ姿
吸いこむ
勝れる
乗り越す
腹持ち
気圧される
片手落ち
仕向ける
赤茶ける
寝っ転がる
注す
走り幅跳び
思い過ごす
煙たい
目くそ
手返し
すり込む
商う
殺気立つ
前屈み
すすり泣く
えん罪
延ばせる
移り気
入れ込み
義理堅い
角張る
出ずっぱり
芋づる
受けいれる
狭苦しい
万事休す
口答え
人形遣い
木遣り
かなぐり捨てる
したり顔
生き血
理る
照り返す
売り主
投げ付ける
気ぜわしい
知合い
こぎ着ける
ひと足
ひと通り
御する
山焼き
持ちかえる
組替える
打込む
よつ葉
菜っ葉
引込み
飛びだす
布く
喜ばす
問い質す
天下る
知りあい
腹の虫
行き着ける
蒸かす
火垂る
むき身
折畳む
たたき起こす
手いっぱい
聞き役
花ごよみ
飛びまわる
実入り
飛び飛び
担える
小見出し
使いもの
い服
手荒い
うま煮
飾り立てる
成れる
男泣き
ふれ合い
張り子
探り当てる
冷や水
天下分け目
思いたつ
踏みつぶす
早分かり
下の句
声変わり
取り払い
具える
左寄り
まゆ毛
突込み
見定める
重んずる
土寄せ
わり算
立ちあがり
夜鳴き
抱き起こす
末恐ろしい
極楽とんぼ
浮つく
撃ち落とす
注し
お祖父さん
死なす
手はず
箱入り娘
差込み
字余り
橋りょう
意地汚い
はぎ取る
目付け
差しかかる
投げ入れる
税引き
逆立つ
爆ぜる
飲みもの
見え透く
飛び付く
子供だまし
条は
知らん振り
非の打ち所
都落ち
取りつかれる
冷や奴
仲間外れ
読み下す
料る
動機付ける
抱きとめる
島しょ
腹違い
すきま風
人好き
切れ者
引き延ばす
まっ白
門構え
別もの
洗い張り
総なめ
助く
修める
足どり
走り出る
選り好み
首ったけ
仕置き
送りだす
白みそ
造れる
切りそろえる
先付け
送り付ける
打ちっ放し
吹き矢
腹ごなし
数え上げる
なぎ払う
取消す
耳飾り
食いつなぐ
お高く
吹きまくる
取りこむ
相変わる
夏向き
厳つい
繰り延べ
せせら笑う
積み荷
年忘れ
茶こし
ぶん投げる
うちの人
金もうけ
なり手
割り付け
入れ知恵
先がける
追い込める
ただ者
さし絵
和める
浴びせかける
書き損じ
息吹き
取りつく
目抜き通り
羽ばたける
局留め
入れかえる
青黒い
聞き苦しい
繰返す
押しまくる
送りこむ
語りつぐ
野遊び
夢うつつ
上ずる
片腹痛い
くの一
方向づけ
水がめ
幾ばく
透す
寝つける
分け目
生け捕り
従える
迎え火
かけ橋
七光り
吸い出す
押し問答
尾根伝い
理解し合う
ひと煮立ち
入れ違う
圧する
力づける
人さし指
板ばさみ
草刈り機
厳然たる
駆けずり回る
押しつけがましい
握りこぶし
世話焼き
忘れな草
着込み
わき起こる
仲よし
まき絵
引越す
見なれる
ぜい肉
飼い殺し
聞き分ける
目論み
粒ぞろい
耕うん
洗い出す
泣きわめく
香しい
看る
学び取る
転がり込む
わき水
気狂い
勝ち越す
言いだしっぺ
煮えたぎる
合せる
うるう年
包める
巻上げる
道行き
弱っちい
地割れ
にじり寄る
尾ひれ
捨て置く
謡い
目のあたり
追いすがる
引き取り手
散り散り
刈り上げ
盗める
毛むくじゃら
狂い咲き
水け
赤みがかる
刻める
めん類
寄せつける
ぜん息
胸当て
焼きつける
手負い
申し渡す
なで下ろす
まい進
編み目
取り扱える
気疲れ
羽振り
一皮むける
真ん丸
和する
占える
便せん
組入れる
観音開き
恩知らず
染め抜く
雪どけ
虫の息
入れ代わる
表替え
引きだす
火あぶり
汗取り
出あう
成り代わる
お流れ
腕まくり
ひた隠し
引っ越せる
はしご車
花かご
切りかかる
山の端
作り笑い
かき出す
大っぴら
探り出す
積み立てる
絵解き
薄笑い
かき鳴らす
植込み
大売出し
かぶと虫
収れん
点取り
折り込む
道場破り
死に場所
手さばき
弓なり
打ち捨てる
おびき出す
岩のり
著す
右向き
乳飲み子
積み増し
求まる
振替える
こぼれ落ちる
記せる
畑違い
もみ消す
寝覚め
極まり
亡き人
価する
来し方
またたく間
読み流す
言い値
借上げ
出払う
当て馬
張り付ける
書き付ける
刈り入れる
悩みごと
でき上がり
平織り
鳴ける
焼きいも
色刷り
結わえる
なき声
つり銭
お触れ
いんげん豆
取り越し苦労
ひな型
越せる
氷る
物覚え
虫干し
煙い
横好き
隠し場所
悪乗り
切込み
角刈り
計れる
値踏み
切れ切れ
書き留める
洗たく
のたうち回る
燃え広がる
咲きそろう
並び立つ
吹流し
売りつくす
風切り
成れの果て
湯引く
立ち上り
引き菓子
聞き届ける
仲立ち
宝もの
読みとり
ふて寝
足つき
荒くれ
進ちょく
乗入れる
口寄せ
節回し
降ろせる
読みこなす
海鳴り
ろ紙
養える
素知らぬ
秘す
くみ取り
閉め出す
取りかえる
幾たび
取り落とす
つくだ煮
うどん粉
貸し切る
導き出せる
水かさ
追い上げる
印す
へっぴり腰
育てあげる
目鼻立ち
端切れ
借る
とび職
間近い
面食い
積立て
置きかえる
福引き
的はずれ
特徴付ける
寺参り
風待ち
報ずる
陰る
扱き
毒消し
建て前
山かけ
見果てぬ夢
具に
流れ弾
扱く
練り合わせる
がた落ち
天つゆ
組み敷く
書き表す
何のその
うすら寒い
世話好き
突き指
口溶け
前立て
仲違い
筋立て
買い受ける
泳ぎ方
日の本
こけら落とし
描きだす
読み通す
減ずる
雪あかり
断ずる
水攻め
月の輪
四つ角
添え物
湯せん
押さえ付ける
ひた走り
割込み
思うつぼ
舌ざわり
犬ぞり
犯せる
延び延び
切り目
中落ち
序で
飲み明かす
続き物
張りつける
跳ね除ける
とり上げる
ばら肉
傷あと
見立てる
差し出せる
読替える
止めど
揮う
吐き出せる
親せき
病が
後ろ指
元売り
かけ合う
座りこむ
情ない
割に
独り歩き
露払い
重量挙げ
受けとり
足かけ
花ことば
風前の灯
差し出がましい
置き引き
きれい事
早打ち
つぼ焼き
切りとる
売り言葉
置き物
日本晴れ
疑る
顔向け
練り製品
貯め込む
示し合わせる
気立て
使いみち
起き抜け
書きつける
心する
積み替え
研さん
行き過ぎる
逃げ出せる
お歯黒
ちり紙
金切り声
孫の手
学びや
やり込める
吹き上げる
心ならずも
なたね油
お偉方
安らう
恥じ入る
燃す
握れる
飛び退く
他山の石
ささ身
ごま塩
離れ業
花いちもんめ
お握り
水ぼうそう
大写し
ばら色
領する
いま一つ
世捨て人
熱る
黙とう
こぼれ種
持ち分
武者震い
互い違い
怒らす
願い下げ
はた迷惑
刻みつける
洗いざらい
はく離
ただし書き
備付ける
関連付ける
一足飛び
分捕る
行きずり
差引く
砲丸投げ
打ち抜き
競る
口開け
身ぶり
開き戸
七つの海
気むずかしい
討てる
組み付く
心得る
口ひげ
高飛び
失する
陽ざし
綿入れ
子飼い
指し手
胴回り
防じん
立て直せる
具合い
焼き増し
雨あられ
当たりまえ
呼び続ける
すし飯
はじき返す
煮浸し
逃げまどう
一ぱい
切り払う
老け込む
型染め
巡ら
朝立ち
焼きもの
花入れ
やり切れない
永らえる
煮もの
積込む
差し金
姉たち
雨だれ
積み出す
住み込む
借り出す
そろい踏み
急がす
夕ごはん
断れる
乱れ飛ぶ
つるし上げ
落とし前
かば焼き
裏返せる
折り詰め
眠らす
追える
七つ道具
もらい物
出初め
すし詰め
勝ち気
売り抜け
舌なめずり
映せる
山の手線
地引き網
血染め
地ならし
腹ばい
人聞き
左向き
歯向かう
血の池
食い合う
上目使い
冷やか
問いあわせる
月あかり
見当る
独り善がり
押し開く
寄こす
敷ける
国替え
お祖母さん
煮えくり返る
制は
巻きずし
土いじり
希う
お得意さん
耳より
かみ殺す
抜てき
秘けつ
年の功
もめ事
たわ言
移り香
飲み下す
つり合う
集える
すり替える
走り高跳び
祝える
お払い箱
見下げる
付添い
渡り合える
月遅れ
山びこ
仕入れ値
ひいき目
いろは歌
燃え立つ
飯ごう
冬ごもり
向かいあう
染め物
書き立てる
脂ぎる
寝つく
押し退ける
投ずる
尾てい骨
とんとん拍子
掘り進む
張り倒す
押える
草葉の陰
すすり泣き
上れる
生き恥
独り者
見せどころ
小ぢんまり
意味あい
結い上げる
吹出す
雪うさぎ
小さ目
引きずり回す
洗い直す
天びん
買いこむ
ひと粒
柔ら
若だんな
書き送る
まっ黒
言い立てる
ひき殺す
遊び回る
上の句
立上り
せん定
男好き
渡し場
見すえる
太っちょ
踏み抜く
斜め切り
小うるさい
見つけ出せる
取入れ
お尋ね者
歌わす
ふっ素
さく井
組込む
くみ取る
はき出す
洗い流せる
かかわり合い
むせ返る
庭作り
じん帯
一時しのぎ
どら焼
産みつける
山すそ
返す返す
読みもの
振り替える
くぎ付け
いち押し
手ざわり
刻み付ける
吹きだす
目まい
ひん曲がる
出切る
昔語り
腹立てる
金づる
初っぱな
船積み
棒高跳び
何時しか
手ひどい
列ぶ
強ばる
泣き所
塩っぱい
底無し
厚ぼったい
五重の塔
起が
雨ざらし
空かす
補い合う
巣ごもる
あいさつ回り
つまみ出す
浮き出す
殺し文句
ただ事
石こう
当て込む
うしろ姿
私ゃ
巻き貝
取りはずす
雨ふり
踏み付ける
焼け死ぬ
上げ下ろし
取り立てる
差せる
突き進める
費す
お側
黙りこくる
すげ替える
振付け
建て売り
さくら草
抜き放つ
型くずれ
買い言葉
言葉少な
差支え
隠る
仮り
積み下ろし
引きあげる
まがい物
有り金
縁る
落ちつける
羊かん
首すじ
お仕着せ
左きき
召し上げる
引継ぐ
給する
取決める
徒に
そば切り
橋げた
石づき
使いで
一人占め
吸出し
替る
死に神
乗りつける
奴さん
冷や飯
お針子
枝振り
金ぴか
見合せる
借り方
読み返せる
いの一番
言い尽くす
人少な
置き手紙
抜け落ちる
風除け
朝起き
歴然と
持出す
あきれ果てる
生乾き
乗りこなせる
語り明かす
煮つめる
下げ潮
用足し
女たらし
徴する
度し難い
引抜き
切り付ける
取りまく
胸苦しい
慎ましやか
ご破算
書きためる
興味しんしん
売払う
取り得
吹きこぼれる
とろ火
口説き落とす
紋付き
少なくも
いけ好かない
顔触れ
強含み
詰め込める
荒れ野
ほほ笑み
針刺し
野次る
七草がゆ
浅まい
差し入れる
打合わせ
飼い慣らす
荒立てる
気忙しい
抱き着く
言渡す
赤らむ
気どる
そぎ切り
ひっくり返せる
乗り込める
見のがす
色いろ
お手盛り
況や
取っ付き
掘れる
行き付け
はち切れる
お召し物
介添え
挙る
なで肩
聞き入れる
ほう助
折り紙付き
遊び歩く
打ち放す
手ぬるい
川開き
かん養
濃い口
売り上げる
行ずる
組みなおす
罪作り
血合い
仕込める
山出し
止り
読み合わせる
山の芋
退る
書する
上り詰める
創れる
晴らせる
根無し草
型付け
富くじ
抱きすくめる
人騒がせ
取りとめる
取り消せる
御参り
鼻持ち
ほれ込む
物寂しい
おぼろ月夜
買受ける
よそ行き
抜きんでる
中入り
思いの丈
高みの見物
さい帯
売りきれる
くせ者
飛込み
とび出る
思いあたる
出直せる
お株
盛りつける
力試し
しめ飾り
かんきつ類
横やり
花かんざし
温む
見取り
薄商い
割振り
払出し
剣が峰
余り物
行く年
雄雄しい
踏みこむ
繰りかえし
生まれ変われる
中の間
底引き網
子だくさん
取込み
書きあげる
雅やか
造りあげる
飛び切り
ご両人
恥しい
読みかえる
突き返す
焼き場
むし暑い
召上がる
立ちどまる
贈れる
名のり
折込み
内輪もめ
身一つ
ひっ迫
貝がら
口やかましい
色つや
親代わり
かん高い
透き
覚す
話しぶり
落ち着き払う
がん具
並み居る
身ぐるみ
めぐり合わせ
盛上げる
さいの目
見なせる
ゆずり葉
張りきる
速まる
本に
何気無い
製する
黒こげ
舟遊び
書き下す
書き捨てる
刺殺す
言い聞かす
差入れ
たたき上げる
振り出す
車寄せ
承ける
輝かす
仕上る
上げ相場
待ち合わせる
焼きもち
前ぶれ
まき網
出たとこ勝負
目の子
あて名
通し狂言
腕っ節
加さん
まかり間違う
染め直す
貸し倒れ
かじ取り
やり玉
右寄せ
切下げ
浮き草
落着き
曇らせる
研げる
取っつき
突っこむ
引き回す
買いかぶる
造りだす
噴き上げる
逃げ口上
宮仕え
急く
亡ぼす
差出す
順繰り
突きだす
指切り
岡っ引き
死に目
かき込む
割れ物
すり足
盆暮れ
目ざめ
振りかける
引っくり返す
付きっきり
丸だし
若さま
はき違える
ほ乳
ひとっ飛び
消し止める
世界じゅう
くい止める
狂言回し
乱取り
立ち代る
警ら
ぐい飲み
上げ底
手詰め
桜もち
取り計らい
痛み分け
引きずりこむ
食べかす
ぼう然
持ち帰れる
ごみ捨て
し笑
起てる
遺る
手さげ
心付け
くり出す
目張り
聞きづらい
残りもの
行く行く
さらし者
畳替え
水かき
荷さばき
辞する
火の元
説き明かす
すっぱ抜く
買い付ける
立ち聞き
かな漢字
浮き世
咲きほこる
売り込める
背負い投げ
もの珍しい
刺し違える
移れる
覚り
立退く
労しい
後腐れ
仕事がら
通わす
腹ぺこ
立ち直れる
情け深い
こむら返り
田作り
浴する
吐きだす
やり繰り
から口
繰り替える
うわの空
目敏い
むせび泣く
詳らか
残り火
生焼け
切り出せる
つり上がる
どんちゃん騒ぎ
接ぐ
攻め寄せる
手落ち
野垂れ死に
迷わす
思いのたけ
草もち
敏い
めん棒
選り分ける
乗りだす
くり広げる
巡り合い
助け船
雑然と
を通じまして
泊まり込む
満ち潮
心もち
対がん
打ち払う
真っ平
名寄せ
読上げる
あめ色
物の数
習える
左寄せ
焼き印
物入り
下押し
張りぼて
青田買い
物分り
尋ね人
泊り込む
人払い
汚れ役
値上り
あばら骨
おつかれ様
暴き出す
回らん
買い占める
繰越す
星くず
大立ち回り
騒がす
後かたづけ
大わらわ
忘れ形見
打切り
出来ばえ
取りたて
畳み込む
澄みわたる
通せんぼ
心づく
おう吐
入り用
相まつ
目通し
気くばり
骨っぽい
口振り
空っ風
力つきる
雪囲い
死に顔
思いなおす
こう着
金づち
勢い込む
数え歌
乗りかえ
畳める
丸つぶれ
口げんか
預る
湯冷まし
はした金
内また
宙づり
読込み
ありがた迷惑
前借り
葉たばこ
向う側
目映い
透く
飛び下りる
棒引き
田舎っぺ
組付ける
売り付ける
もちの木
盗み食い
角い
取壊す
仕合せ
たい積
燃えつく
おしどり夫婦
繰り出せる
呼び込める
べに花
行きがけ
摘める
い死
果てし
補する
聞き出せる
だ液
焼き豆腐
道具立て
生き字引
走り込む
型どる
金遣い
つま先立つ
あぶり出し
焼け付く
遠乗り
盛り込める
切りつめる
なまけ者
舞いあがる
骨休め
幅跳び
吹き流し
目差す
不行き届き
吹き鳴らす
取り逃す
書き下し文
心安い
持ち合わせる
身代り
狂わしい
荷動き
刈取る
言い含める
観ずる
決り
草深い
うわ言
立ち向かえる
うじ虫
出遅れる
胴突き
過つ
引き抜ける
決め球
書出し
惨たらしい
くい込む
祝い酒
こう配
食い込める
復する
駆けだし
賞する
晴れわたる
蔵開き
積替え
せっぱ詰まる
鳴かせる
栃の木
引っ張れる
種もみ
当て身
笑い返す
干し草
人指し指
位取り
召し出す
砂ぼこり
負える
書き置き
話しことば
何やかや
孫引き
片す
今わ
付合う
吸込む
骨折り損
囲める
ひまし油
口取り
乗りこえる
煮え湯
産みの親
借り主
差しのべる
はじき飛ばす
荒らせる
詰めこむ
人使い
秘蔵っ子
横っ飛び
内の人
貸倒れ
ひこうき雲
ひとりっ子
願える
はえ縄
精しい
感じとれる
出がらし
立替える
組み替える
葉隠れ
でっち上げる
やけ酒
相討ち
引き下ろす
本決まり
差し押さえる
付きもの
騒ぎだす
振出す
調子づく
溶けだす
巻き物
吹きさらし
木いちご
引っ提げる
受継ぐ
交ざる
色変わり
迫れる
里いも
売込む
景気づけ
気がね
お付
問い直し
死に別れる
消し炭
亡ぶ
好もしい
気遣わしい
考えごと
暗やみ
待合せ
貴ぶ
名うて
目ざましい
添え木
つや出し
見積る
あか抜ける
逆巻く
比する
借り出し
年度始め
訳する
不ぞろい
日暮し
食いもの
鼻つまみ
思う様
巡り会える
押し麦
踏み止まる
火の気
飲みほす
お手つき
魚つり
血の道
送り出せる
打ちきる
抜けでる
通ぶる
男っぷり
夕ぐれ
差し止める
逆さまつげ
月極め
なぶり殺し
あきれ返る
真っ逆さま
ふり向く
踏み分ける
引く手あまた
思いおこす
とり除く
円やか
飲みで
どん欲
臨も
焼きとり
月のもの
おみ足
七曲り
征する
歓ぶ
断てる
遅らす
空気抜き
つなぎ止める
利ざや
染付け
会わす
豪い
立合い
道づれ
買い主
ひと声
申し入れ書
重る
ほうき星
目打ち
荒くれ者
火ぶた
費やせる
手っとり早い
往ける
怖じる
縁起もの
わき目
盛込む
突き通す
目だつ
宣る
かり出す
取り分ける
通りゃんせ
つなぎ服
急ごしらえ
議す
心がまえ
未必の故意
減す
食わせる
お構いなく
畳みかける
事切れる
当てずっぽう
打放す
取りあう
盗み見る
打ち勝てる
お冷
用立てる
ねずみ色
言いよどむ
捨て石
転がせる
似たりよったり
説ける
いたずら書き
はしご酒
振り回せる
売り出せる
二の句
口説ける
送り込める
透かす
借り入れる
踏み鳴らす
追いまわす
使いこむ
ひょろ長い
くいしん坊
円すい
話しこむ
取って置き
裏づける
横抱き
寄り目
お下げ
力こぶ
黒焼き
委しい
引き分ける
益する
と腹
さらし首
なれ合い
切り忘れる
踏切る
客扱い
痛み入る
取巻く
増せる
召し上がれる
死の灰
だみ声
質流れ
飲みこむ
差替え
ずれ込み
ちんどん屋
振分け
安が
手付け
さい銭
紅いも
たたき売り
備えつける
玉子とじ
らい病
巻き込める
呼ばわる
露けい
走り抜く
約する
透る
甘ずっぱい
対応付ける
走り出せる
かたくり粉
掘っ立て
でんでん虫
書きかた
食いっぱぐれ
折り畳める
早弾き
精出す
心づもり
ねじ切り
うつぶせ寝
相いれる
切り開ける
腐す
もぐり込む
大人ぶる
ぺんぺん草
思い遣り
はね返る
も本
波うつ
隠し芸
出歩ける
夜ふかし
盆おどり
認め印
別れ道
やり過ごせる
見まがう
人まかせ
学びとる
うの花
差上げる
飛び立てる
当てつける
たて続け
黄み
土盛り
担げる
照り付ける
まっ先に
繰入れる
度忘れ
乗ずる
仲たがい
茶飲み
宿無し
押し隠す
木取り
引出す
ごちそう様
腰つき
改む
買い支え
暴ける
留る
風の神
面差し
減らず口
横っ腹
落とし主
持て成す
現せる
鳥の子
思い余る
目の玉
先だつ
歯ならび
寝冷え
仕出かす
黄な粉
色どり
り災
立上がる
光り物
水あか
分かち書き
と殺
側が
総ざらい
貝焼き
うら寂しい
労り
漁り火
恥い
着の身着のまま
やり投げ
備え付ける
出し手
書き出せる
形見分け
虫送り
宣う
切上げ
積上げる
待ち合い
町はずれ
被い
はやし立てる
こん棒
建て込む
閉す
えびす講
明くる日
笑い飛ばせる
転ばす
投てき
払下げ
口さがない
旅立てる
ひと山
幕開き
編み機
打ち壊し
時どき
売付ける
長そで
力まかせ
打ちどころ
産気づく
軽軽しい
縦じま
盛上がる
塩引き
飛び魚
切り結ぶ
お気にいり
とまり木
使い走り
呼び物
事も無げ
芽出し
言い付ける
引返し
抱えこむ
配れる
定義付ける
繰り入れる
荒らげる
生生しい
組みこむ
払い出す
蒸暑い
待合い
口添え
買い上げる
馬鹿笑い
引きしめる
訳知り
棒切れ
生き写し
研ぎ出し
土ぼこり
貸し金
探しあてる
紙ふぶき
はく製
夜討ち
か黒い
独りごつ
受入れる
繁み
問合せる
賞じゅつ金
戯け
添え書き
お守
真ちゅう
一巡り
二重取り
曲がれる
書置き
戦く
牛ふん
背負える
荒す
物欲しそう
織れる
子別れ
知り合える
どの方
訪う
映じる
花曇り
勝ち越せる
召し抱える
てん菜
早帰り
押付ける
まわり道
具する
紙巻き
言いぐさ
踏みだす
食いで
じり貧
長たらしい
ひとり立ち
来なさる
中干し
弱り目
手のもの
取って返す
推せる
出合える
言いあう
道すじ
織りまぜる
考え違い
除け者
人さらい
危なげ
着古し
大売り出し
小ざかしい
長びく
踏み板
泣き付く
奥床しい
飼い葉
無いものねだり
解かす
焼き捨てる
語りべ
効きめ
ろうけつ染め
夕立ち
難無く
見取る
打ち殺す
何はなくとも
大降り
摘み草
手の者
あお向け
出来す
のど元
根の国
三段跳び
払しょく
物見高い
均す
術無い
太り過ぎ
吹きだまり
行き違う
乗込む
果せる
狩り出す
突合せる
からっ風
そぼ降る
問わず語り
浮き浮き
あ然
心尽くし
死がい
威し
木かげ
見晴らす
清ら
麗らか
手切れ金
口幅ったい
木ねじ
跳ね橋
ふれ合う
待ちこがれる
取りくむ
ひそひそ話
吹きでる
傾ぐ
黒み
焼き切る
新しもの
入り切る
面汚し
願かけ
思い止まる
継ぎ足す
腰巻き
しこ名
仰向く
歩留り
もろ手
のけ者
あばら家
ろくろ首
文無し
口当り
通し柱
付け上がる
仕合わせ
型通り
上がり込む
つまみ上げる
心弱い
手当たり
おちょぼ口
油絵の具
作りかえる
独り子
お茶の子
三つどもえ
持する
星祭り
老い先
拾いもの
身もだえ
前祝い
側仕え
押し詰まる
並びない
走り回れる
入れ替る
差し押える
とじ込み
生き抜ける
能くする
鳥追い
歩みよる
迎い
判じる
盗っ人
ひとり占め
延し
る説
割引く
横ずれ
順序よく
松かさ
真っ直中
円盤投げ
今し方
反す
つづら折り
読み札
空ろ
流れ図
保ち合う
物取り
型どおり
引込む
条件付ける
顔かたち
真黒い
乗り継げる
割り下
なす事
引渡す
はげ山
怒鳴り込む
所在無い
押し絵
生き馬
腰ひも
引き当てる
聞きにくい
身のほど
酒浸り
書院造り
みつ豆
ふるい落とす
鳴りだす
竹やり
時代もの
後向き
延す
と列
丸抱え
壊れ物
割り出せる
心許無い
たたき落とす
手ずから
有難がる
迷い子
出来ごと
赤狩り
覚束無い
千枚通し
片流れ
指し値
照焼き
無い物ねだり
黄いろい
召抱える
吹き回し
好きずき
着ぶくれ
言いそびれる
金回り
座ぶとん
見回せる
当り散らす
ひとさし指
先祖返り
取り口
宙乗り
けんか腰
乗り通す
身持ち
肩ごし
耕せる
ほお張る
朝な夕な
態と
玉取り
露天掘り
出どころ
買いつける
雷おこし
勝ち進める
物別れ
聞きほれる
お菜
物笑い
焼け出す
成立つ
染む
気強い
出任せ
軽んずる
うら悲しい
寄せ場
皿回し
手ぐすね
委せる
ぜい弱
寄る辺
つばぜり合い
見兼ねる
横合い
危ぐ
溶かせる
わき出る
内もも
手さぐり
いわし雲
たて糸
牛追い
行きがかり
落としぶた
でんぐり返し
飾り窓
居住まい
開けっぱなし
御用納め
峰打ち
矢じり
描き直し
水たき
つり上げる
組上げる
平たん
いら立ち
見離す
うす汚い
気軽い
七さん
戦ぐ
寝ずの番
舌つづみ
煮含める
引き込める
火打ち
ふるい分ける
打ち所
べき乗
図抜ける
引け値
追い銭
追いまくる
久方振り
威張れる
立ち上がれる
薄暗がり
吹き寄せ
かん子
角隠し
持越す
朝駆け
耳新しい
間の子
食い道楽
うす切り
すみれ色
撃ち方
まち針
動ずる
平らか
触れ回る
絶てる
はつ恋
立ち会える
勝ち戦
すり混ぜる
破れかぶれ
策する
生あたたかい
虫下し
もの寂しい
子の日
勉める
買いたたく
立ち止る
助け合える
乳離れ
筆遣い
下り立つ
灯台もと暗し
立ち働く
わき見
選り取り
払い除ける
待ち針
耳ざとい
手だし
こ難しい
待遠しい
もみ上げ
箱書き
情深い
有り体
書き入れる
聞き流せる
繰り込む
のけ反る
割り込める
寝せる
生白い
あん分
鼻白む
人気もの
書きたてる
くず鉄
いたし方
死にものぐるい
茶入れ
放りだす
お上りさん
繰下げる
足とり
より目
見破れる
水きり
お七夜
身ごろ
家族づれ
書き直せる
敵す
ほら穴
分けつ
面映ゆい
離れ家
大事無い
追越す
しゃくり上げる
だ円
手軽い
巻込む
一時払い
由無い
かい離
投げこむ
為さる
組みかえる
煮込める
手前みそ
言い替える
背わた
夜ふけ
注連飾り
差し延べる
座する
南回り
光らす
茶飲み話
見切れる
かき消える
読取る
打抜き
他生の縁
わき毛
後退り
奮い起こす
成行き
下っぱ
閉そく
選り抜き
二枚重ね
抱きこむ
取り計らう
別刷り
受持つ
染め出す
退かす
一抱え
胸きゅん
面立ち
宿り木
耳ざわり
引きおこす
もの静か
熟する
繰り言
極め付ける
背すじ
年取り
買い切る
青じろい
うれし泣き
張り合える
小手調べ
物の本
生きいき
抜き足
尾頭付き
作り付け
さし木
温み
面はゆい
流行らす
大きに
転べる
湯あがり
跳ね返せる
名前変え
黒作り
生き神
縮み上がる
蔵する
溶きほぐす
人なれる
しり込み
みかげ石
払いもどす
中越え
夜もすがら
芽ばえ
行過ぎる
もつれ合う
ひ弱い
染込む
はね上がる
うそ寒い
くん蒸
物わかり
絵合わせ
聞き付ける
音頭取り
洗いざらし
立て板に水
仕損じる
立ち至る
仰せ付ける
度しがたい
言いまくり
わが校
窓ぎわ
うす茶
朝ぼらけ
討ち果たす
組みたてる
お隠れ
申し伝える
垂れ込む
打出し
継ぎ接ぎ
総毛立つ
一本立ち
下読み
背開き
落し穴
百度参り
散じる
じん臓
掘り起こせる
脱せる
世迷い言
吹き荒ぶ
腹だたしい
論る
ずり落ちる
隠れみの
刷り上がる
普く
用向き
煮上がる
月割り
縁どる
取付き
巻きす
出合い頭
質入れ
胸くそ
もり立てる
食い足りる
踏ん張れる
水びたし
予て
捨て値
長ずる
欲ばり
割りほぐす
先出し
当たり散らす
冷えこむ
荷受け
買い入れる
丸のみ
生きながらえる
打ち壊す
出し抜け
予てから
やむ無い
差しだす
松飾り
引立て
茶せん
焼き打ち
ささやき声
乗越える
派手め
泣きはらす
熱苦しい
写し絵
小暗い
荷作り
三すくみ
取ってつけたよう
往き来
思いめぐらす
息む
飲んべえ
水張り
生煮え
手抜かり
覚え込む
安んずる
五目並べ
追いはぎ
突っ返す
若若しい
形振り
玉乗り
火打ち石
試し切り
心づよい
遅ればせ
馬の足
切り下げる
住込み
逆らえる
聞す
はだか麦
体する
ぴか一
煮こみ
都忘れ
切出し
初める
ひとつ覚え
使い途
口堅い
一花咲かせる
ひな鳥
食い詰める
立ち後れる
横っ面
水あげ
組立てる
飛出す
建て増し
飲み手
見送れる
横座り
形無し
前垂れ
取り違える
投げ出せる
上がり口
手取り早い
あん馬
用だつ
わら半紙
生きかえる
疲れはてる
薄ぐらい
福福しい
いわく付き
以ての外
極め付き
理解し合える
すきっ腹
草いきれ
さくら貝
投げだす
仕分ける
付きっ切り
つっ込む
渡り初め
水もの
若わかしい
然して
息ぐるしい
地固め
雨垂れ
あみ出す
耳遠い
あずま屋
拝み倒す
飛込む
店開き
先渡し
虫めがね
血統書付き
態とらしい
抱き留める
三つ指
川越し
急き立てる
落ちのびる
こま犬
創り出せる
染めあげる
なまり節
吹き払う
船遊び
解き放す
薄寒い
赤める
鼻っ柱
木ぐらい
弾き手
毛じらみ
負かせる
略する
お勝手
受け合う
変ずる
異い
願わしい
生干し
荒荒しい
図図しい
お眼鏡
逃げ込める
山ごもり
鈍する
取っておき
主立つ
取りなす
弁ずる
危く
飛び込み台
引っつかむ
具わる
初初しい
悩み抜く
咲き残る
がまん強い
執り成し
切りぬく
染め分け
判官びいき
冷っこい
とちの木
根づよい
渡し守
なまっ白い
吸い込める
えり好み
毒毒しい
荒れ性
差しあげる
続き間
鏡もち
る言
語り物
引き渡せる
振り切れる
知り抜く
解け合う
人寄せ
でんでん太鼓
し烈
力抜け
押しきる
ふさぎ込む
別れ別れ
往ぬ
悪がしこい
験し
逃げ水
手ぶくろ
肩ひじ
寄り合う
腰折れ
夜明かし
痛痛しい
お足
はね上げる
罪ぶかい
よこ糸
かすめ取る
あばら屋
花びん
生なましい
波の花
口伝え
上敷き
面もち
寝殿造り
進み出す
作り立て
生まれ月
付けどころ
小ぐらい
取り決める
水責め
差し当たり
残り多い
手あみ
吹き降ろす
追込み
気恥しい
開けっぴろげ
物狂おしい
次つぎ
物堅い
腐らす
試そう
せり出す
はせ参じる
思い起す
座付き
後暗い
末頼もしい
なすり付ける
ばら積み
転か
採りあげる
老いらく
鼻かぜ
暗きょ
残多い
せん無い
向い風
逆と
かさ張る
飛びたつ
順送り
読みこなせる
もの言い
受止める
押し分ける
馬返し
小ぎれい
持上げる
名だかい
生っ白い
割増し
切れ上がる
北回り
想える
丸焼け
女もの
手がたい
巻き返せる
腕っぷし
間遠い
ふくれっ面
山ふところ
酒びたり
ごね得
毒どくしい
夢語り
日向ぼこ
書き入れ時
浅ぐろい
誤らせる
借受ける
時めく
自慢たらしい
照り映える
根回り
表ざた
板敷き
寝ぐるしい
すご腕
弁じる
引つる
倍する
つぎ込める
押付けがましい
首っ引き
好いたらしい
番える
仏の座
濃い茶
鎖す
弱よわしい
恐れおおい
目ばやい
開きなおる
手間どる
ひと眠り
口べた
売行き
張出し
干し物
せき込む
事新しい
物ぐるおしい
呼び入れる
引き起す
甘ちょろい
口がたい
出し切れる
しみ入る
気障っぽい
くず粉
二の舞い
女女しい
口減らし
差出がましい
腰かける
度がたい
息せき切る
耳どおい
散歩みち
細細しい
花やか
別して
果し合い
貯える
気はずかしい
山留め
神神しい
薄ぐろい
とって返す
付け出し
おぼろ月
冷や麦
出来上り
然ること
結える
装てん
外まわり
物騒がしい
気近い
使われだす
意味付ける
腹ぐろい
小ぜわしい
素ばやい
お先棒
独り旅
放りっぱなし
重おもしい
物物しい
朝めし
温もる
耐難い
薄ぎたない
受け流せる
割付け
書送る
攻め上る
お薄
うち捨てる
かかあ天下
くら替え
合い方
素通し
繰りかえす
引きたてる
咲きみだれる
重重しい
売りこむ
生っちろい
五つ紋
計り売り
聞苦しい
小やかましい
持ち越せる
つつが無い
引っ繰り返す
聞ぐるしい
赤じそ
曲り角
提灯持ち
もの狂おしい
よんどころ無い
手あつい
種取り
女殺し
手っとりばやい
骨とう
かい人
編み針
荒あらしい
苦にがしい
百日ぜき
花はずかしい
犬死に
笑いごと
女めしい
染め付け
染め替え
痛いたしい
目の当り
ぽっと出
もの狂い
梅雨晴れ
あえ物
手ばしこい
腹切り
見ぐるしい
しつけ糸
空空しい
縁どおい
もの恐ろしい
類さん
人がましい
人なつかしい
繰延べる
火の番
持ち切り
手びろい
物がなしい
小書き
手重い
騒騒しい
列ねる
育くむ
おんなの子
由由しい
背割り
押込み
昔なじみ
十露盤高い
見目好い
ばく進
便無い
清すがしい
いけ図図しい
口ぎたない
付せん
物すさまじい
のら犬
ひざ元
鳴り渡る
気づかわしい
笑い物
洗いもの
頼み少ない
義理立て
引合い
死にぞこない
態とがましい
疑いぶかい
たれ流し
頼みこむ
つかみ合う
先触れ
生れつき
まわり遠い
仰仰しい
晴がましい
手速い
抜がたい
生じろい
毛ぶかい
縄のれん
有り合わせ
空恥しい
競り市
舌たるい
労労い
報せる
こん包
茶がら
踏みきる
さび付く
長もち
男男しい
生新しい
諸に
似合しい
居たたまらない
謝する
博する
寸足らず
気色ばむ
草ぶかい
刺刺しい
がん作
煮えくりかえる
空ぞらしい
並び無い
回り遠い
授かりもの
言い古す
物がたい
算盤高い
ほろほろ鳥
軽がろしい
点じる
麗麗しい
殺りく
すがり付く
もの堅い
鉱さい
降りかかる
初もの
こんにゃく粉
成りたつ
泣き泣き
振る舞える
分別らしい
細かしい
要心深い
刺とげしい
高飛び込み
物ものしい
取出す
白白しい
浮び上がる
届出る
猛猛しい
飾りもの
振るえる
死に損ない
物恐ろしい
清けい
小だかい
蒸しもの
角角しい
雄おしい
大層らしい
花花しい
気がつく
潮待ち
普い
苦しまぎれ
跡づける
枯れすすき
見好い
小ぎたない
頭割り
貝の口
手ばやい
神ごうしい
愛づらい
押し負ける
美美しい
指ぬき
気づよい
代われる
忘がたい
夏枯れ
気だかい
日なたぼっこ
疑深い
売り抜ける
手りゅう弾
胸ぐるしい
木ぶかい
薬きょう
勝ち名乗り
木深い
捨てぜりふ
苦苦しい
組合せる
入れあげる
継しい
無くする
茶どころ
探れる
似気無い
空はずかしい
わき役
曇らす
事ごとしい
転がりこむ
回遠い
似あわしい
恐多い
手がるい
押し葉
時雨れる
出向ける
だだっ子
失くなる
弓取り
積重ねる
画びょう
焼き塩
切り込める
入り日
目ばゆい
物ぐるわしい
打ちだす
角かどしい
うら恥しい
何心無い
薄じろい
駆け込める
並無い
曲曲しい
踏み石
好き好きい
真っ正直
ずり上がる
聞にくい
君付け
本意無い
興ずる
もっての外
手向ける
聞づらい
片すみ
隣合わせ
腹ぎたない
はた目
度難い
上がり目
好きずきい
やぶ医者
根ぶかい
あだ討ち
逃げのびる
何のかんの
飛びこみ
連れる
映えばえしい
担わす
立直す
入りびたる
高慢ちき
四つ身
遣える
事事しい
初ういしい
値うち
あえ無い
吐かす
遠白い
店仕舞い
覚えず
仰ぎょうしい
救い出せる
上せる
飲み干せる
横っちょ
うり二つ
待ち兼ねる
吐出す
猛だけしい
つぎ足す
言いなす
目つぶし
身びいき
美びしい
小はずかしい
白め
意気盛ん
界わい
見返せる
桜ん坊
くみ出す
朽ち木
起きぬけ
やじ馬
乗りかえる
現ずる
花ふぶき
切取り
書入れ
わい曲
売り声
手開き
付け届け
打ちあげる
観する
乗り逃げ
離れ島
読出し
送りがな
隣合う
寄せ木
打消す
てん末
歳の市
貸切る
遣い手
通し矢
一つ身
雪明り
内払い
玉ぐし
すい星
一人ぽっち
くされ縁
切り子
調子付く
騒ぞうしい
焼け太り
眠り薬
育める
田遊び
雪おろし
明り取り
迎え酒
浮き足
所帯持ち
見透す
どう猛
余りもの
繰出し
重ね合わす
黒める
ぜん動
腹づもり
脳こうそく
買い上がる
洗いたて
歩き回れる
買い気
決めこむ
見落す
取り切れる
繰り回す
注する
お巡り
住まわす
昼めし
似かよう
芽ぶく
呼び付ける
名前呼び
おしろい花
柄もの
体当り
振り捨てる
起き上がれる
手あか
常世の国
思うさま
手わざ
縁組み
ひと役
吸い付ける
秘する
逆ざや
舌っ足らず
標す
親思い
さい先
火持ち
年回り
先んずる
地鳴き
左近の桜
はね返り
寝かし付ける
紙入れ
習わす
乗りまわす
先駆ける
待ち客
悪たれ
買い被る
駅売り
除する
打上げ花火
つま弾く
びた一文
乾びる
金つば
着付ける
天降り
立て付け
あだ花
愛想尽かし
追いたてる
うぐいす色
やり返せる
突っ立てる
果たし合い
ぶち当てる
こらえ性
火の見やぐら
押しだす
目する
低める
腹積もり
祈とう
参ろう
流ちょう
上向ける
振り付け師
腸詰め
押し切れる
お腰
見返る
照り輝く
作りもの
笑いこける
引け際
お絵書き
言挙げ
追い抜ける
うす口
ひと皮
掘りおこす
流し網
笑いころげる
梅ぼし
切り替る
抜き出せる
係り結び
耳触り
付出し
どら息子
付け加わる
見合わす
迫り出し
生き仏
輪乗り
骨ばる
歴然たる
仕来り
混じりけ
折り返せる
被れる
はん用
吹っ切れる
踏込み
きかん坊
押し通せる
女ごころ
札止め
すりこ木
遣り繰り
況して
停る
乗り出せる
当り障り
片っぱし
すべり出し
後れ毛
折り重ねる
雪ぐ
夏もの
打ち消せる
うす焼き
下張り
菜っぱ
はしご乗り
底引き
言付け
断ち切れる
鳥の子紙
名折れ
燃えつきる
うす皮
踏みならす
二の矢
言い触らす
先乗り
立て役者
鼻摘み
手解き
つめ跡
う回
押し出せる
一生けん命
売り値
突き刺せる
初参り
思い当る
突当る
有難み
織りあげる
引っぱたく
ほうり出す
石うす
言祝ぐ
目ざまし
寝入りばな
並べかえ
唐がらし
星回り
送り返せる
勝ちぬく
松やに
散り敷く
じん性
ほう酸
生け捕る
色好み
旗持ち
笑い種
引き物
待ちあわせる
見下せる
かけ込む
切り落す
息吹く
きゅう舎
投げ込める
透き間
染め粉
思ほす
菜ばし
打ち返せる
押寄せる
吹きぬけ
食い上げ
方向づける
月参り
手回り
小屋組み
糸あやつり
小止み
織込む
お代り
待ち合せる
花立て
乾めん
青む
油通し
見晴らせる
柔らかみ
はげ頭
夏負け
不意討ち
もらい手
手あて
飾りたてる
勢いづける
一本やり
並みいる
加われる
掘り出せる
付け人
村びと
ぼたん雪
語い
顔合せ
ひん曲げる
隠し立て
い集
前後ろ
引受ける
貸し主
若しも
ぬぐい去る
見とがめる
つゆ草
寄り添える
紙きれ
吸いつける
編み棒
科の木
のぼせ上がる
切り回す
謝れる
なつ印
流し込める
ろっ骨
張付ける
火攻め
気抜け
打明ける
溶けあう
持合い
競べ
すべり込む
身欠きにしん
隠然たる
手ふき
麦踏み
草とり
わが輩
京おんな
引き合わす
寄付く
便る
身動ぎ
宝尽くし
組み合い
抱き人形
見守れる
建売り
心筋こうそく
落ちこぼれる
織り目
突きつめる
馬の脚
差し違える
人いきれ
手配り
てん刻
草かんむり
組織立つ
きりきり舞い
持ち重り
きのこ雲
祝ひ
肥し
心当り
かかわり合う
水の手
つけ足す
粒立つ
卒する
働きもの
組みつく
野ねずみ
値い
慮り
出会す
でんぐり返る
羽根突き
夕なぎ
引き離せる
切り合う
ひび割れる
乗越す
ご用聞き
約束ごと
繰り返せる
切返し
肥立ち
けん化
何くれ
手かせ
給わる
笑いとばす
人まね
がく然
まごの手
もち屋
差っ引く
晩さん
まっ暗
無げ
線描き
後ろ前
護れる
弓引く
書下し
季寄せ
こう門
落とし込める
事もなげ
力付ける
見栄張り
書出す
割出し
聞取り
見ほれる
西洋なし
昼下り
食いしんぼう
熱冷まし
しゃ断
織りこむ
開き直れる
ふり入れる
雌ねじ
毛せん
押しなべて
命とり
あら塩
足固め
伺ふ
胴の間
箱乗り
名指す
手の物
見せ金
書き落とす
山ざくら
下がり目
寄り倒す
終えん
分べん
愛し合える
吹きとばす
移り変る
立ちこむ
目刺し
連れ出せる
競える
まわし者
手渡せる
上がり湯
気だて
差し出る
踏んばる
自じ
堅焼き
抜きとる
口入れ
物思う
血しょう
追い散らす
割り付ける
映し出せる
切り落とせる
遅生まれ
人頼み
輝る
和ぐ
折りこむ
出っぱる
巻き起こせる
切離し
値下り
立て替え払い
受払い
骨つぼ
竹ざお
目あて
焼きなまし
しゅん工
当てこする
照る照る坊主
食休み
見栄っぱり
相つぐ
むかっ腹
面ご
呼び上げる
慣らせる
犬かき
取りあつかう
続け様
恋うた
当たれる
地回り
思し召す
気詰まり
取り合える
強かん
砂かぶり
切れ字
積み込める
書き抜く
及ぼせる
曲りなり
張り飛ばす
あわ立つ
心得違い
抜取る
同ずる
突き放せる
つけ回す
空くじ
可愛がれる
もち菓子
ろ水
踏みはずす
追い返せる
長じゅばん
男やもめ
葉ずれ
手切れ
黄いろ
取り澄ます
衣更え
親ゆずり
呼びだし
ちぎれ雲
呼出す
ひり出す
かりん糖
載っかる
にじり口
冷や酒
雨避け
若死に
ねじ切る
成りゆき
目くるめく
起きがけ
甘んずる
うつ向く
砂糖きび
よそ目
安ど
湯ぶね
突っこみ
食いかけ
保合い
出雲の神
火の見
星明り
もろ差し
生いたち
間の手
差し障る
泣きごと
付け回す
選びだす
票読み
成立ち
言い分け
洗い立て
煮え立つ
忘れ草
き死
胸突き八丁
ち密
ばく大
独りでに
風変り
引っ立てる
くず米
脂肪太り
行きあたりばったり
連れこむ
手付け金
泣きどころ
隠しごと
楽焼き
花づくし
掘出す
大和なでしこ
研き
脳しんとう
年かさ
高いびき
夏めく
えい航
せき立てる
泣き女
すう勢
来はじめる
痛め付ける
雨ごい
勢い付く
包み込める
素より
ひ素
私しゃ
茶の子
礼さん
天どん
敵する
根上り
腰ぎんちゃく
預かれる
境い目
繰広げる
取合う
見交わす
えびす顔
扱き下ろす
おじぎ草
いん石
後まわし
良しあし
兆す
疑える
心入れ
追い越せる
作り事
堅ろう
親ぼく
えん麦
着たきり
板ずり
人がら
真し
神さびる
巻き尺
明らめる
乗組む
総べる
思わせ振り
手後れ
とけ込める
なぐり書き
略せる
つまみ菜
盗み読み
引く手数多
弾除け
受け継げる
腹下し
祭れる
両切り
検める
止め金
混じえる
割込む
打ち落とせる
盛れる
目ざわり
乳繰る
片寄せる
引っ繰り返る
お下げ髪
目ざめる
煮付ける
労する
水まくら
跡付ける
吹き込める
役する
無理押し
のど輪
見えかくれ
座りこみ
腰だめ
一走り
反すう
引き続ける
まっ青
天の河
眠り込む
激つ
ふり仮名
泣きぬれる
割当てる
じり安
浮き島
助け出せる
冬ざれ
家付き
お持たせ
破れ目
ひがみ根性
見上ぐ
解きあかす
照らせる
刈込む
青かび
初もうで
梅雨あけ
ぶどう色
し好
預け入れる
えび茶
胴巻き
汗じみる
振り立てる
突き出せる
取り結ぶ
夜歩き
谷渡り
切りこみ
取巻き
誉めそやす
当て付ける
聞きわける
刻する
書きことば
旅回り
越中ふんどし
床飾り
宣する
輪飾り
いら立つ
のし歩く
はい出す
行き合う
引止める
刈上げ
口こみ
整とん
取りすがる
突きぬける
聞分け
腐れる
奇しき
延べ数
量れる
雪焼け
若もの
下生え
巻狩り
夏やせ
読み捨て
煮染め
飲みこみ
つけ入る
南ばん
否む
のり出す
仕うまつる
いかり肩
割りきれる
張りめぐらせる
一すじ
ふっ切れる
冒とく
貸し出せる
付けまつげ
笑い草
総まくり
踊り字
当て推量
三下り
伝ぱ
逆上せる
はい出る
切り取れる
取り集める
玉無し
お福分け
死に装束
木っ端みじん
震う
煙出し
頭がい骨
役付き
振りだし
生らす
日盛り
かき寄せる
浮足立つ
変ぼう
息づまる
撃ち落とせる
即する
言いつのる
列べる
権現造り
組みつける
思いあまる
飲み助
駆りたてる
うおの目
垂れこめる
極り
食中り
済す
へい死
模する
絶えま
躍り上がる
飼い鳥
言葉じり
枯れ尾花
うす緑
かっ込む
ほうり込む
真向い
踊り念仏
子取り
長幼の序
横すべり
愛し子
ごう音
振り当てる
押えつける
打ちあう
手無し
回り込める
定めし
取っ組む
書き流す
思いわずらう
飾り職
取りのける
泣き明かす
配り歩く
責めたてる
矢の根
掘出し物
落着ける
見越す
月の物
射すくめる
なま物
服せる
すね当て
聞きとがめる
撃ち込める
穴ぐら
推し量れる
見おろせる
詰め腹
お移り
寄せ手
差し合う
引っ返す
湯あか
守り立てる
年のうち
値切れる
煮え繰り返る
句切る
もつれ込む
思いかえす
高曇り
甘みそ
かけ持ち
眠りこむ
知るべ
足げ
花生け
書き表せる
入りまじる
優勢勝ち
反れる
夕まぐれ
並び立てる
音引き
宿替え
ひと事
安倍川もち
知合う
掘りだす
博打打ち
混ぜ合わす
議する
雄ねじ
老いさらばえる
お鏡
にぎり飯
乗りかける
祈れる
老け役
おり紙
へし合い
縮れ毛
舞いこむ
山かげ
引返す
跳び越す
取合せ
ことなかれ主義
聞き合わせる
裏ぶた
売り急ぐ
口きき
太刀持ち
肩上げ
打ちあける
客あしらい
寝しな
まぎれ込む
追込む
綿打ち
ごう慢
抱き合える
読み誤る
こと足りる
まくら木
日保ち
標ぼう
意地っぱり
赤さび
仕付け
朝まだき
つづり方
手込め
摘み食い
ふく射
塩出し
興せる
のみの市
借り上げる
投げ遣り
隠れん坊
背のび
繰り越せる
じり高
鬼門除け
立ち代わる
血止め
巡れる
着のみ着のまま
神降ろし
打ち破れる
混ぜっ返す
かき曇る
後れる
踏み切れる
春もの
駆込む
引き連れる
近寄れる
太れる
口ごたえ
執よう
気おされる
配ぜん
せん方
留り
方向付ける
後入れ
洗い粉
切り放す
背抜き
送りこみ
かな書き
失せ物
驚がく
出立つ
楽屋落ち
清か
目明かし
血だるま
天が下
松葉づえ
呼び値
前渡し
早引け
打ち続く
たたき出せる
ねん出
逆もどり
石だたみ
ひざ小僧
ぼっ発
突き当る
いもづる式
空威張り
進ずる
焼け落ちる
進退伺い
こそぎ落とす
織り物
順序付ける
強じん
下げ渡す
お仕置
ばか騒ぎ
勝取る
気働き
打ち傷
切れはし
逆立てる
洗い落とせる
盛り返せる
看板倒れ
撃ち破る
くやし涙
そ上
買い取れる
関所破り
唐竹割り
世慣れる
でくの坊
万人向き
刷れる
小割り
深ける
せき柱
黙する
やまと絵
わかれ道
あて字
雨がっぱ
深深と
編みもの
急かせる
胃かいよう
損ずる
筋張る
客受け
生立ち
そ菜
不入り
清まる
績む
取外す
下じき
細み
たらの子
摘み菜
運び出せる
変り目
一番やり
道の辺
霧隠れ
大物食い
余所行き
そで口
血統書つき
担ぎ屋
たる木
接ぎ合わせる
お八つ
意気地無し
死出の旅
大づかみ
踏込む
なで上げる
焼けこげ
身八つ
取入れる
保する
すすり上げる
咲きこぼれる
焼かす
踏み倒せる
赤字補てん
金入れ
先細る
つけ上がる
なすり合い
ねじ込める
立去る
割り方
繰り延べる
たも網
糸切り歯
ひき割り
わからず屋
抜きだす
糸入り
ほお骨
面くらう
せり上げ
打ちとける
早立ち
ねずみ算
均てん
耳垂れ
しり目
防ぎょ
戯れ事
御成り
抜き手
そよ吹く
八つ手
上がりかまち
光りもの
立枯れ
まん延する
織り込める
踏みしだく
月の輪熊
談ずる
くん製
街開き
根比べ
洗い髪
六つ切り
ぬぐい去れる
方違え
若がえる
行届く
買い進む
証拠立てる
差しかえる
渡り板
込上げる
沈でん
語りぐさ
震えあがる
当て物
相継ぐ
渡し賃
引き降ろす
石ばし
うつし絵
混ぜ返す
立食い
寝そびれる
おう盛
男もの
通り相場
掘っ建て
御座っ
はずみ車
居座れる
泣き別れ
たれ込む
取分け
鉄さび
根競べ
気迷い
人待ち顔
筋向い
愛きょう
落ち行く
飛び歩く
米つき
菜切り包丁
西の内
描き出せる
便する
もみ手
御礼参り
刻み目
駆引き
切取る
親子づれ
配当落ち
響かす
彼の世
山越し
だんご鼻
引替える
口切り
妙ちきりん
日待ち
地割り
日もち
派する
生茂る
歩み寄れる
水すまし
売り口
馬跳び
夜更し
荷づくり
小作り
たずね人
抜き取れる
線切り
つき合える
大向う
押し倒せる
寝ぼける
挙げ足
食い散らす
めい想
取りえ
手空き
御用始め
若づくり
血まなこ
掘下げる
引下げる
湯わかし
抜出す
発しん
舞える
先達て
苦みばしる
うず巻く
編上げ
浮き名
引きずり出せる
もたれ合い
野だて
はね橋
くり上げる
刷り上げる
引き延ばせる
考え出せる
抜き刷り
こん身
やせ地
ふくらし粉
持運ぶ
月足らず
麦めし
せん茶
小間切れ
げた箱
うるさ型
ささみ肉
ば声
下り物
消え残る
出えん
受けあう
水さし
乗出す
進ぜる
追い付ける
足留め
芽ぐむ
追いこす
染め色
額面割れ
食いだめ
こと切れる
京染め
人相書き
時化る
縄ばしご
降ひょう
先の日
水あたり
恋いこがれる
付回す
取りまわす
湯ざまし
古びる
払い下げる
口しょう
お座なり
兼ね合う
愛がん
判じ物
夢まぼろし
大福もち
追出す
歌い文句
触合う
切りすて
映ろう
草する
尺取り虫
撃ち殺せる
練れる
吸いがら
お針
刈入れる
言い種
攻め落とせる
砂れき
取りこめる
かきいれ時
震い
消え果てる
口触り
付け焼き
伝へる
口つき
竹べら
逆さ言葉
つっ走る
付け足せる
何時ぞや
差しかける
積み替える
読み分ける
花明り
入れ代わり立ち代わり
濃やか
向かい合える
みがき粉
燃えさし
雨上り
言伝え
召し寄せる
混じり気
のぼり坂
遅まき
引き去る
死に損なう
物おじ
遣り合う
底光り
若やぐ
身ぶるい
大つごもり
所払い
かち得る
だいご味
絡げる
落合う
目見え
骨無し
入替える
ゆう出
整然たる
赤んぼう
ふん便
だ捕
飛び越せる
成り金
引きかえす
言い交わす
抗える
曲げ物
手の裏
突き合せる
末の世
病みあがり
討ちとる
左うちわ
引抜く
豆しぼり
末期の水
居直り強盗
泳ぎ着く
吹き分ける
押し返せる
裏切れる
七味唐がらし
寄合い
丁と
波打ちぎわ
はめ込める
引き落とせる
はにかみ屋
賦する
震る
仕付け糸
引当て
骨張る
突っ走れる
鳴かす
小当り
取り合せる
真盛り
押しこめる
誇らか
手離れ
相寄る
生みつける
飛入り
よそ事
賃貸し
曲乗り
そそぎ込む
書替え
とば口
島抜け
盛り合わせる
勝ちどき
味付ける
糸繰り
焼きごて
そら似
取り直せる
石づくり
危き
引っこめる
汗みどろ
お手付き
腕ずく
並居る
手向かう
打解ける
たたり目
買占める
取合い
思い合わせる
お茶子
二つ割り
腰みの
調子外れ
星あかり
跳ねっ返り
好ききらい
すり切り
床上げ
留まれる
被りもの
ろう城
招きねこ
局止め
氷詰め
底ぬけ
内のり
死に水
縁続き
散り急ぐ
気っ風
抱合せ
縄抜け
年の内
扱き使う
様変り
向う岸
打ち抜ける
ふろ場
調子はずれ
狭さく
困ぱい
牛殺し
春さき
ときの声
在りかた
思い及ぶ
糸作り
はく落
ひのき舞台
切り石
粒選り
火消し役
読み誤り
失そう
早替り
映ずる
つき抜ける
久びさ
実しやか
放く
も写
ふたつ返事
建て直せる
さら地
色焼け
眠け
織り糸
仲好し
立直る
丸め誤差
立ち尽す
飛まつ
費え
草生す
見る見る間に
風び
小びん
まかり出る
適える
男振り
たれ幕
日延べ
頭抜ける
敬する
お目見得
跳ねあがる
目抜き
見ばえ
陣立て
どっち道
わた毛
組み写真
月決め
近寄せる
手合せ
昔かたぎ
置きざり
やりっ放し
手がき
練りもの
派手やか
へらず口
黒ん坊
年度替わり
笑いぐさ
お目玉
取返し
金隠し
売り飛ばせる
ねらい撃ち
夏やすみ
相撃ち
合いびき
ねじ上げる
もらい火
付けかえる
誉めちぎる
せんべい布団
刈りとる
ご面相
状差し
立消え
落し文
踏出す
ふ卵
下押す
引き取れる
立ち入れる
事える
固太り
浮き雲
仮の世
出げいこ
解れる
取り殺す
声つき
副える
蒸せる
火吹き竹
けん責
そり返る
割り印
噴ける
節くれだつ
有り触れる
申出る
聞き物
御触れ
結わえ付ける
射せる
さい配
付添う
合の手
末枯れる
黒みがかる
ひっこ抜く
範ちゅう
食込む
組みあげる
仰せつける
上っ張り
食い倒す
生き返れる
突出し
織成す
真面目くさる
聞きいれる
人泣かせ
出つくす
装える
酒焼け
ざら場
宝尽し
気っぷ
どか雪
雪投げ
つけ物
いく分
影ぼうし
取止め
整え直す
ねらい打つ
散ずる
残がい
かな遣い
やどり木
円か
暮六つ
明りょう
はち合わせ
甘えんぼう
腕比べ
手まね
さら湯
待合い室
復しゅう
背の君
威す
葉ぼたん
ぼだい樹
一しきり
申し合せる
発く
何びと
身の代金
押し並べて
洗たく機
火付き
ます目
気がる
世過ぎ
聞きただす
関係付ける
混とん
吸いかけ
盾突く
秋もの
一点ばり
お祭騒ぎ
区切れる
御迎え
打ちすえる
賀する
さし迫る
貸し方
変り者
推める
売りさばける
口まね
押え込む
もらい水
刺し通す
攻めたてる
むくの木
飲ん兵衛
深情け
たらの木
遣り口
判じ絵
女狂い
ぼた山
当り屋
横流れ
家鳴り
あなた任せ
捨て金
相する
読切り
詰込み
言いたてる
やっちゃ場
欲ばる
和とじ
跳ね出す
毒する
飛びつける
女郎買い
手ぎわ
つくつく法師
回り縁
ひとり暮し
さっ引く
いき方
検する
縄飛び
切りあげる
なれ合う
突きあたる
はれ物
居合抜き
うぶ声
木やり
親ごころ
ちぢれ毛
ひっ算
一皮むく
怖じける
手おけ
煮あがる
三つ組
裁判ざた
えり足
銀あん
お多福豆
鼻ぺちゃ
かき落とす
国なまり
午前さま
生れ変る
横紙破り
帰り車
ひじ打ち
断ち割る
貝合せ
川向う
経巡る
縮みあがる
めい福
割り注
芽接ぎ
罪ほろぼし
察す
引く手
根無し
切れ口
波のり
縁付ける
着倒れ
当り年
転がれる
茶しぶ
信じ合える
刷込む
こぬか雨
掘りさげる
清まし
押し入れる
お発ち
中おち
生み付ける
怒とう
もえぎ色
連れ込める
きず跡
騒然たる
頂だい
丸めこむ
当て所
組違い
張りかえ
目違い
粉みじん
並み大抵
入込み
張りあい
打ち倒せる
朝明け
こつ然
水際立つ
編みだす
推する
数えあげ
お下
もの音
心覚え
首の座
たらし込む
川止め
書きとる
虫くい
飛び離れる
駆けずりまわる
兼合い
星取り表
ら致
切捨てる
当てもの
録する
手利き
茶めし
呼び立てる
骨接ぎ
あい変わる
お呼び立て
胴切り
出で立つ
ひと幕
焼増し
行きどまり
堂堂巡り
しょうぶ湯
乗っ取れる
怒り肩
折り合える
跳ねのける
山鳴り
投出す
実だくさん
独り合点
先入れ先出し
突刺す
時節がら
遣い物
御座ら
不精ひげ
供回り
たわけ者
糸へん
入替る
持ち寄れる
借入れる
聞き返せる
札つき
散らし書き
黙然と
相入れる
雪折れ
中ぶた
まな弟子
延べ板
盛り花
芸無し
みるみる間に
はざ間
忘する
ばん回
吸い取れる
掘り返せる
放とう
思いなし
持寄る
勝ち味
旅もの
物識り
はき物
芽立ち
肉ばなれ
地均し
汗みずく
田の面
先入れ
つるし上げる
判ずる
種違い
飛び回れる
押え付ける
腕くらべ
漫ろ
割りあてる
もく星
存える
こけら落し
意気ごみ
見過す
曲りくねる
せん光
夕げ
学び取れる
浮び上る
打直す
冷かし
落ちっぱなし
踏みとどまれる
胴抜き
出ばる
若書き
下げ止まり感
積立てる
早変り
浸せき
わらい話
八方破れ
後がま
鼻っ面
吹き替える
行詰る
仰ける
祝する
追詰める
よろい戸
ひと晩
居合せる
かんの虫
貝あわせ
やさ男
小ざっぱり
明かり窓
片りん
順序づける
ひん死
張切る
追い払える
果し状
つまみ出せる
善がる
攻め口
網打ち
参する
背たけ
絹張り
丸太ん棒
投げ物
明かりとり
春がすみ
吸取る
思いなす
物の具
生まれ落ちる
そう快
ひき込む
乗り回せる
花活け
食わせ物
玉つき
しもた屋
はやり歌
大なた
見えすく
迫り出す
二つながら
小僧っ子
関の戸
四切り
男結び
みね打ち
大切り
小田巻き蒸し
手当り次第
さん然
おくれ毛
もっけの幸い
越し方
替われる
容ぼう
引け時
浜ゆう
さし当たる
点てん
囲える
ほお紅
困りきる
比ゆ
物いり
割り振れる
切れこみ
染みとおる
もち味
乗捨てる
澄し
胴まわり
乱せる
回り持ち
食み出す
駆けだす
牛なべ
札びら
難くせ
千日参り
思い乱れる
水ぎわ
そん色
銀ぶら
かぎっ子
居あわせる
むき出す
面当て
はなたれ小僧
身ぎれい
顔つなぎ
力落とし
さらし粉
利付き
段もの
山ぶき
突き通せる
千歳あめ
詰込む
おとこの子
二上り
前貸し
山ひだ
へき開
駆け回れる
くし焼き
入れ替われる
夜どおし
おぜん立て
物ごい
二度咲き
燃えたつ
見積もれる
げん気
色消し
ぎゅう詰め
飛しょう
出語り
あて馬
が解
初買い
設い
すき間風
木の頭
冷ませる
続き柄
飛び乗れる
午さん
起き直る
かい出す
焼け野が原
取りはからう
張り扇
干割れ
順ぐり
根分け
人付き
気の病
一つ話
腕っこき
ふく射熱
半どん
似た者夫婦
氷まくら
格式張る
年の市
巻きたばこ
なれ初め
掘り師
調子もの
若向き
ぎ装
足ぶみ
刻みたばこ
差し渡し
引かれ者
手ぬき
物づくし
上張り
手なれる
決め所
空押し
黄だん
介添え役
何とて
水こぼし
突破る
腕きき
たて穴
なり変わる
行違い
かん口令
折ふし
首くくり
鬼ばば
打ち出の小づち
組合う
ささ濁り
遣らずの雨
申し合わせる
打出す
小屋がけ
押し詰める
手まめ
曲弾き
野良ねこ
不まじめ
野育ち
陣どる
恋こがれる
折合い
入り母屋
切り火
うち続く
尾の上
差押える
せん馬
有り勝ち
周章てる
うば車
呼びすて
ゆき届く
傷もの
私する
からめ手
お為ごかし
う曲
やぐら太鼓
喜の字
眠気ざまし
千切れ雲
当て外れ
閉込める
焼き絵
かん木
段ち
詰め直し
むつ五郎
閉じ込もる
朝げいこ
浴衣がけ
見そこなう
踊り子草
遣れる
あいの手
たて込む
逃げ口
振りしぼる
むだ話
無理じい
折り箱
立回り
言付かる
執り行える
問いただせる
わたの原
宿れる
型付き
食い下がれる
指し示せる
猛きん
掘り抜き
より糸
散切り
起きあがれる
投かん
おかど違い
降り込む
かかり湯
表引き
夕やみ
泣き面
いったい全体
風ぼう
手ごめ
筋向かい
手初め
申し越し
はちの巣
土手っ腹
保護預かり
言いぶん
すり付ける
枯れ色
歩引き
ぶ然
底ばい
腐らん
満ぷく
追分け
当たりさわり
だまし討
一ぷく
引きちぎれる
ぺてん師
中ぶらりん
巣だつ
張合い
たぬき寝入り
係結び
弾き初め
姉さんかぶり
番茶も出花
切立つ
切盛り
のの様
脳震とう
運び込める
刈り上げる
円み
吐しゃ
物指し
先立てる
切離す
寝押し
かつぎ上げる
内ない
存じる
差障り
わび状
六字の名号
花がつお
飛立つ
裁ち切る
小肥り
かごの鳥
寄るべ
心ばえ
船待ち
くみ取れる
反り橋
焼けぼっくい
善しあし
取りいれ
ありがた味
言い伝える
紫いろ
代払い
切詰める
珍か
取調べる
吐きけ
平がな
胃けいれん
みなの衆
延べ日数
こ座
さぐり合う
取片付ける
展し
気散じ
抜打ち
下ろし金
御座ん
知らず顔
三角きん
開さく
骨拾い
添えもの
責めさいなむ
連れあい
乗りかかる
気受け
場所ふさぎ
行き止り
うわ薬
巻添え
生れ落ちる
冒せる
早わざ
取りしきる
掘っ立て柱
組合す
親もと
お玉じゃくし
鳥もち
燃えがら
不仕合せ
抜けがけ
常打ち
染分け
浮きでる
負ぶさる
腰の物
ゆ着
外とう
切れめ
有りげ
聞きかえす
け飛ばす
虫ず
焼き鈍し
余り者
地しん
ばた足
紙ばさみ
酒だる
と絶
油照り
知ったか振り
信用貸し
引連れる
花どき
ごみ取り
返り咲ける
書取る
通りがけ
張り板
手暗がり
良しなに
薄もの
を通しまして
作りごと
近回り
息詰る
行止り
鳥撃ち
心臓まひ
刻み煙草
心付く
相いれない
合の子
並べたてる
由無し言
踊りあかす
参ずる
安んぞ
刷りこむ
おや子
奥ゆき
お屋敷町
問い合わす
選り抜く
隠しだて
前かけ
切りかける
押なつ
放下す
背なか
糸取り
しょ糖
足ならし
付け文
吹寄せ
身ごなし
寄書き
節句働き
止り木
いや応なし
壊れもの
小商い
身過ぎ
わが物顔
差入れる
振分ける
湯疲れ
斜交い
油染みる
両刀遣い
参らす
暗たん
はじき出せる
振り払える
持ち合わす
混じり物
聞き置く
難ずる
ひとつ身
生つば
一打ち
い使
金ぱく
染み透る
端然と
同せい
まっ最中
透通る
水飲み百姓
作り声
逆しま
遊び女
印する
しり上がり
仏だん
列なる
身まかる
辺ぴ
横っ跳び
けた数
夜の目
切上げる
含まる
山びと
かち取る
折りかえし
踏み段
出し抜ける
差替える
絵探し
久留米がすり
同士打ち
後引き
歩きづめ
先込め
人入れ
陸上げ
き然
召し物
岩つつじ
着映え
首かせ
歌合わせ
聞きあきる
降り積る
恵方参り
敏しょう
金離れ
好きもの
朝する
前く
吹き降り
尾頭つき
たい色
芽ばえる
ちゃめっ気
入り海
染入る
突き合わす
小また
知ろしめす
信じん
防空ごう
飾りけ
延べ人員
ぶら下がれる
一くさり
算する
立ち居ふるまい
居続け
思いすごし
のし上がれる
立ちならぶ
つくり笑い
付け出す
跳びつく
広びろ
あわせ鏡
後込み
り病
分れ道
幅ひろ
うっ積
知りぬく
船渡し
着太り
黒目勝ち
捨て印
紋どころ
ぬれ手
あま味
とう骨
棒手振り
かん黙
受売り
後ろだて
追っ付け
漫ろ歩き
雨止み
申出で
こう丸
打寄せる
小やみ
置き屋
のど笛
うりざね顔
て踊り
度外れ
なさぬ仲
小づち
ふり方
売れっこ
代替り
夢まくら
夜すがら
根切り虫
あいの子
独り暮し
打ちよせる
雨あし
馬ふん
皿まわし
取囲む
空笑い
種切れ
抵当流れ
犬張り子
千三つ
延べる
抜差し
寝過す
寺入り
根引き
とき色
土地っ子
母もの
合い口
当り役
験す
食初め
行倒れ
あまえん坊
手まねき
す巻き
松過ぎ
離れ屋
うしろ足
別れぎわ
積出す
引立てる
末しょう
火取り
心ばせ
振り合い
肩ぐるま
はり合う
もらい湯
御座れ
別ち
生えぎわ
内裏びな
殺気だつ
気移り
折返す
明けがた
ひとり者
立並ぶ
打止め
置去り
どさ回り
永続き
負けずぎらい
にび色
すくみ上がる
小いき
力わざ
礼回り
宿下がり
絵合せ
字配り
手つだう
流し元
間貸し
参れる
握りつぶせる
中の口
小切れ
絡ます
流れ歩く
向う見ず
山ぎわ
横ざま
画然と
べた付く
天下とり
取回し
失せもの
よじ登れる
身じたく
常とう
ひと筋縄
鉄かぶと
はねっ返り
惨たん
けい骨
七分づき
不行届き
夕さり
かく座
しば犬
何時のまにか
暮し向き
けんび鏡
色めがね
そ生
手答え
御人好し
日読み
まっ消
打切る
見舞い状
転た寝
えん下
売りとばす
物ぐさ
よび名
取っかかり
鳴りわたる
通り路
あぶれ者
取立てる
きわ立つ
出来あい
入れこみ
節する
わかち書き
後添い
生まれでる
首巻き
帯する
達っする
広っぱ
目明き
取りしまる
浮出す
鉄の肺
寸切り
飛び箱
横ならび
沈うつ
逃げ言葉
差止める
ひとつ話
反り身
独りぽっち
勝越す
打ち取れる
真結び
衣かつぎ
使い先
首っぴき
いなか者
遣いもの
腹合わせ
行きあたり
干ぴょう
張上げる
吹おろす
麗ら
煮え返る
相身互い
血たん
飛び渡る
忘れがたみ
末えい
日並み
更す
根継ぎ
はなし家
我勝ち
彩れる
見ごと
連けい
先ぽう
食入る
泣寝入り
人あしらい
足どめ
かかぁ天下
顔寄せ
てい談
明らむ
節まわし
上乗り
遠鳴り
若返れる
まん月
焼付ける
肉はさみ
屋台ばやし
買い貯め
到れる
分れ目
着飾れる
連だつ
満たん
火かげん
舞い狂う
心成し
寄添う
勇み立つ
けん盤
急げる
持回り
令する
腹当て
組打ち
見張れる
かね合い
罪する
あっ気
水っぱな
白練り
肩代り
紙つぶて
銀ぶち
付け火
空き店
広やか
水ごけ
額づく
敬けん
行きあたる
空買い
染め分ける
穀断ち
志ざす
死出の山
炭じん
選び出せる
居食い
引払う
後入れ先出し
数えうた
しみ渡る
寒げいこ
ざら紙
支う
一飛び
手の筋
落ち合える
首引き
朝な朝な
胴震い
老い木
出切れ
染め付ける
突き抜く
ぜい沢
躍りかかる
弾き出せる
現し世
追いはらう
風当り
飛び上がれる
打勝つ
お福わけ
もみ消せる
こき使える
思案投げ首
名ごり
立ちどころに
殖やせる
せきつい動物
内貸し
受答え
お茶ひき
行きあう
女の童
追討ち
継る
読みさす
元のもくあみ
腕ずもう
鼻っぱし
さし水
押しつぶせる
準える
風引き
ばか力
暮れ残る
ひざ詰め
あれ性
休する
形作れる
ひと度
きめ手
差支える
背中合せ
天真らんまん
けい古
遊び回れる
明かり障子
減り張り
何でもかでも
兵たん
地つづき
割振る
仰せ言
呼び子
強情っぱり
荷送り
飛びかかれる
矢がすり
はい用
待ち合わす
打破る
捨てどころ
濁らす
見収め
渡りあう
あぶら虫
夜働き
点ずる
入れ目
初っ切り
寝入り端
嘆ずる
追払う
付き木
気構える
出突っ張り
美ぼう
食い切る
ひじ鉄
責め合う
ばく然
則する
投げ飛ばせる
産み月
さえ渡る
当ぎり
染み着く
しめ切る
立向かう
悪しざま
どんぐり眼
鬼あざみ
ひき潮
切り割り
夜さり
食止める
一荒れ
手ぬかり
欲得ずく
花ぐもり
位はい
呼込む
個条書き
吹飛ばす
割切れる
敬える
賃借り
姉さん被り
早手回し
時無し
独りっ子
そう身
家構え
かみきり虫
飲み乾す
形がい
お河童
受け出す
山へん
気ぶん
えり抜き
教べん
はしご段
ます席
日増し
生り年
つや消
うつり香
引っこみ
人間わざ
引切り無し
絵さがし
鬼がわら
押合い
空き間
寒明け
生捕り
金繰り
お国ぶり
なり形
言付ける
はげ落ちる
一わたり
数えあげる
呼び塩
おしら様
打ち切れる
起きあがりこぼし
受け持てる
輪かん
ひとつ穴
床入り
茶びん
身受け
合いかぎ
七化け
額ぶち
丸ぼうず
勝負け
空き腹
潮焼け
追い使う
分合う
思いちがい
持ち回る
肥す
もぎ取れる
住みなす
ほおの木
隣合せ
恥入る
滴らす
突き破れる
間がら
る骨
割れもの
あがり目
心やり
春告げ鳥
こわれ物
砂じん
肉しゅ
御座ろ
投入れ
盛り分ける
お変り
浮きたつ
白茶ける
空きかん
か働
引合せ
初物食い
曲打ち
玄関払い
おもて向き
なぐり込み
片割れ月
釈然と
こと足る
まがり角
心組み
決めどころ
触り合う
差し出口
空せき
とらの巻
いい表す
討取る
重そ
格子造り
打合せる
躍りでる
年寄る
扱ぐ
行渡る
土付かず
見せ消ち
あで姿
主取り
借れる
横切れる
浅み
掘立て
綿繰り
大見え
届けでる
言い直せる
から元気
しゅん功
当座しのぎ
冷や飯食い
混ずる
振りがな
代り映え
早生れ
お目もじ
付け目
言い条
ぬぐい取る
文使い
引き窓
座持ち
汗知らず
刈り取れる
物の気
瞬ぐ
言い習わす
言張る
位負け
小わき
怖じ気
呼捨て
小づくり
目のかたき
突っ突く
横降り
飛交う
引付け
生けにえ
陣とり
せん毛
幕あい
お銭
付け値
もぐり込める
干る
物柔らか
用紙送り
おえら方
くやし泣き
力頼み
のぞき込める
巣立てる
総くずれ
しん粉
書付け
煮転がし
雨がさ
混じりもの
松たけ
浮き上がれる
注文流れ
生い先
生さぬ仲
らつ腕
見透かせる
せん動
立ちん坊
面付き
修まる
そう病
召出す
断がい
男だて
起上り小法師
中途はんぱ
平らぐ
絵空ごと
読み流せる
資金ぐり
付加える
代る代る
へぎ板
平然たる
立付け
しゃくし定規
七つ立ち
真向き
歩み板
輪抜け
帳じり
絶えだえ
赤えい
ちょうちん持ち
突出す
倉出し
事寄せる
親無し
身二つ
ご難続き
最後っぺ
煮たき
駆出し
らんちき騒ぎ
乗切る
気振り
えい児
仕着せ
こう頭
おぼれ谷
入れ札
がい然性
手透き
食いはぐれ
とう載
好き心
苦り切る
執り成す
座込み
角ぐむ
軽べつ
べら棒
せり上げる
七ふしぎ
縦結び
苦りきる
雪けむり
井戸替え
酒太り
鼻っつら
くそ力
吹きまわし
男狂い
訓ずる
縄付き
持逃げ
花合せ
聞きもらす
ひと抱え
びてい骨
方角違い
打倒す
語り明かせる
だて巻き
下じ
忠義立て
どの事
継子扱い
見す見す
報える
差出る
縁付く
けちん坊
つまみ洗い
切り倒せる
急き込む
相続く
生かる
触れ書き
謡える
突合す
行交う
勤め口
大つぶ
弾き返せる
信じ込める
塩あじ
かき消せる
笑いっ放し
気組み
煮抜き
時貸し
かつぎ込む
突付ける
うら盆
かま首
点取り虫
寸づまり
転げ込む
降注ぐ
張り切れる
産じょく
えり分ける
しぶ皮
太刀さばき
詰寄る
しょく台
全ぼう
横っぱら
かぎ鼻
取りどころ
火責め
減り込む
買い尽くす
引離す
出はな
向けなおす
かずの子
自まん
ざん新
やの字
うば桜
俗受け
開け閉て
切開く
降り敷く
入込む
踏み破る
冷かす
言い渡せる
塩断ち
差付ける
攻め寄る
染抜き
死物狂い
肥よく
南ろく
横あい
風折れ
たこの木
在り来り
波除け
底ひ
突っ張れる
さらし木綿
聞込み
しょい込む
引きずり込める
折込む
事触れ
突き通る
組み合す
退っ引き
飲込む
騒じょう
端折れる
聞覚え
お平
反っくり返る
通せん坊
熱かん
夜っぴて
精かん
三りんぼう
攻めのぼる
横っつら
茶しゃく
費える
反っ歯
射通す
突詰める
歌っこ
浅草のり
下たい
間に合せ
取返す
物慣れる
どら声
根こぎ
身仕舞い
巣くつ
首っ玉
意地張り
笑まひ
奮いたつ
役向き
浮かれ出す
住み替る
書きいれる
触れ太鼓
取留め
揮ごう
着たきりすずめ
ずうずう弁
永の別れ
身知らず
出し値
取りもつ
なき虫
替え地
独りもの
突放す
組みあう
かっ歩
合せ鏡
着初め
わかれ目
低まる
写し出せる
追い羽根
食わせもの
あぶら身
前下り
見回れる
節付け
切出す
じゃの目
つわ者
小競合い
振りだす
書き損じる
筋ちがい
跡片付け
千羽づる
すき通る
打抜く
橋詰め
縄延び
医する
罰当り
置忘れる
はちゅう類
秋落ち
武者振り
思い切れる
浮びあがる
見越せる
鳥寄せ
ぼ金
落しぶた
後回り
蔵入れ
場当り
切下げる
終わり値
読みあわせ
ちょう戦
戯ける
無何有の郷
物ごし
立ち合える
静ひつ
横っとび
折りあい
拾い歩き
見取り算
上包み
細作り
付入る
畑ちがい
味け
舞上がる
使い水
呼寄せる
歌まくら
道教え
さがり目
仕出す
取り粉
数え日
乗り合わす
け落とす
二重回し
陰うつ
面とり
上つ方
型置き
日照り雨
子うし
ひきたて役
もの売り
暑気中り
書き残せる
そら耳
ほほ笑みかける
祭文語り
うちわ太鼓
言い放す
取りつくろう
巻き起す
荷なう
飲みつぶれる
丈比べ
言い兼ねる
思いとどまれる
気のり
大島つむぎ
振払う
芽立つ
き傷
青立ち
小突き回す
赤むけ
当てはずれ
先ぶれ
はく色
別れ路
上がり端
成り変わる
学びとれる
飛越し
人当り
茶だんす
ひとり合点
後じん
程合い
利かん坊
宿借り
継立て
仕組める
打付ける
模様ながめ
地ごく
ひ骨
練歩く
貸し賃
抱き取る
振りはらう
立ち去れる
荒立つ
出盛る
取り仕切れる
口づて
歯入れ
逃げ回れる
取止める
捨て所
落しもの
未だまだ
薬食い
食らえる
僧りょ
寝ころべる
まじり気
歴る
貧する
追い打つ
健か
消化せん
競り合える
落し前
革める
左ぎっちょ
幾とせ
増さる
躍り込む
浮きうき
生い立つ
いく重
手盛り
聞分ける
お父つぁん
きっ抗
への河童
隠れ線
上がり段
割出す
心尽し
詰め切る
軒並び
うん気
一時逃れ
絶え入る
元込め
売残り
速送り
重ねがさね
借り着
安上り
署する
行き悩む
したたか者
読みつぐ
上っ調子
大立て者
有余る
責めつける
咲乱れる
相がかり
井げた
対じ
引立て役
買いしめる
ぜい言
蒸しずし
つき刺さる
明け番
申しかねる
走り込める
両てんびん
求め行く
鉄火みそ
つい間板
まくら元
取り捨てる
柔らか物
輪なげ
座りだこ
継ぎ足せる
付けひげ
小きざみ
引入れる
五穀豊じょう
出ごと
言いつかる
追い肥
取払い
幼友だち
回り気
絹もの
解き物
間切る
切り羽
手ごま
打ち合わす
肉置き
巡り合せ
立合う
語路合せ
切返す
湯中り
立待ち
乗取る
分引き
国構え
突き飛ばせる
金太郎あめ
ざこ寝
落し入れる
追払い
菜切り
行きかかる
三羽がらす
焼鈍し
書き記せる
切り立てる
歓べる
固まれる
取り次げる
そう入
熊ざさ
虫へん
でっ歯
晴やか
雅びやか
日乾し
雪起し
割りふる
出食わす
解きもの
切りくずす
花やぐ
立ち退ける
黒ぐろ
出出し
取り片付ける
悪もの
跡絶える
飛散る
振りまける
看取れる
行着く
返すがえす
買いためる
印ろう
振り出せる
解明かす
山止め
逆ねじ
が床
立ち所に
受けこたえ
怖気付く
歩ます
くたばり損ない
たたき込める
とり殺す
弾み車
質せる
角立つ
ねん転
弁そ
捕そく
研出し
やり過す
日の下開山
申渡す
相四つ
上っつら
明り障子
浮き巣
そそり立てる
取持つ
編出す
頼み入る
知行取り
寂する
耳隠し
航る
小田巻き
飲込み
おたずね者
何時のまに
折れ口
押し遣る
写し物
遣り場
若げ
もらい子
ゆき渡る
土なべ
打ちくだく
行きちがい
頼み込める
鳴きしきる
出外れる
委する
限れる
打ち直せる
張合う
間げき
焼直し
声変り
押し広める
当てなし
しめ殺す
たいこ腹
むら気
本直し
こり性
寝ぶくろ
仰向ける
天罰てきめん
通りみち
場なれ
似寄り
取り越す
寄りすがる
引当てる
絶え果てる
せん痛
干乾し
囲い者
家移り
不つりあい
示し合わす
猛り立つ
上っぱり
延べ払い
取計らう
濁せる
呼びもの
居残れる
夫婦づれ
引っ詰め
見透せる
選りどり
戯け者
こん度
切付ける
差し招く
御覧じろ
言放つ
連添う
ふた親
切れ物
煮つまる
もらい乳
取り囲める
住替る
極め手
突っきる
推量る
飛付く
使い果す
生別れ
腹下り
折れ込む
立聞き
そら言
切れぎれ
立返る
おびき出せる
無考え
狂言まわし
盛りかえす
高ずる
侵せる
染め模様
初生り
切りきず
女振り
散り残る
飛びのる
やみ市
らく印
丸ぽちゃ
口写し
蒸返す
酒ぐせ
飛出る
取り所
網だな
ひっきり無し
息まく
打合う
朝がけ
女出入り
引きさく
怖気立つ
かっ切る
付き添える
仮す
売飛ばす
打ち沈む
窓べ
振回す
生れかわる
百姓読み
開け放せる
ふき上げ
まぜ返す
疲らす
下り腹
寝とぼける
玉のこし
生えぬき
もの別れ
四角張る
書入れる
震とう
連立つ
かこう岩
付足す
大ぶろしき
ばた屋
低み
混ぜっかえす
はち密
人怖じ
染出す
かくし子
心得える
食下がる
返り忠
即ける
はやり立つ
弾ずる
盗み出せる
腹がけ
打ちつづく
米食い虫
踏み越す
らん漫
去り状
折りかえす
聞出す
取分ける
盛り砂
立働く
雑然たる
取り交す
歩きつめる
血すじ
隠れんぼう
探り出せる
笑いばなし
結びの神
二番せんじ
借り家
切込む
写し取れる
枝折り戸
威かす
引っ下げる
行き暮れる
鼻曲り
むし返す
差し上る
分け取り
差向ける
居住い
売れのこり
角目立つ
勝抜く
回り番
暗ます
書記す
仕立て物
かかえ込む
慣わす
重立つ
び漫
火移り
添いとげる
蒸しなべ
言い回す
連れ添える
選び取れる
つけ目
跳ねっかえり
借り倒す
化のう
手まくら
結ぼれる
すずかけの木
切りとれる
ふるえ上がる
小切る
山家育ち
明けっ放し
落ちめ
打ち落す
も造
仕付ける
取り壊せる
置きかわる
野次れる
払いもの
こびり着く
人指しゆび
半ら
張り回す
片かな
談じ込む
追いやれる
減せる
練りあわせる
音さた
差しかざす
補てい
ひっ付く
わけ目
並一通り
澄渡る
鹿島立ち
脳いっ血
間引ける
入組む
買置き
聞捨て
引下がる
早分り
荒し回る
言いのがれる
乗り組める
勝抜き
研ぎ物
手づる
革まる
世離れる
要さい
下仕え
取り去れる
寄せかける
走り井
食いしろ
たき物
向い合せ
張り合わす
蒸ける
取仕切る
思い直せる
散りはてる
突飛ばす
追付く
験する
ご三家
やって退ける
りょう線
取越す
抜駆け
踏ん切る
組み直せる
角書き
驚き入る
巣離れ
断然と
言含める
ひっくり返れる
払いだし
おどり上がる
ふた粒
根まわし
だく足
ほこ先
押切り
落し紙
ひっ被る
島隠れ
所帯染みる
投付ける
足ついで
国振り
垂んとする
見えっ張り
召し捕る
地ひびき
差しいれる
怖じ気付く
打返す
盛り合わす
負けおしみ
開け払う
有合せ
追い回せる
口汚し
小田巻蒸し
張り足す
押しつまる
素見す
遣い込む
有がい
肥れる
こぎ着く
中売り
浮かび上がれる
浸し物
飛び板
取り広げる
武張る
空頼み
尋ねもの
戦がす
継足す
負け星
鳥かん
すご味
仕ぐさ
込合う
飛び違う
食逃げ
ぽん引き
亡くする
気の薬
入り船
潮どき
走りでる
呼ぶ子
打ちだせる
競り上げる
かち取れる
つっ返す
紙の木
打壊し
招ずる
接ぎ合せる
立遅れる
象がん
すわり込む
はぎ合わす
取去る
取殺す
上げ数
取り極める
差延べる
打見る
火取る
乾上がる
接げる
聞流す
努まる
洋かん
背切り
腰張り
研ける
すき腹
固練り
目切れ
接ぎ合わす
行きだおれ
雪持ち
わざ師
引ずる
芽だつ
身の代
取逃す
月越し
繰り寄せる
降しきる
売り払える
張詰める
持ちかえれる
行い澄ます
べっ視
切合う
引っこぬく
知ろし食す
歌い女
段だら
言い寄れる
輪なり
七つ屋
添え乳
精出せる
言いおく
川すじ
気障り
飛切り
付け木
従く
手折れる
陰ひなた
しみ付く
合かぎ
明け放す
在り合せる
推し移る
満ぞく
たん能
がり版
振切る
取り前
練り直せる
聞入れる
交ぜっ返す
かつ目
じょう乱
口抜き
打落す
飛回る
まぐれ当り
山吹き
決込む
潮垂れる
住み成す
口よせ
外らす
流れ着ける
染付く
引回し
白むく
し細
点頭く
生延びる
類える
鼻っぱしら
ねらい打てる
めっき線
繰替える
心変り
突ぱる
上っ側
張倒す
作り物語
書き判
書下す
隠し田
取混ぜる
外の面
強持て
荒らか
行き当る
帰が
散らしずし
立てこもれる
聞き込める
行き当りばったり
突っぱり
聞き合わす
仰せる
差繰る
用達し
食わずぎらい
付けひも
嘆き明かす
撃ち取る
明けっぱなし
浮立つ
裏がえる
たけのこ生活
あや織り
化かせる
ゆう和
亡くなす
攻寄せる
一目りょう然
取りかたづける
当りさわり
いんぎん無礼
おとし入れる
書立てる
打ちかえす
散敷く
置きわすれる
言いそこなう
輸する
差向い
空うそぶく
お待ち遠様
打ち見る
打勝てる
慣す
親代り
りん病
思ひ寄る
