小学校
日本人
小学生
小文字
大文字
中学生
中学校
二日目
大人気
大学生
七五三
年月日
二人目
日本一
学校名
一日中
一日目
本文中
三日目
日本中
一口大
六本木
一人目
五十音
金正日
二十四
大学名
日一日
空気中
十五日
二十日
十三日
一目見
十六日
日本円
一九九
三人目
一年草
十七日
十八日
十九日
十四日
一本目
二本目
一九八
一九七
十二日
一年目
十二人
一九六
大気中
十一日
赤文字
二十年
男二人
三十日
入学金
森三中
二年目
十三人
一年生
金土日
一九五
人一人
女一人
天人気
四天王
三年目
中中中
九十九
一足先
二本足
大手町
日本女
二二二
四日目
五十年
一九三
一年中
日本名
男一人
八日目
三十年
花火花
五七五
一文字
二千年
一九二
人気校
小石川
百名山
手入力
三百年
小中大
女子力
二十二
一九四
八十八
人生山
三本目
二十七
七十七
本日中
中年男
足立花
月水金
大字名
人文学
二上山
四十九
小山町
二十三
一日雨
四百年
日本犬
山下町
四人目
大大大
六三四
山手町
八王子
子犬出
三十人
三文字
小川町
二字右
三本足
三十六
一千人
一人出
二人出
女二人
金田一
十日町
三日月
入力上
日一人
一本出
三千年
大木本
二十六
一日一
二十一
七年目
休日中
百年目
入金日
九七年
金正男
十二月
