北海道
第三者
飲食店
歯医者
旅行記
東京都
福島県
出品者
自動車
小学校
日本人
日本語
日用品
自転車
小学生
一番上
社会人
出来事
暗号化
地図上
有名人
本発明
外出先
定休日
電話帳
千葉県
商品名
文字列
高校生
小文字
発売日
事業者
注文後
大文字
日曜日
問題点
名古屋
一体何
図書館
使用上
元記事
中学生
中古車
新宿駅
長野県
用語集
注文時
外国人
中学校
午前中
正社員
本研究
三重県
委員会
運転手
回答者
会社名
東日本
土曜日
発表会
正当化
主人公
研究所
自動化
市町村
事業所
西日本
青森県
真面目
新商品
研究者
世界中
先生方
中国語
写真集
全商品
路線名
日本酒
顔文字
今話題
一週間
一体化
自由度
大人気
石川県
写真等
教科書
多様化
他人事
中心部
出前館
広島県
所有者
開発中
秋田県
事業用
大学生
中心地
代表者
月曜日
大部分
日記内
代表作
中古品
実用化
写真館
国内外
古本屋
定食屋
休業日
活発化
山口県
京都市
新生活
使用感
山形県
一番気
勉強会
売上高
公開中
注文日
小学館
食市場
安定所
人物名
岩手県
都合上
理事会
第一歩
高級感
客室等
注意点
大人用
出発日
出発点
全国旅
商店主
理事長
予想外
番組表
大多数
車買取
大分県
商品化
小売業
注目度
一同心
医薬品
第一線
長期間
鳥取県
番記者
本記事
具体化
期間中
放送中
注文前
遊園地
部屋数
日本一
表面化
高知県
委員長
発送日
研究室
一番下
会社様
安心感
金曜日
家庭用
島根県
住所等
大集合
先進国
学校名
医院様
和食店
語学力
買取店
原動力
代理人
南道路
集客力
原作本
小売店
開発者
文字化
登山口
市役所
病院名
放送局
書店本
店長様
出発駅
地球上
二次会
写真左
番地号
新発売
場合等
短期間
当日中
少人数
生活者
画面上
旅日記
動物園
本文中
神戸市
文章等
十分気
出発地
音楽本
地球人
写真右
中央区
来院前
電話等
細分化
下半身
出身地
安定感
開放感
取引先
登山道
内定者
意見書
意見等
一度見
練習板
会員様
風物詩
通学先
発売中
絵文字
交流会
人気者
進行中
本商品
医者様
日本海
上級者
注目作
集中力
本洋書
発売元
旅行先
青少年
研究会
発行者
都市部
整体院
日本中
頭文字
配送先
発注後
外国語
真夜中
中央部
開会式
弱体化
新番組
研究員
王子様
六本木
主題歌
本年度
気持玉
主人様
大流行
記事次
五十音
地下鉄
次回作
買物前
年度分
発送時
歯科医
見学会
公園内
住所名
一口大
計画中
入学式
配送員
多方面
発言数
進化中
新宿区
業者様
思春期
三丁目
光回線
会社員
入門書
商品毎
一昔前
何度目
部屋食
大問題
今国会
練習場
文化祭
使用者
人気店
路線図
商品数
名駅名
当商品
新年度
電子化
電気屋
入会金
人事部
安定化
病医院
使用後
算出等
組合員
集合体
本事業
美少女
広島市
勉強中
店写真
水曜日
世界一
食生活
京都駅
古書店
鉄道駅
会場内
港南台
次世代
来場者
遊歩道
代理店
地形図
洋食屋
宿場町
合言葉
注文数
金正日
活用面
新聞社
山間部
運動会
作品名
工事中
今週中
日本国
北九州
決算書
運動場
住所地
今大会
古事記
駅指定
本人様
日記帳
実用品
和歌山
本作品
写真上
右写真
今月中
開始日
全世界
配送日
千葉市
中国人
原作者
犬神家
休館日
大学名
近代化
使用前
方全員
中野区
商品本
所有物
作曲家
相談者
空気中
来店心
高度化
姉妹店
合理化
開始前
仕様等
新世界
左写真
乗用車
七五三
期間内
大都市
引用元
毎日見
人間力
本調子
発想力
電気代
新会社
秋葉原
台東区
事業主
前年度
家具屋
長期化
同級生
見放題
歩行者
仕事中
科学者
野生化
大注目
定番品
近日中
記事等
南西部
用品店
短時間
地図内
同日前
県教委
薬学生
目黒区
客室内
定番中
勝負服
使用時
一人前
新年会
今年中
社発行
全客室
新学期
広東語
市教委
明細書
学習会
事業等
北西部
太平洋
大人数
音楽物
中高年
角部屋
原生林
小田実
耳鼻科
電車内
品川区
取引所
感想等
文化人
感想文
前回来
漢方薬
同友会
地図下
同時期
親近感
山手線
番組内
記事中
相談室
化物語
文京区
空間内
集会場
世間話
心理学
上京区
一目見
軽作業
二次元
今注目
中心点
第一部
落語家
大草原
海岸線
大田区
前画面
中古本
転用元
旅行者
下車後
生放送
相談等
三度目
配当金
右半円
左半円
入社後
出店中
計算書
使用中
書店様
子会社
公開後
指定用
小心者
区役所
全画面
日本円
東京駅
会員用
都市名
期待大
長電話
北東部
本画面
入園式
発売前
商品等
水族館
部活動
当事者
時間外
食肉店
公用語
男子部
今年度
二番目
意見番
植物園
計算上
今月号
新日本
進学先
板橋区
生花店
福島市
新書式
公開日
本発表
土地等
体重計
配送中
家庭力
水道水
水面下
想定外
一時代
写真下
東南海
母国語
出品中
記事数
親記事
当医院
行動力
万葉集
電車男
通知書
生命線
半年後
下落合
番組名
洋品店
分科会
今日見
今一番
事業部
正式名
名言集
練馬区
運転中
発行元
大坂夏
日本橋
新時代
花言葉
外出時
新登場
記事内
同病院
生息地
路線内
休館等
同意見
今日中
立体感
思考力
八重歯
黄金色
社会科
一時間
来店時
表題作
足立区
発売国
大分市
有楽町
出発前
文庫化
一安心
生活館
出題者
県内外
秋田市
集計中
出来高
森文庫
家庭内
同業界
今人気
南東部
通院前
開始時
大気中
回答数
一身上
記事前
西館内
全記事
一時金
服用前
東海道
明文化
日記数
西遊記
書店員
活動中
赤文字
写真見
大百科
登山者
大学院
本大会
県大会
道今日
正会員
医学会
工事業
線引等
一番心
練習中
子宮内
一体感
毎週月
前受金
白黒赤
病気目
太平記
自分流
生意気
近親者
動画等
写真屋
内写真
発生時
多少色
親発言
多数出
学校区
多言語
会員数
水平線
休前日
当組合
算定上
引出物
商談中
等身大
人気作
火曜日
休止中
屋形船
化合物
入学金
毎週火
中南米
大発生
病気犬
里親犬
発表中
入金後
小休止
国指定
上下線
他教室
国会内
草野球
調整中
入院中
来週中
入荷日
食品等
画題等
生命力
高速化
長野市
新工場
自由化
相手方
当金庫
表形式
同期間
入校前
夏本番
等多少
毎年夏
新都社
本部長
長州力
外注先
中医学
年月日
多走行
昭文社
文字色
一番前
食事時
新分野
新入荷
勝負強
来年度
日野市
生活上
客室間
教育力
今問題
医院名
一年生
明石家
里親会
業界内
食事中
光開通
木屋町
事実上
二言目
二日間
金土日
発起人
地下室
立体顔
今一度
小京都
通文庫
入力者
同地区
米国内
放送等
入学前
定員数
一切出
発送後
同世代
日本画
来店中
天文館
問題化
三角点
道具屋
北東北
売出時
線元町
学園祭
他大学
全国区
高次元
工作員
体育館
立役者
予定日
二週間
医院等
福山市
名前等
相対化
進学時
男子台
天人気
四天王
実写化
回数分
決算日
東海林
具広場
引当金
食事会
起業家
米国発
前橋市
行楽地
風雲急
行使時
病院坂
校長室
注文者
毎年春
出身者
実体化
帰国後
入力後
受注後
毎日何
同時代
太田光
六番目
地名等
工場内
同等品
市長室
友生活
全国道
新聞紙
出身校
商品右
当神社
一足先
注文等
白金台
部屋着
当教室
大戸屋
岸和田
長時間
書道家
家主様
実用書
中高生
同地点
毎日家
一番楽
植物名
自分用
放送回
小工事
集神社
食教育
作品集
本生活
人文庫
上決定
門前町
火星人
金物屋
大手町
一度足
高知市
家庭科
二度目
一度目
図表等
立体化
服用後
相対式
当期間
物流話
体大切
調度品
当番組
放送時
高校名
電気羊
作動中
駅下車
実力者
同意書
読者様
早速見
本人談
教育長
配当等
少子化
練習用
上半期
西宮市
青葉区
実物大
直送品
動画見
四日市
明後日
今手元
都合等
南陽市
古着屋
日本女
中目黒
反対語
動画次
新入生
上田市
今後気
原由子
全日空
返品時
当会社
生後間
土地上
大公開
地上波
注文書
人気度
他商品
橋本勝
区画図
今度見
昼食後
主祭神
日本食
決勝点
明大生
工場長
対向車
三味線
銀行等
通学路
事業化
中間地
来場心
西表島
期待感
表具屋
高学年
病院内
山野草
発言者
駅写真
人数分
乗車地
語注記
他国語
業界話
同大会
太陽光
入荷後
銀行名
数字等
平行線
花見客
円相場
大学等
写真部
合計数
人数等
北見市
市場化
台数等
日記次
一回転
夕食後
病気耳
全国会
会員店
日本名
会計後
一場面
手作業
品使用
使命感
考古学
前入金
指定日
外野手
世田谷
前番組
青森市
元社長
農業屋
相場感
科学館
世間体
南新宿
同事業
服用中
星言葉
画面左
屋店長
黒曜石
親会社
山行記
本学科
大坂冬
内定後
東横線
返品後
相談会
通院中
実生活
畑仕事
歌手名
花写真
一対一
作者名
他作品
四半期
主役級
問題等
中国茶
茶道具
鉄道員
流山市
森田実
人形町
商工会
同商品
大通駅
小山市
国分町
農水相
発行後
病原体
公取委
医院内
新開発
画面両
計算式
発注時
地上駅
転落死
今度来
中央線
分社化
花火花
商品代
意見箱
大地実
薬学部
一文字
牛島組
花音楽
新都心
千代田
天地人
洋食店
何世代
国有化
実力医
帰国生
出次第
日発表
来春待
少年院
朝夕食
多数見
本計画
文書等
同業者
写真名
中西部
会期中
見物客
返送先
食事等
相場表
地図等
教育者
四死球
農作業
中野店
東医大
中四国
礼金等
同番組
本使用
薬学者
長田区
同市内
親中国
山形市
遊中川
定期代
土地代
人気駅
内科医
深海魚
四日間
医学生
発表時
他都市
三番目
夕食時
左半分
右半分
運用先
注目宿
業界一
日本発
安定期
学部長
緑川光
公開時
生理学
明日中
何時間
昼食時
世代間
人気校
画面内
受取人
石川旅
来館心
野球場
早合点
漢数字
発明者
山口市
学校長
朝日町
休業中
知名度
仕様書
会話中
問題外
予算化
教習所
生物学
高級車
水戸市
開発室
業界人
小鳥遊
多文化
見本紙
化時代
教育界
万年筆
前列左
通知等
飲食物
開発元
馬車馬
西東京
八千代
化学式
返品等
運転者
用温湯
小石川
定足数
正直者
丸暗記
京都南
会社等
都心部
百名山
大東京
安全上
日立市
手入力
野球部
役員会
皮下注
夏小物
相前後
育毛業
来店前
黄金期
公文式
公開者
一分野
大画面
旅行中
工作物
物理学
高原山
白石区
同組合
楽気分
三平方
写真何
犬用品
決定等
文章化
川口市
黒大豆
運送業
会員次
服用上
小林光
仕事上
学校内
空港名
高島市
絵図等
顔全体
作業服
相談先
羽田新
区分名
相鉄線
先頭部
学部生
正体見
風土記
白身魚
都会度
大長今
鳥山明
豆大福
有名店
買受人
相談所
下野市
一度来
市区名
向上等
米国人
本文書
船橋市
生活面
後列左
女子力
取引等
後日談
本工事
町田市
火薬頭
京都人
主会場
送金前
顔写真
開始号
県人会
買物時
開業書
川中島
実業家
今業界
歯科界
運行上
駅地図
農村部
花市場
当記事
海神西
戸田市
合流点
発行月
京都東
数日間
帰化人
高速道
五行図
山田屋
一回分
代表点
田口元
多年草
一年間
東南部
画面下
毎年秋
小田原
店休日
人生山
走行中
重力式
作動油
全住戸
多少気
野田市
暗黒面
下山後
発送元
話題作
時間数
車両板
動物記
八百万
相手先
今出川
対人運
出向者
神戸駅
出馬表
開口部
流行語
小部屋
学習者
五行歌
代行業
秋葉発
多分気
直売所
運用面
悪化等
大旅行
黄金刀
早見表
読書家
人生楽
神楽坂
病院口
八田式
列島島
休会中
化決定
大会等
下線部
自分発
新交通
下写真
路線板
前年中
発送等
生体内
家朝日
茶話会
三島市
安全面
発表日
入会時
他学部
七夕星
中国元
写真発
本全集
魚入荷
平野部
野球板
波多間
発着点
天気図
作業中
練習後
番地名
平面図
写真中
仕事人
放送日
広島風
本放送
一家族
一等地
生数字
旅行前
鳥取市
練習会
練習時
有力紙
画面等
高円寺
内野手
記事元
五反田
十五夜
筆記具
返答先
会代表
本日中
活用力
文書化
体大事
記事用
台車等
国物語
研究家
今入会
教室長
日本旅
学校医
北白川
元動画
入荷時
東福寺
九花園
中元用
中国発
国会等
家出身
小海線
記入上
作曲者
入荷数
新事実
魚交島
同記事
同作品
飲食等
工場等
薬局等
京王線
朝読書
地頭力
町全体
元店長
等医院
内申点
天王寺
人肉食
紙一重
矢板市
日時計
友人等
上場後
上場日
行動者
同社数
行使等
開業医
安里屋
大言海
今日来
新聞部
来店日
小野坂
新着曲
国語力
理事等
西京区
売形式
駅北口
使用等
放送者
入院先
同年代
指定等
作家名
文庫本
工業用
会談後
発行時
人間味
夜時間
会会長
味言葉
新聞会
作品数
中年男
名人級
新次元
町田駅
馬文化
中南部
出場国
高遠町
毎年冬
夏着物
番組板
下記表
足立花
京町家
発見者
週間全
本科目
紙業界
商店名
島根本
坂本家
表記名
所作題
新学長
明石玉
今使用
用語等
羽生市
整体業
女子会
海物語
二人組
出羽小
中心駅
作品中
発明品
農林業
三田屋
古写本
野球人
五代目
学習院
商用車
落花生
時間等
記事名
絵日記
配送時
本場所
注目点
王宮話
馬勝負
時空島
予想高
研究中
仕事面
市石炭
毎週土
一部門
話題内
教育用
委員外
女子友
助言等
同工場
高速代
同大学
始業式
七草秋
指数化
今回出
手仕事
事心配
月水金
家出中
全発言
金魚店
自立心
研究書
本音等
都市化
十字路
全体図
南海道
大字名
先記事
海運業
万一目
人文学
国文学
山中湖
安田大
駅東口
二上山
新市場
何週間
八戸市
黒部市
宮古島
木世界
水車館
家全体
小山町
正面図
大反対
医薬用
入学者
一見何
平安京
出世作
目次次
売上金
注文分
風動画
丸文字
流通名
内記事
体温計
駅西口
地理学
会東大
来年夏
起算日
他流木
鳥金魚
青葉山
船木屋
名勝負
色人物
目黒駅
太田市
新神戸
全学年
送電用
立川市
米大使
中国名
問題集
湯田中
同路線
数年間
名曲名
開運春
小動物
三代目
広州市
明太子
線東京
一心行
福音館
定番度
日本犬
自作詩
引受先
福生市
楽曲名
山口君
人事院
一切口
毎月中
動物化
毎週見
人形等
大橋通
大天使
暗記力
読書中
点数化
三島明
予算面
紙魚子
中登美
発売後
自由文
物色中
医者板
山下町
全言語
東北部
西南部
外交面
植林後
月面等
中央駅
和同会
新住所
消去等
多用中
出荷日
当分先
広島駅
昭和六
県南見
女社長
本組合
短大生
古強者
整理学
字丁目
小林市
部屋中
八女市
山手町
駅上品
毎日着
発表者
小旅行
下屋根
向上心
休園日
小中高
女学院
八王子
首都高
東部湯
大動画
作業船
外見力
根岸線
通知先
談話室
寺子屋
受注時
京都京
音楽書
親家庭
宿旅館
八代東
今日家
板金業
全市場
館日記
者手帳
原作名
石工品
食文化
子犬出
新天地
四次元
生理中
用品紙
家庭医
注文用
配送等
七月夏
農場長
三十路
今日本
学園記
一発送
林直光
新配合
三文字
駅南口
絵葉書
県北見
登記所
原油高
調子者
集会所
作業用
百合子
半夏生
南京玉
発行人
鳥人間
真正面
代表駅
文字数
北高原
世界級
小川町
乗組員
人間界
夏合宿
科学力
対談者
新書館
太白区
全米大
目黒川
半回転
受注品
開業後
大和心
西北部
人生何
開業前
道場主
三角形
生七味
旅名人
計算外
原子力
部局等
注目店
合計点
放物線
配線板
白石役
全感想
高級品
言語化
大屋根
遊楽人
屋根上
同仕様
出雲市
右数字
女王様
高人気
春秋社
教室名
見学者
小田急
急発進
同本部
作文力
大会新
交野市
動向等
知内町
表紙少
行事等
放流式
部外者
一分科
高配合
植村会
天橋立
様会員
代理業
園見学
県代表
木曜日
大手紙
面白味
来年春
友相手
引用者
山田君
春一番
三国人
星少年
本地区
中野人
今仕事
安打数
調整池
一切気
様式等
中京大
地球村
味元気
文章力
酒場通
前夜祭
四代目
北北西
練習日
一級品
勝間式
大正期
作業台
真南風
思想家
全体会
毎週日
知事室
目次中
美味等
森村進
古書人
秋葉道
想定内
始動時
当学院
新店内
起工式
古今集
平野区
早速家
立教大
出荷数
住友進
日向市
旅気分
他新店
定式化
下方向
食日記
小教理
今週号
有力者
正反対
金田一
高島屋
光明寺
体全体
川南町
他多数
犬動画
日月岸
高山市
十日町
身代金
当地区
研究用
天文台
地元紙
心意気
発明等
代用品
見本市
表計算
本番中
全部本
原高原
小野田
市朝市
生化学
会見等
三日月
生理前
西光寺
発車音
着心地
目次前
研究面
近代人
入力上
火事場
三原市
大小等
有美子
新今宮
中画面
落葉期
子宮体
集形式
新世代
電話口
出土品
当日分
発表元
等明記
月夜野
当薬局
問題文
人間学
人気品
今夜月
一切手
登下校
公園等
高田屋
走行音
女神記
生活科
秋刀魚
地区内
発行物
市文化
全面安
今日気
火薬等
生命体
転写等
空港外
小切手
大風歌
第三国
名作中
同行者
心配事
今後出
意見集
今夏大
来日中
北新地
同行使
予土線
庭園内
大木本
学用品
家新月
待合室
入門絵
注意力
所持品
発着駅
話題本
北川式
様会社
日本茶
地下水
実物見
立命大
入門用
古文書
天理教
組指定
重箱石
会員間
新聞他
白水社
当事業
手紙文
南森町
高知駅
九州大
世間様
場所等
所定数
化石化
毎時間
受注分
写真家
今場所
地中海
都立大
定形外
飲食代
車運転
予定表
指定外
注文先
日光駅
子守歌
図式化
上写真
様子見
通行中
森公園
中京区
大和市
元田中
道中気
今人道
音声等
父母等
地平線
和洋室
北米発
絵本館
事業上
新学年
期日内
大野家
第一声
入金分
春日部
本銀行
京都一
後漢書
旅行部
今回気
終着駅
大橋館
朝食後
本文内
京都北
番組中
大会前
教育面
福田屋
薬用酒
引用文
発電用
中学部
元気様
休日中
放送部
予定外
半年前
家相学
新宮店
白夜行
和図書
中間点
和家具
八正道
会期前
発表文
木島平
全一言
出水時
中心線
金相場
期待度
門川町
地方紙
野球界
配送用
通学地
当病院
注用紙
多人数
旅上手
明神丸
一番君
宮田村
都市間
発見館
全階級
字前田
売主様
入金日
終業式
手取川
本学会
取引時
会学校
十島村
何曜日
海洋館
三木市
中国文
買主間
室谷口
今日感
一番力
前年前
手公園
数学板
銀山町
全国紙
全体重
今流行
一言集
姉妹品
休祭日
当局者
金正男
記入後
時間内
金銀花
体今月
左京区
星雲社
馬日記
学部等
高知木
京都発
神田川
動植物
練習台
一大事
道中記
十二月
金山店
空想家
九州内
毎日朝
寺院名
正方形
同計画
鳥取西
家族様
九州外
表面上
新社長
手羽先
新東京
左京山
岩屋戸