不動産
具体的
管理者
不思議
管理人
利用者
積極的
北海道
関係者
自動的
最終的
第三者
飲食店
埼玉県
数年前
歯医者
旅行記
参加者
東京都
福島県
駅周辺
初心者
出品者
自動車
小学校
日本人
日本語
日用品
利用上
自転車
小学生
茨城県
一番上
社会人
結果的
出来事
愛知県
時間帯
最近見
暗号化
兵庫県
定期的
地図上
有名人
京都府
本発明
不具合
外出先
世界的
落札者
定休日
電話帳
大阪府
主観的
体験者
千葉県
商品名
文字列
高校生
小文字
数日前
発売日
事業者
一人様
注文後
大文字
日曜日
問題点
英会話
体験談
名古屋
全体的
一体何
全国的
未入力
図書館
一時的
代表的
単行本
手数料
目的地
使用上
歯周病
元記事
客観的
中学生
中古車
神奈川
根本的
大満足
新宿駅
名以外
長野県
印刷用
用語集
静岡県
数日後
大自然
観光客
注文時
外国人
福岡県
中学校
仲間内
午前中
観光地
改正後
何十年
正社員
英数字
岐阜県
数年後
本研究
三重県
委員会
説明会
小児科
運転手
回答者
沖縄県
会社名
東日本
土曜日
発表会
正当化
主人公
新潟県
研究所
特産品
新着順
料金等
自動化
市町村
一人旅
事業所
西日本
青森県
卒業生
群馬県
真面目
自分的
新商品
研究者
世界中
先生方
配送料
十二分
二日目
参加中
栃木県
中国語
対照的
全面的
送料別
写真集
最終回
全商品
路線名
日本酒
長期的
宮崎県
顔文字
今話題
一週間
一体化
自由度
間取図
完成度
作成者
大人気
石川県
写真等
二回目
教科書
時間的
改正前
滋賀県
多様化
記念日
他人事
中心部
科学的
出前館
福井県
受験生
未登録
広島県
入札数
所有者
開発中
各商品
秋田県
富山県
利用前
事業用
最終日
大学生
労働者
満足度
中心地
代表者
不自由
奈良県
参院選
月曜日
社会的
宮城県
岡山県
大部分
特急便
日記内
何度見
代表作
中古品
不良品
実用化
写真館
今週末
不十分
本求人
国内外
一年前
共通点
古本屋
香川県
合理的
定食屋
休業日
活発化
山口県
一回目
調味料
料金表
特商法
京都市
新生活
店周辺
七五三
新感覚
博物館
交差点
車以外
当選者
使用感
長崎県
山形県
熊本県
一番気
勉強会
受付中
朝一番
商店街
売上高
公開中
注文日
小学館
飛行機
一本化
急成長
食市場
大阪市
安定所
人物名
要予約
岩手県
成果物
都合上
理事会
第一歩
高級感
客室等
注意点
大成功
大人用
卒業式
出発日
出発点
肉体的
第二部
第一回
管理下
年月日
目的別
全国旅
数十人
商店主
大浴場
不安定
理事長
小説家
予想外
原材料
番組表
不用品
大多数
前各号
一番下
車買取
二人目
大分県
商品化
勉強法
小売業
山梨県
未使用
注目度
一同心
愛媛県
医薬品
佐賀県
卒業後
第一線
長期間
鳥取県
番記者
宿予約
本記事
多目的
具体化
決定的
期間中
最上部
放送中
注文前
送信元
食料品
遊園地
部屋数
最上階
日本一
表面化
生産者
二年前
高知県
委員長
発送日
無関係
研究室
反対側
電器屋
会社様
意図的
安心感
金曜日
家庭用
島根県
電器店
住所等
大集合
健全化
文例集
低身長
先進国
学校名
予約等
今一度
医院様
交通量
和食店
語学力
買取店
原動力
最新号
代理人
二次会
南道路
集客力
数分後
原作本
一日中
最近気
追加等
業種別
小売店
不幸中
開発者
計画的
祝祭日
文字化
登録等
一度見
登山口
市役所
理想的
病院名
市南区
放送局
法令等
書店本
店長様
出発駅
主原料
地球上
予約時
一日目
写真左
番地号
新発売
場合等
短期間
一戸建
徳島県
説明書
当日中
少人数
生活者
市北区
画面上
魚料理
旅日記
何種類
相関図
日本法
動物園
十分気
本文中
市緑区
先着順
神戸市
三年前
文章等
土産屋
出発地
音楽本
物理的
地球人
写真右
中央区
数百円
市西区
来院前
電話等
細分化
下半身
戦争等
三日目
出身地
体力的
取材時
不都合
鹿児島
大好物
安定感
開放感
取引先
登山道
住民票
石材店
全然気
内定者
感動的
日本初
自然界
植民地
未回答
世間的
意見書
意見等
希望者
練習板
自治体
会員様
風物詩
一年後
通学先
特典品
発売中
差別化
民芸品
給湯器
利用時
絵文字
交流会
百万円
人気者
市区郡
表面的
進行中
本商品
医者様
日本海
関連語
上級者
案内板
注目作
集中力
交通付
本洋書
投票者
種類別
主成分
少種別
発売元
宿周辺
旅行先
数十年
青少年
世界観
研究会
文化的
公共的
発行者
標本画
奈良市
福岡市
都市部
医学的
整体院
日本中
頭文字
配送先
通話料
登録時
発注後
印刷物
時期的
外国語
真夜中
中央部
開会式
弱体化
新番組
内共通
十数年
機械的
研究員
返信元
一口大
第一話
王子様
人間的
六本木
主題歌
本年度
無料今
家庭的
川崎市
気持玉
主人様
副作用
一人目
本会議
大流行
第一号
記事次
協力者
何十回
大辞林
業界初
五十音
地下鉄
相対的
予約数
新百合
次回作
健康的
土日祝
買物前
好立地
年度分
短期的
感覚的
一方的
料理名
発送時
歯科医
便利屋
返送料
見学会
愛車今
場予約
配信元
自他共
助手席
公園内
初歩的
住所名
名産品
陸山会
卒園式
何年前
英語力
自分達
一歩足
計画中
競争力
入学式
別料金
配送員
多方面
発言数
進化中
利用料
新宿区
業者様
思春期
三丁目
要望等
予約館
光回線
追加先
児童館
各記事
会社員
何百年
入門書
商品毎
一昔前
説明文
何度目
部屋食
大問題
投票順
試合後
低金利
初当選
今国会
小料理
生理的
三回目
料理等
練習場
決勝戦
生産量
文化祭
使用者
無農薬
読書量
人気店
最初見
無関心
路線図
試写会
商品数
気分的
記念品
名駅名
別問題
配達員
直感的
中心的
主目的
十年前
当商品
新年度
通信社
電子化
今一番
料理店
電気屋
入会金
一発目
人事部
安定化
入場料
何回見
病医院
使用後
算出等
利用中
組合員
登録後
温度差
変化等
協議会
集合体
本事業
美少女
広島市
勉強中
人気順
使用法
二種類
固定化
店写真
集大成
水曜日
仕入先
部分的
世界一
究極的
使用料
第一章
必然的
食生活
京都駅
古書店
別画面
半歩上
希望日
週一日
最大化
数千人
数百人
鉄道駅
運命的
会場内
作成中
港南台
次世代
消極的
来場者
秋葉氏
遊歩道
重量物
利根川
未分類
第二回
分岐点
登録料
代理店
産業上
地形図
洋食屋
自主的
宿場町
投票中
方必見
身体的
一歩前
合言葉
注文数
金正日
二十四
活用面
新聞社
単位例
不景気
山間部
初体験
二人分
立命館
運動会
作品名
工事中
今週中
日本国
北九州
最新作
初期化
決算書
何十倍
運動場
住所地
今大会
地理的
形式的
古事記
第一位
駅指定
思案中
以後気
本人様
別商品
先週末
第三号
日記帳
実用品
和歌山
本作品
写真上
右写真
今月中
開始日
各分野
酒類等
第四部
建物内
送信後
全世界
配送日
登録中
送受信
千葉市
中国人
原作者
安定的
配信中
不登校
犬神家
休館日
一歩先
大学名
体験記
登録駅
近代化
主体的
日一日
使用前
住所順
八百万
方全員
具体例
健康上
最前線
中野区
走馬灯
商品本
加害者
第二章
選手名
所有物
作曲家
古民家
求人票
号給等
不信感
送料等
相談者
駅徒歩
出席者
空気中
単身分
来店心
各写真
各求人
高度化
姉妹店
合理化
要望書
空室数
開始前
仕様等
新世界
出典元
要出典
富山市
左写真
小馬鹿
乗用車
良心的
関西発
未成年
期間内
大都市
引用元
沖縄美
毎日見
実用的
人間力
本調子
十五日
法人様
大分類
使用量
発想力
要注意
生徒会
結局何
電気代
数十倍
新会社
各書類
初対面
秋葉原
不必要
別清算
台東区
集英社
事業主
何年後
前年度
育児期
家具屋
二十日
長期化
冬一番
昨年末
反省中
原理的
同級生
配達日
見放題
園芸店
歩行者
仕事中
当協会
公民館
正倉院
科学者
野生化
何十人
大注目
定番品
近日中
今月末
記事等
健康体
男女別
南西部
用品店
短時間
五年前
着色料
地図内
同日前
県教委
薬学生
目黒区
客室内
定番中
松山市
日米間
冷暗所
一回見
勝負服
対外的
軽量化
予約前
上州屋
使用時
二前号
二次的
第一級
一人前
新年会
予約上
今年中
送付先
社発行
新潟市
全客室
焼肉屋
新学期
広東語
市教委
明細書
調理器
何回目
法令上
借入金
国交省
学習会
事業等
北西部
太平洋
消化器
多角的
一時金
大人数
熊本市
音楽物
横一列
中高年
角部屋
原生林
第四号
場所的
世界初
入札者
小田実
耳鼻科
初参加
電車内
品川区
取消料
参加村
取引所
感想等
文化人
四年前
感想文
初登場
前回来
給料表
漢方薬
同友会
地図下
音楽的
同時期
親近感
山手線
番組内
記事中
相談室
炭火焼
化物語
文京区
各業界
空間内
集会場
世間話
朝食付
十三日
心理学
上京区
千円札
一六社
一目見
軽作業
二次元
今注目
中心点
三日前
不死鳥
共有化
予約宿
第一部
落語家
十六日
大草原
海岸線
一度足
大田区
前画面
何度観
最高級
第三章
中古本
分量外
転用元
旅行者
熱帯魚
下車後
生放送
高時給
特集等
門司港
相談等
二年後
三度目
何万人
配当金
試合前
静止画
昨年度
右半円
左半円
戦後間
入社後
出店中
計算書
使用中
書店様
各配送
本特集
何千年
子会社
海水浴
公開後
日本側
何百人
指定用
会議室
単身者
小心者
本登録
気功耳
区役所
全画面
日本円
一九九
利根郡
東京駅
数秒後
会員用
便利帳
都市名
日本軍
二日前
心身共
十年後
多種別
議事録
期待大
最大級
長電話
北東部
法人等
第二号
種類等
大学別
本画面
首里城
入園式
産直品
予約日
発売前
持分法
三人目
各方面
開放的
岡山市
商品等
水族館
配水管
登録者
日付順
成人式
部活動
当事者
自信作
時間外
食肉店
公用語
一年草
男子部
今年度
二番目
不自然
意見番
植物園
計算上
百貨店
児童書
南高梅
福井市
今月号
新日本
進学先
名前順
副会長
京都郡
板橋区
生花店
産業界
人物伝
福島市
新書式
公開日
自走式
本発表
土地等
体重計
上送信
配送中
数百年
家庭力
水道水
好感度
水面下
自治区
阪神間
想定外
二日後
欠品等
一時代
写真下
十数人
東南海
母国語
二極化
三年後
中心街
出品中
十七日
記事数
親記事
単語帳
第五号
数日中
十八日
当医院
行動力
利用分
万葉集
電車男
通知書
生命線
半年後
下落合
十九日
番組名
第三部
主治医
洋品店
心理的
分科会
改正案
今日見
成功者
送信先
助成金
十四日
路線別
有馬氏
石井氏
事業部
二十代
正式名
名言集
練馬区
同協会
高機買
大失敗
運転中
発行元
大坂夏
日本橋
岐阜市
新時代
加入者
一本目
新選組
花言葉
夏野菜
外出時
位置的
新登場
二本目
記事内
同病院
一九八
定量的
入浴中
一九七
道案内
十二日
特別室
美美美
発言量
最下部
数千円
一年目
生息地
持続的
無意味
路線内
休館等
四日市
同意見
月一回
今日中
立体感
思考力
八重歯
週一回
無香料
黄金色
最終話
低料金
社会科
作成時
一時間
松本氏
来店時
表題作
十二人
足立区
一曲目
不本意
上北郡
発売国
大分市
有楽町
出発前
美白力
女友達
文庫化
一安心
各年代
生活館
一九六
以前来
追求心
英単語
出題者
県内外
秋田市
本来的
不明点
配信先
投票日
集計中
出来高
要注目
森文庫
説明板
大阪駅
家庭内
選挙区
各大会
同業界
万歩計
今人気
南東部
全重量
通院前
開始時
大気中
有機的
回答数
一身上
富良野
記事前
西館内
悪天候
全記事
高低差
参議院
服用前
東海道
明文化
日記数
西遊記
書店員
城下町
活動中
十一日
各学年
最下位
第三回
一昨日
指定無
近代的
各銀行
回答順
日一番
一歩外
一人分
赤文字
実力的
写真見
大百科
改正法
変動等
登山者
司会者
四万十
大学院
本大会
不合理
県大会
道今日
正会員
三連休
医学会
料理人
国内的
機関紙
工事業
関心事
重要度
低学年
線引等
金利差
利用法
一番心
年一回
練習中
子宮内
一体感
十六夜
英語他
図案化
市議会
今必要
愛国心
毎週月
前受金
白黒赤
季節感
第四章
見積書
二十年
病気目
太平記
自分流
生意気
近親者
男二人
数万人
動画等
以上何
周波数
写真屋
内写真
法改正
発生時
多少色
親発言
最初歩
宮崎人
多数出
人工的
学校区
多言語
三十日
会員数
運転席
水平線
休前日
当組合
算定上
不二子
各指標
三千院
同業種
会社法
法令名
引出物
小百合
商談中
何百回
連合隊
何千人
等身大
岡崎市
人気作
良回答
各老人
伝言板
十八番
火曜日
休止中
工芸茶
屋形船
重点的
三日後
化合物
入学金
森三中
毎週火
天然石
中南米
大発生
何度来
参考書
病気犬
種類犬
里親犬
配達時
最終大
発表中
体感的
各分館
各学校
日以後
入金後
小休止
国指定
改札口
記入例
上下線
約半数
他教室
国会内
第一期
仲間達
好意的
草野球
調整中
数千年
梅雨空
電話機
付外観
入院中
予約後
来週中
集議院
文科省
入荷日
重量感
求人見
食品等
戦時中
地球博
数万円
本人的
画題等
生命力
高速化
三部作
軍事的
長野市
新工場
自由化
地元産
相手方
当金庫
表形式
生産地
同期間
新感線
足温器
無法松
入校前
未公開
夏本番
等多少
毎年夏
新都社
本部長
二年目
十三人
長州力
外注先
魚貝類
初公開
中医学
配送便
関連度
低年式
多走行
昭文社
文字色
後三年
一番前
食事時
無失点
一昨年
小説野
百万人
新分野
季節的
新入荷
勝負強
来年度
日野市
分野別
物香水
全然出
実験的
生活上
前九年
客室間
教育力
今問題
医院名
一年生
健美家
郡山市
明石家
里親会
数量等
業界内
食事中
光開通
機械化
作品群
不要物
木屋町
事実上
二言目
二日間
金土日
発起人
最小化
実験台
一人用
給湯室
地下室
立体顔
建物名
県産材
関連本
小京都
通文庫
日高郡
二人様
寒冷地
入力者
近未来
予算的
同地区
長崎市
会場笑
米国内
放送等
入学前
一面的
定員数
光人社
屋五葉
一切出
発送後
肉便器
同世代
宮崎牛
日本画
一次会
来店中
天文館
一九五
大飯郡
問題化
投票数
三角点
有料化
駅百選
道具屋
全美連
北東北
博多駅
利用日
売出時
場周辺
線元町
共有者
何百万
無生物
人一人
学園祭
別種別
未記入
不定期
女一人
他大学
合法化
配信後
全国区
高次元
工作員
予算別
美馬郡
夏一番
体育館
立役者
予定日
科目別
予約金
二週間
命名札
医院等
最重要
福山市
商品札
共用庭
沖縄人
名前等
相対化
副大臣
第七号
進学時
男子台
関係上
中立的
地方別
天人気
四天王
実写化
北教組
回数分
不整合
決算日
三年目
日産車
一度家
東海林
具広場
分以内
引当金
心地良
当然出
思想的
食事会
来週末
起業家
作成日
中中中
各教室
米国発
前橋市
新参者
流通量
行楽地
出願数
未完成
風雲急
九十九
原風景
一体的
行使時
順名前
外見的
場特集
病院坂
生徒達
初会合
各大学
低気温
相場観
見聞録
不足等
特典等
校長室
神無月
人流量
注文者
参照先
毎年春
出身者
実体化
帰国後
入力後
受注後
相続人
毎日何
同時代
太田光
登録日
六番目
係争中
松川死
地名等
関連食
学習法
工場内
各辞典
同等品
市長室
友生活
管理部
全国道
一苦労
特別区
落札後
新聞紙
出身校
何百倍
商品右
大阪夏
当神社
第六号
道百選
写真城
一足先
注文等
白金台
部屋着
登録順
機内食
当教室
大戸屋
京料理
岸和田
長時間
一万円
反省点
文以外
国民新
大変身
公式戦
書道家
二本足
京野菜
人数順
各病院
家主様
実用書
者以外
道路法
中高生
健康茶
同地点
毎日家
一番楽
産学官
例外的
二国間
特産物
植物名
時代的
各部屋
自分用
宮崎市
放送回
小工事
集神社
食教育
作品集
本園芸
本生活
中期的
未来人
水土里
駅名順
人文庫
上決定
門前町
火星人
平山順
立体的
金物屋
先進的
十二夜
一同笑
県機関
気温差
大手町
参戦中
省電力
入店時
高松市
人民元
白百合
高知市
日番谷
二点目
家庭科
二度目
一度目
各予約
図表等
活用法
何十万
銀英伝
鹿鳴館
美顔法
立体化
服用後
相対式
当期間
何時見
物流話
体大切
調度品
美界人
当番組
放送時
送別会
高校名
電気羊
作動中
二人共
相談料
大合唱
駅下車
両生類
一年分
実力者
未発表
集中的
同意書
残業代
会議中
学問的
読者様
早速見
本人談
多民族
未知数
楽器本
教育長
配当等
別言語
少子化
練習用
名産地
上半期
季節毎
西宮市
森絵都
青葉区
内部的
第一次
数学的
同一町
西小倉
当法人
実物大
直送品
交戦中
中国側
動画見
明後日
今手元
内面的
都合等
語辞典
各路線
主戦場
南陽市
自発的
案内所
古着屋
連休中
日本女
群生地
中目黒
反対語
三十代
動画次
新入生
住所録
愛用者
上田市
今後気
各都市
最上級
原由子
戦力的
全日空
返品時
一元的
数字的
数百万
三種類
当会社
生後間
小公女
食中酒
土地上
大公開
送信者
第二期
電気的
手付金
百万本
法人名
競走馬
自然学
天候等
栄養的
地上波
関係人
注文書
一万三
定例会
人気度
入園料
他商品
橋本勝
区画図
実体験
今度見
昼食後
主祭神
出産後
日本食
決勝点
記録的
入札書
明大生
工場長
対向車
鉄板焼
三味線
機種変
鳥料理
冬景色
銀行等
通学路
取材者
橋下氏
事業化
中間地
来場心
西表島
期待感
表具屋
高学年
二二二
景勝地
松村氏
新馬戦
病院内
山野草
天然水
発言者
駅写真
産業用
百万石
日以上
初出場
人数分
数十分
乗車地
各紙面
四日目
登録数
語注記
他国語
五十年
一億人
特典付
何日目
両声類
最終章
無着色
業界話
平成元
地区別
発信中
一日分
一万人
同大会
伝説時
薬事法
静岡市
借受人
太陽光
入荷後
無何有
銀行名
一九三
満足感
民事上
数字等
意味的
平行線
花見客
円相場
選挙後
大学等
自然林
別作品
松本市
重松清
写真部
合計数
竹富島
受付後
人数等
北見市
市場化
台数等
先入観
年度末
人種的
配信等
日記次
着信音
追体験
一年中
一回転
一万年
夕食後
病気耳
百年前
全国会
会員店
投開票
埼玉産
内周面
日本名
会計後
一場面
手作業
品使用
小説屋
信用度
明治期
男一人
主要紙
各部分
別次元
無人駅
約半分
地形的
荷物量
議会名
使命感
同号中
考古学
銀行印
要相談
無記名
前入金
戦死者
指定日
外野手
八日目
世田谷
主要駅
前番組
青森市
第九号
元社長
農業屋
相場感
牧場長
科学館
世間体
仲町通
南新宿
朝米軍
同事業
徳島市
三十年
向井理
何万円
南明奈
服用中
調理法
星言葉
千円分
画面左
丸一日
屋店長
最近観
登録票
黒曜石
愛読書
親会社
山行記
秋一番
最高位
各医院
本学科
大坂冬
様一回
六年前
深夜便
内定後
節用集
東横線
順位表
特別便
返品後
相談会
通院中
実生活
畑仕事
食事量
歌手名
成長期
花写真
一対一
赤信号
作者名
給付金
他作品
連続的
参照元
物語的
四半期
数十万
主役級
問題等
中国茶
茶道具
鉄道員
流山市
二以上
森田実
人形町
商工会
同商品
大通駅
年月分
小山市
第二話
千曲市
国分町
試作品
表参道
農水相
栃木市
人数的
発行後
各府省
借入先
自然法
病原体
公取委
卒業時
回転灯
医院内
家族的
新開発
文法的
画面両
計算式
肉料理
発注時
第五章
地上駅
希学園
転落死
今度来
送信前
中央線
分社化
真岡市
花火花
七年前
北茨城
商品代
意見箱
大地実
薬学部
五七五
一文字
牛島組
花音楽
新都心
千代田
目的化
天地人
作業的
洋食店
南信州
何世代
国有化
分度器
同日付
学芸員
形成協
実力医
第八号
帰国生
出次第
日発表
千年前
来春待
信用力
少年院
副代表
朝夕食
一発屋
作品的
十五夜
多数見
初級者
成田発
本計画
文書等
化学的
同業者
写真名
中西部
氏神様
会期中
見物客
例外中
下着類
返送先
食事等
相場表
地図等
教育者
四死球
管楽器
農作業
中野店
成約時
何万年
東医大
中四国
鹿島市
見出語
礼金等
同番組
返信等
本使用
草加市
教育法
薬学者
長田区
同市内
府中市
親中国
昨年中
山形市
遊中川
定期代
土地代
人気駅
一歩中
村一番
三前号
内科医
民間人
特約等
試乗車
種子島
三十分
受験板
深海魚
業界別
同会議
四日間
初勝利
三社祭
空間的
二千年
医学生
転活前
第二次
岐阜駅
発表時
飲放付
利用心
街大阪
他都市
三番目
夕食時
放課後
左半分
右半分
調達元
運用先
注目宿
業界一
日本発
平和的
安定期
学部長
立場的
通信料
太陽熱
緑川光
公開時
生理学
明日中
通信員
佐野市
米高官
何時間
無人島
年数回
発送料
指一本
一九二
口約束
昼食時
世代間
人気校
画面内
転球神
衣料品
受取人
参加料
石川旅
来館心
県産品
野球場
早合点
漢数字
発明者
山口市
茨木市
受話器
自信度
学校長
内陸風
朝日町
一度口
休業中
知名度
仕様書
会話中
問題外
予算化
全県的
教習所
生物学
高級車
徒然草
水戸市
利活用
開発室
工法等
説明図
有機米
業界人
小鳥遊
多文化
見本紙
化時代
必要数
旅百選
間取順
小倉店
教育界
万年筆
登録店
前列左
来園者
歌一首
通知等
会社側
沖縄青
飲食物
開発元
加古川
馬車馬
商業的
明細票
第三話
自然人
百丁森
西東京
試合見
八千代
化学式
戦争時
国内法
返品等
運転者
用温湯
小石川
定足数
星以上
代引料
農産物
競馬場
正直者
丸暗記
京都南
無料着
会社等
運用法
具内語
都心部
清田区
百名山
各旅館
長崎駅
戦国期
大東京
調印式
安全上
日立市
代表例
手入力
関西花
無料化
案内書
野球部
代官山
役員会
皮下注
夏小物
交付等
日清焼
予約先
選手達
相前後
旅関西
天然木
育毛業
一番良
来店前
試験的
黄金期
四輪車
不公正
公文式
三百年
公開者
一分野
問題無
一丁前
学生街
料金的
伝説風
半農半
倉庫番
各会場
大画面
五年後
旅行中
日本的
月単位
工作物
物理学
良薬口
高原山
白石区
一日家
順不同
同組合
後円部
楽気分
三平方
五合目
写真何
大変化
犬用品
決定等
新機種
開国博
県議会
大阪校
大音量
文章化
川口市
健康面
十四代
決死隊
小池氏
黒大豆
記念館
運送業
会員次
東温市
功労者
心不全
服用上
手芸部
地図側
小林光
仕事上
小中大
要約内
学校内
空港名
一時雨
高島市
光石研
四前号
低反発
絵図等
入力例
顔全体
作業服
作成法
原動機
相談先
羽田新
大辞典
世帯主
原作名
別所線
区分名
相鉄線
自然体
先頭部
昨日見
学部生
予約分
北極星
正体見
風土記
関西人
大変気
全府省
社案内
白身魚
黒結切
都会度
大長今
鳥山明
学生達
国内初
数分前
記録集
豆大福
有名店
買受人
副校長
相談所
佐賀市
下野市
図参照
約半年
第十号
数千万
一度来
市区名
向上等
山崎元
完成品
米国人
本文書
船橋市
生活面
点数順
後列左
敗戦後
約一年
女子力
二十二
産牛肉
取引等
後日談
本工事
町田市
火薬頭
全国初
第四話
京都人
熊谷市
二番底
主会場
送金前
今何時
後半戦
顔写真
一発中
開始号
欠席時
県人会
買物時
開業書
川中島
梅田店
実業家
日受付
案内図
本実験
人道的
今業界
岩上氏
荷送人
歯科界
第一子
運行上
駅地図
信州旅
入札等
栄養学
土産品
受給者
農村部
花市場
当記事
花満開
海神西
完成時
何億年
戸田市
合流点
発行月
商品別
京都東
便商品
大特集
数日間
計量器
帰化人
熊本城
機動的
高速道
打楽器
時期別
五行図
山田屋
一九四
水位計
白馬塩
百万夏
一回分
代表点
都賀川
田口元
多年草
車海老
一年間
一点目
東南部
達成感
画面下
不良等
予約中
毎年秋
八十八
福中協
小田原
店休日
人生山
走行中
共同体
重力式
清算中
友人達
宿米屋
作動油
全住戸
多少気
問屋共
野田市
暗黒面
下山後
発送元
話題作
未完結
大阪冬
時間数
人間達
車両板
強度的
朝何時
動物記
三本目
相手先
今出川
対人運
成長後
出向者
神戸駅
全道的
出馬表
関東発
未上場
開口部
青弓社
流行語
人必見
文法書
小部屋
学習者
五行歌
女生徒
数十秒
代行業
特例市
秋葉発
日配信
多分気
直売所
運用面
登録名
北見塩
各駅別
立法府
第二点
悪化等
大旅行
黄金刀
空一面
不要品
早見表
一度位
種類有
読書家
流動的
人生楽
神楽坂
病院口
京急線
中二病
一周年
八田式
列島島
休会中
化決定
清水寺
沖電線
必勝法
沖縄戦
側近中
受信曲
大会等
中日戦
実験中
下線部
自分発
新交通
内陸部
千葉産
下写真
本気印
通信本
英語部
通信部
野口健
多元的
通貨毎
路線板
新食感
前年中
反対票
十周年
定番順
発送等
生体内
家朝日
茶話会
三島市
安全面
発表日
坂木司
学校別
各部門
入会時
利用度
一億円
二十七
他学部
七夕星
不足分
各動画
的中者
食事付
中国元
写真発
本全集
不完全
魚入荷
万願寺
平野部
野球板
波多間
発着点
一年半
予約品
加工品
天気図
作業中
練習後
記者別
工工工
七十七
番地名
教会群
平面図
登録前
写真中
仕事人
作成等
放送日
広島風
岡田氏
本放送
一家族
一等地
町田氏
生数字
電動機
無公湖
旅行前
鳥取市
上月司
練習会
練習時
手続等
有力紙
節間長
画面等
文部省
本以外
付食事
高円寺
必要度
内野手
本試験
記事元
外伝天
五反田
無借金
筆記具
返答先
一乗谷
会代表
年代別
第四回
夏特集
冬特集
春特集
秋特集
本日中
連合国
海一望
年代的
活用力
今利用
当関連
新世社
文書化
府県道
体大事
記事用
一回観
台車等
第一作
平城京
特売店
不束者
集成材
会無事
国物語
研究家
今入会
選挙戦
第五話
教室長
日本旅
学校医
楽習法
北白川
加工後
元動画
印刷時
有田焼
自生種
国民的
空中戦
入荷時
工芸品
元書類
東福寺
九花園
便希望
発信元
中元用
音楽隊
中国発
軍人役
何回観
各新聞
国会等
登城記
世代的
家出身
小海線
今夏初
静岡店
記入上
登録文
作曲者
発送順
入荷数
健康等
新事実
案内人
以前何
面積等
魚交島
同記事
関川氏
同作品
試験料
同法案
飲食等
工場等
薬局等
今後共
京王線
発想法
朝読書
法分野
地頭力
町全体
仕事伝
各年分
元店長
等医院
内申点
天王寺
人肉食
紙一重
中西氏
土産店
有馬香
矢板市
日時計
三点目
友人等
上場後
上場日
行動者
同社数
行使等
開業医
安里屋
大言海
法大生
町周辺
今日来
死着時
新聞部
来店日
農水省
千年後
小野坂
新着曲
健康運
国語力
部位別
理事等
西京区
画期的
売形式
駅北口
各市場
使用等
波田氏
放送者
各産業
入院先
同年代
数百倍
指定等
野良犬
作家名
文庫本
工業用
加工所
会談後
本協会
発行時
人間味
放置民
初学者
夜時間
五番街
会会長
最近出
季語別
教育的
清徳丸
特約店
味一番
味言葉
新聞会
機器等
作品数
未加入
男友達
中年男
名人級
新次元
一考察
町田駅
初来店
小説化
馬文化
中南部
出場国
店登録
高遠町
民主化
毎年冬
夏着物
番組板
笑笑笑
不器用
下記表
英国初
足立花
観音寺
生徒様
京町家
発見者
一番塩
週間全
本科目
親不知
紙業界
商店名
島根本
島根的
坂本家
表記名
所作題
新学長
明石玉
今使用
伝説神
用語等
一人言
羽生市
整体業
山鹿市
女子会
立面図
海物語
二人組
出羽小
伝馬町
中心駅
本考案
五輪後
作品中
発明品
農林業
野菜種
三田屋
道交法
古写本
十数名
野球人
五代目
兵庫区
三戸郡
学習院
商用車
落花生
大事典
時間等
記事名
絵日記
配送時
案内中
玉子焼
本場所
注目点
後始末
以上見
王宮話
林住期
川合博
馬勝負
発電機
結束力
時空島
徳島花
予想高
明石焼
一工夫
研究中
仕事面
市石炭
共和国
管理機
毎週土
国土法
人以外
一部門
時代別
立地的
話題内
借金男
教育用
大実験
委員外
女子友
第六章
利息法
助言等
同工場
足利市
側面図
高速代
同大学
新潟駅
多島美
別法人
始業式
七草秋
十三夜
馬場別
新産業
熊谷等
育成者
指数化
十六世
今回出
配合量
見積等
手仕事
美勇伝
事心配
月水金
家出中
美活家
今治市
全発言
金魚店
土佐国
自立心
研究書
全業種
本音等
信用等
都市化
十字路
第六話
漁業者
空運業
全体図
出願者
南海道
大字名
先記事
海運業
万一目
人文学
三万人
相続分
国文学
山中湖
安田大
駅東口
商法等
二上山
新市場
何週間
八戸市
二曲目
黒部市
四十九
宮古島
木世界
水車館
家全体
本課題
小山町
各作品
正面図
花海辺
野菜畑
星島氏
大反対
作成業
医薬用
改正点
星以下
入学者
松戸市
自然肉
一見何
宿緑水
肉用牛
二十三
平安京
出世作
目次次
入浴後
第一点
方法等
今実戦
売上金
一日雨
特定国
注文分
風動画
付原文
四百年
高崎市
数千社
丸文字
流通名
内記事
体温計
駅西口
地理学
会東大
来年夏
起算日
他流木
鳥金魚
特例等
青葉山
船木屋
名勝負
医心方
色人物
問合先
旅百話
二関係
目黒駅
外貨建
太田市
岡山駅
便指定
包丁人
各高校
建物等
数億円
拾友達
新神戸
全学年
送電用
立川市
米大使
大野城
数千名
多板類
中国名
明治元
問題集
湯田中
同路線
研究付
最新順
各学科
一点物
英文法
数年間
犬種名
用以外
名曲名
無差別
題食材
全員氏
観光者
参加心
開運春
小動物
三代目
広州市
方以外
野菜室
明太子
線東京
送料表
一心行
福音館
機関等
定番度
日本犬
自作詩
三本柱
引受先
年以上
福生市
楽曲名
山口君
人事院
極早生
仕事的
森百選
一切口
自立的
弱力女
完成後
友達帳
的人気
毎月中
動物化
縄文人
辺野古
毎週見
人形等
大橋通
大天使
観水庭
暗記力
極茶人
一名様
山通信
読書中
点数化
二番街
三島明
予算面
関内駅
川崎駅
紙魚子
中登美
発売後
松神子
長期戦
自由文
北関東
物色中
医者板
球種的
料理長
山下町
発表順
田中氏
野菜今
四人目
変死体
今日観
全言語
東北部
西南部
二人旅
外交面
植林後
月面等
観客席
中央駅
米坂線
和同会
新住所
消去等
梅雨時
英語名
大大大
今年末
高橋氏
多用中
出荷日
府知事
便発送
当分先
受付日
六三四
広島駅
両議院
三戦板
祝賀会
昭和六
運動街
県南見
本工法
女社長
本組合
短大生
分類別
国産車
住人的
古強者
整理学
字丁目
小林市
部屋中
無気力
八女市
山手町
駅上品
毎日着
発表者
好戦的
真空管
転送量
小旅行
下屋根
向上心
休園日
配水量
失敗時
送信用
大局的
男差別
小中高
女学院
楽観的
八王子
旅貨車
首都高
昨年秋
東部湯
大動画
作業船
外見力
根岸線
最近手
通知先
当選時
大顔連
印刷所
千一夜
談話室
続無知
寺子屋
副教材
受注時
大決戦
京都京
周産期
音楽書
美大生
親家庭
宿旅館
祝休日
八代東
里農産
号給数
今日家
板金業
通貨間
全市場
館日記
者手帳
石工品
食文化
子犬出
新天地
四次元
組成物
阪神戦
内主要
夏無料
生理中
三十人
発熱時
島育成
用品紙
沖縄市
広島戦
倍以上
家庭医
注文用
配送等
感無量
七月夏
最近急
農場長
三十路
今日本
日本兵
出前例
学園記
一発送
絵画的
林直光
各式場
無記入
戦時下
新配合
三文字
管理用
連想語
週末何
駅南口
加工等
母子共
絵葉書
県北見
自身初
真字本
登記所
原油高
調子者
四十代
実験室
集会所
新成人
作業用
最大手
玉置山
百合子
半夏生
南京玉
時以外
安倍氏
協力的
以下当
三次会
第七話
気候的
大量死
金商法
発行人
鳥人間
真正面
代表駅
各部会
朝会議
文字数
北高原
世界級
小川町
数十名
乗組員
人間界
関係等
集登録
市街地
運動量
会社的
夏合宿
言語別
健茶王
科学力
対談者
新書館
学校側
軍入隊
太白区
特定日
全米大
無力化
第五回
通貨等
目黒川
大岡信
風水鏡
配位子
伝説的
成分的
二字右
大一番
天井等
写真付
九万円
半回転
発信者
駅近君
受注品
開業後
大和心
西北部
観光課
人生何
真田氏
川観光
夜一人
開業前
部屋別
三本足
道場主
三角形
約一名
生七味
帯広市
徳島駅
旅名人
標記語
門司駅
計算外
原子力
部局等
不特定
第三極
注目店
合計点
放物線
高品位
配線板
白石役
全感想
三千代
有意差
三十六
多面的
高級品
各科目
言語化
大屋根
遊楽人
試験用
年一度
屋根上
同仕様
第八話
市長選
分配器
出雲市
右数字
女王様
高人気
春秋社
日利用
教室名
見学者
機本体
小田急
戦国板
順番的
急発進
同本部
番組的
作文力
奈良駅
大会新
交野市
動向等
知内町
表紙少
同女大
行事等
一千人
放流式
無線機
追加点
部外者
中国観
一分科
高配合
新生児
日付的
学年別
植村会
昨夜来
天橋立
焼結体
様会員
風水害
連合会
各月分
代理業
一人出
園見学
消火器
玉井人
県代表
木曜日
給料前
大手紙
中川氏
駅名標
面白味
静岡茶
来年春
友相手
方向的
日参加
引用者
受験時
英作文
山田君
春一番
自然食
三国人
星少年
本地区
氷結界
散歩屋
八高線
事例集
多機種
業界的
中野人
参加日
今仕事
二本柱
種別毎
各料金
安打数
調整池
二人出
一切気
知事選
様式等
中京大
地球村
美顔器
味元気
文章力
付和室
酒場通
陸上部
前夜祭
二戦目
四代目
上海戦
一関市
北北西
練習日
一級品
勝間式
参観日
大正期
進軍先
作業台
牧野洋
真南風
千歌音
市田氏
思想家
全体会
毎週日
知事室
数量化
目次中
秋元康
味産直
美味等
自然観
森村進
古書人
秋葉道
想定内
長会議
始動時
平成館
当学院
新店内
幸感力
起工式
四回目
女二人
本辞典
初仕事
発案者
古今集
例文集
平野区
早速家
都城市
立教大
平成一
十牛図
各業者
出荷数
住友進
日向市
不安発
旅気分
人風景
他新店
定式化
下方向
薬事典
固有種
食日記
小教理
商品郡
投機的
今週号
有力者
大連立
正反対
金田一
田辺市
高島屋
天気良
前二号
光明寺
体全体
多治見
川南町
返信者
他多数
低分子
犬動画
日月岸
高山市
犬関連
十日町
出願時
身代金
当地区
研究用
天文台
地元紙
心意気
小児等
発明等
初飛行
代用品
苦丁茶
早数年
集散地
天動説
車一台
見本市
産直研
観戦記
表計算
本番中
全部本
欠品中
番号順
毛利方
原高原
本案内
小野田
市朝市
追放令
勇者王
生化学
会見等
三日月
登録人
湯宿花
大自信
八日市
生理前
西光寺
発車音
着心地
転失気
目次前
研究面
生徒数
近代人
入力上
火事場
三原市
給料日
大小等
有美子
新今宮
管理票
不成立
中画面
第九話
落葉期
旅達人
管理等
日一人
子宮体
一本出
集形式
室内犬
長崎皿
新世代
電話口
祝日法
五大陸
出土品
当日分
発表元
等明記
月夜野
当薬局
問題文
写真機
新記録
人間学
人気品
工業的
今夜月
西村氏
苦労話
一切手
富山米
清算人
登下校
公園等
高田屋
走行音
船外機
女神記
阪和線
生活科
秋刀魚
送信時
以前見
地区内
発行物
市文化
最悪期
三千年
真希波
失業中
全面安
加算等
今日気
火薬等
不全発
生命体
転写等
空港外
市場菜
小切手
大風歌
二輪車
無料分
第三国
名作中
同行者
本成果
心配事
前兆雲
各日記
今後出
意見集
今夏大
谷好通
小説界
来日中
下関市
表参照
風景印
北新地
同行使
約百人
予土線
的料理
観光化
海産物
病院側
時間差
体験知
庭園内
小倉駅
数年内
自然光
大木本
学用品
福岡店
家新月
本競走
好都合
課題曲
別人説
関連書
三都主
待合室
入門絵
注意力
所持品
発着駅
府中店
話題本
北川式
不活化
様会社
塩化物
高松山
送料分
最後面
日本茶
地下水
大苦笑
実物見
立命大
体験会
絵辞典
入門用
日付横
事一度
古文書
会話例
天理教
対照語
一度生
組指定
重箱石
野心的
会員間
信号機
新聞他
副議長
自分側
英語観
白水社
当事業
手紙文
春日井
八年前
命令等
不時着
人生観
日記念
南森町
印刷屋
高知駅
原産地
九州大
世間様
場所等
所定数
化石化
芸四代
市民課
毎時間
宮土理
受注分
写真家
昨日家
対戦前
関心度
今場所
何一人
地中海
景風流
都立大
二十六
返信用
衣食住
一日一
百年後
定形外
給油所
全然見
飲食代
別海町
本法案
真選組
西京極
車運転
高用量
自治会
二十一
予定表
指定外
注文先
中同協
第七章
考案中
日光駅
子守歌
産業化
図式化
上写真
徳島線
様子見
不出来
糸練功
五十代
通行中
森公園
中京区
大和市
元田中
道中気
今人道
音声等
関組長
富山駅
父母等
地平線
和洋室
北米発
数百名
七年目
佐戸井
絵本館
軍事力
湯多利
雪中梅
事業上
今年初
黒川滋
新学年
書類等
自然数
期日内
大野家
第一声
積極化
入金分
春日部
調達人
下関駅
配達後
電気街
佐高信
黒百合
本銀行
京都一
後漢書
指定席
不定休
料金所
産休中
旅行部
府教委
笑記事
宿湯楽
借用等
帯付帯
今回気
埼玉人
終着駅
大橋館
朝食後
休業法
本文内
兵庫北
産岩塩
京都北
番組中
主材料
和食器
短大卒
会議録
秋野菜
底本中
大会前
健康酒
教育面
工芸店
福田屋
満州国
薬用酒
同通信
倉庫内
引用文
駅村岡
発電用
山歩記
料理屋
福島氏
市議選
中学部
元気様
流失力
休日中
放送部
不用意
議会学
予定外
養命酒
全国民
養成校
機商材
半年前
家相学
新宮店
白夜行
十数分
和図書
中間点
和家具
八正道
焼肉店
香港人
区議会
会期前
中間的
発表文
木島平
全一言
位置図
湯治場
出水時
受験前
満開時
然別湖
佐倉草
祝土日
日光浴
中心線
金相場
内順位
期待度
門川町
地方紙
村議会
野球界
辞事典
訓練所
配送用
一兆円
通学地
全室海
当病院
注用紙
調子良
多人数
百年目
旅上手
明神丸
達自身
先何年
一番君
宮田村
毛無山
都市間
底意地
直行便
発見館
各区分
満席等
新大阪
頭山満
全階級
世帯等
字前田
売主様
入金日
終業式
先月末
手取川
本学会
松島一
発雲所
取引時
根無草
会学校
十島村
何曜日
海洋館
用食材
人以上
三木市
京栄校
各農家
糸色望
中国文
買主間
五輪銀
室谷口
今日感
一番力
光協会
今何位
曲名順
第三点
九七年
前年前
手公園
数学板
銀山町
共有物
試合別
石井好
別出品
全国紙
松戸山
覚王山
全体重
共通化
今流行
一言集
姉妹品
遊観光
休祭日
梅本来
当局者
静岡駅
無投票
金正男
年代順
記入後
時間内
例大祭
金銀花
体今月
左京区
星雲社
最近雨
作成順
初上陸
馬日記
石岡市
文芸社
固定低
学部等
管球式
高知木
別会社
器楽曲
昨年夏
飯島愛
京都発
数十本
新沖縄
神田川
動植物
練習台
一大事
長崎屋
道中記
四川省
十二月
法人化
金山店
急加速
何回来
四年後
空想家
九州内
毎日朝
二人来
寺院名
正方形
同計画
鳥取西
家族様
愛好会
九州外
梨元勝
表面上
新社長
愛知郡
手羽先
新東京
左京山
岩屋戸
