場合
情報
必要
利用
表示
自分
記事
商品
使用
登録
最近
今日
写真
参加
出来
問題
日本
以下
地図
時間
入力
関連
対応
画像
内容
質問
意見
最新
意味
無料
期待
参考
仕事
希望
中心
設定
現在
物件
追加
理解
説明
可能
注文
条件
規定
指定
言葉
住所
大切
用意
目的
人気
発表
気軽
作成
周辺
予約
名前
今回
電話
興味
関係
発生
先頭
注目
今年
評価
世界
全国
生活
一人
広告
安心
一部
病院
相談
公開
話題
会員
友達
判断
報告
責任
注意
部屋
回答
予定
機能
実際
実現
下記
対象
当社
大変
求人
状態
発見
設置
本文
非常
結果
仕方
送信
心配
案内
重要
過去
運営
転職
東京
作品
編集
協力
勉強
何度
健康
開発
経験
移動
最後
動画
大事
原因
感想
開始
二人
保証
適用
文字
場所
活動
会社
決定
無理
登場
感謝
旅行
有効
今後
以上
中古
禁止
価格
様子
上記
取得
理由
昨日
採用
最初
残念
発売
方法
便利
機会
発送
成功
送料
表現
提出
土地
女性
予想
元気
返品
料理
日記
変化
想像
学校
新着
活用
帰属
当然
一度
在庫
提案
時代
新築
効果
明日
天気
解決
同意
豊富
自然
部分
構成
体験
確保
十分
投票
保護
相手
準備
参照
大人
観光
自由
完成
個人
向上
修正
特集
失敗
読者
事前
導入
位置
放送
記入
楽天
人間
調査
家族
歴史
管理
返信
感動
形成
本当
満足
食事
整備
料金
印象
直接
安全
要望
指導
気分
文章
研究
季節
発行
記録
一日
成長
有名
音楽
時期
自信
努力
本日
意識
主張
事実
配信
特定
無効
適切
通知
美容
正確
解説
一切
自身
一番
失礼
練習
出演
当店
用品
毎日
新規
受付
大阪
店名
旅館
社会
実感
不安
時計
全部
約束
以前
印刷
種類
製造
許可
英語
保管
設立
京都
計画
絶対
複数
地元
本人
家電
成立
増加
営業
引用
達成
近所
資格
都合
中国
番組
路線
評判
不明
要求
複製
画面
以外
先生
集中
改正
返事
一体
馬鹿
実行
目標
通報
人生
次回
大学
独自
計算
行動
最高
証明
関心
立場
発言
試合
何人
制作
移転
沖縄
教育
勝手
報道
法人
現状
全体
確立
食品
苦手
調子
病気
当時
海外
開設
明確
基本
構築
発信
技術
医院
強調
損害
地球
素材
強化
建設
知識
新宿
関東
課題
会場
支持
特化
安定
限定
電車
時点
想定
今週
資料
分類
未来
区別
中止
前提
格安
共通
経過
事件
判明
共有
礼金
受賞
入手
減少
調整
空気
同一
出席
記述
提示
学問
設計
明記
出荷
点数
低下
条例
各号
整理
小説
防止
一言
配置
公表
来店
基準
出版
何年
設備
復活
取材
反応
所属
総合
放置
代表
記念
見方
学生
表明
刊行
見学
規則
原則
同様
新聞
国内
金額
職業
指示
最大
医師
製品
相当
駅名
反対
人物
接続
苦労
省略
政治
容易
経営
家庭
他人
職種
学習
開示
歯科
公布
各種
医者
笑顔
友人
回復
感心
仲間
完全
今月
表情
解消
事情
結構
日経
第一
配送
男性
観察
得意
停止
合格
工夫
支配
出品
過言
受信
作業
制限
不足
高校
公式
出発
現実
配布
氏名
識別
予告
生産
利益
数字
確信
昨年
上部
再現
運転
事業
類似
図表
左右
授業
弁当
取引
育成
理想
支給
固定
正直
無断
辞書
表記
公共
目安
製作
教養
個別
好評
卒業
身体
実績
通常
確定
出前
去年
意外
保有
休日
修理
快適
健全
最適
今度
多数
当日
演出
地名
祝日
太陽
休業
先週
交付
移行
土産
外部
限界
入荷
政令
出場
文化
会話
万全
追求
来年
解放
加工
何故
交流
前日
関西
老人
組織
速報
本社
市民
建物
食材
必死
自動
発明
加入
国民
見解
上手
由来
所有
来場
悪化
書店
売買
送付
半角
事故
散歩
全文
空間
無事
電子
用語
業務
投資
定義
期間
身近
有無
法令
夢中
検出
面白
本気
勝利
連想
予感
結局
加算
査定
講演
一年
当院
何回
通過
成果
再生
不要
結成
体調
確実
入院
倉庫
文句
布団
再度
銀行
何卒
運用
九州
目次
軽減
予算
再開
定着
規約
交通
職員
費用
程度
追記
主要
先日
出現
愛用
制定
反省
予測
進行
余談
絵本
特別
準用
適当
検査
中身
地点
特典
相場
古本
測定
平和
基点
入札
周囲
決意
信用
入会
動作
講師
美人
現地
勇気
業界
能力
進化
福岡
一方
次第
前回
短期
題材
加減
保険
見事
町名
貸家
手元
連動
神社
感覚
手紙
手帳
本書
物語
分野
算出
重複
方向
殺害
形式
小物
本来
会議
品質
戦争
世話
現場
新刊
出産
予防
事務
計上
単語
実家
事態
科学
運行
統一
直面
業種
出張
通信
正解
投入
重点
教室
保持
日中
社長
活発
機器
大勢
選出
出店
主体
自覚
本作
芸能
統計
手術
宮崎
文具
野菜
育児
通用
作者
起算
配合
一目
事例
毎年
採点
連続
要素
検定
正常
受験
和食
主流
空港
各社
完売
発達
経由
持参
一歩
開放
意向
生成
入学
進学
一種
飲料
一定
建立
加筆
風景
独立
転用
全力
任意
発足
変動
件数
一例
何事
中断
買取
付属
復元
合意
検証
最寄
進出
細心
午後
冷静
素直
王国
定番
千葉
着物
香水
新設
生息
新型
適正
動物
生徒
職場
選手
市長
配達
梅雨
第二
日刊
荷物
順調
親切
工具
夕方
日常
音声
漢字
建築
適合
店内
新年
余計
大量
高速
一生
薬局
相性
一見
生命
順位
解明
日付
商標
雑貨
集計
大会
手配
基調
特性
起動
定評
工事
常識
団体
現代
文庫
可決
公園
受講
招待
埼玉
四国
真似
原料
義務
前述
選定
性格
祝福
家具
開業
実態
東海
入金
出典
完備
定員
材料
不快
輸入
伝説
観点
飲食
特設
店側
市場
最悪
有料
平日
人材
電気
日程
墓地
任命
手間
半分
気配
構造
回転
混雑
仕様
明治
体感
賛成
発覚
運命
中学
屋根
区分
多大
真実
統合
戸建
意図
花見
番号
提起
数年
医学
議長
景色
習得
協議
命名
観測
公演
当地
息子
国際
店頭
何時
転送
徒然
行使
意思
例外
職務
破損
起因
当選
原作
徒歩
場面
何者
不満
急増
所持
一面
格好
服用
眼科
正式
複雑
下手
北陸
悲鳴
順番
気合
告白
神戸
外観
光景
台風
満開
愛知
東北
性別
買物
着用
選挙
余地
加速
伝統
合流
答弁
変身
省令
着手
本屋
流行
自殺
阪神
帰国
態度
商談
昭和
実物
中元
好感
実力
間近
安置
児童
本年
広場
動向
館内
代金
共感
仮定
女子
大手
飼育
手軽
制服
名所
日曜
早速
税金
気温
工場
昼食
地位
一回
朝食
勝負
円高
面積
現金
応用
版元
的確
前面
一望
前後
兵庫
焼肉
部員
付着
花火
制度
同社
総務
食感
点在
作用
最強
対戦
全角
滋賀
客室
少年
判決
規制
天候
修行
自負
業者
店長
断念
提唱
判定
和書
運動
返金
平気
天使
周知
今朝
意義
目前
一丸
土曜
電化
大半
最長
消費
移住
実験
赤旗
時空
多発
念頭
正当
絶賛
夕食
急速
初期
用事
研修
調和
賛同
伝授
事由
自社
流通
同行
個室
改良
考案
指名
新品
重大
待機
中央
政府
寄付
表紙
明示
青空
防犯
広島
一員
味方
満面
入居
週末
親身
具合
同居
合間
告知
配属
節約
個性
強制
会長
起用
都内
行政
留学
地方
書類
道路
調節
見積
救急
集約
手順
週刊
分解
達人
世代
内科
職歴
奈良
要件
原点
有利
録画
特価
標高
野球
性質
静岡
再建
精通
要因
増大
永遠
毎度
本質
曜日
業績
各地
不幸
第三
効力
夜景
油断
県内
人数
命令
絶大
録音
文書
標準
国境
混在
改造
返答
後半
照合
平成
短大
米国
規程
居住
田舎
多様
出土
問屋
復帰
夜中
入社
再会
未然
何物
教会
内定
断言
故意
証言
落札
両立
良好
地上
行列
予報
本音
全然
帰省
上演
信号
列車
付加
記号
放出
実情
一堂
講義
試験
先行
出力
財布
苦笑
役目
主婦
多少
最低
近年
借金
高額
上限
選任
下限
悪口
苦戦
一同
新潟
観戦
体制
最中
分布
多用
都市
損失
素人
解散
自立
備考
不正
楽器
算定
科目
日当
謝罪
議決
断然
不便
少女
産業
成績
貯金
清潔
明言
親子
世間
差別
米屋
暗殺
精神
特筆
間取
前条
全員
来週
物流
岡山
園芸
発想
行方
右上
信州
当初
特色
代行
成分
食堂
開花
一眼
武器
独断
岩手
発動
実在
無限
正義
二重
直前
付近
一線
書式
民宿
着目
合計
青春
才能
植物
読書
年配
長崎
楽曲
両手
行事
実証
鉄道
思想
正体
頭皮
決勝
登山
面接
機種
不可
完結
神様
図版
本名
風味
民主
不備
多分
心身
発注
幸福
所定
開通
改変
記法
留意
感情
駅別
一変
真夏
訓練
単発
自在
岐阜
入場
習慣
四季
強要
多額
手法
古書
得体
直送
愛情
大型
道具
出題
連結
様相
毎週
外科
下落
有益
考察
整体
追放
今見
終始
圧力
一本
未定
逆転
流出
率直
分身
限度
高度
広報
連発
案件
足元
続出
利点
挙句
味覚
本物
対立
直近
切手
自生
混同
課税
協働
言語
戦後
単位
半年
山形
新車
王様
分散
町長
役員
定食
持続
作曲
愛犬
直結
博士
照会
上位
月日
大地
複写
今夜
切断
万一
効能
根底
名言
芸術
明白
広大
大分
体力
九条
独特
集合
当分
中間
図面
社寺
低迷
浴衣
主役
委員
部落
出資
通学
福井
訓令
産地
死去
可愛
接近
生計
解体
正面
物質
回数
天国
三人
食育
大別
欠落
神経
熱心
一品
日数
犯罪
資金
近代
強力
開講
帰路
集団
保全
横目
熊本
進歩
都会
停車
県外
休止
参戦
調理
年末
連休
身長
養成
関節
理念
議題
整形
総会
共同
採取
右記
財産
現象
進路
人目
輸出
提言
編成
情熱
数量
適応
多岐
学者
受理
配備
機械
高級
文中
決心
死者
乗車
首相
何日
愛車
天才
過失
同等
天空
申出
編入
起点
助成
増進
両方
資産
迷子
赤毛
下車
意志
投下
人形
深夜
説得
住民
同店
星空
分断
社員
反発
主人
格別
事典
出番
所在
容量
成約
駅近
題名
使命
長期
後者
例年
最短
店員
愛読
境内
国家
絵画
一説
待望
走行
風情
合成
愛媛
一角
自民
戦場
残業
一世
表面
共演
角度
欠品
加圧
極上
空室
大目
極意
農業
作動
接客
寺院
香港
街中
赤字
散見
調達
建造
移植
何倍
新作
売地
農家
浴室
委任
着実
標的
大正
記者
原告
運勢
低減
姉妹
和風
養子
右側
打破
作家
法規
墓石
横行
主眼
紙面
陽気
来日
空白
矢印
国語
集結
宮城
結合
来院
一夜
毛皮
試算
混入
暑中
原案
許容
道重
血液
来館
現役
往復
決断
栄養
教授
上質
原文
小麦
立地
功績
三重
分岐
洋食
要約
佐賀
遠方
飲酒
評点
商売
各国
発令
会計
上司
人事
徳島
体内
発刊
各課
以内
採決
角川
形状
上陸
通貨
今作
数日
計測
作製
全身
社名
改定
救出
経路
会談
真相
公言
終結
断定
適法
負荷
黒丸
千年
秋田
心理
国会
古代
鳥類
暗示
議会
演技
決議
白銀
書評
羽目
石川
性能
形態
手続
信長
方式
教師
天災
任期
男女
公立
時事
熱中
給料
水曜
百聞
定率
弟子
連行
以来
生地
書面
主題
当方
週間
防災
夢見
両親
土佐
総額
富山
三井
本件
勇者
移築
血行
左側
早目
協会
雑談
相続
洋服
議員
支店
人種
賞品
虫歯
法則
保守
助長
長年
過程
告示
復刊
民族
仕業
標識
旅先
絶品
運送
父親
院内
女神
比例
原付
主演
福島
群生
週休
高台
初版
定額
七夕
皮肉
反逆
支出
体重
文学
幸運
自体
小雨
実費
金色
資本
左記
競売
右折
電波
気長
後世
目線
体質
精進
流用
朝日
絶景
出身
上下
災害
支度
本市
入賞
見当
強行
会見
側面
上場
停電
定年
集客
門地
必見
仮面
好意
社説
日産
改行
素晴
急務
左折
眼鏡
地面
決着
午前
容器
大雨
大豆
同時
和洋
制約
留守
美白
東西
人文
欠点
水気
不服
一読
他店
改名
物事
上述
労働
名店
新緑
入口
切開
身軽
有用
保健
志望
神話
決算
土台
生業
国立
確約
水分
生協
花屋
家主
苦情
社外
入店
内包
人口
博多
同条
七人
他社
注力
各自
美味
指圧
県民
栃木
夫婦
会合
観客
解禁
絶望
余念
近鉄
列挙
声明
新書
在住
倍率
大声
特許
本品
同課
立証
図書
松竹
悪用
夏旅
燃油
群馬
初日
指標
連日
日課
英国
本家
二度
長野
課金
総力
起業
初回
種別
部類
全集
転落
幹事
一票
流石
加味
測位
前号
競争
算入
責務
高知
洋画
学区
他者
絶版
全室
点灯
小売
特選
口調
朝刊
交差
何本
青森
満天
合体
注入
物心
半減
死体
当館
番地
先制
戦略
同表
期限
地酒
水着
無線
工芸
良品
足湯
未知
逆手
交際
司会
神道
人質
平均
病状
女医
減額
生育
右下
転校
暴行
好調
特長
数人
親交
入室
山口
本業
角地
信念
効率
初音
常備
本校
月別
動員
山積
農薬
学会
名物
素顔
全面
小児
結集
二階
不利
同点
店主
参画
都心
登記
香川
母親
直感
金利
給食
意地
右手
日時
一手
気候
外灯
件名
年月
犯人
住人
外交
清水
安静
家中
百年
航空
人類
学科
業態
仏教
活気
一挙
別人
自作
不当
長文
後日
健在
出庫
修復
移設
損保
適度
白鳥
毎月
築浅
前記
移管
大笑
数回
二年
人体
物色
思考
三度
地歴
学研
告発
取消
何位
判別
洋楽
島根
人達
辞典
放流
一口
包囲
一点
男子
一助
招集
通告
倍増
入所
歴任
便乗
究極
通院
部活
手前
北東
財務
景観
来月
発音
参入
曲名
察知
機関
早急
助言
開店
感化
同席
売上
原理
夕刊
月刊
丁目
月曜
作文
一新
部門
一時
単品
成人
林道
調印
茨城
知事
温度
生物
境界
本題
上野
有力
不動
点検
一発
世辞
余分
消失
軍配
社内
今何
残暑
本場
全開
車両
酒類
天神
時価
借入
手足
修得
地区
本体
最速
用法
経年
坂道
黄色
初夏
絶句
火災
土日
金曜
景気
真価
年表
消化
演歌
晴天
建学
外国
病名
地理
上京
底本
書名
顔色
何分
食器
一流
打開
本案
手話
人妻
台頭
共生
照明
辞任
代弁
受取
北部
以後
平行
本紙
賞賛
道場
土用
運輸
読売
目印
満席
借家
一報
入浴
出口
不在
前進
台場
過度
挙行
下着
放題
知人
主導
改札
各週
長男
左手
絶好
後述
解任
港区
気楽
初心
配設
平素
健勝
思案
学部
子宮
都度
武士
筆者
各店
続行
一連
申告
各氏
校正
真心
部位
体現
合算
物理
長所
土木
所得
前者
防衛
想起
好天
経歴
魚屋
外見
出先
用紙
代用
対比
南部
職人
失望
移送
受領
雨天
保育
始末
上品
直後
受給
判然
大差
田中
同情
下山
代引
車検
対決
駅前
公明
寄生
百合
落下
法事
子犬
部品
節目
自愛
復旧
歌声
復興
包丁
開運
羽田
同号
洋書
心得
通路
白黒
前半
番目
平然
営利
産学
家事
両者
一石
下見
見本
母体
参列
暴力
単独
速読
消去
夕日
一通
百害
最終
副業
白羽
早朝
小社
本番
教員
半額
一身
比重
変形
横断
何重
号給
上海
品種
等級
予断
一周
貸切
活力
天井
会館
志向
内側
歴然
救助
同名
賞味
家計
接待
昨夜
式場
検挙
借主
火事
伝達
近辺
開局
失念
本店
通園
市内
北京
戦国
集積
志村
応対
道順
造成
反転
母校
比率
三世
快挙
速水
旅宿
教材
一転
出動
外構
弱火
台所
一因
川崎
領土
三種
流入
民間
前年
北区
本館
酒屋
転売
散在
昼夜
下部
清栄
発散
悪意
国産
前身
対話
的中
不覚
中立
字路
住戸
全品
同期
名作
北上
夜空
挙式
官報
実務
対談
焼失
開館
算数
学力
戦死
部下
商業
赤坂
宿場
子孫
点心
下図
二手
赤西
体育
一息
産物
無茶
福屋
室内
同乗
矢先
近場
水準
一節
構想
神官
得感
兄弟
不育
北側
取付
実用
起立
名曲
商材
化学
受注
競馬
公告
本州
日光
内部
鳥居
教訓
議事
三年
貧富
技能
試読
毎回
中略
一件
百式
採集
力説
属性
迷宮
歴代
数分
熱意
郡名
保養
投信
街力
文芸
見物
天然
永久
前世
名義
開演
東大
制止
予期
上達
典型
先手
標語
空想
水辺
河川
精度
中部
用量
予言
初演
青年
山梨
所要
数学
対面
女王
老後
人格
人出
寺社
友情
取組
発現
音読
細部
願書
様式
小顔
一列
年季
確率
点等
念願
圧勝
黒人
理科
鹿男
進研
満月
東急
英和
信条
取寄
栄光
愛想
相応
何気
集会
園内
切望
照準
同法
命中
借地
開会
過料
発育
要領
大小
年代
増量
回線
一家
中川
院長
愛着
図示
清明
造営
方達
別名
自明
親友
近道
決行
地形
風水
感服
性的
毎朝
手当
千円
談笑
手札
無言
常温
上表
年額
有事
迷路
美術
当面
公示
美女
意表
目玉
白日
散布
直行
実例
制圧
気象
講習
原型
公正
次条
帯広
最良
地下
殺人
送達
食後
改築
他界
禁物
親指
学位
良質
漢方
中年
気絶
数倍
米軍
終戦
新調
師事
協賛
流山
食店
混合
改修
身分
統治
外出
日清
大根
家屋
各界
山本
車種
通例
運航
未満
確固
争点
酸味
年号
質屋
県境
商用
居城
同人
連番
英数
各園
合宿
何様
中秋
先見
人名
折角
力点
血流
月額
鉱物
演芸
試食
物議
快勝
名医
犯行
列島
別物
火山
食料
海上
燃焼
二軍
昨今
交代
電報
手先
耳元
二次
風化
神職
満室
無実
一台
小鳥
宿題
功名
商社
転向
公務
変色
無罪
宮日
築年
北国
静止
戦前
事案
手中
産科
電力
仏具
足音
今気
歯類
水中
解約
地道
具備
宿命
今目
北米
全米
飛来
祭事
行内
事後
流布
軽食
大字
未読
根幹
返送
観念
対等
一味
熱気
野望
主食
配当
感知
悪夢
正規
最小
勢力
早期
水木
買得
方言
総理
数名
後味
心境
入用
東部
教示
星海
重箱
増設
木立
元町
宿種
用心
内見
住基
完食
万円
街道
電池
暴走
留置
赤鼻
製薬
近接
年度
天下
詩人
月間
一応
東日
筆頭
今号
風土
心地
楽待
次号
主力
発案
合唱
西側
同紙
無数
共用
新卒
和解
不測
社民
後進
岡村
高配
実話
給付
毛頭
防水
入門
産経
年金
二味
第四
逆行
入歯
防音
再発
竹島
多幸
水道
花束
女心
無職
競技
整然
速度
興信
再任
街桜
転入
小屋
神田
南東
南下
一行
信徒
山崎
芸人
仮説
養育
遠山
印字
先月
別送
正午
消息
公文
反日
集落
原本
時候
面談
開校
文例
何色
市区
工程
同会
地番
悪者
強固
付帯
総研
風来
食塩
始発
声活
松子
和室
果物
気持
交配
本学
山新
区間
直進
四球
差額
梅田
出船
金賞
用例
氷山
新種
新橋
熱海
語学
言動
南側
小林
薬事
二分
売主
名残
機体
夢隊
元本
通話
通行
目頭
本意
組立
通関
熱戦
貸借
西区
法務
口実
外側
結末
半生
他県
雑然
学院
和式
石油
冬型
太古
製法
海辺
同然
当科
課程
空色
王子
十年
先決
炭火
中火
南西
十勝
白馬
検知
連立
悪評
同調
赤色
代物
大和
悪質
放牧
品川
反感
下水
学費
本部
熱望
市政
下表
在学
所見
感性
好物
条文
節分
定価
金属
今半
一服
判例
足手
人前
本会
元来
貸出
東側
苦言
古典
寄進
開場
順序
有罪
小耳
極道
進入
不用
相葉
続発
多量
手本
常連
組合
地価
経費
本格
入試
下味
加熱
愛飲
近世
所管
前期
口元
言明
市部
前作
合図
快晴
付記
命運
財政
行頭
宮部
居候
指数
南区
増築
路上
大体
線引
余程
手際
重量
便所
高温
配列
長岡
伝送
保留
粉末
初見
千里
里山
資質
九死
正気
新子
配付
線上
待受
乗船
経理
量産
流星
直筆
登校
新米
売店
人財
三文
鏡音
中日
続編
日編
間接
松山
大賞
法的
同日
心血
夕飯
精製
散会
歌手
試着
和英
落選
損金
小人
音質
競合
上流
全焼
六月
林立
三陸
後場
在職
鉄板
出走
地味
築城
一階
配管
童話
後手
先述
高橋
所以
風習
強風
答申
読物
画材
着服
方面
任務
外食
税率
健保
小牧
無知
発電
築造
先導
反旗
話数
建機
香料
悪寒
必読
協同
外来
新法
浅草
現行
不良
一語
型式
料率
上着
音色
声高
電停
日立
三輪
眼下
牧場
白紙
愛人
大方
鳥取
下線
湯水
小口
一任
日別
必然
中野
不意
西友
死後
銅像
一戦
式典
手芸
時給
悪気
根本
黄金
理事
特養
単身
始動
予選
本県
松本
敗北
次男
修業
五感
行者
内外
内在
協定
化石
空手
不調
一条
少量
残高
一位
例示
表内
府中
酒場
工法
万里
屋号
音頭
適量
北西
全戸
公平
間際
屋外
一国
落語
連中
人参
赤線
満車
安易
牛肉
規格
三方
緑色
英日
左上
冷製
祭日
年間
下宿
二足
断固
調製
民法
発赤
目先
星様
血相
高価
輸送
本領
害虫
気心
公約
加護
風上
信教
出向
昼間
主文
増強
野口
用命
五輪
各駅
金運
方角
関知
野鳥
着陸
二倍
通算
反戦
血圧
知見
薬用
燃料
何千
府令
産声
役務
室数
阪急
試作
国道
回想
重音
花王
当園
薬草
型番
高卒
入園
先人
題別
東証
機構
血眼
知育
着任
破格
同氏
順次
光栄
神具
月数
軽量
西部
初耳
別表
医薬
中京
公的
造園
治安
受章
精査
生足
本数
大輪
短信
技法
三月
川島
植木
体得
期末
文明
土工
球場
区画
礼節
発火
建国
屋台
先代
氷屋
後期
実印
着想
名手
労力
南北
反故
弱点
方位
夜間
文責
器材
決死
右図
同化
労務
山道
同義
接着
寺伝
司法
報知
積雪
主観
新宮
白衣
機運
発毛
町田
係留
本田
空席
国営
大台
品番
味見
発進
貧血
均整
均等
試練
死角
配分
指先
再録
緑茶
産出
集成
分配
主菜
特技
無礼
築地
細工
古都
演説
足場
新居
富士
入港
歩道
条数
少子
自他
予習
民家
質素
先物
機材
天職
学歴
火星
活魚
暴言
有様
今治
鼻水
祝辞
祖母
昔話
着工
雑費
国政
好演
広義
発熱
無用
逆説
重用
県下
左図
線香
次代
明細
英文
利家
行進
五年
発布
残留
資材
無休
公然
包帯
祭神
紀行
家臣
本能
出世
下関
団長
首長
里親
全容
中世
木造
歩調
欠損
同局
作中
四方
庭園
独島
上告
極力
肉体
名湯
副菜
同省
悪運
線路
海法
河村
査読
上田
説教
駅駅
下火
増減
他方
格差
雨音
道標
構図
雨雲
羽根
大臣
日父
二方
黒部
山海
祖父
永住
金星
政界
毛布
季語
山行
基地
中島
横田
軽快
選別
弱気
解答
北遠
強大
快方
一興
心中
小型
果報
器具
同定
岩波
銀河
海岸
左下
品性
未見
対極
四月
万能
備品
武力
弁明
立川
低温
発着
着信
元手
父母
一号
平等
菜月
必定
庭木
入部
衣服
熱唱
死神
東区
口数
数秒
特例
男達
奈落
楽得
入団
県別
電流
社伝
敗戦
品切
増額
定説
金員
暗号
者達
能登
形容
時差
大宮
約件
勝敗
加賀
上空
第九
最期
寒空
急変
常用
日高
出火
使役
大志
均一
家路
要職
末日
曲目
同校
旧型
親族
屋内
火気
連帯
転機
千代
熱湯
再燃
再興
東洋
首都
一室
女多
結切
院名
絵的
不評
民話
仏像
安住
口火
大家
書庫
過信
知財
点字
今観
福山
友近
出血
用件
発車
梅宮
支社
定期
死人
実習
月末
何台
複合
別条
路地
一休
果実
急登
上程
白地
談話
大鹿
時流
三男
禁断
氷風
増水
自衛
法案
期日
調教
防人
産直
茶葉
判示
号泣
岐路
薬指
全板
世帯
細道
選考
送検
転写
観月
次会
花茶
急落
花粉
大木
平易
子達
格言
生死
損益
具材
道楽
鉄子
出馬
滋養
減量
雑記
保元
適職
行楽
大雪
十代
生身
公職
祖国
義理
雑感
教科
価額
洋風
燃費
新芽
歯肉
修整
年上
銀色
山菜
製本
無残
森林
航行
得点
新店
筆順
用具
首席
面会
医科
日前
上図
太字
略歴
過大
事気
護衛
育毛
辞表
仮名
中小
輸血
夜桜
非業
合同
人手
欠席
食費
定住
佐天
学年
有害
断行
個数
天命
短編
万病
新語
保身
清流
天文
井上
利口
例会
西野
対岸
初物
名順
雑草
在日
次走
交点
文頭
植林
同士
四葉
今来
必着
益金
来校
編曲
一次
日銀
苦虫
金麦
複眼
境地
男湯
笑点
別紙
月給
仕草
植毛
少林
薬店
同額
重体
口車
国連
伝来
街角
例文
後編
情景
小首
故人
世相
下町
現物
住居
有数
局面
発出
洋室
寄席
他国
浴用
里田
実演
兵士
増長
丁度
市制
借景
子分
良貨
糸目
旧法
率先
王道
採算
数順
会務
酒味
安倍
兆候
好適
味的
冬季
夏期
手引
転記
置物
事象
石橋
買上
中庭
復習
入庫
長門
常設
飲茶
長居
生体
金子
転移
愛国
着地
全駅
実益
河童
明石
白熱
挙手
両側
同市
商店
財団
城主
同作
白雪
西洋
外伝
放火
遊学
農村
福北
天野
階数
練馬
名勝
参道
米粉
森田
手形
箱根
薬楽
観賞
王手
墓所
六感
母子
外字
基因
住信
全農
黒川
税別
設営
中村
画質
塩分
中東
運気
和歌
字型
大気
整地
木製
商号
目深
西岡
城本
下位
全編
通説
産生
良識
打設
朝目
前節
良心
着後
新春
紙版
白菜
不通
眼前
厚意
県政
頭角
湯島
代謝
役所
急所
浴場
何件
手塩
丁重
国市
長井
出鼻
頭悪
悲願
動転
陽性
第五
表中
不能
堂内
少数
今季
開基
冷水
血管
平静
再選
酸化
健食
条約
元祖
車内
安政
体型
肥料
情勢
名告
力強
本性
有志
京王
能開
農地
立木
全組
主夫
石田
民度
類語
西村
出生
身元
気功
美空
中検
島式
発光
毒殺
無力
秒刊
体格
希求
要所
世紀
日母
車道
慣例
万葉
今風
美食
汽車
県名
理容
百人
小西
義歯
湯船
終売
長島
学長
文体
横顔
大化
羽入
老眼
井戸
北前
有明
火天
薬効
酒店
木材
水橋
高町
口大
温湯
主義
国別
時分
駅街
力量
岡田
仕入
国旗
本編
十人
門出
校長
引率
天安
流水
特売
心情
乗客
花輪
賛美
水虫
各校
苦心
法要
縄文
八戸
公営
弱者
大陸
文人
登用
大空
百代
法相
列記
後学
未練
人民
明暗
益益
一様
失意
属国
初級
功罪
人脈
局室
三牧
遊久
半日
村長
底力
養生
品名
決戦
満員
美男
食道
申立
青字
別居
残金
病態
車輪
前編
共産
文脈
小生
童心
官位
在留
本機
英字
神主
室長
支局
衛星
親元
続投
改編
軍隊
春名
本堂
美化
大森
目上
百薬
真矢
一児
熱愛
進言
改悪
乗用
一画
公算
国益
年式
試乗
空路
走路
日祝
大竹
洋式
関内
連合
通夜
好転
天地
遊星
追走
単式
真意
野生
店用
無人
来社
祖先
開山
号外
減税
季刊
返用
接種
名人
重荷
転居
図解
小田
指輪
正月
辺見
移民
三日
冬場
前夜
厚木
食用
水草
万死
鳴門
水産
比定
次元
薬品
通念
造形
出港
手玉
何個
飛行
化身
天体
今出
暴挙
予見
火曜
追究
半期
一役
竹内
汽笛
初戦
肉眼
出願
両面
昼時
春分
豊水
中区
目黒
開湯
父様
死守
本等
二日
快感
古湯
帰化
日田
名産
入国
板別
他聞
何実
養女
電機
湯元
悪人
立夏
体外
始期
初午
不徳
苦楽
増刷
基数
取集
着色
年内
前月
名目
谷氏
矢切
番茶
武道
人工
殺気
一輪
売春
習性
大挙
同種
欠員
羽音
屋上
採録
留保
黒字
記帳
古崎
実像
標記
愛子
破産
入線
下方
血中
法話
役者
正統
無形
好走
手近
辞意
物産
口中
北総
大塩
過客
適性
安芸
重度
出社
何点
二物
不発
長女
来園
十字
漁夫
竹田
市原
話的
南京
潔白
同県
広川
何見
構文
国害
気力
青色
名山
強火
移入
七草
一首
市東
別状
非情
放言
現職
実生
森崎
白人
暴風
直線
生薬
加給
熱演
往来
夏場
人知
後方
短所
礼法
衛生
十三
貧弱
夏子
今夏
先祖
指向
旗旗
筆談
配車
利害
休職
相殺
色素
給湯
野村
歌人
自責
朝顔
早産
知覚
山門
悪心
開園
大羊
急死
松永
破門
寒中
熊野
他意
史実
曲線
注記
横領
指南
養牛
先客
青梅
実質
横丁
原画
三角
県立
板金
全件
内税
水色
桜台
発色
小島
知的
利便
大泣
山上
水平
頭金
旧居
関羽
孫子
広州
減数
一族
町制
白玉
謝礼
通帳
時評
薬害
英検
別所
電通
係員
二乗
清算
花畑
学園
青木
自主
門限
台数
南口
病死
湯茶
気学
楽園
真理
成形
戦隊
温水
年下
短歌
遠目
可燃
石綿
住器
人居
他愛
信任
一級
問合
入選
原産
志士
白山
三本
毎号
炭酸
海事
東横
福音
無印
出頭
宿名
発芽
共鳴
乗馬
死語
逆算
迷信
版旅
領主
勝者
無題
有機
小川
春先
別館
名実
母語
同感
自伝
神軍
体温
町史
前出
黒木
角館
語句
両氏
西院
君達
漢検
間口
夏祭
時下
面識
罪人
材質
松戸
三色
木綿
千億
仮想
田子
小便
思料
大通
幹部
校舎
進物
山田
和則
水牛
大船
身内
白河
出光
老兵
増田
試行
引導
十二
本章
四人
学内
入念
田口
国等
有望
係属
外人
失神
回遊
塩化
単調
五木
題目
定植
破局
金物
大曲
気品
法学
両岸
残席
車名
神事
船宿
備後
電器
逆走
術中
周遊
減損
五本
星人
検察
一礼
付録
貸主
単価
昼飯
氷川
順当
年分
建材
主筆
夕陽
一月
改組
代理
完治
何名
完敗
幸先
四年
山里
木村
首領
前来
朝夕
風説
伝票
快楽
路頭
有楽
格式
初歩
得編
時短
軍門
音的
赤銅
陸路
応答
同園
曲水
有意
道新
名品
新風
力場
不興
旅人
短命
薬味
寒気
他所
財界
三交
眼中
言説
送金
戦力
領有
成田
特製
流産
法大
英知
村内
工業
村山
市町
国土
土屋
品物
一個
試飲
車体
静養
安西
支点
大橋
学術
太一
敗走
大島
高波
自治
交易
税務
部室
字通
当市
気運
佐川
算式
満点
秋分
名器
女湯
原町
所用
苦境
基金
改題
朝礼
大金
外道
語気
千本
茶色
表決
山野
持分
民団
精選
鳥羽
部会
高松
寺門
足指
終電
失当
暗記
史料
大軍
丸井
得日
知内
牛後
村人
広西
星界
台紙
帰着
湯気
高圧
名水
鉄則
和央
別売
一大
末期
羽化
悪態
店番
三宮
竹林
水深
製図
宿様
何組
成年
出費
無性
公害
悪徳
悪貨
年始
一足
手首
不変
新市
四男
年数
出方
知能
余力
部隊
戦犯
二児
小星
戦中
湯和
本町
根絶
黒帯
血道
一社
確証
引鉄
不断
木目
五山
三村
矢面
極限
独和
来季
行程
青酸
暴動
千鳥
朝市
医道
四万
木何
独身
試査
変質
指令
当行
衣類
水面
深月
守護
女三
語義
大使
十九
周回
公報
少額
金商
三条
高菜
頭上
高熱
内全
交番
毛足
一理
結実
軍服
最前
冬来
同列
赤福
内職
強度
紀州
次表
特有
信義
一曲
安価
三木
日興
原状
近県
会費
付議
笑笑
本報
日神
不平
導線
水性
国友
接点
立案
大業
金型
実状
北方
宮島
田辺
草花
白水
有報
自転
万軍
百円
返上
安打
術前
完走
大王
居酒
天栄
旗印
当会
強打
夏草
機転
海路
川合
表題
墓場
京橋
外注
入隊
二回
手動
平屋
内観
園庭
田町
格付
永山
三点
調定
幹線
酸素
元妻
歩合
必殺
休息
活性
相田
過多
大戦
相鉄
特訓
検品
別府
新曲
橋本
伝記
八代
赤玉
白書
立秋
文永
地質
勝率
一命
京焼
個体
口福
動的
議場
婦人
社屋
万感
連綿
命日
中経
産休
見栄
器官
新人
病後
必勝
会得
水上
神楽
当代
深化
共助
助力
大仏
大坂
大好
応分
何着
貿易
足下
法文
青葉
夕空
山林
関白
金魚
木気
荷台
全仏
軍勢
今時
味岡
固形
一一
建武
読解
愛好
良薬
一文
無念
国力
破竹
根城
前菜
全社
一秒
上気
第六
明光
王家
北風
直立
通達
園児
本院
知立
区政
林業
新薬
昔日
用達
風雨
旧所
機序
保安
体気
船上
目録
接道
千早
室温
登美
小道
軽老
目下
宿海
短報
小雪
新色
青地
町村
五人
緑字
枝豆
日和
快速
外箱
米村
機内
見所
円貨
新生
箱代
小野
総菜
毛虫
電王
喜八
物価
流木
字屋
薬院
多色
定規
真岡
数的
飛鳥
新広
出金
書物
三進
両輪
参上
景品
強運
福神
山間
人見
内野
岡崎
気弱
伝家
手指
美名
白目
強引
雑学
春日
鼻歌
漢詩
性病
反則
感電
家内
西宮
君死
関学
分乗
駅長
校歌
祝電
治験
所長
当期
美界
追想
道徳
前職
店様
本園
山札
入本
素性
漁港
標題
入館
演目
極度
局様
立春
教則
遊人
各章
行中
良書
書目
大工
各年
減価
切実
今秋
島田
精米
下側
茶目
居室
何代
公判
階位
組曲
究明
多年
人流
着付
島原
気圧
守備
万人
人的
限局
薬師
同大
飛散
合議
人命
積和
一二
大敗
海南
発作
海老
首位
学芸
人員
態勢
半田
徳市
湯治
防長
球体
雪風
文節
黒島
住職
場名
失格
文面
自害
数百
岩出
体勢
変容
死力
数打
合戦
十一
中水
同月
自国
直登
男声
出雲
羽前
活写
官軍
福博
下地
祭典
分子
水菜
全額
反落
特則
木山
仕度
中井
重心
根暗
石口
固有
朝倉
総出
則武
正木
王朝
河口
千種
人情
各期
中興
反動
長音
漁師
税制
特出
都立
一食
毒素
高山
部局
小字
和佐
数件
松林
火花
主語
左様
百億
駅舎
横手
士気
刷新
一分
学参
乗合
漁船
見出
進度
湯楽
志願
各人
友好
別格
本宮
速達
殺意
安保
静観
鉄人
平治
質感
三田
外付
造語
日子
茶器
空調
因果
暴漢
桜色
旧知
固着
池上
六十
書中
水場
略図
黒服
両国
市営
何社
置場
松田
治子
一帯
益子
表象
駅力
本講
領地
外資
旧名
席次
落着
作戦
木場
口頭
唱歌
古語
二輪
二所
四輪
民意
付設
次週
平安
学級
独走
和服
京進
大山
任売
同賞
井土
末筆
特急
反例
洋館
道内
美楽
夫妻
短文
受容
産交
寄港
弁護
産品
再編
三元
金品
金太
運休
花材
初出
号令
開学
板谷
公団
仏国
水路
漁村
茶道
横道
協業
服務
動議
顔見
古川
山下
川湯
宿一
弁識
話声
失笑
道外
道民
新令
名字
二点
通底
来歴
道央
八月
鳴子
再送
馬車
市立
車高
師走
早耳
中西
土門
町家
矢場
多聞
岩交
車中
増備
雪国
動機
平定
高原
人夢
真綿
引力
同館
好機
帯付
増毛
東山
七年
去勢
村上
辞職
風船
絶命
登園
始祖
肉屋
水戸
枝番
各県
雑多
団地
人里
二本
石炭
女児
半月
祖師
原油
功労
夜市
代品
洋子
番外
実技
栄町
産後
解読
借用
港南
大作
風格
小枝
土肥
立法
久遠
高倉
円安
不全
色調
県勢
頭目
天望
無音
配流
遠足
週次
精算
何味
親本
下北
破大
適確
町会
数台
一着
禁帯
助手
連名
花音
農協
旗手
持病
港等
季題
信書
出航
路面
貸地
養老
転化
旅本
節度
大群
実作
線画
赤身
低空
葉山
竹炭
南仏
目指
北住
詩歌
西和
特老
犬山
老健
健太
白金
知多
液体
坂間
八雲
査証
大原
信毎
月次
現出
横山
余罪
迷走
四谷
整列
人様
重版
食物
防具
無心
丸山
一関
部長
花林
宮古
同量
古城
酸塩
満身
故事
風雲
民放
満期
民芸
連打
中少
式神
由衣
保坂
仕組
球根
湯古
席種
光輪
孫六
老化
大福
統制
英気
画家
分読
米紙
電動
合点
洋梨
織物
旧字
群落
一宮
半島
夏空
竹宮
北口
波止
野合
犬太
夜長
大辞
使者
焼鳥
水引
中居
本節
年賀
過熱
全館
返付
有松
朝陽
成犬
市電
夏編
城内
西成
作法
当号
照笑
先発
北極
無能
羽毛
花肉
校訓
大口
見仏
帰結
佐武
政争
名刀
地中
古牧
古風
正対
平戸
詩集
馬子
梅園
積算
圧着
再刊
車間
自室
飲用
直島
広電
経発
六法
東方
版非
生月
中和
居所
勝山
月夜
字点
祖院
歯間
名月
道太
素手
日塩
布告
自演
造立
不仲
子規
日英
三枝
夏川
基材
加水
全道
五位
塩原
史代
地場
東武
元号
独日
満福
数社
両耳
宮川
百戦
白星
比準
大海
雑魚
謝辞
曲美
一橋
山鳥
自機
略号
風夏
美徳
軍手
小鼻
個口
受粉
鹿島
数式
手練
宮交
平野
楽習
米側
予知
楽観
特上
合通
軽費
食神
円色
同前
町字
大池
重美
別件
長者
金玉
雑言
転身
城北
草木
周期
青果
大京
素子
住建
大漁
実戦
東原
今一
西内
重文
真田
赤味
羊毛
海男
買主
当所
商法
冷光
重臣
手手
他科
豊橋
祭都
七田
編案
前線
弓道
岐南
年頭
訓示
加点
暗雲
和文
式中
前田
遠州
本種
野人
赤羽
四十
親方
城南
外数
坂路
名声
朝勉
肉労
士業
紙技
利息
期中
母数
快走
減資
容態
当校
暴落
増資
宿湯
湯音
適温
公転
田園
送出
両眼
球界
土器
土等
本流
丸岡
目目
安城
香調
序章
男度
三国
帯上
日給
宮司
真正
旧新
古版
内気
産婦
客先
長編
国技
明大
岸部
葉桜
読谷
一団
公売
美里
入城
村田
酒造
西肥
作風
清遊
肉等
里堂
総説
永田
黒子
服役
残室
大暑
品格
作画
確知
雨情
国中
急行
雑民
覚書
余波
国府
夏来
能楽
中絶
門戸
空母
副題
芸北
波長
十六
各馬
初着
側近
大石
血統
立山
寄金
油絵
真歌
役人
月島
同送
何番
任用
秒速
夏山
一作
助役
日焼
熊日
風森
坂出
消防
子号
末女
金言
直球
実録
宮前
他校
山代
白状
岡三
加温
学遊
空似
氷空
食間
職名
梅皿
石井
町紙
日向
歯学
北九
大勝
駅弁
小町
和田
種田
野原
大卒
英詩
色的
調停
北鉄
支流
予熱
黒地
開眼
厚情
西口
活路
夜愛
本望
無類
急減
開院
要点
成語
証左
山路
薬学
前頭
月下
来夏
太守
史官
慣行
肉質
北天
市税
数個
宮原
銀二
内数
最下
口笛
素行
常例
和名
酒精
主席
宿木
土方
武内
四角
魚肉
花種
美声
火暴
箱館
車上
得度
森川
復職
氷雪
大火
山中
昔心
首記
京終
六価
色紙
石野
帯電
物置
木工
厚手
交信
糸口
前店
老子
春死
和寒
桜井
教習
星弓
書画
二宮
経度
都城
朝一
浅野
七七
一計
同書
番付
通年
七氏
高遠
東口
回付
原宿
種島
花波
点間
測量
議席
船便
板的
必修
花園
人後
鉱業
判事
局長
東月
読破
何百
国生
大書
態様
編組
寒川
長物
新解
戦列
松岡
相生
本号
通風
所期
対向
目星
土星
社交
表右
強弁
歩行
山師
馬場
宿通
大証
整数
輪島
森永
時季
森人
日天
王城
代決
器用
花主
神父
西湖
千人
当番
講要
関税
黒衣
殺助
導出
相反
人問
断絶
耳目
岐部
林試
年一
人等
道東
内心
回帰
地検
部内
仕上
日毎
肥田
終期
回春
今道
取手
一辺
湖面
百万
作出
長栄
天板
遠鉄
区名
中指
編物
崎谷
編者
井手
開口
便可
板長
気球
一丁
独女
余興
楽書
便名
酒気
三空
水城
特大
積読
際気
公用
校則
気味
幸村
岩場
木質
売伝
人魚
牛角
念仏
客席
単話
正覚
高考
早雲
証取
岩田
焼物
今野
類例
高給
大矢
相対
根元
競輪
余熱
三線
当寺
開議
神曲
母方
博徒
内規
自首
当省
母友
果肉
青竹
物音
美品
台東
進士
参集
設問
茶香
市名
別記
対日
近似
木曜
味出
長屋
三時
度数
底部
百五
松井
黒崎
類型
首輪
福利
受益
弓張
日通
水位
画題
静内
独白
南方
性態
能書
宮本
前見
深部
時君
銀様
遠因
昼前
海音
深謝
話芸
勝算
心外
車板
店屋
標柱
損得
発効
素質
小径
白米
山手
丸赤
別子
内角
久美
春風
館長
調味
列伝
者久
外聞
竹中
美川
神等
遠出
新版
町内
名様
過労
町道
桜君
直営
弱虫
由紀
立設
歌星
小話
宿人
減算
石焼
素養
八八
図画
百名
曲面
会期
宿金
所領
黄門
遊佐
内助
心持
飯田
術後
戦記
毛糸
状元
鹿行
福交
敗軍
目白
等長
静的
見地
月宮
一事
文教
関医
室根
油性
保谷
神宮
大物
天平
親愛
宿曜
果無
速記
岡内
直交
業等
天主
男鹿
天女
快気
通所
小中
松島
日森
数本
前略
後門
桜庭
単体
先取
戦意
森氏
田代
在中
直子
波動
一利
夜行
実効
岩崎
当町
母屋
上階
光等
横板
市京
大特
本心
往年
終局
旅春
野辺
戦評
肥満
宿関
長町
永利
小玉
接写
者等
名等
春節
基幹
三春
他局
親日
終日
京方
名札
王者
無地
後宮
高等
雪塩
飯能
特産
大損
風雪
魚種
完品
最愛
早世
勝毎
総意
文言
式辞
徳永
東書
小学
桜子
銀賞
辞世
一組
接戦
糸田
団結
公道
分際
原口
白井
安室
節水
重賞
比良
全馬
多勢
宿松
転院
七鉄
親技
高永
常態
夢色
月見
書道
素案
愛西
受検
高田
何曲
各区
国歌
健人
地頭
語法
有能
高月
公記
七月
野仏
服地
氷解
新地
野外
気位
紙器
身上
役名
全日
識見
香住
図星
道草
半数
時血
農政
心強
事理
新上
余命
大河
取水
予兆
参観
当接
名調
人多
出町
号室
方円
雑味
特船
作庭
細目
白石
地山
熊取
青銅
学名
船長
大田
陽日
結界
赤本
七色
脈略
天音
減弱
使徒
一話
幸楽
両足
湯村
二条
真上
空海
出石
取説
王女
発付
住設
勝数
大名
太刀
体中
都電
山岡
後年
遠望
真赤
血族
悪玉
常勝
夜光
協和
内村
旧令
団子
大罪
休刊
何方
東名
小豆
利休
気道
今着
古賀
赤子
原初
春原
春秋
学外
字音
真打
歌曲
経本
羽織
農林
秋空
河合
同州
気比
義経
夜店
日用
情動
雪道
印加
海自
来所
東進
路程
連係
天重
強気
消印
木像
往時
話帳
屋形
十八
武田
図式
日夜
極東
木星
池田
金庫
対照
何語
調合
小羊
白木
喜多
付勢
登板
会友
極楽
真説
当主
快朝
交戦
順守
残数
初等
宿新
手入
音量
気勢
川田
水田
海側
朝感
天城
平取
書写
県北
総評
水星
出所
読本
内湯
死海
常山
具現
上毛
佐久
別注
空転
画楽
香西
木戸
女史
特日
手相
竹布
直列
形質
証人
北谷
万物
寒風
温室
倍数
青山
湖東
原始
頭重
真顔
特記
修練
群像
同曲
提灯
乗務
農産
会則
根性
生首
竹材
決起
校門
固体
金崎
文法
肥大
梅和
羽生
戸田
健指
修学
天子
五右
福証
花弁
国字
白光
残余
豊田
相馬
早計
豊作
日米
暗門
礼央
花子
保温
造作
里子
守口
紀子
重野
秋味
主管
徳利
表出
造船
外福
緑風
民国
芸名
真昼
九月
回送
風人
分量
立言
重陽
京風
自費
転戦
国保
公印
名文
総数
黒板
鳥見
七志
旅作
肥育
布石
希少
林家
山寺
湯湯
行情
無塩
命式
三十
橋場
素体
上原
勉学
光速
水月
小石
足立
東商
成虫
歌川
町屋
福田
山名
古事
兄様
力作
仏和
教本
粉状
実名
土湯
飯山
弁天
軍備
京大
右足
月様
天山
軍人
利水
月光
本例
追録
生長
正品
北見
向日
興南
財物
共益
校庭
帰港
加久
居館
通読
三次
二部
減速
古馬
手記
五回
日工
貨物
政局
五十
代休
東軍
塩崎
代官
金印
岸家
神去
黒山
欠号
破目
水庭
悪果
演場
札証
結語
両日
実食
野性
春高
信者
馬力
岡本
犬種
山久
順応
選人
理音
原田
管内
厚着
解同
十日
所望
本命
六年
和犬
古希
金城
豊科
隊列
内宮
血脈
野心
外車
北野
宮口
転出
手打
対価
京滋
次月
波導
業火
遠投
今昔
料別
打率
実体
対語
食害
康博
連句
毛利
名鉄
新手
由布
森見
分化
六景
公社
松野
三代
守谷
合羽
服着
玉置
夕景
夏得
完勝
美通
父子
竹八
小声
行幸
回目
単一
今読
有限
受命
丸東
名乗
着順
暗黒
張子
生花
日照
出玉
宿山
節句
星里
先着
可変
造本
判型
草案
親玉
実妹
新旧
赤松
点画
平板
木六
研心
常口
世耕
草書
西武
炭鉱
連語
略語
勉三
頭語
転帰
医業
広東
気付
帳票
協調
電球
多志
三島
秋月
足首
流罪
東川
総量
日医
頭付
生写
和牛
湯一
赤面
小平
参宮
鳴海
独標
境港
梅屋
益城
県土
群青
三名
相関
最古
中級
一代
政経
増刊
付訓
比類
直下
休館
高野
浅間
他市
理学
休会
内服
静音
松葉
暴君
同国
名代
同業
徳重
西条
各板
牧神
神酒
神代
西軍
都営
真冬
所産
変態
祖谷
外周
鼻血
伝言
文京
海運
絵伝
五足
倉田
竹取
極寒
茶山
桜肉
船内
文月
軍命
自走
角質
度量
絶世
老体
角田
焼成
織田
後生
労作
接合
天明
地魚
形的
久本
図副
道南
意気
鼻息
区長
留去
向島
根室
川口
修景
羽島
清里
立件
局前
終点
中原
易経
最多
牧草
五万
夏季
電設
下京
地底
週報
黄河
陽未
大高
国税
鉄分
父方
草型
三面
久賀
品目
練体
静鉄
入道
前示
花実
山地
生家
万引
知力
名門
生態
工学
豊島
南極
精油
者様
氷上
知花
減益
声楽
香風
競泳
海洋
打線
門前
競演
原書
春香
飼主
極言
分速
定数
前給
芸大
城下
天上
豊中
連理
店先
旅路
卒園
小神
秋葉
夫板
代入
金満
中里
志賀
本賞
水運
中型
石黒
図略
電人
二役
天保
死因
親父
護神
各道
深川
講読
古着
玉子
戦勝
愛花
札所
極真
示談
真逆
旧道
古参
両性
下野
色味
貸付
多重
有野
山旅
矢板
公家
室料
魚一
相川
肉厚
中田
名画
夢想
遠野
前例
失禁
不潔
仏事
役場
名宿
本問
本図
留言
落合
門野
読人
法定
約定
物品
大成
無精
祝典
人選
赤心
北限
同隊
通期
毒気
波頭
通商
弟分
等価
河内
住友
書生
清村
外信
極選
事何
解毒
春菜
生島
白湯
今池
安土
家出
指宿
時効
毛毛
陽毛
原形
正室
中海
水出
葉酸
光久
町民
七里
家老
八男
令達
欠失
犬用
逆流
旧作
急病
演習
鉄線
合金
行基
館山
用土
着生
不信
百度
井出
日進
水銀
美湯
宮井
広重
寺田
調布
天照
放心
減便
失効
消毒
化物
電送
点火
牧師
建具
福生
重刷
実母
話出
週日
南米
歯周
鉄粉
成都
心旅
海女
宿季
七味
三回
千堂
対馬
議院
車線
額等
十七
古来
天宿