場合
情報
必要
利用
表示
自分
紹介
掲載
記事
検索
商品
使用
登録
最近
今日
写真
確認
参加
詳細
提供
出来
問題
投稿
日本
以下
地図
変更
開催
時間
入力
関連
対応
画像
賃貸
内容
質問
購入
意見
最新
意味
無料
選択
期待
参考
仕事
希望
中心
設定
一緒
現在
物件
追加
理解
説明
可能
一覧
携帯
存在
注文
条件
実施
規定
指定
言葉
住所
大切
用意
目的
人気
発表
気軽
作成
周辺
予約
名前
今回
電話
販売
地域
興味
応援
簡単
記載
関係
発生
先頭
注目
今年
評価
世界
全国
生活
一人
広告
安心
削除
連絡
一部
終了
病院
相談
更新
公開
話題
会員
友達
判断
報告
責任
影響
注意
部屋
回答
予定
機能
実際
実現
下記
対象
検討
当社
大変
求人
状態
発見
設置
本文
子供
皆様
非常
結果
仕方
店舗
送信
心配
案内
重要
過去
該当
運営
状況
転職
東京
作品
編集
協力
勉強
何度
健康
開発
経験
移動
最後
動画
大事
原因
感想
指摘
開始
二人
保証
展開
適用
文字
場所
活動
会社
決定
無理
登場
感謝
旅行
施設
有効
今後
以上
中古
禁止
記憶
価格
様子
充実
上記
取得
理由
昨日
採用
募集
最初
企業
残念
発売
方法
便利
機会
発送
成功
送料
活躍
承認
宿泊
保存
表現
提出
土地
女性
比較
映画
予想
元気
撮影
返品
料理
日記
変化
項目
想像
学校
新着
活用
帰属
当然
一度
在庫
提案
時代
新築
効果
明日
天気
解決
同意
豊富
自然
部分
構成
体験
確保
雑誌
十分
投票
保護
相手
反映
準備
是非
参照
特徴
大人
迷惑
閲覧
担当
観光
自由
拡大
完成
環境
個人
普通
向上
展示
修正
特集
失敗
読者
事前
導入
負担
支援
位置
放送
記入
交換
楽天
逮捕
人間
調査
家族
歴史
管理
返信
一致
感動
形成
本当
満足
食事
整備
結婚
料金
印象
了承
直接
安全
認識
要望
指導
気分
到着
文章
研究
季節
邪魔
転載
発行
記録
一日
成長
有名
音楽
時期
自信
努力
沿線
維持
発展
本日
意識
派遣
主張
事実
解除
応募
配信
特定
無効
適切
通知
収録
美容
正確
疑問
解説
改善
法律
一切
自身
発揮
依頼
否定
一番
失礼
練習
出演
当店
魅力
用品
毎日
推進
新規
受付
大阪
攻撃
店名
旅館
社会
実感
医療
不安
挑戦
趣味
時計
獲得
全部
考慮
治療
約束
以前
著者
印刷
映像
種類
製造
許可
英語
困難
保管
設立
違反
京都
計画
絶対
演劇
納得
彼女
複数
地元
本人
家電
成立
増加
営業
施行
通販
引用
達成
近所
資格
都合
中国
番組
路線
評判
不明
素敵
要求
複製
画面
貢献
以外
先生
集中
改正
敷金
返事
税込
一体
馬鹿
実行
目標
通報
人生
次回
大学
無視
独自
計算
役割
誕生
行動
最高
舞台
温泉
証明
関心
風呂
把握
立場
発言
批判
試合
何人
請求
制作
移転
沖縄
教育
勝手
書籍
報道
法人
現状
全体
確立
企画
食品
余裕
苦手
一般
閉店
調子
経済
訪問
病気
当時
海外
開設
拝見
明確
基本
構築
発信
認定
技術
披露
医院
強調
損害
地球
素材
強化
建設
知識
新宿
関東
承諾
被害
課題
会場
支持
特化
安定
限定
議論
電車
死亡
時点
想定
申請
今週
資料
分類
未来
区別
中止
完了
行為
前提
格安
共通
経過
厳選
事件
判明
共有
礼金
受賞
収集
入手
減少
調整
空気
同一
出席
記述
提示
学問
宅配
訂正
設計
弊社
明記
出荷
売却
点数
低下
条例
各号
整理
小説
防止
一言
配置
認証
公表
来店
基準
堪能
優先
出版
相互
住宅
傾向
何年
設備
復活
取材
反応
所属
総合
放置
代表
記念
見方
学生
表明
刊行
見学
処理
規則
沢山
原則
満喫
同様
対策
新聞
破壊
国内
金額
職業
指示
最大
信頼
診断
医師
製品
分析
相当
駅名
配慮
反対
人物
接続
如何
挨拶
自宅
症状
苦労
省略
政治
容易
新鮮
購読
経営
演奏
家庭
他人
職種
学習
開示
歯科
公布
各種
医者
笑顔
友人
契約
回復
搭載
感心
仲間
価値
完全
今月
表情
解消
事情
結構
日経
第一
大幅
背景
事項
割引
配送
男性
廃止
観察
得意
受診
停止
合格
工夫
支配
駄目
出品
過言
受信
作業
重視
促進
連携
制限
障害
継続
面倒
不足
高校
福祉
公式
出発
現実
配布
承知
将来
氏名
介護
識別
予告
生産
利益
数字
確信
昨年
上部
距離
再現
運転
事業
類似
図表
専門
丁寧
左右
授業
弁当
取引
育成
理想
支給
固定
正直
無断
辞書
言及
表記
公共
目安
製作
実践
継承
教養
措置
個別
好評
危険
卒業
恋愛
身体
普及
権利
実績
通常
確定
無駄
出前
犠牲
去年
優勝
意外
保有
金券
魅了
委託
休日
範囲
修理
添付
患者
近隣
覚悟
快適
健全
洗練
要請
最適
今度
多数
当日
風邪
貴重
演出
栽培
上昇
誤解
地名
祝日
太陽
我慢
異常
休業
先週
交付
連載
移行
土産
結論
外部
匿名
限界
入荷
年齢
政令
出場
文化
会話
万全
追求
来年
解放
加工
何故
前項
交流
前日
関西
老人
組織
速報
本社
市民
象徴
建物
食材
申込
必死
自動
発明
加入
国民
見解
基礎
上手
由来
所有
来場
真剣
値段
翌日
悪化
書店
売買
従事
送付
半角
一杯
事故
一冊
刺激
涼宮
対処
勘弁
散歩
全文
空間
推測
私達
無事
就職
電子
用語
業務
投資
定義
吸収
期間
身近
有無
別途
法令
夢中
検出
視線
面白
拠点
視点
侵害
拒否
本気
放映
概要
勝利
視野
連想
予感
結局
加算
閑静
査定
圧倒
講演
一年
妊娠
帰宅
当院
何回
通過
成果
歓迎
再生
勤務
不要
結成
体調
混乱
確実
入院
看板
従前
倉庫
文句
宣言
布団
再度
銀行
何卒
乾燥
運用
後悔
方針
九州
目次
何処
軽減
予算
再開
冥福
定着
株式
懸念
規約
解釈
銘柄
緊張
推奨
交通
職員
費用
程度
郵便
焦点
追記
履歴
装備
示唆
霊園
一瞬
変換
回避
感染
主要
先日
出現
愛用
支障
制定
反省
寄与
従来
予測
進行
推定
余談
蓄積
絵本
特別
準用
多彩
適当
名称
検査
締結
中身
地点
特典
相場
古本
測定
平和
韓国
就任
基点
徹底
突入
入札
微妙
周囲
決意
信用
瞬間
入会
動作
講師
美人
現地
勇気
業界
能力
自慢
進化
福岡
遭遇
一方
次第
前回
関与
短期
題材
加減
決済
保険
加盟
見事
講座
町名
秘密
貸家
分譲
手元
抽選
連動
神社
感覚
手紙
手帳
必須
家賃
階段
本書
操作
物語
分野
算出
突然
推移
現況
重複
方向
殺害
了解
形式
小物
本来
会議
品質
掃除
戦争
宣伝
世話
現場
併設
新刊
出産
予防
尊敬
事務
計上
単語
実家
普段
処分
事態
科学
離島
運行
統一
頂戴
趣旨
直面
業種
通勤
出張
通信
正解
葬儀
投入
重点
教室
保持
日中
社長
活発
機器
途中
大勢
選出
出店
主体
自覚
本作
芸能
統計
手術
宮崎
文具
保障
野菜
用途
育児
通用
供給
依存
作者
収納
起算
遂行
配合
専用
一目
事例
目撃
毎年
容疑
採点
連続
要素
検定
正常
受験
和食
主流
自己
空港
危機
各社
完売
発達
経由
持参
装着
一歩
開放
意向
生成
入学
満載
進学
策定
一種
飲料
一定
振込
魔法
建立
同項
加筆
紛失
風景
独立
痛感
尊重
転用
駆使
全力
任意
発足
変動
件数
閉鎖
一例
賠償
譲渡
警察
何事
背中
中断
買取
付属
衝撃
復元
合意
検証
崩壊
最寄
進出
細心
散策
午後
冷静
素直
王国
定番
千葉
着物
香水
新設
生息
隣接
新型
解析
適正
動物
生徒
職場
手段
選手
市長
配達
梅雨
第二
採択
日刊
付与
一括
削減
紅葉
荷物
順調
親切
工具
合併
夕方
日常
地震
音声
漢字
歌詞
除去
建築
迅速
適合
店内
新年
余計
大量
高速
一生
薬局
到達
相性
一見
生命
抑制
順位
解明
日付
商標
声優
雑貨
集計
大会
審査
寿司
手配
基調
網羅
特性
起動
定評
工事
浸透
円滑
消滅
常識
団体
提携
現代
文庫
怪我
回収
基盤
可決
公園
受講
抽出
招待
埼玉
四国
真似
対抗
原料
義務
前述
選定
存分
遵守
非難
性格
排除
同僚
模様
経緯
祝福
家具
開業
実態
東海
入金
出典
完備
定員
至高
材料
不快
輸入
伝説
観点
創設
飲食
特設
知恵
賃料
店側
市場
併用
最悪
有料
執筆
平日
密接
人材
電気
日程
墓地
任命
遠慮
手間
先輩
凝縮
窓口
半分
気配
構造
回転
混雑
仕様
年収
明治
体感
専念
賛成
発覚
重宝
興奮
恐縮
融合
運命
中学
屋根
区分
多大
届出
真実
感激
統合
戸建
処方
意図
花見
番号
提起
数年
医学
議長
景色
段階
補足
習得
協議
掲示
挿入
命名
模索
観測
公演
当地
息子
滞在
国際
店頭
何時
転送
創造
収穫
徒然
極端
行使
意思
例外
職務
破損
突破
妥当
割合
起因
株価
当選
原作
徒歩
場面
差異
放棄
侵入
何者
曖昧
不満
急増
日頃
所持
阻止
供述
視聴
姿勢
郵送
一面
漫画
支払
愛顧
格好
冗談
服用
眼科
正式
宴会
駆除
複雑
下手
北陸
悲鳴
順番
気合
告白
神戸
外観
光景
台風
満開
給与
愛知
認可
翻弄
東北
監督
性別
買物
推薦
克服
着用
選挙
異議
余地
拘束
加速
伝統
合流
答弁
変身
省令
着手
在籍
延期
本屋
流行
免許
自殺
横軸
阪神
帰国
既婚
横浜
未婚
汚染
態度
商談
貴方
昭和
実物
中元
好感
実力
間近
安置
起訴
児童
子宝
本年
主催
授与
密着
広場
動向
館内
根拠
代金
共感
仮定
魔女
女子
椅子
大手
飼育
手軽
制服
名所
日曜
早速
税金
気温
工場
昼食
地位
処置
一回
朝食
勝負
円高
募金
面積
現金
応用
版元
的確
前面
一望
前後
兵庫
出展
焼肉
部員
付着
花火
制度
同社
総務
監視
発掘
食感
点在
一枚
作用
最強
対戦
全角
滋賀
電源
客室
少年
制御
判決
規制
天候
近畿
修行
自負
浮上
業者
同署
店長
断念
中傷
頻繁
提唱
判定
和書
運動
返金
平気
天使
控除
周知
空欄
今朝
意義
目前
一丸
土曜
幼児
電化
大半
最長
消費
喫茶
移住
市販
一環
実験
赤旗
時空
当該
上映
多発
念頭
証券
素朴
正当
絶賛
夕食
急速
診療
拍手
初期
用事
研修
調和
賛同
名誉
伝授
事由
離婚
自社
流通
同行
個室
改良
考案
指名
激安
新品
緩和
重大
待機
中央
誤差
政府
寄付
賃借
認知
表紙
爆発
明示
青空
候補
防犯
広島
拉致
一員
味方
満面
入居
週末
延長
充分
親身
敬意
若干
具合
同居
合間
歳月
拍車
権限
告知
配属
俺的
節約
個性
占領
強制
会長
封印
唯一
起用
都内
行政
留学
地方
書類
道路
調節
見積
質疑
救急
凡例
集約
忠実
手順
週刊
内蔵
分解
達人
世代
内科
職歴
奈良
要件
原点
有利
録画
特価
誘導
返還
標高
分割
抵抗
毀損
規模
野球
縮尺
性質
静岡
再建
精通
要因
厳密
増大
信仰
永遠
毎度
本質
曜日
業績
各地
除外
不幸
焼酎
第三
効力
夜景
油断
県内
格納
人数
敏感
命令
絶大
録音
文書
標準
排出
宇宙
単純
国境
混在
改造
返答
後半
偶然
撤去
照合
奉納
平成
短大
米国
規程
居住
田舎
多様
出土
問屋
収入
復帰
故障
夜中
無難
入社
再会
未然
何物
教会
闘病
内定
表彰
退会
断言
故意
診察
証言
触発
落札
両立
不況
良好
地上
納期
深刻
半端
翻訳
行列
数値
予報
本音
愉快
全然
接触
帰省
納付
上演
信号
列車
付加
寝具
分離
記号
放出
実情
一堂
講義
試験
仏閣
先行
敬老
搬送
衣装
邸宅
出力
財布
苦笑
凍結
役目
洗脳
主婦
多少
最低
発射
近年
借金
相違
高額
上限
警戒
著書
選任
下限
休憩
悪口
苦戦
創建
一同
新潟
観戦
体制
最中
分布
魔術
食欲
摂取
多用
都市
脱毛
損失
急激
殺到
素人
衰弱
解散
砂糖
転換
自立
炎上
備考
優秀
反射
玄関
不正
楽器
実装
威力
算定
科目
試聴
縮小
日当
謝罪
激減
議決
口座
断然
寄贈
不便
鎮座
迫力
少女
産業
成績
慎重
貯金
清潔
明言
親子
世間
圧迫
恋人
差別
米屋
現存
暗殺
精神
追及
尽力
特筆
間取
前条
全員
来週
収容
物流
岡山
園芸
引越
発想
行方
右上
信州
当初
矛盾
特色
代行
成分
投与
今更
食堂
開花
一眼
施工
推察
途方
同封
武器
独断
岩手
発動
腰痛
阻害
露出
実在
無限
正義
視察
二重
一貫
虚偽
直前
解雇
付近
一線
滅多
鮮明
書式
民宿
着目
合計
補助
青春
皆無
頂点
才能
液晶
植物
読書
端数
年配
長崎
楽曲
感銘
両手
執行
行事
宣告
錯覚
実証
短縮
管轄
鉄道
柔軟
思想
正体
頭皮
決勝
登山
面接
顕著
雄大
機種
不可
完結
団塊
神様
工房
図版
本名
風味
民主
詐欺
含有
肝心
不備
多分
幼少
史跡
心身
発注
幸福
所定
輩出
開通
殺伐
改変
熟成
反論
引退
利尻
記法
留意
感情
駅別
鑑賞
警告
豪華
源泉
一変
真夏
訓練
単発
自在
生涯
岐阜
入場
習慣
四季
強要
多額
憂鬱
手法
罰金
沸騰
視界
古書
釣行
得体
若者
直送
交渉
嫌気
愛情
大型
声援
道具
出題
妨害
免除
所蔵
純金
連結
様相
毎週
禁煙
外科
下落
有益
北斗
考察
整体
追放
今見
終始
圧力
一本
未定
逆転
流出
担任
率直
分身
限度
高度
広報
連発
重傷
案件
処刑
突如
膨大
足元
改装
続出
利点
奇妙
挙句
味覚
分泌
本物
勧誘
対立
抗議
徴収
直近
切手
自生
混同
課税
協働
言語
買収
戦後
単位
半年
山形
新車
王様
地獄
絶妙
分散
指揮
勘案
破綻
町長
役員
需要
定食
持続
洗濯
誘拐
総称
沈黙
作曲
愛犬
直結
博士
照会
上位
月日
一途
大地
複写
華麗
今夜
切断
万一
効能
根底
名言
外壁
芸術
明白
哲学
広大
大分
体力
舗装
還元
以降
廃車
九条
独特
集合
当分
中間
図面
社寺
雇用
低迷
株主
浴衣
伝承
主役
委員
没頭
部落
容赦
捜査
返却
真偽
私的
長蛇
出資
通学
福井
訓令
媒体
産地
死去
可愛
渋滞
接近
生計
審議
書棚
解体
正面
搬入
物質
退職
回数
発症
天国
愛称
三人
違法
所存
食育
彼氏
大別
欠落
神経
爆笑
熱心
一品
日数
犯罪
資金
近代
強力
開講
一概
帰路
金融
集団
保全
付随
許諾
帽子
横目
熊本
進歩
都会
疾患
停車
県外
脳内
包装
休止
参戦
調理
年末
連休
進展
尋常
身長
養成
恩恵
懐石
悪魔
関節
貴社
理念
議題
取扱
箇所
鎌倉
贈呈
整形
山頂
改称
総会
共同
存続
採取
仙台
右記
財産
資源
台湾
至難
誠意
口臭
署名
現象
進路
手頃
討論
全般
抵触
人目
輸出
提言
面影
編成
情熱
常駐
数量
適応
熟知
遺体
多岐
探求
閑散
学者
根源
受理
配備
機械
高級
意欲
一層
文中
決心
死者
衝動
抜粋
仏壇
既存
乗車
首相
何日
愛車
天才
参拝
獣医
振興
異動
過失
同等
天空
準拠
申出
暗闇
倒産
編入
起点
助成
駐車
否認
増進
稽古
起源
冊子
両方
資産
迷子
赤毛
下車
擁護
祈願
発祥
邦楽
優遇
猛毒
絶滅
到来
端的
趣向
意志
襲撃
投下
人形
深夜
証拠
説得
睡眠
住民
展望
同店
星空
分断
背後
社員
反発
宅地
主人
格別
事典
大粒
出番
所在
容量
成約
作詞
故郷
駅近
題名
使命
長期
後者
修了
例年
最短
店員
愛読
境内
国家
絵画
一説
待望
走行
風情
酷似
開幕
合成
愛媛
一角
自民
戦場
残業
一世
完璧
独占
表面
共演
角度
欠品
奇跡
加圧
極上
空室
大目
極意
農業
作動
社宅
肯定
接客
敬遠
浮気
寺院
換算
香港
街中
赤字
散見
調達
建造
移植
何倍
立派
新作
売地
暴露
農家
昇順
浴室
昼寝
委任
着実
標的
承継
大正
記者
避難
原告
却下
運勢
低減
販促
姉妹
和風
見頃
養子
右側
葬式
賢者
打破
泉質
探偵
並行
難点
盛大
作家
法規
墓石
横行
主眼
紙面
藤子
陽気
隔離
来日
空白
矢印
衝突
国語
集結
宮城
結合
来院
一夜
毛皮
今頃
試算
混入
暑中
原案
訴訟
銀座
躍起
許容
道重
血液
来館
現役
往復
決断
割愛
栄養
格段
発酵
教授
上質
原文
言論
小麦
滅失
立地
功績
三重
分岐
洋食
出没
機嫌
要約
佐賀
遠方
理論
緊急
飲酒
評点
星忍
商売
植栽
各国
発令
会計
直撃
上司
人事
徳島
体内
発刊
各課
以内
採決
角川
形状
上陸
通貨
今作
数日
諸般
計測
作製
全身
社名
改定
救出
経路
聖痕
図鑑
千尋
本稿
大抵
過剰
会談
合致
真相
鎮痛
公言
誤用
脅迫
終結
断定
適法
負荷
黒丸
千年
秋田
心理
国会
撤退
恐怖
古代
鳥類
暗示
議会
演技
決議
担保
韓流
冒頭
充満
切符
白銀
書評
毛穴
羽目
露呈
石川
性能
形態
手続
信長
恒例
方式
教師
天災
任期
男女
公立
印鑑
時事
熱中
給料
水曜
百聞
紛争
定率
弟子
連行
以来
生地
負傷
書面
援助
主題
当方
週間
無償
眺望
概念
防災
夢見
変貌
両親
土佐
総額
富山
頭痛
三井
描写
概算
本件
勇者
移築
血行
左側
健闘
早目
協会
雑談
相続
洋服
除名
議員
支店
人種
賞品
虫歯
預入
創立
法則
保守
助長
散乱
就活
論文
長年
過程
告示
頻発
復刊
匹敵
民族
仕業
物販
標識
旅先
返済
絶品
脳裏
欧米
運送
添加
矯正
父親
内緒
院内
女神
比例
定款
遺跡
劇場
送迎
原付
優良
主演
福島
何歳
棄却
邦画
政権
心臓
遮断
群生
週休
高台
初版
定額
七夕
皮肉
反逆
支出
契機
体重
文学
釈然
餌食
内装
幸運
自体
小雨
実費
宝庫
贈答
移籍
追随
金色
資本
左記
捕獲
競売
欠如
御覧
否決
右折
電波
気長
原爆
税抜
発端
御社
楽譜
後世
足跡
目線
体質
精進
赴任
筋肉
流用
江戸
朝日
創出
絶景
文献
充当
出身
上下
射殺
占拠
災害
妄想
支度
本市
入賞
圏内
見当
免責
強行
会見
遷移
開拓
常勤
時刻
側面
上場
停電
定年
集客
門地
圧巻
必見
仮面
噴出
好意
社説
日産
改行
素晴
急務
左折
塗装
眼鏡
地面
停滞
決着
午前
固執
敷地
容器
既出
大雨
君臨
真摯
埋葬
大豆
同時
踏襲
攻略
和洋
困惑
制約
町域
平穏
留守
名刺
美白
東西
私事
人文
欠点
軽視
水気
不服
一読
戦闘
他店
外為
抜群
改名
異名
憲法
誘引
物事
払拭
上述
労働
名店
新緑
強烈
入口
切開
身軽
有用
保健
不審
茶髪
志望
隣町
神話
享受
派手
随所
決算
土台
生業
国立
為替
確約
水分
生協
別荘
花屋
昇格
微動
家主
厳重
機微
苦情
密集
社外
入店
転勤
内払
脱出
内包
人口
博多
別窓
秘書
同条
監査
七人
他社
注力
洗礼
祈念
東芝
各自
美味
本棚
爽快
指圧
県民
栃木
夫婦
釈放
会合
観客
依拠
解禁
絶望
余念
近鉄
循環
裏側
列挙
天皇
退院
声明
新書
下欄
貼付
在住
格闘
漫才
倍率
大声
初恋
拡張
特許
本品
衰退
同課
廃棄
立証
自我
図書
稼働
松竹
悪用
夏旅
燃油
群馬
初日
指標
容認
連日
多摩
日課
英国
看護
圧縮
本家
二度
長野
課金
総力
起業
初回
種別
部類
脚光
全集
転落
幹事
生殖
繁殖
一票
流石
加味
県警
同盟
握手
測位
前号
呼応
競争
算入
奴隷
奨励
責務
高知
召喚
洋画
上欄
即日
学区
称号
生存
悲惨
裏目
他者
絶版
闘争
眉間
全室
凝視
点灯
小売
斎場
施策
特選
清掃
口調
星座
遺憾
片隅
霊矢
朝刊
交差
何本
青森
満天
合体
誘発
注入
物心
舌鼓
虐待
巨人
半減
勧告
死体
当館
番地
納入
先制
戦略
同表
珍重
度肝
壮大
期限
食卓
隙間
地酒
水着
誘惑
逸脱
端末
女優
無線
工芸
良品
足湯
未知
摘発
逆手
交際
司会
政策
神道
欲望
拒絶
丈夫
人質
平均
創刊
顧客
病状
女医
減額
生育
右下
転校
抱負
内訳
乙女
露店
共存
暴行
好調
特長
震源
収益
専攻
滝汗
数人
親交
入室
山口
本業
角地
信念
痛風
塗布
効率
初音
常備
本校
劇中
月別
動員
宗教
山積
特撮
農薬
至福
注射
待遇
学会
名物
素顔
全面
小児
貴店
薄毛
結集
二階
激励
不利
同点
甚大
店主
参画
都心
画策
登記
一抹
香川
母親
直感
稼動
金利
履行
寒暖
給食
意地
右手
日時
遅滞
全巻
一手
増殖
虹色
脅威
源氏
気候
厳守
外灯
巡回
如実
梨華
件名
年月
涙目
犯人
住人
婚活
喪失
玩具
外交
清水
安静
家中
百年
虐殺
納品
後退
航空
人類
学科
業態
忍者
鳥肌
仏教
枠内
活気
背筋
一挙
別人
自作
不当
長文
一端
後日
健在
動揺
出庫
激化
修復
移設
損保
適度
白鳥
煙草
自称
探索
毎月
築浅
刻印
実況
服装
前記
誤字
移管
歳暮
大笑
数回
二年
人体
奮闘
超越
僕的
物色
思考
三度
地歴
学研
監禁
献上
告発
取消
何位
判別
洋楽
島根
人達
酵素
辞典
放流
一口
包囲
一点
男子
痩身
一助
著作
招集
原稿
通告
倍増
入所
歴任
壊滅
便乗
究極
通院
部活
新婚
手前
北東
脂肪
補償
嫉妬
小腹
財務
伐採
景観
来月
発音
参入
下痢
曲名
鑑定
被告
主宰
察知
懸賞
機関
早急
助言
幕末
改革
氾濫
何枚
開店
感化
同席
売上
原理
夕刊
挫折
月刊
一刻
形跡
丁目
月曜
別段
作文
一新
部門
一時
単品
盛況
感嘆
中核
猛暑
成人
拡充
死刑
林道
調印
突進
茨城
知事
孤立
宝石
難航
温度
全滅
生物
境界
打撃
裁判
国宝
本題
抑圧
上野
増幅
有力
高齢
美肌
偉大
侵略
不動
陳列
座敷
人権
補給
点検
高騰
一発
世辞
余分
消失
軌道
軍配
社内
今何
残暑
加担
破棄
本場
無縁
全開
白髪
出勤
車両
渋谷
酒類
天神
時価
創作
警鐘
借入
手足
賜物
修得
地区
本体
敢行
最速
追跡
囲碁
用法
将棋
髪型
一翼
芝村
経年
激動
坂道
黄色
善意
奉仕
初夏
注視
銭湯
絶句
火災
土日
金曜
景気
真価
私立
年表
消化
演歌
検診
晴天
建学
外国
病名
枚挙
語源
蛇口
汚損
地理
上京
底本
書名
顔色
何分
食器
麺類
一流
大汗
打開
本案
端午
手話
片方
最善
人妻
台頭
釣果
共生
竜馬
照明
辞任
代弁
静寂
自薦
次項
受取
北部
熟練
以後
平行
本紙
呼称
卸売
賞賛
附則
道場
寄稿
但馬
土用
運輸
読売
勃発
目印
満席
借家
仮称
一報
入浴
収蔵
出口
不在
娯楽
前進
台場
過度
挙行
初詣
下着
放題
知人
諸君
危害
主導
壁紙
改札
各週
長男
頒布
左手
絶好
後述
疾風
解任
治癒
港区
段落
気楽
優勢
装飾
初心
領域
配設
平素
施術
健勝
思案
学部
子宮
都度
武士
筆者
各店
選抜
中華
遅延
区域
続行
一連
申告
各氏
蒸発
校正
妥協
真心
部位
体現
合算
褒美
隠蔽
物理
高揚
競艇
長所
幽閉
土木
全貌
軽傷
押収
所得
花嫁
前者
俺達
逃走
防衛
垣根
皮膚
想起
好天
経歴
魚屋
外見
濃厚
出先
用紙
代用
改訂
庁舎
対比
肝要
諸刃
逝去
南部
可否
振袖
浄化
職人
失望
移送
受領
融資
進呈
雨天
保育
聖書
旦那
自炊
夢幻
始末
上品
直後
受給
催行
判然
大差
田中
同情
篤姫
下山
活泉
代引
車検
対決
駅前
公明
寄生
諸説
百合
希薄
落下
法事
子犬
投影
部品
節目
自愛
突出
復旧
歌声
復興
包丁
頂上
開運
羽田
同号
没収
洋書
心得
余韻
通路
白黒
抹茶
執着
前半
捕虜
親戚
滞納
番目
平然
営利
驚異
産学
愚痴
退治
家事
留袖
両者
一石
下見
歓声
窮地
見本
母体
参列
搬出
暴力
単独
速読
要綱
幻舞
消去
双書
夕日
一通
百害
最終
副業
白羽
双子
中堅
早朝
宛書
仁義
乾杯
劣化
推計
小社
劇的
牛乳
本番
教員
半額
繁栄
略称
一身
厳正
比重
異性
得策
変形
横断
結納
何重
号給
本誌
上海
品種
等級
打診
炎症
脱却
封入
補強
停泊
刑事
予断
一周
貸切
賢明
活力
化粧
中継
付託
常軌
提訴
天井
連呼
折込
会館
石碑
異変
志向
内側
歴然
救助
同名
賞味
家計
接待
昨夜
式場
蛇足
検挙
左端
暗黙
大腸
借主
火事
伝達
芝居
近辺
開局
失念
腹痛
本店
徹子
決裁
通園
市内
北京
戦国
撃墜
運搬
集積
志村
応対
廊下
本剤
道順
細胞
造成
堅調
拝読
反転
理屈
俳優
母校
比率
三世
貯蔵
快挙
芝生
媒介
速水
公募
旅宿
苦慮
優雅
教材
一転
私見
敗退
出動
外構
弱火
台所
昆虫
一因
川崎
信越
領土
三種
流入
仰天
民間
前年
懲役
北区
本館
酒屋
冒険
出稿
転売
散在
歓喜
昼夜
下部
清栄
発散
牛丼
奔走
随時
悪意
高値
桜並
国産
前身
対話
的中
豪語
不覚
中立
荒涼
字路
骨折
住戸
全品
同期
名作
北上
直訳
夜空
挙式
彫刻
交互
官報
実務
対談
焼失
開館
算数
学力
戦死
傘下
求索
部下
商業
呼吸
赤坂
宿場
子孫
点心
下図
二手
赤西
苦悩
体育
収得
日韓
一息
創業
負債
産物
換金
無茶
福屋
造詣
室内
同乗
矢先
近場
接骨
水準
両脇
一節
構想
神官
論外
交錯
得感
兄弟
難色
不育
北側
取付
沙汰
実用
専任
起立
名曲
派生
商材
異論
化学
受注
純額
競馬
公告
本州
日光
連盟
内部
鳥居
教訓
議事
緊密
三年
貧富
仲介
技能
試読
減免
吟味
毎回
温暖
中略
一件
百式
採集
力説
属性
迷宮
歴代
数分
熱意
貫通
郡名
保養
投信
敷設
街力
文芸
見物
瞬時
天然
永久
前世
池袋
名義
残酷
置換
開演
東大
粗末
制止
抹消
架空
予期
上達
典型
先手
標語
授乳
剥奪
空想
水辺
河川
精度
中部
拝借
用量
被災
予言
初演
誤記
悠久
所掌
同伴
青年
山梨
所要
数学
対面
誇示
消耗
昇華
評論
駐留
女王
清祥
官僚
老後
人格
帰還
人出
寺社
欠陥
友情
取組
発現
損傷
音読
細部
願書
監修
様式
幾人
豆腐
小顔
一列
口癖
規範
年季
宛名
確率
点等
念願
圧勝
警備
黒人
理科
鹿男
進研
満月
侵攻
倫理
東急
英和
信条
個展
取寄
傑作
栄光
豚骨
愛想
相応
何気
台詞
照射
集会
園内
切望
照準
水槽
同法
視力
命中
借地
開会
過料
発育
要領
誠実
大小
透明
年代
便宜
増量
撤回
回線
一家
中川
院長
愛着
図示
羅臼
清明
造営
方達
別名
自明
下段
親友
近道
決行
地形
風水
感服
性的
毎朝
忙殺
熱狂
手当
千円
三浦
銀魂
人柄
談笑
手札
無言
風柳
陥落
常温
上表
年額
有事
迷路
美術
当面
更地
霊場
津波
公示
松江
美女
胎児
意表
目玉
潜伏
白日
散布
直行
実例
制圧
気象
秘湯
講習
原型
核爆
社債
左欄
県庁
公正
併合
次条
通称
帯広
最良
地下
粘着
殺人
送達
樹立
食後
改築
他界
禁物
特殊
親指
大胆
学位
反撃
良質
傷害
来訪
漢方
中年
気絶
数倍
米軍
履修
潜入
哀悼
終戦
新調
師事
太鼓
協賛
流山
呪文
繁盛
一掃
介入
優木
食店
睡魔
混合
羅列
改修
身分
統治
部署
外出
日清
侮辱
換言
大根
猛烈
家屋
各界
山本
車種
通例
中腹
運航
未満
不敵
確固
争点
魚介
酸味
年号
激怒
母乳
質屋
偏見
県境
商用
居城
秩序
同人
連番
乱入
英数
各園
侵食
一項
合宿
何様
降順
中秋
先見
人名
折角
喚起
征服
力点
猛威
血流
月額
縁起
鉱物
封筒
料亭
演芸
試食
物議
厳禁
快勝
便秘
名医
目視
靴下
犯行
即時
列島
豚肉
別物
火山
食料
辞退
海上
諸悪
燃焼
二軍
臓器
昨今
包茎
交代
電報
完膚
手先
本展
鉛筆
耳元
二次
堆積
風化
廃校
神職
満室
無実
中欄
一台
小鳥
宿題
功名
名簿
封鎖
商社
階層
転向
公務
養殖
救済
多忙
変色
無罪
宮日
築年
北国
静止
戦前
事案
手中
湿気
産科
電力
抹殺
仏具
足音
今気
縦覧
収拾
歯類
実権
水中
要旬
解約
地道
本拠
具備
宿命
今目
献立
廃盤
点滅
北米
必至
全米
寿命
飛来
祭事
行内
終値
本腰
事後
滅亡
老舗
流布
軽食
大字
未読
根幹
返送
撃破
席巻
観念
探検
簡潔
対等
一味
熱気
野望
主食
配当
感知
悪夢
正規
最小
浜松
窃盗
勢力
補完
紺野
応仁
奥様
早期
掌握
水木
買得
附帯
方言
辛酸
総理
毎晩
数名
御礼
供養
朗読
後味
心境
閉会
入用
成熟
東部
教示
星海
重箱
親睦
増設
木立
元町
宿種
用心
追突
内見
住基
訴状
完食
万円
街道
微笑
帰途
電池
固唾
暴走
留置
冷凍
完済
赤鼻
安値
不妊
製薬
厄介
近接
年度
冷麺
間隔
投獄
天下
詩人
月間
一応
弥生
東日
筆頭
今号
間髪
近郊
風土
心地
廃線
楽待
次号
主力
発案
合唱
片手
西側
蔵書
変遷
所為
同紙
疲弊
無数
財源
捜索
佳境
共用
新卒
権力
和解
不測
社民
堅持
後進
岡村
高配
実話
本項
給付
毛頭
寝息
防水
還付
装置
金沢
入門
愛猫
産経
年金
脚本
二味
第四
駐在
逆行
論破
息吹
入歯
防音
再発
感触
竹島
昇進
忠告
傷跡
多幸
水道
花束
女心
無職
競技
整然
速度
一蹴
創聖
不泊
翌年
脱線
興信
再任
街桜
分裂
転入
小屋
神田
南東
南下
思惑
一行
信徒
貸与
山崎
懇意
公衆
芸人
低層
仮説
革命
養育
苦痛
疾走
激増
一泊
苗字
遠山
印字
先月
別送
奇祭
珍祭
執事
退屈
紅潮
騒然
釈明
直視
正午
悲痛
不倫
消息
硬直
公文
反日
集落
自認
補充
原本
時候
逸品
誤審
面談
開校
公認
文例
何色
遺志
市区
工程
同会
水没
収載
劇団
是正
地番
高層
残存
悪者
皇室
強固
付帯
先端
総研
風来
体臭
温床
食塩
薬剤
始発
声活
松子
和室
青紫
締切
恋姫
惨殺
傾倒
一粒
果物
気持
交配
本学
指針
山新
区間
直進
四球
軸足
彼岸
波紋
唐突
末尾
警報
乱立
亀裂
差額
梅田
出船
金賞
用例
理系
亡命
要衝
氷山
新種
新橋
崇拝
熱海
語学
貴院
言動
南側
小林
薬事
二分
乳児
売主
忠誠
名残
頃合
津軽
閉口
互換
機体
割安
夢隊
元本
通話
逆襲
植樹
通行
書簡
目頭
一匹
本意
組立
通関
熱戦
埋没
貸借
西区
法務
脱字
口実
瀬戸
外側
結末
半生
他県
丸善
雑然
学院
和式
石油
他薦
補佐
売値
冬型
寝言
融通
波乱
太古
終盤
製法
欧州
海辺
内覧
同然
喫緊
当科
課程
空色
王子
十年
先決
介在
炭火
中火
南西
十勝
白馬
盛岡
各裏
検知
連立
渡来
寡聞
巻末
覆面
悪評
髪質
同調
赤色
隔絶
代物
大和
栄冠
悪質
放牧
著名
品川
反感
召集
危惧
過敏
激痛
下水
学費
高麗
献血
本部
熱望
刺身
市政
豊胸
下表
在学
聴取
所見
斜面
感性
湖沼
好物
条文
濃縮
節分
定価
贈与
処罰
振替
左遷
金属
今半
一服
兼務
判例
突撃
足手
人前
露子
本会
元来
貸出
浮遊
総括
身柄
奥深
就航
東側
苦言
紅茶
古典
右欄
排水
寄進
開場
順序
押印
有罪
罵倒
控訴
小耳
極道
北欧
進入
寛大
不用
相葉
続発
何割
多量
主訴
手本
常連
筆舌
組合
報酬
呪縛
地価
経費
弦楽
彼方
収監
本格
入試
下味
加熱
愛飲
近世
所管
前期
口元
私共
言明
加齢
還暦
傍聴
納豆
畜産
市部
買値
兼任
前作
疾病
粉砕
合図
痛烈
猶予
快晴
付記
書斎
激突
命運
財政
越後
就業
大概
行頭
宮部
居候
指数
南区
増築
路上
俳句
最旬
大体
源流
甘味
線引
余程
肩身
覚醒
駐屯
手際
重量
便所
広域
懇談
南欧
長靴
高温
配列
出塁
長岡
伝送
全裸
防御
受託
保留
粉末
初見
本尊
符号
模型
腫瘍
千里
泉州
里山
資質
九死
債権
荒廃
観覧
滝川
正気
新子
配付
系列
線上
待受
顧問
乗船
充填
敵対
軌跡
制覇
卓越
迫害
経理
量産
流星
直筆
乗換
登校
新米
売店
人財
三文
火葬
陰口
鏡音
中日
段差
続編
日編
髪量
間接
優位
満了
松山
岸尾
挑発
大賞
精霊
法的
渡航
着床
同日
満腹
心血
夕飯
精製
後輩
存亡
畏敬
散会
歌手
試着
和英
諮問
縦軸
落選
損金
小人
音質
競合
上流
密閉
亡国
全焼
電撃
六月
刃物
林立
黙認
三陸
哀愁
後場
在職
女将
数奇
鉄板
出走
荒木
地味
築城
慶大
一階
配管
童話
目処
後手
火蓋
先述
高橋
所以
風習
強風
答申
読物
画材
着服
方面
任務
外食
税率
健保
逸話
小牧
無知
発電
築造
先導
反旗
話数
神棚
建機
香料
悪寒
必読
遅刻
協同
果敢
外来
腸内
鼓動
死傷
何層
新法
浅草
現行
不良
一語
型式
料率
上着
何軒
音色
遺伝
那須
声高
電停
荒波
幻想
二癖
遺産
日立
短冊
三輪
儀式
眼下
国籍
牧場
白紙
愛人
大方
鳥取
下線
湯水
基軸
床下
小口
一任
日別
結核
必然
剣心
中野
不意
論理
西友
死後
求刑
舌側
束縛
志摩
銅像
一戦
式典
手芸
併記
是認
渡辺
時給
悪気
困窮
根本
醸成
黄金
右翼
理事
特養
扶養
輪郭
単身
病棟
紋章
始動
予選
本県
松本
敗北
加藤
暗躍
胎教
紫色
次男
我関
失墜
語弊
修業
五感
吉田
先陣
行者
内外
割高
内在
協定
極論
化石
今私
空手
異国
不調
占有
荒野
一条
復縁
少量
振動
沈殿
座席
残高
一位
例示
表内
府中
酒場
処女
工法
万里
屋号
音頭
承久
適量
北西
全戸
公平
間際
屋外
一国
落語
連中
人参
異彩
旅侍
赤線
満車
赤壁
安易
牛肉
規格
壮絶
三方
緑色
英日
退室
左上
放浪
登壇
冷製
祭日
年間
下宿
上越
威信
二足
断固
訃報
挿絵
献金
調製
傍点
後継
民法
発赤
目先
星様
聖地
釣具
等幅
血相
高価
輸送
本領
害虫
主軸
鮮度
気心
公約
偽装
魅惑
懸命
在勤
綿密
傾斜
加護
風上
開創
家督
信教
出向
昼間
伏線
主文
増強
野口
克明
斬新
酷評
用命
五輪
委嘱
貴様
各駅
裏技
金運
和装
脳力
妙高
方角
関知
納車
一棟
野鳥
隔世
敷居
着陸
二倍
核心
秀逸
取敢
運賃
通算
反戦
血圧
搭乗
知見
調剤
薬用
燃料
洞窟
南端
何千
生憎
粘膜
琴線
解凍
押切
府令
産声
撃沈
役務
体操
花咲
埋設
室数
阪急
試作
国道
難関
尊厳
吉本
腎臓
回想
重音
建替
花王
当園
薬草
型番
高卒
入園
繊維
沢城
先人
題別
反乱
東証
宗派
機構
超過
血眼
知育
着任
破格
撤廃
同氏
勧請
順次
強奪
卵巣
納戸
光栄
立脚
寸断
神具
月数
軽量
西部
猫耳
震度
初耳
弥次
別表
医薬
屋敷
中京
公的
造園
治安
受章
精査
内臓
余暇
起伏
日傘
熟読
統括
生足
本数
大輪
短信
眉根
技法
嘱望
進捗
麻布
三月
川島
疎遠
植木
跡地
旨味
批評
体得
期末
文明
土工
健診
論議
熟女
山陰
球場
区画
洗浄
礼節
発火
建国
屋台
先代
胃腸
股間
巨万
氷屋
後期
桑名
実印
採掘
孤高
着想
悲劇
魂百
魔王
名手
肝臓
労力
南北
下巻
反故
弱点
偉業
方位
佐渡
補正
夜間
文責
器材
決死
魔弾
溺愛
右図
同化
労務
山道
同義
接着
寺伝
手袋
降伏
併発
司法
報知
積雪
須坂
皮脂
主観
新宮
白衣
秘宝
機運
発毛
徒党
町田
係留
本田
無論
一陣
空席
国営
大台
良牙
品番
味見
発進
真珠
貧血
丹波
均整
均等
持論
繊細
鉄腕
試練
死角
配分
孤独
変革
指先
完訳
再録
乱歩
浪費
川柳
緑茶
妖怪
下賜
産出
集成
分配
主菜
大津
特技
不詳
無礼
築地
細工
古都
倒壊
演説
足場
拡散
操業
日勤
新居
富士
入港
約款
難民
歩道
光沢
口論
条数
接収
少子
自他
予習
民家
質素
骨盤
先物
機材
閉幕
盗難
天職
懇願
字幕
学歴
火星
満悦
麺油
宙花
主旨
国権
墜落
活魚
鋼殻
落雷
弾圧
返納
暴言
有様
暫定
今治
収縮
鼻水
祝辞
祖母
昔話
冊数
殿堂
着工
雑費
包含
国政
好演
広義
発熱
一晩
無用
逆説
海鮮
重用
私鉄
県下
左図
線香
陰謀
抑留
次代
明細
裏手
英文
利家
行進
撃退
五年
秀吉
発布
残留
資材
空洞
無休
波及
公然
包帯
郊外
本巻
祭神
紀行
狭間
吐露
家臣
本能
振出
出世
下関
団長
縁日
大洗
犬猫
首長
里親
全容
途端
中世
木造
歩調
欠損
同局
作中
四方
庭園
独島
漁獲
干渉
預金
上告
極力
肉体
名湯
副菜
同省
書影
安穏
与党
悪運
線路
焼豚
後援
要旨
海法
河村
丹後
査読
糾弾
均衡
温存
退散
上田
説教
駅駅
戸籍
下火
増減
他方
吸着
格差
起床
雨音
道標
自粛
構図
薫陶
雨雲
石段
羽根
大臣
日父
二方
黒部
山海
吉野
追撃
魔笛
領収
祖父
永住
金星
政界
毛布
季語
山行
基地
重篤
昇給
中島
横田
誘致
軽快
選別
弱気
聖剣
真髄
解答
北遠
強大
快方
一興
心中
漆黒
師匠
小型
果報
器具
観劇
同定
姻族
岩波
疑惑
銀河
補修
海岸
左下
品性
未見
対極
四月
万能
備品
飛躍
土壌
武力
不慮
弁明
立川
低温
発着
着信
元手
父母
一号
平等
扇子
摂食
菜月
完熟
必定
庭木
入部
産卵
衣服
熱唱
死神
大沢
東区
深層
口数
成就
数秒
特例
憤慨
男達
奈落
楽得
一旦
爆破
入団
水源
県別
電流
社伝
絶叫
枚数
敗戦
物陰
品切
即位
額装
増額
定説
金員
暗号
完納
者達
能登
一滴
万障
形容
御用
右端
時差
三枚
大宮
約件
勝敗
加賀
上空
第九
物欲
最期
吉永
寒空
急変
常用
日高
出火
使役
大志
均一
家路
要職
末日
罰則
和泉
曲目
同校
母斑
旧型
親族
屋内
火気
連帯
転機
安泰
千代
熱湯
再燃
庶民
再興
東洋
首都
一室
冷房
女多
駆逐
結切
院名
絵的
不眠
平凡
不評
民話
仏像
安住
簡易
口火
大家
書庫
過信
知財
点字
蚊帳
今観
重症
福山
友近
出血
用件
穴場
発車
梅宮
称賛
小脇
支社
定期
死人
実習
月末
風虎
離脱
何台
複合
別条
路地
巡音
捻出
一休
降臨
果実
急登
上程
異例
白地
談話
大鹿
移封
緊迫
欠片
桜桃
時流
三男
都庁
別冊
禁断
氷風
増水
自衛
泥棒
法案
元彼
期日
残虐
調教
防人
耐熱
反響
産直
人影
茶葉
症例
葛藤
判示
号泣
洪水
岐路
断腸
薬指
体裁
陳謝
全板
机上
世帯
騒音
越中
欠乏
細道
選考
送検
転写
観月
次会
廃城
花茶
急落
花粉
大木
平易
即行
子達
格言
気攻
生死
損益
索引
具材
道楽
昆布
鉄子
黒猫
野郎
秘策
出馬
軽微
滋養
消臭
減量
雑記
保元
適職
通訳
行楽
破裂
大雪
十代
脱税
雲仙
緒方
翻案
右隣
生身
浸食
腹筋
食玩
公職
祖国
正座
花婿
沼津
義理
雑感
教科
価額
洋風
喫煙
燃費
新芽
歯肉
推挙
修整
年上
動詞
銀色
即答
山菜
洗面
製本
無残
未熟
森林
捕食
航行
尾道
得点
一握
新店
実寸
密栓
筆順
用具
裏腹
首席
面会
医科
日前
上図
小泉
太字
略歴
視角
一軒
惑星
花棒
神聖
入塾
奇怪
視覚
過大
超訳
事気
府警
藤沢
護衛
育毛
辞表
一筋
仮名
誤爆
中小
輸血
夜桜
非業
合同
巣窟
人手
欠席
食費
御宿
全幅
繁茂
遺骨
定住
佐天
学年
勘定
有害
断行
個数
天命
婚約
癒着
短編
万病
休暇
三権
新語
保身
壮観
清流
浴槽
天文
井上
利口
例会
花環
西野
駒野
対岸
聴衆
初物
拝聴
擁立
名順
雑草
土浦
在日
次走
交点
文頭
特権
植林
同士
四葉
宛先
表装
砂漠
結託
今来
知床
必着
元旦
益金
来校
藤田
苗木
甲府
論壇
竜宮
初診
畳数
編曲
一次
敬愛
日銀
苦虫
脱帽
情緒
紅星
拉麺
金麦
複眼
激変
境地
双月
彩色
男湯
川越
笑点
別紙
脱皮
月給
密生
仕草
変哲
植毛
少林
薬店
同額
重体
口車
国連
伝来
中盤
街角
例文
後編
旧跡
情景
攻防
小首
故人
世相
下町
信奉
現物
家畜
搾取
恋心
住居
有数
権威
局面
発出
洋室
爆弾
寄席
他国
死霊
浴用
里田
実演
何冊
兵士
増長
跡形
丁度
果汁
無添
中韓
市制
早寝
亜鉛
借景
浸漬
子分
良貨
糸目
旧法
率先
神妙
王道
採算
数順
会務
酒味
安倍
英雄
兆候
寝顔
結晶
好適
鉄鋼
味的
冬季
夏期
手引
転記
置物
事象
石橋
買上
敵視
療養
鼓舞
中庭
復習
入庫
長門
常設
共催
飲茶
晩年
姫路
長居
生体
金子
一癖
皇国
頻出
転移
懸案
共認
愛国
手狭
着地
全駅
一片
実益
河童
貯蓄
珠玉
逃亡
明石
白熱
挙手
落胆
両側
同市
商店
財団
難儀
裏話
湿度
城主
同作
尾瀬
巨大
白雪
追悼
西洋
外伝
心酔
登載
放火
遊学
裏面
粗大
農村
福北
腐心
天野
階数
練馬
名勝
参道
遺書
酷使
昼頃
米粉
異様
森田
手形
寄附
箱根
掲記
薬楽
観賞
王手
墓所
中段
六感
母子
採寸
外字
基因
住信
全農
黒川
沿革
税別
設営
中村
今晩
悟空
画質
塩分
片棒
中東
運気
和歌
字型
漂着
悠長
大気
整地
木製
商号
摂理
汚名
収束
目深
語彙
修繕
西岡
一隅
論点
城本
下位
脳死
一睡
全編
通説
産生
良識
遠征
告訴
打設
若気
歌劇
朝目
闇金
前節
良心
帝王
着後
新春
親密
紙版
不穏
四駆
漬物
書誌
白菜
不通
潤沢
眼前
厚意
崇敬
県政
尻尾
頭角
湯島
横綱
代謝
長閑
役所
急所
浴場
何件
諸税
手塩
厳粛
破滅
盲点
丁重
万難
国市
長井
出鼻
有償
頭悪
悲願
遍路
動転
臼田
陽性
第五
表中
不能
北端
同庁
堂内
右腕
在宅
少数
今季
開基
過疎
冷水
派閥
血管
平静
再選
城壁
酸化
健食
雪崩
条約
共著
眠気
臆病
元祖
誤植
車内
安政
述懐
三匹
体型
料込
異臭
政党
肥料
情勢
翌月
和訳
名告
慈愛
煎茶
力強
本性
有志
京王
能開
推理
農地
創始
立木
全組
主夫
石田
隠居
民度
類語
西村
名詞
債券
煮干
出生
身元
憲昭
気功
涙出
美空
安藤
犬猿
上値
食券
開封
中検
島式
発光
毒殺
無力
帝国
秒刊
体格
希求
要所
萎縮
世紀
頂門
韓版
翌朝
日母
車道
越冬
仙人
株数
屈託
慣例
魔力
万葉
今風
美食
汽車
県名
理容
百人
風俗
小西
読了
義歯
私財
後姿
純粋
埋蔵
憂慮
特段
鶏肉
支那
火傷
湯船
黄泉
背水
終売
宝物
天寿
歯牙
喪主
長島
学長
文体
横顔
大化
軽蔑
分担
羽入
老眼
降板
劇評
拝命
井戸
北前
有明
火天
薬効
奏者
武将
酒店
木材
水橋
高町
民謡
口大
押下
温湯
正論
主義
国別
土俵
野党
膜炎
時分
駅街
力量
岡田
必携
凶華
覇者
仕入
会釈
国旗
本舗
本編
十人
門出
遡上
東端
校長
引率
天安
流水
特売
水筒
乱暴
心情
鈴木
追従
罷免
乗客
湾岸
花輪
急募
猫背
事柄
賛美
水虫
各校
苦難
苦心
連泊
廃駅
法要
縄文
我輩
痛切
八戸
賞与
公営
弱者
大陸
文人
硬化
骨太
本籍
登用
大空
凄惨
爆睡
百代
仮訳
丹精
法相
列記
償却
後学
忍家
未練
人民
威嚇
明暗
益益
汚物
一様
失意
属国
初級
遺作
功罪
人脈
会津
敬語
尚更
操縦
局室
三牧
遊久
半日
村長
底力
養生
品名
決戦
満員
快眠
道筋
美男
孤島
食道
西端
申立
青字
佐藤
別居
残金
屈服
供与
勃起
病態
車輪
前編
共産
耐震
文脈
小生
童心
因縁
幸甚
文殊
弊誌
官位
模範
小房
在留
鉄砲
本機
裕福
英字
神主
室長
支局
清聴
生還
神寿
衛星
災難
忘却
浪人
親元
続投
山荘
改編
石垣
目盛
軍隊
湧出
春名
本堂
美化
大森
目上
百薬
真矢
一児
虚無
熱愛
北摂
進言
改悪
乗用
渦中
一画
公算
枕元
句碑
国益
年式
御心
斬首
企図
胸元
木霊
試乗
空路
聖域
走路
日祝
大竹
拝察
洋式
審判
頑固
関内
潮風
連合
通夜
好転
到底
躍進
天地
辛口
遊星
追走
玄米
単式
善良
美脚
真意
暖房
野生
東映
幽雅
信濃
店用
無人
雑巾
誤認
偽造
二枚
来社
別添
祖先
開山
雄弁
号外
右枠
減税
詐取
季刊
返用
弁済
接種
名人
重荷
亡失
踏切
転居
図解
風魔
小田
併売
指輪
正月
辺見
移民
三日
惨敗
冬場
前夜
潮流
厚木
玉座
誇張
串本
夜勤
垂直
食用
水草
教壇
復権
万死
鳴門
水産
重曹
激写
比定
次元
薬品
通念
造形
放射
粗熱
葬祭
宿浜
出港
手玉
鶴瓶
何個
罵声
歌姫
就寝
飛行
高僧
歯茎
奥底
化身
驚嘆
傍観
再婚
天体
銀幕
慶次
今出
仁比
抗菌
暖冬
鋼拳
暴挙
有吉
予見
火曜
追究
半期
積載
一役
噴火
竹内
慰霊
汽笛
初戦
施錠
整頓
肉眼
微力
裸者
出願
抜歯
両面
昼時
春分
索敵
豊水
中区
目黒
開湯
父様
衆院
疎外
死守
恋活
本等
手腕
二日
織姫
快感
古湯
帰化
宝塚
神秘
戦慄
秩父
賃金
床屋
日田
名産
封弓
貧困
供用
入国
板別
俺用
他聞
何実
美丘
養女
脱力
電機
船舶
熟睡
湯元
悪人
誓約
音響
奮起
立夏
地蔵
聴聞
体外
始期
初午
不徳
苦楽
絞込
増刷
貨幣
死闘
自滅
同誌
基数
取集
着色
退化
年内
前月
名目
谷氏
並走
安否
打撲
九段
矢切
野獣
醸造
難波
謙虚
番茶
肺炎
武道
人工
殺気
聴覚
一輪
白浜
硬入
一座
券面
賛否
閉館
売春
乳液
習性
洗剤
傍受
大挙
同種
欠員
羽音
丸亀
屋上
皇帝
批准
採録
留保
黒字
乾物
邪悪
弁論
記帳
古崎
桜塚
市況
実像
吉川
標記
愛子
恋話
破産
切除
入線
拝啓
下方
血中
偉人
法話
役者
正統
嵐山
無形
好走
手近
色即
辞意
物産
奪還
口中
北総
大塩
過客
適性
安芸
重度
出社
何点
未遂
宅建
足蹴
二物
不発
長女
来園
十字
遅漏
漁夫
竹田
市原
話的
討議
文系
南京
潔白
同県
広川
何見
粗品
構文
国害
射精
気力
青色
名山
強火
移入
七草
死骸
一首
復刻
供花
風穴
市東
別状
非情
放言
駅探
現職
互選
鈍化
実生
森崎
白人
暴風
直線
生薬
加給
出撃
子猫
熱演
往来
夏場
露天
臨時
熱烈
人知
後方
短所
礼法
衛生
椎名
英訳
六甲
快諾
奪取
一喝
海藻
十三
貧弱
炊飯
戯曲
夏子
今夏
先祖
指向
旗旗
濫用
筆談
髪切
長瀬
配車
利害
休職
相殺
雑踏
色素
給湯
旋剣
野村
歌人
愚弄
蔵王
自責
添削
右派
福袋
沈没
翌週
濃度
朝顔
陶器
早産
知覚
山門
悪心
開園
大羊
私権
急死
松永
破門
寒中
熊野
他意
鋳造
史実
曲線
注記
主権
寝食
横領
指南
養牛
先客
多湿
青梅
実質
横丁
原画
梨丘
三角
県立
板金
全件
内税
水色
桜台
急逝
原寸
発色
俳人
小島
知的
活況
利便
勝浦
所詮
豆乳
渇望
大泣
山上
水平
姫君
頭金
旧居
関羽
孫子
広州
減数
鎮圧
紙幣
一族
町制
白玉
遺構
謝礼
喉頭
溶解
通帳
時評
薬害
広尾
英検
鮮魚
別所
傍線
圏点
電通
麻薬
係員
二乗
工藤
清算
花畑
学園
小沢
青木
自主
門限
暖地
背任
台数
南口
諸国
病死
湯茶
気学
楽園
窒化
排斥
真理
成形
戦隊
盗用
呪歌
温水
年下
短歌
妊婦
遠目
裁量
可燃
難聴
浜辺
腐臭
石綿
恐喝
手薄
住器
越前
乱舞
郷土
人居
菓子
他愛
信任
一級
問合
夜寝
捕捉
入選
原産
類推
志士
怪獣
開閉
大奥
整骨
専業
白山
三本
煮物
毎号
炭酸
海事
東横
地鶏
従属
福音
聖歌
無印
近頃
出頭
宿名
発芽
私女
共鳴
乗馬
死語
除菌
逆算
迷信
打倒
版旅
詳述
領主
福娘
裁決
勝者
無題
有機
小川
窓辺
共謀
釣種
長寿
太枠
流豚
春先
野菊
別館
名実
母語
同感
権化
自伝
神軍
体温
町史
前出
黒木
平泉
角館
幾多
語句
尾行
両氏
休診
絶頂
吉弥
単著
西院
歌碑
君達
漢検
間口
夏祭
大樹
悪華
時下
面識
罪人
材質
子虎
松戸
三色
怪人
木綿
付箋
尻餅
千億
仮想
潜在
冷遇
田子
模倣
小便
思料
武装
請負
書込
荒地
大通
序盤
一斉
幹部
益若
年頃
校舎
活沙
進物
嫌悪
山田
和則
水牛
全俺
大船
身内
白河
諸手
出光
老兵
増田
試行
引導
脇目
十二
本章
四人
胸部
神威
学内
入念
田口
国等
有望
滞留
黄巾
脱臼
係属
遺品
外人
失神
漆器
回遊
塩化
単調
純度
狭義
麻酔
催眠
五木
題目
定植
太郎
籠城
尺八
破局
狙撃
金物
言霊
大曲
痴人
柳橋
気品
恋仲
法学
怪盗
両肩
両岸
聖霊
銃撃
残席
車名
大爆
扇動
戦乱
神事
船宿
備後
電器
勲章
逆走
術中
周遊
減損
五本
硫黄
星人
検察
本欄
北浜
一礼
中枢
露地
捻挫
虎穴
付録
貸主
単価
昼飯
氷川
順当
酔拳
日販
年分
建材
主筆
夕陽
抱擁
難癖
一月
改組
装花
代理
来賓
減退
浸水
完治
何名
乙一
藩国
完敗
粒子
幸先
四年
絶倫
山里
木村
首領
分冊
切迫
宝箱
前来
朝夕
風説
伝票
除雪
快楽
路頭
携行
電凸
有楽
格式
伴奏
初歩
得編
時短
寸法
軍門
荒天
糖度
音的
赤銅
陸路
応答
同園
家系
碁盤
大江
曲水
有意
電脳
胸倉
道新
名品
新風
掲出
奇特
力場
不興
戯言
旅人
短命
薬味
疫病
寒気
他所
拘禁
財界
三交
眼中
善人
言説
入籍
送金
戦力
領有
成田
特製
流産
法大
英知
激似
村内
工業
村山
坊主
市町
国土
摘出
土屋
品物
静聴
一個
試飲
車体
静養
安西
支点
占用
寝耳
大橋
即死
剛士
学術
江角
太一
敗走
大島
互角
酵母
高波
自治
汗汗
交易
沢尻
税務
部室
字通
当市
気運
概況
佐川
算式
満点
秋分
名器
女湯
原町
惜敗
預託
日陰
明暦
所用
苦境
基金
遺言
改題
海難
朝礼
大金
尻馬
外道
語気
同姓
千本
茶色
探訪
表決
山野
転嫁
持分
車座
餓鬼
同胞
民団
精選
無謀
砲火
荷担
疎開
鳥羽
部会
制震
高松
載置
寺門
足指
今宵
見附
呪術
終電
銃口
失当
暗記
赤帽
風潮
史料
尾根
大軍
丸井
得日
点滴
知内
暗礁
牛後
村人
広西
当塾
星界
台紙
三沢
府庁
帰着
湯気
樹林
香椎
高圧
軟調
名水
鉄則
転倒
和央
別売
亀岡
一大
末期
羽化
券類
確執
悪態
店番
三宮
竹林
水深
製図
宿様
銃殺
何組
被覆
金渓
内閣
女房
啓示
常滑
上巻
成年
盗作
出費
影影
馬券
無性
天瀬
満杯
残骸
公害
悪徳
芋虫
悪貨
哺乳
前途
年始
車窓
謎爆
虫唾
一足
手首
不変
汗笑
新市
旧暦
脚色
四男
年数
出方
債務
知能
余力
部隊
戦犯
二児
小星
戦中
虎番
湯和
本町
喫水
蔑視
弁償
監獄
私服
奥行
根絶
今晶
片言
黒帯
血道
腐乱
国債
一社
豪雨
確証
共済
一律
散漫
引鉄
盗聴
不断
頭脳
鍵屋
増患
木目
欲求
五山
貧乏
三村
矢面
吹雪
概観
山岳
極限
濃密
独和
嫌疑
来季
朱点
脳的
異音
徴用
行程
青酸
旬感
暴動
千鳥
朝市
附票
医道
夜霧
四万
修羅
木何
独身
試査
大枚
変質
泡盛
指令
当行
衣類
水面
深月
守護
窒息
興廃
下降
謎笑
珍味
享有
知遇
女三
語義
駒大
大使
十九
間隙
周回
公報
自戒
少額
金商
三条
方策
負託
高菜
頭上
高熱
主将
拘留
本懐
米袋
内全
交番
毛足
一理
結実
敬服
湾曲
露骨
軍服
最前
冬来
補導
同列
弾丸
赤福
内職
光彩
模試
強度
襲名
紀州
次表
特有
信義
放逸
一曲
異物
回顧
網走
安価
脊髄
三木
日興
併行
原状
近県
会費
利権
付議
瑠璃
公訴
愚考
笑笑
本報
日神
不平
教諭
導線
水性
要項
様邸
国友
失踪
接点
立案
大業
苛烈
金型
妖艶
実状
北方
縦横
汁物
斎賀
緯度
宮島
田辺
婚姻
旧宅
草花
消却
白水
禍根
為人
有報
肌着
自転
犠打
万軍
種芋
百円
幅高
返上
掛軸
召還
安打
僕等
購買
東葛
諸症
術前
完走
西鶴
大王
遠視
居酒
熟語
天栄
旗印
当会
強打
夏草
機転
海路
日没
川合
習熟
鮮烈
表題
釣堀
墓場
京橋
寸暇
柔道
外注
入隊
二回
手動
平屋
孔明
内観
一株
園庭
田町
格付
諸橋
永山
三点
調定
狭小
幹線
酸素
元妻
晩夏
歩合
抑止
著効
必殺
煮魚
瀬尾
供物
小鶴
休息
相撲
活性
皇女
相田
余騎
過多
大戦
手柄
巾着
紫根
相鉄
穂高
特訓
検品
別府
新曲
橋本
偽善
鋼鉄
膨張
伝記
赤枠
浸入
八代
赤玉
白書
立秋
文永
日系
栄誉
地質
勝率
甘酢
斉藤
憶測
自虐
一命
激得
京焼
個体
旗艦
二股
時私
口福
乞食
動的
学認
同展
議場
婦人
社屋
流域
難所
更迭
万感
連綿
命日
中経
自腹
布陣
産休
旋回
首筋
千株
崇高
徹人
見栄
法宴
器官
新人
苗場
音泉
恋肌
成否
七尾
病後
裏見
雑菌
含浸
必勝
会得
星砂
水上
神楽
堕落
当代
従軍
深化
護憲
代替
屈辱
共助
助力
虎子
大仏
大坂
違憲
大好
狂言
版権
武蔵
魔刃
応分
何着
貿易
足下
法文
青葉
夕空
我妻
山林
関白
中途
気概
即納
有泉
金魚
木気
大吉
高慢
干支
荷台
全仏
洗車
軍勢
今時
味岡
固形
一一
外傷
寄託
建武
読解
掌理
座標
迎合
魔性
愛好
良薬
一文
座右
無念
国力
破竹
根城
株屋
町猿
聖戦
前菜
全社
一秒
上気
激爆
第六
網戸
明光
王家
勝沼
北風
美麗
私腹
直立
陳述
通達
園児
廃油
本院
知立
収受
区政
斎行
背徳
林業
新薬
駒形
昔日
用達
大須
姫星
風雨
錦絵
旧所
半券
激戦
容姿
機序
奏功
保安
体気
船上
論争
裏職
目録
縮図
端緒
箱舟
接道
千早
一浪
室温
撲滅
登美
恐慌
邪推
小道
軽老
目下
宿海
勘所
短報
小雪
新色
帰依
近況
青地
町村
五人
省庁
緑字
霜月
秘伝
怠惰
枝豆
日和
推認
快速
外箱
虜囚
米村
機内
西暦
見所
難度
釣割
円貨
新生
箱代
小野
総菜
寝坊
毛虫
盛会
電王
雄壮
藤崎
喪中
喜八
物価
錯誤
流木
字屋
薬院
多色
禁忌
寝床
海麗
数珠
灰皿
定規
投棄
一寸
論語
鳥獣
真岡
数的
飛鳥
新広
各巻
硬貨
出金
書物
三進
両輪
製菓
参上
景品
倉敷
警官
術攻
強運
福神
二郎
山間
人見
内野
送致
岡崎
気弱
伝家
手指
美名
白目
強引
闘志
雑学
春日
尻目
鼻歌
漢詩
性病
反則
感電
家内
懐妊
懲戒
西宮
釣師
君死
関学
分乗
嘆息
駅長
蔵太
校歌
祝電
治験
遷座
所長
券付
長押
当期
房総
華道
美界
追想
芝桜
乱視
服従
原審
小浜
盗人
道徳
獄門
前職
店様
即座
本園
山札
黒蜜
入本
軽装
素性
嫌味
漁港
標題
鬼蹴
盤面
代償
入館
演目
極度
恋路
局様
蛍光
立春
教則
遊人
菊芋
各章
行中
良書
虎児
書目
遜色
老仁
大工
各年
星影
寿永
減価
切実
今秋
島田
若手
冷酷
精米
下側
次善
茶目
居室
何代
紋所
正誤
公判
雪斎
階位
怪物
描画
残忍
昆劇
強盗
伏見
組曲
究明
論説
多年
策略
人流
秘薬
着付
島原
気圧
創通
守備
盗賊
信玄
卑下
万人
人的
限局
台座
秘蔵
天丼
大泉
撃滅
安眠
薬師
同大
飛散
曲尺
合議
人命
積和
一二
大敗
海南
発作
縦走
海老
首位
学芸
暇人
訳者
純情
人員
態勢
半田
徳市
湯治
舞子
山響
防長
球体
雪風
文節
黒島
住職
杉林
叔母
場名
広範
追伸
特恵
失格
文面
百済
自害
官邸
接遇
数百
岩出
体勢
変容
臨席
死力
冷却
数打
合戦
十一
中水
同月
自国
直登
男声
出雲
峰倉
羽前
活写
変装
官軍
福博
下地
祭典
分子
清純
水菜
敵失
全額
反落
特則
小腸
求婚
木山
流浪
仕度
石津
中井
重心
丹念
根暗
黒革
厳然
石口
固有
換装
旬鮮
朝倉
漠然
総出
白翼
則武
正木
閉塞
王朝
墓碑
到津
腕前
刹那
河口
軸装
巨樹
俺様
千種
偏向
勇壮
超克
人情
随想
小僧
各期
中興
反動
長音
幾度
枯渇
仮装
漁師
税制
看病
特出
都立
一食
毒素
高山
部局
小字
和佐
全廃
誤送
数件
松林
火花
主語
左様
反抗
卵肌
百億
駅舎
横手
開削
士気
祝儀
僅差
刷新
一分
鶏口
学参
天魔
吹聴
乗合
長泉
漁船
見出
配架
進度
湯楽
片山
志願
教皇
各人
友好
別格
本宮
木更
速達
殺意
大沼
恐竜
安保
静観
鉄人
覇権
孝子
平治
質感
三田
裸足
外付
強硬
造語
日子
茶器
空調
擬態
因果
暴漢
桜色
旧知
固着
浅瀬
池上
真我
六十
書中
新郎
水場
騎手
略図
黒服
臨終
両国
市営
何社
宿滝
置場
改葬
松田
治子
一帯
湖畔
益子
表象
駅力
本講
償還
惨禍
領地
外資
旧名
席次
断滅
落着
荒川
作戦
木場
口頭
唱歌
古語
二輪
吹田
二所
浪花
虎猫
王座
四輪
民意
付設
路駐
次週
平安
源湯
学級
請願
独走
和服
釣板
京進
大山
藻前
任売
捨札
軟弱
痴漢
同賞
滝野
望郷
自論
酢酸
井土
末筆
猛攻
声劇
特急
反例
自壊
洋館
道内
美楽
夫妻
短文
受容
被弾
産交
朝鮮
弊会
寄港
弁護
享保
産品
再編
三元
金品
尼崎
製剤
金太
嫌韓
運休
裕久
栄華
花材
監事
初出
号令
切腹
開学
削気
板谷
公団
仏国
失脚
地雷
愚直
水路
装束
値札
漁村
茶道
蛇行
横道
協業
服務
動議
顔見
古川
山下
即売
川湯
娘黄
宿一
弁識
話声
失笑
道外
道民
鍵盤
新令
名字
除斥
二点
通底
来歴
道央
八月
鳴子
再送
馬車
劣頭
市立
車高
師走
早耳
中西
陰湿
樹木
土門
町家
矢場
多聞
岩交
車中
増備
雪国
鎖国
剣道
即決
直尺
騎士
動機
派兵
平定
有閑
近江
獲物
高原
踏込
包括
人夢
真綿
薬膳
引力
出陣
乱発
同館
好機
愚者
帯付
増毛
東山
七年
去勢
村上
辞職
風船
絶命
移譲
越谷
柳津
縁側
卓球
成恵
登園
始祖
異質
魚影
肉屋
磁場
水戸
若鶏
枝番
各県
疑義
雑多
不滅
銀縁
理恵
猫村
団地
半畳
軟禁
芝浦
人里
二本
石炭
女児
禍福
項羽
猫型
半月
祖師
礼儀
原油
御館
功労
夜市
代品
洋子
大麻
裏表
番外
実技
遺物
年端
栄町
産後
解読
壁面
強豪
借用
港南
大作
一撃
眉毛
風格
小枝
土肥
立法
円墳
久遠
高倉
円安
亜流
不全
色調
金銭
幻桜
道端
県勢
頭目
央己
威勢
天望
無音
配流
浦和
加瀬
厳修
喝破
遠足
難病
週次
精算
何味
道屯
親本
下北
霊視
破大
適確
町会
数台
甘露
一着
傾注
宮津
銀翼
禁帯
助手
奴出
連名
抗争
花音
農協
米穀
旗手
地盤
盛栄
持病
港等
季題
信書
捨象
出航
曇天
路面
貸地
養老
転化
旅本
節度
殺傷
大群
実作
線画
忍空
御子
赤身
低空
葉山
竹炭
南仏
目指
北住
魚雷
太宰
仮眠
痕跡
場況
裏街
備蓄
詩歌
西和
特老
韓日
犬山
老健
健太
白金
知多
液体
片町
権能
坂間
八雲
高架
幻影
無傷
巨富
査証
大原
急騰
更生
信毎
月次
無痛
現出
単騎
横山
余罪
迷走
相沢
四谷
整列
人様
重版
食物
防具
無心
丸山
一関
体系
薄紅
疲労
一顧
部長
花林
僅少
宮古
同量
送還
古城
追憶
酸塩
惨状
満身
故事
吸魔
害獣
風雲
民放
満期
民芸
聴講
連打
遺族
中少
式神
由衣
公署
宴宴
保坂
奴多
転封
仕組
晩飯
球根
援軍
遺棄
政宗
湯古
席種
光輪
兼続
孫六
老化
添附
大福
雄羊
統制
討伐
英気
画家
底値
分読
米紙
自棄
電動
釣魚
亡霊
納税
合点
励行
洋梨
甘夏
織物
旧字
群落
一宮
半島
夏空
竹宮
北口
波止
野合
犬太
夜長
大辞
釜玉
使者
焼鳥
水引
中居
本節
吉村
年賀
過熱
小袋
全館
遺徳
隷従
返付
唾液
有松
聖者
山懐
呈示
朝陽
成犬
苗類
目途
市電
高砂
夏編
紅音
城内
西成
超強
作法
当号
照笑
先発
過酷
卸値
北極
無能
黒潮
羽毛
奇遇
酢塩
花肉
帆布
校訓
激闘
妖精
入稿
大口
減刑
見仏
流離
免震
帰結
佐武
政争
名刀
地中
古牧
維新
古風
注釈
正対
平戸
詩集
馬子
梅園
磁力
狭量
臆面
偽物
積算
持駒
機軸
圧着
堤防
再刊
卓上
麺匠
偏狭
車間
仙石
自室
江南
飲用
直島
広電
経発
六法
九尾
怪異
東方
版非
生月
中和
写貼
居所
池坊
勝山
双肩
月夜
字点
祖院
忠光
論戦
歯間
激震
名月
道太
賢察
素手
宇土
日塩
布告
紳助
遮那
宣以
自演
概説
造立
不仲
鬱憤
激熱
子規
日英
弊店
三枝
魔皇
鈍感
夏川
酌量
禅僧
基材
幻視
加水
全道
簡素
五位
塩原
史代
地場
学是
東武
漂泊
鉄鍋
元号
独日
満福
敗訴
数社
両耳
宮川
百戦
白星
比準
大海
脚立
雑魚
旋風
舟盛
化剤
囚人
謝辞
曲美
秀太
一橋
山鳥
自機
鎮火
欲情
猫魚
略号
衝立
糖類
湖浜
崩御
風夏
美徳
軍手
小鼻
個口
受粉
小唄
鹿島
数式
百坪
六霊
幅跳
手練
宮交
平野
尚可
楽習
米側
予知
楽観
居宅
特上
合通
男爵
軽費
食神
円色
創都
岸暁
激務
同前
町字
御霊
大池
重美
別件
長者
金玉
雑言
転身
賭人
城北
背油
草木
周期
青果
大京
献呈
現値
素子
住建
残債
大漁
実戦
三顧
東原
繰越
今一
浦安
西内
疎通
重文
七誌
真田
赤味
今展
羊毛
海男
瞬撮
二項
買主
当所
同欄
商法
冷光
重臣
手手
采配
他科
豊橋
頓挫
祭都
七田
編案
幻惑
前線
弓道
岐南
年頭
登頂
騒動
訓示
猛虎
加点
急患
虚像
暗雲
和文
季粋
式中
前田
遠州
本種
執念
専制
未納
野人
四郎
赤羽
酒舗
岸壁
四十
親方
城南
脈絡
偏在
過密
鎮守
外数
坂路
名声
皮革
朝勉
流儀
貴男
恒久
書架
硬派
肉労
士業
船賃
系統
紙技
滝涙
利息
大盛
社割
泥舟
期中
遠藤
母数
快走
永宗
衆目
減資
容態
当校
暴落
増資
各欄
宿湯
倒幕
湯音
適温
主徴
公転
田園
送出
両眼
春江
別掲
砂嵐
感慨
球界
中退
大筋
思索
土器
土等
片雲
本流
凶神
受諾
丸岡
射程
目目
安城
訂誤
香調
序章
男度
分掌
如月
三国
帯上
日給
宮司
真正
旧新
古版
内気
産婦
客先
帳簿
方剤
長編
減封
廃酸
国技
明大
補欠
岸部
芳麗
葉桜
汁気
架設
狂乱
読谷
一団
魅呼
公売
美里
執務
入城
村田
誠治
酷暑
俳誌
酒造
西肥
作風
清遊
肉等
里堂
総説
一幕
夢私
永田
黒子
夏幻
服役
残室
大暑
品格
辛抱
作画
確知
敵陣
雨情
国中
急行
所収
稚魚
雑民
覚書
朗報
黒虎
聖母
任免
余波
国府
再掲
夏来
烈火
能楽
中絶
門戸
空母
神攻
砂防
着装
副題
鋼板
芸北
波長
十六
明瞭
渡島
隣村
併願
各馬
並下
初着
側近
千歳
大石
血統
冥土
立山
寄金
延泊
油絵
真歌
肝斑
役人
超得
月島
伏在
割当
探知
患部
幾筋
賢帝
噴水
同送
何番
真紅
出窓
任用
琴平
秒速
夏山
一作
巡行
遺贈
序幕
愛聴
激汗
奏光
助役
日焼
熊日
魔炎
罵愚
風森
死滅
脱走
駄文
刑法
盗撮
王将
坂出
消防
子号
小窓
巨費
歯磨
末女
金言
駆動
直球
実録
中坊
宮前
貞永
併存
他校
公債
山代
白状
装道
岡三
異色
先駆
猛爆
加温
学遊
藤本
幕府
空似
背面
氷空
食間
職名
梅皿
石井
党派
私書
刑場
町紙
時宜
密約
日向
歯学
北九
大勝
尿路
並上
吉原
駅弁
小町
和田
既報
歌謡
物攻
泥沼
種田
寝室
野原
襟首
魔神
大卒
英詩
腐敗
宮迫
朝晩
色的
調停
北鉄
支流
愛敬
予熱
裏張
抄録
黒地
開眼
研磨
厚情
西口
活路
小紋
夜愛
本望
無類
急減
開院
前岳
本論
要点
成語
証左
山路
荘夢
畜生
薬学
前頭
空論
刻限
月下
諸王
来夏
太守
史官
慣行
肉質
渓谷
名盤
北天
認容
真砂
市税
東宝
数個
片道
宮原
銀二
内数
最下
経審
口笛
素行
冷蔵
艶女
常例
和名
酒精
海猿
主席
黄砂
宿木
土方
武内
四角
魚肉
旨辛
宣戦
観衆
花種
最凶
御手
美声
火暴
箱館
条項
車上
気迫
肉塊
大浦
了見
得度
骨子
森川
復職
氷雪
大火
山中
昔心
首記
激情
生誕
反吐
京終
六価
結露
色紙
石野
身銭
帯電
物置
木工
厚手
犠飛
雪辱
交信
糸口
前店
老子
春死
和寒
夕刻
桜井
教習
星弓
寧楽
書画
二宮
経度
都城
朝一
浅野
渓流
七七
一計
同書
番付
通年
七氏
肉汁
高遠
東口
回付
原宿
種島
花波
早割
麺屋
点間
測量
議席
船便
乱丁
敵意
板的
麗前
必修
浪速
花園
豪族
人後
研削
鉱業
判事
畳屋
嬢花
催事
局長
東月
叙階
読破
何百
国生
大書
態様
編組
寒川
如幻
長物
最聖
新解
戦列
慶太
松岡
改宗
相生
本号
通風
奥義
所期
対向
目星
土星
社交
骨頂
渡米
表右
強弁
軸支
歩行
山師
馬場
天罰
迫真
宿通
修飾
旅籠
大証
整数
輪島
森永
時季
言渡
森人
日天
王城
代決
器用
湿地
鶴屋
花主
酢鍋
神父
畿内
視認
宮殿
拠出
西湖
千人
降園
当番
講要
窓際
関税
黒衣
殺助
野暮
適宜
導出
相反
人問
断絶
耳目
等幕
岐部
林試
切診
年一
障子
人等
活憲
塔頭
道東
謙信
内心
長介
回帰
地検
所論
部内
奉安
仕上
日毎
肥田
終期
回春
隆起
今道
狂奔
取手
一辺
日淡
湖面
百万
作出
長栄
天板
遠鉄
区名
幼稚
中指
編物
新党
両腕
球菌
弔辞
崎谷
編者
激売
即効
井手
端株
開口
便可
板長
気球
御中
悪臭
諸相
一丁
独女
降格
追贈
余興
楽書
便名
酒気
三空
水城
劇作
韓画
特大
茶匠
積読
際気
奉公
美貌
公用
四魂
校則
駐輪
気味
幸村
岩場
木質
売伝
人魚
牛角
念仏
客席
単話
雅楽
透析
奥州
正覚
高考
青鬼
金髪
早雲
証取
岩田
焼物
乳鉢
今野
類例
施本
高給
恋空
痛打
大矢
地層
充電
退避
相対
根元
競輪
余熱
三線
当寺
開議
神曲
撤収
母方
博徒
銘店
信託
旧譜
内規
自首
当省
脂質
東欧
母友
果肉
青竹
物音
美品
台東
進士
参集
設問
路傍
茶香
市名
謝恩
別記
対日
月賦
近似
霊験
六浦
御名
木曜
遊惰
御身
味出
長屋
度胸
喜寿
三時
窮屈
度数
底部
鎖場
百五
松井
黒崎
類型
首輪
竹串
福利
廃番
西欧
我家
受益
弓張
日通
水位
画題
静内
独白
南方
顕彰
丘駅
堅固
性態
能書
御時
音源
明洞
華彩
異端
宮本
前見
深部
時君
銀様
騎乗
背丈
遠因
昼前
雅子
海音
深謝
話芸
谷垣
勝算
心外
車板
寛子
糖質
葉柄
遠隔
店屋
標柱
損得
発効
素質
釣法
小径
比丘
白米
伯方
闇夜
山手
丸赤
別子
内角
久美
房州
春風
館長
援用
調味
列伝
者久
外聞
竹中
上杉
竜王
美川
製錬
麺系
神等
遠出
新版
町内
名様
過労
町道
愚息
方途
桜君
吟行
旅券
直営
弱虫
由紀
立設
官渡
掲揚
御旗
性欲
歌星
小話
宿人
減算
岩沼
石焼
杉並
笑韓
素養
画廊
枯死
八八
図画
百名
染髪
曲面
会期
宿金
至宝
差違
筋道
所領
風貌
縦断
黄門
遊佐
内助
月浜
真悟
心持
飯田
桃屋
術後
戦記
毛糸
同筋
状元
間柄
鹿行
福交
恩義
溶接
丸裸
敗軍
目白
宇治
等長
七匹
何匹
静的
割譲
見地
月宮
廉価
邪笑
一事
文教
関医
菓譜
尊顔
室根
肝高
油性
郵政
戦艦
素肌
道警
保谷
郵趣
電卓
座禅
神宮
大物
天平
親愛
宿曜
掘削
果無
就農
速記
岡内
直交
業等
天主
男鹿
虚弱
天女
快気
稚内
通所
小中
松島
偏屈
棚田
日森
甘木
数本
恵那
前略
助勤
後門
桜庭
単体
先取
降雪
戦意
小鍋
森氏
田代
在中
自供
直子
存否
波動
家宝
一利
夜行
翌休
娘婿
実効
摘示
岩崎
当町
母屋
上階
常況
銀誓
光等
横板
麗剣
市京
大特
三塁
加茂
武骨
本心
往年
秘所
顔旬
終局
旅春
別欄
塗仏
野辺
戦評
肥満
宿関
大垣
天恵
長町
永利
優子
喝采
藤家
小玉
急伸
接写
者等
煎餅
名等
稲沢
朝寝
社殿
春節
基幹
三春
他局
反魔
親日
終日
京方
名札
卑近
王者
無地
尿管
後宮
弊害
高等
純正
胃袋
譲与
雪塩
水滴
峰本
飯能
特産
銃後
大損
風雪
魚種
完品
聴力
最愛
早世
勝毎
胃部
分霊
牙城
総意
文言
式辞
陶酔
充足
悪酔
徳永
東書
小学
御湯
桜子
銀賞
辞世
一組
憎悪
接戦
糸田
麻生
団結
多寡
公道
分際
原口
泉区
夢猫
捕鯨
白井
近視
唐津
座間
安室
自刃
斑点
舞姫
生鮮
節水
重賞
弥栄
比良
全馬
多勢
宿松
治承
雑煮
転院
退却
七鉄
親技
興亡
郷田
偽名
高永
亀梨
散骨
常態
夢色
月見
書道
略儀
素案
愛西
受検
拝観
霧状
高田
何曲
各区
国歌
健人
地頭
拘置
語法
有能
結審
高月
長袖
補填
公記
巻号
七月
陽炎
野仏
服地
妙音
喉元
氷解
善処
新地
野外
気位
紙器
捕縛
着弾
身上
上段
鉛色
元凶
埋立
役名
全日
墓穴
抜型
識見
香住
図星
道草
下呂
喪男
劇画
半数
時血
外敵
即興
安寿
農政
心強
御校
事理
新上
余命
大河
取水
予兆
幽霊
参観
樹高
当接
心霊
御堂
名調
人多
出町
悲恋
盛付
切替
俊馬
号室
方円
稲葉
雑味
特船
作庭
細目
裾野
謎光
白石
地山
熊取
火宅
白猿
青銅
学名
奪回
船長
大田
陽日
男装
結界
赤本
専決
七色
早鐘
脈略
天音
減弱
使徒
御祝
愚言
沿岸
一話
灰色
幸楽
両足
湯村
二条
姿月
真上
空海
偏重
出石
取説
超遅
清泉
袋田
伴侶
吸入
新訳
王女
発付
住設
浜坂
勝数
大名
蛇蔵
塊魂
浮揚
西隣
太刀
就労
指紋
魔界
体中
茂庭
七緒
都電
終幕
山岡
後年
遠望
直腸
宿奥
真赤
論調
武沢
血族
鑑別
片膝
架装
悪玉
常勝
夜光
協和
国是
内村
旧令
団子
大罪
新座
休刊
何方
吹割
東名
一巡
小豆
乱射
仁科
元若
利休
気道
今着
小諸
古賀
赤子
原初
豚足
春原
春秋
学外
側溝
字音
脱退
退団
花柄
真打
歌曲
翻唱
直販
経本
羽織
農林
秋空
補任
斉唱
青汁
河合
皇居
俺男
同州
咲夜
気比
義経
夜店
日用
情動
瀬波
爆春
雪道
尊崇
看過
印加
海自
来所
恵沢
狂気
皆川
東進
路程
片足
連係
天重
出汁
廃案
専売
強気
消印
諸氏
白扇
相模
若草
木像
入渓
往時
話帳
夜闇
屋形
赤裸
闇撃
十八
唐土
武田
図式
謀殺
決裂
日夜
無煙
中延
高専
極東
木星
池田
金庫
親権
号俸
対照
何語
調合
津田
与信
小羊
白木
五歳
喜多
付勢
登板
会友
蔵人
極楽
小峰
慢心
真説
当主
快朝
米沢
交戦
論評
順守
枯葉
残数
御所
初等
宿新
竹垣
手入
音量
気勢
川田
愛佳
水田
海側
朝感
宿渋
天城
平取
書写
県北
含意
甘党
総評
水星
出所
心胆
今旬
女帝
読本
卵子
内湯
死海
常山
保釈
具現
上毛
佐久
皇統
別注
培養
病没
空転
長又
貴塾
画楽
貼替
香西
雅道
木戸
急襲
女史
特日
誤射
回診
手相
竹布
大帝
重鎮
直列
形質
証人
破却
北谷
万物
寒風
温室
発砲
倍数
密輸
青山
湖東
暖気
洗顔
原始
既定
潮騒
頭重
真顔
特記
里芋
修練
水揚
群像
前傾
同曲
提灯
乗務
農産
会則
銘酒
根性
生首
竹材
決起
納骨
舞闘
校門
郵貯
固体
侵襲
年輩
引換
浸潤
並存
勇姿
金崎
深紅
十割
手錠
猫魂
崩落
旅亭
海域
詐称
文法
砂浜
風雅
権原
刑期
東隣
盲信
肥大
梅和
羽生
東奥
褐色
戸田
健指
満塁
修学
天子
好奇
恩師
五右
福証
花弁
国字
白光
残余
豊田
対訳
他券
納涼
敵兵
相馬
皇位
絵柄
早計
前泊
豊作
損壊
日米
暗門
皆氏
礼央
花子
保温
八瀬
大儀
亜麻
樹脂
造作
調律
里子
守口
紀子
無敵
片天
重野
秋味
主管
徳利
裏山
一審
宇部
零戦
延伸
草津
表出
造船
怪談
外福
緑風
民国
芸名
孤宿
組込
真昼
九月
回送
風人
権益
裸族
分量
立言
重陽
生粋
京風
自費
転戦
美髪
賢島
国保
端部
公印
酒泉
名文
巨匠
総数
黒板
陥没
鳥見
七志
岩瀬
旅作
湯峡
藍麦
超亀
肥育
布石
希少
右脳
林家
秘法
教圏
尾白
南派
山寺
浜崎
湯湯
行情
無塩
湧水
金封
命式
三十
橋場
素体
上原
胃酸
快獣
勉学
缶詰
円盤
摩擦
光速
刃牙
超人
水月
小石
溶媒
詠唱
陶芸
三脚
光媒
日獲
足立
療法
加除
東商
成虫
敬称
歌川
町屋
福田
貴船
山霊
再販
宿姫
山名
嘱託
古事
頻尿
兄様
力作
仏和
教本
粉状
年俸
装填
実名
本旨
頭狂
土湯
飯山
上尾
弁天
隠岐
軍備
京大
右足
朝霧
月様
江与
天山
止揚
軍人
利水
高雄
月光
本例
追録
戒壇
生長
正品
北見
販路
向日
興南
雌雄
異装
財物
濃霧
共益
校庭
帰港
加久
居館
通読
千舟
三次
二部
乱文
減速
古馬
王権
手記
五回
韻塞
拓海
樹液
大塚
日工
童謡
那覇
貨物
架橋
始値
政局
五十
冬至
代休
叱責
東軍
警句
塩崎
御前
優占
代官
当否
金印
岸家
神去
権衡
黒山
拙文
欠号
破目
水庭
悪果
充血
聖職
馬尺
演場
並木
諸元
入封
霊感
札証
結語
両日
実食
枠線
真琴
野性
春高
信者
名著
馬力
住棟
岡本
犬種
山久
順応
退廃
選人
理音
原田
管内
厚着
解同
十日
法被
所望
本命
秀丸
六年
辛子
和犬
魔物
横幅
虚構
古希
金城
豊科
隊列
焼却
内宮
極粋
血脈
野心
外車
北野
宮口
転出
手打
青臭
対価
京滋
次月
密会
波導
業火
忌避
株券
遠投
懇切
監護
今昔
料別
聖堂
打率
陰険
鳴潮
実体
対語
食害
超爆
康博
美浦
連句
毛利
諸島
名鉄
新手
由布
超級
森見
分化
寮歌
大杉
六景
公社
松野
哀歓
砂鎌
三代
大貫
守谷
合羽
色彩
服着
令嬢
玉置
夕景
大衆
夏得
薄闇
完勝
恵方
美通
父子
竹八
小声
行幸
回目
幻香
浦賀
単一
剛腕
名将
花巻
今読
頻度
逃避
有限
俊英
受命
感傷
新津
積層
新鋭
減収
丸東
名乗
下請
着順
暗黒
副詞
涼感
端正
去就
張子
憤怒
生花
日照
辛辣
駐機
傍題
刈谷
斎藤
出玉
宿山
節句
冥府
星里
先着
可変
造本
判型
草案
親玉
高峰
亀田
逆棚
実妹
虚勢
新旧
赤松
点画
加須
平板
木六
研心
常口
草刈
完遂
上棟
世耕
草書
西武
炭鉱
連語
略語
勉三
難解
頭語
転帰
医業
簡便
増補
広東
災厄
気付
帳票
協調
大敵
電球
多志
三島
秋月
足首
霧降
旺盛
脱落
貴女
魂胆
流罪
瀬音
更正
東川
印欄
総量
天孝
解剖
餓死
超超
抑揚
日医
韓食
経絡
頭付
生写
和牛
湯一
赤面
新窓
小平
参宮
鳴海
独標
境港
詰問
酒蔵
善悪
安斎
酔醒
酒亭
潮時
東丼
梅屋
左胸
益城
県土
腐食
小杉
弾力
試弾
群青
三名
特攻
相関
最古
中級
創元
系譜
一代
幼虫
潮彩
自著
政経
若狭
胸中
増刊
付訓
奈須
私男
絹谷
比類
悪戯
連鎖
制汗
冥色
直下
混紡
休館
細菌
謄本
高野
兼用
琴音
浅間
他市
伏字
肌艶
理学
休会
供託
内服
霧島
静音
松葉
箸袋
封殺
暴君
同国
名代
月姫
赤穂
荘子
後段
激辛
同業
偵察
徳重
款項
万座
拙者
西条
水痘
各板
土砂
牧神
神酒
貴石
買替
長尺
神代
西軍
都営
真冬
竜児
所産
変態
祖谷
催促
外周
鼻血
伝言
天慶
文京
王銘
海運
港湾
盆休
絵伝
隆盛
柳川
退所
五足
倉田
啓太
座面
長浜
竹取
戒告
極寒
茶山
桜肉
歌枕
船内
徴兵
乳首
文月
遭難
軍命
実刑
自走
滅却
角質
胃液
貴殿
干満
度量
歓心
甲羅
絶世
老体
角田
鋼材
焼成
両党
甘言
前納
高杉
織田
後生
労作
接合
陰性
脳炎
天明
巨額
地魚
形的
久本
四諦
図副
愁堂
道南
意気
鼻息
区長
留去
丘陵
向島
根室
川口
修景
須賀
断裂
羽島
種袋
電柵
清里
新譜
立件
局前
数枚
終点
聖魔
投降
節操
竹芝
中原
易経
最多
秘話
牧草
五万
麻央
夏季
電設
煩雑
歳費
真裏
下京
地底
追補
週報
黄河
寸分
陽未
大高
優待
含蓄
国税
鉄分
与野
父方
草型
三面
久賀
電飾
来庁
豪傑
品目
練体
静鉄
痛車
風刺
林床
炎翼
入道
一巻
前示
花実
密度
山地
生家
肩口
万引
塩尻
知力
名門
生態
甘受
工学
豊島
南極
精油
者様
氷上
知花
減益
丸秘
声楽
香風
競泳
私学
高覧
蔑称
海洋
転戴
見込
我社
打線
歌垣
花壇
葛飾
釜飯
籠絡
適否
骨格
手染
門前
呪怨
競演
原書
曹操
春香
花瓶
奴誰
廃道
飼主
汚泥
華厳
爆撃
転覆
極言
分速
定数
障壁
前給
酷道
尾上
芸大
城下
寝袋
天上
狂卓
舞踊
仲裁
後藤
豊中
連理
店先
庶務
旅路
卒園
足尾
小神
旬彩
秋葉
本筋
夫板
代入
金満
中里
寸胴
志賀
本賞
合歓
水運
中型
石黒
図略
舞鶴
当誌
電人
朱月
二役
保湿
天保
悠仁
死因
親父
護神
各道
日帝
深川
講読
古着
玉子
貴紳
大層
戦勝
愛花
札所
極真
空襲
藤原
銀冠
示談
真逆
旧道
古参
高津
両性
下野
隣地
色味
宿悠
桑田
貸付
多重
太臓
年貢
釜山
有野
山旅
魔宮
矢板
公家
室料
魚一
相川
肉厚
近藤
慈悲
中田
遊離
名画
夢想
嘲笑
遠野
前例
失禁
奮発
二択
薪窯
朝露
不潔
仏事
役場
秘境
江夏
盆栽
名宿
超凄
超旬
本問
本図
留言
粘度
落合
門野
読人
賄賂
法定
約定
寸評
与力
物品
大成
無精
蔵元
釣人
祝典
人選
赤心
密命
捕球
北限
同隊
震災
通期
毒気
波頭
援護
通商
小沼
弟分
軸馬
激甘
等価
星尾
河内
渇愛
診査
三宅
根津
住友
右奥
書生
涼子
清村
外信
極選
事何
禅寺
解毒
春菜
生島
白湯
今池
安土
家出
春駒
廃材
指宿
薄目
時効
毛毛
陽毛
虚言
原形
正室
中海
扉座
一歳
忠経
水出
葉酸
光久
庶族
町民
七里
家老
優劣
参陣
八男
覇王
杉田
不吉
令達
欠失
符合
厳格
処木
寝覚
犬用
逆流
旧作
舞曲
歯痛
野並
急病
装丁
諦念
演習
発狂
殺菌
押絵
鉄線
合金
行基
館山
用土
稲荷
謙遜
着生
沿道
陸稲
鶴岡
劇薬
下弦
不信
叙任
粛清
肩幅
据付
百度
井出
日進
鬼平
水銀
美湯
宮井
広重
寺田
吉祥
調布
分納
天照
放心
不朽
減便
失効
消毒
化物
座談
電送
夏頃
点火
斑紋
牧師
孤児
建具
福生
皆勤
魔剣
重刷
希釈
順延
実母
断崖
真否
話出
週日
南米
由縁
歯周
鉄粉
成都
米寿
心旅
海女
精緻
退居
百舌
動漫
宿季
宿坊
継投
論陣
七味
三回
千堂
対馬
鈴鹿
議院
車線
額等
十七
古来
涼平
依代
天宿
隔週
座金
