北海道
数年前
小学校
日本人
日本語
小学生
一番上
社会人
地図上
外出先
高校生
小文字
数日前
大文字
日曜日
一体何
中学生
中古車
数日後
外国人
中学校
午前中
何十年
数年後
会社名
東日本
土曜日
市町村
西日本
先生方
十二分
二日目
中国語
顔文字
大人気
二回目
教科書
大学生
中心地
月曜日
日記内
国内外
一年前
一回目
新生活
七五三
一番気
朝一番
売上高
食市場
大人用
年月日
数十人
大多数
一番下
二人目
日本一
二年前
金曜日
学校名
語学力
数分後
原作本
一日中
小売店
書店本
一日目
当日中
少人数
本文中
三年前
数百円
三日目
一年後
通学先
絵文字
百万円
日本海
数十年
青少年
日本中
頭文字
外国語
新番組
十数年
一口大
一人目
何十回
五十音
見学会
公園内
何年前
一歩足
計画中
光回線
何百年
入門書
三回目
人気店
十年前
今一番
入会金
何回見
水曜日
食生活
古書店
半歩上
週一日
数千人
数百人
会場内
地形図
一歩前
金正日
二十四
新聞社
二人分
今週中
日本国
今大会
今月中
中国人
一歩先
大学名
日一日
八百万
空気中
姉妹店
空室数
引用元
人間力
十五日
新会社
何年後
二十日
冬一番
何十人
近日中
五年前
地図内
同日前
日米間
一回見
一人前
新年会
今年中
広東語
明細書
何回目
一時金
大人数
中高年
原生林
電車内
四年前
前回来
同友会
地図下
番組内
空間内
十三日
心理学
一六社
中心点
三日前
十六日
大草原
中古本
下車後
二年後
何万人
右半円
左半円
入社後
出店中
計算書
何千年
子会社
何百人
日本円
一九九
二日前
十年後
長電話
三人目
時間外
食肉店
公用語
一年草
二番目
計算上
生花店
数百年
水道水
二日後
十数人
東南海
母国語
三年後
十七日
数日中
十八日
電車男
通知書
半年後
十九日
番組名
分科会
十四日
外出時
一九八
一九七
十二日
数千円
一年目
四日市
月一回
今日中
思考力
週一回
黄金色
社会科
来店時
十二人
大分市
一九六
秋田市
出来高
万歩計
大気中
回答数
東海道
日記数
十一日
日一番
一歩外
一人分
赤文字
大百科
四万十
本大会
道今日
一番心
年一回
十六夜
二十年
男二人
数万人
多言語
三十日
休前日
当組合
何百回
何千人
人気作
十八番
火曜日
休止中
三日後
入学金
森三中
中南米
里親犬
入金後
小休止
上下線
国会内
数千年
来週中
数万円
長野市
新工場
入校前
夏本番
二年目
十三人
多走行
文字色
後三年
一番前
百万人
新分野
日野市
生活上
前九年
一年生
二日間
金土日
一人用
地下室
米国内
入学前
日本画
来店中
一九五
北東北
売出時
線元町
何百万
人一人
女一人
夏一番
四天王
回数分
三年目
引当金
中中中
行楽地
九十九
校長室
帰国後
入力後
毎日何
六番目
工場内
市長室
新聞紙
