北海道
第三者
飲食店
数年前
歯医者
旅行記
東京都
福島県
出品者
自動車
小学校
日本人
日本語
日用品
自転車
小学生
一番上
社会人
出来事
暗号化
地図上
有名人
本発明
外出先
定休日
電話帳
千葉県
商品名
文字列
高校生
小文字
数日前
発売日
事業者
一人様
注文後
大文字
日曜日
問題点
名古屋
一体何
図書館
使用上
元記事
中学生
中古車
新宿駅
長野県
用語集
数日後
注文時
外国人
中学校
午前中
何十年
正社員
数年後
本研究
三重県
委員会
運転手
回答者
会社名
東日本
土曜日
発表会
正当化
主人公
研究所
自動化
市町村
一人旅
事業所
西日本
青森県
真面目
新商品
研究者
世界中
先生方
十二分
二日目
中国語
写真集
全商品
路線名
日本酒
顔文字
一体化
自由度
間取図
大人気
石川県
写真等
二回目
教科書
多様化
他人事
中心部
広島県
所有者
開発中
秋田県
事業用
大学生
中心地
代表者
月曜日
大部分
日記内
何度見
代表作
中古品
実用化
国内外
一年前
古本屋
定食屋
休業日
活発化
山口県
一回目
京都市
新生活
七五三
使用感
山形県
一番気
勉強会
朝一番
売上高
公開中
注文日
一本化
食市場
人物名
岩手県
都合上
理事会
第一歩
高級感
客室等
注意点
大人用
出発日
出発点
第二部
第一回
年月日
数十人
商店主
理事長
予想外
番組表
大多数
一番下
車買取
二人目
大分県
商品化
小売業
注目度
医薬品
第一線
長期間
鳥取県
番記者
本記事
具体化
期間中
放送中
注文前
遊園地
部屋数
日本一
表面化
二年前
高知県
委員長
発送日
研究室
会社様
安心感
金曜日
家庭用
島根県
住所等
大集合
先進国
学校名
今一度
医院様
和食店
語学力
買取店
原動力
代理人
集客力
数分後
原作本
一日中
小売店
開発者
文字化
一度見
登山口
市役所
病院名
市南区
放送局
書店本
店長様
出発駅
地球上
一日目
写真左
新発売
場合等
短期間
当日中
少人数
生活者
市北区
画面上
旅日記
動物園
本文中
市緑区
神戸市
三年前
文章等
出発地
地球人
写真右
中央区
数百円
市西区
来院前
電話等
細分化
下半身
三日目
出身地
安定感
開放感
取引先
登山道
内定者
意見書
意見等
練習板
会員様
風物詩
一年後
通学先
発売中
絵文字
交流会
百万円
人気者
進行中
医者様
日本海
上級者
注目作
集中力
発売元
旅行先
数十年
青少年
研究会
発行者
都市部
整体院
日本中
頭文字
配送先
発注後
外国語
真夜中
中央部
開会式
弱体化
新番組
十数年
研究員
一口大
第一話
王子様
主題歌
本年度
主人様
一人目
大流行
第一号
何十回
五十音
地下鉄
次回作
買物前
年度分
発送時
歯科医
見学会
公園内
住所名
何年前
一歩足
計画中
入学式
配送員
多方面
発言数
進化中
新宿区
業者様
思春期
三丁目
光回線
会社員
何百年
入門書
商品毎
一昔前
何度目
部屋食
大問題
三回目
練習場
文化祭
使用者
人気店
路線図
商品数
名駅名
十年前
新年度
電子化
今一番
電気屋
入会金
一発目
人事部
安定化
何回見
病医院
使用後
算出等
組合員
集合体
本事業
美少女
広島市
勉強中
店写真
水曜日
仕入先
世界一
第一章
食生活
古書店
半歩上
週一日
数千人
数百人
鉄道駅
会場内
次世代
来場者
遊歩道
第二回
代理店
地形図
洋食屋
宿場町
一歩前
合言葉
注文数
金正日
二十四
新聞社
山間部
二人分
立命館
運動会
作品名
工事中
今週中
日本国
北九州
決算書
運動場
住所地
今大会
古事記
本人様
第三号
日記帳
実用品
和歌山
本作品
写真上
右写真
今月中
開始日
第四部
全世界
配送日
千葉市
中国人
原作者
休館日
一歩先
大学名
近代化
日一日
使用前
八百万
中野区
商品本
第二章
所有物
作曲家
相談者
空気中
高度化
姉妹店
合理化
空室数
開始前
仕様等
新世界
乗用車
期間内
大都市
引用元
人間力
本調子
十五日
発想力
電気代
数十倍
新会社
秋葉原
台東区
事業主
何年後
前年度
家具屋
二十日
長期化
冬一番
同級生
見放題
歩行者
仕事中
科学者
野生化
何十人
大注目
定番品
近日中
記事等
南西部
用品店
短時間
五年前
地図内
同日前
県教委
薬学生
目黒区
客室内
定番中
日米間
一回見
勝負服
使用時
第一級
一人前
新年会
今年中
全客室
新学期
広東語
市教委
明細書
何回目
学習会
事業等
北西部
太平洋
一時金
大人数
横一列
中高年
角部屋
原生林
第四号
耳鼻科
電車内
品川区
取引所
感想等
文化人
四年前
感想文
前回来
漢方薬
同友会
地図下
同時期
親近感
番組内
記事中
相談室
文京区
空間内
集会場
世間話
十三日
心理学
上京区
一六社
軽作業
二次元
今注目
中心点
三日前
第一部
落語家
十六日
大草原
海岸線
一度足
大田区
前画面
第三章
中古本
転用元
旅行者
下車後
生放送
相談等
二年後
三度目
何万人
配当金
右半円
左半円
入社後
出店中
計算書
使用中
書店様
何千年
子会社
公開後
何百人
指定用
小心者
区役所
全画面
日本円
一九九
東京駅
数秒後
会員用
都市名
二日前
十年後
期待大
長電話
第二号
入園式
発売前
三人目
商品等
水族館
部活動
当事者
時間外
食肉店
公用語
一年草
今年度
二番目
植物園
計算上
今月号
進学先
板橋区
生花店
福島市
新書式
公開日
自走式
本発表
土地等
体重計
配送中
数百年
家庭力
水道水
水面下
想定外
二日後
一時代
十数人
東南海
母国語
三年後
出品中
十七日
記事数
第五号
数日中
十八日
行動力
万葉集
電車男
通知書
生命線
半年後
十九日
番組名
第三部
洋品店
分科会
十四日
事業部
正式名
名言集
練馬区
運転中
発行元
日本橋
新時代
花言葉
外出時
新登場
記事内
一九八
一九七
十二日
数千円
一年目
生息地
路線内
休館等
四日市
同意見
月一回
今日中
立体感
思考力
八重歯
週一回
黄金色
社会科
来店時
表題作
十二人
足立区
一曲目
発売国
大分市
有楽町
出発前
文庫化
一安心
一九六
出題者
県内外
秋田市
集計中
出来高
家庭内
同業界
万歩計
通院前
開始時
大気中
回答数
一身上
記事前
西館内
全記事
服用前
東海道
明文化
日記数
西遊記
書店員
活動中
十一日
第三回
日一番
一歩外
一人分
赤文字
大百科
登山者
四万十
大学院
本大会
県大会
道今日
正会員
医学会
工事業
線引等
一番心
年一回
練習中
子宮内
一体感
十六夜
前受金
第四章
二十年
太平記
自分流
生意気
近親者
男二人
数万人
動画等
写真屋
発生時
学校区
多言語
三十日
会員数
水平線
休前日
当組合
算定上
三千院
引出物
商談中
何百回
何千人
等身大
人気作
十八番
火曜日
休止中
屋形船
三日後
化合物
入学金
森三中
中南米
大発生
何度来
病気犬
里親犬
発表中
入金後
小休止
国指定
上下線
他教室
国会内
第一期
草野球
調整中
数千年
入院中
来週中
入荷日
食品等
数万円
画題等
生命力
高速化
三部作
長野市
新工場
自由化
相手方
表形式
同期間
入校前
夏本番
本部長
二年目
十三人
長州力
外注先
中医学
多走行
文字色
後三年
一番前
食事時
百万人
新分野
新入荷
来年度
日野市
生活上
前九年
客室間
教育力
医院名
一年生
業界内
食事中
木屋町
事実上
二日間
金土日
発起人
一人用
地下室
二人様
入力者
同地区
米国内
放送等
入学前
定員数
発送後
同世代
日本画
一次会
来店中
一九五
問題化
道具屋
北東北
売出時
線元町
何百万
人一人
学園祭
女一人
他大学
全国区
高次元
工作員
夏一番
体育館
立役者
予定日
医院等
福山市
名前等
相対化
第七号
進学時
四天王
実写化
回数分
決算日
三年目
一度家
引当金
食事会
起業家
中中中
前橋市
行楽地
風雲急
九十九
行使時
校長室
注文者
出身者
実体化
帰国後
入力後
受注後
毎日何
同時代
六番目
地名等
工場内
同等品
市長室
新聞紙
出身校
何百倍
商品右
第六号
注文等
部屋着
