不動産
具体的
管理者
不思議
管理人
利用者
積極的
北海道
関係者
自動的
最終的
第三者
飲食店
埼玉県
数年前
歯医者
旅行記
参加者
東京都
福島県
駅周辺
初心者
出品者
自動車
小学校
日本人
日本語
日用品
利用上
自転車
小学生
茨城県
一番上
社会人
結果的
出来事
愛知県
時間帯
暗号化
兵庫県
定期的
地図上
有名人
京都府
本発明
不具合
外出先
世界的
落札者
定休日
電話帳
大阪府
主観的
体験者
千葉県
商品名
文字列
高校生
小文字
数日前
発売日
事業者
一人様
注文後
大文字
日曜日
問題点
英会話
体験談
名古屋
全体的
一体何
全国的
未入力
図書館
一時的
代表的
単行本
手数料
目的地
使用上
歯周病
元記事
客観的
中学生
中古車
神奈川
根本的
大満足
新宿駅
名以外
長野県
印刷用
用語集
静岡県
数日後
大自然
観光客
注文時
外国人
福岡県
中学校
仲間内
午前中
観光地
改正後
何十年
正社員
英数字
岐阜県
数年後
本研究
三重県
委員会
説明会
小児科
運転手
回答者
沖縄県
会社名
東日本
土曜日
発表会
正当化
主人公
新潟県
研究所
特産品
新着順
料金等
自動化
市町村
一人旅
事業所
西日本
青森県
卒業生
群馬県
真面目
自分的
新商品
研究者
世界中
先生方
配送料
十二分
二日目
参加中
栃木県
中国語
対照的
全面的
送料別
写真集
最終回
全商品
路線名
日本酒
長期的
宮崎県
顔文字
一体化
自由度
間取図
完成度
作成者
大人気
石川県
写真等
二回目
教科書
時間的
改正前
滋賀県
多様化
記念日
他人事
中心部
科学的
福井県
受験生
未登録
広島県
入札数
所有者
開発中
各商品
秋田県
富山県
利用前
事業用
最終日
大学生
労働者
満足度
中心地
代表者
不自由
奈良県
参院選
月曜日
社会的
宮城県
岡山県
大部分
特急便
日記内
何度見
代表作
中古品
不良品
実用化
今週末
不十分
国内外
一年前
共通点
古本屋
香川県
合理的
定食屋
休業日
活発化
山口県
一回目
調味料
料金表
特商法
京都市
新生活
七五三
新感覚
博物館
交差点
車以外
当選者
使用感
長崎県
山形県
熊本県
一番気
勉強会
受付中
朝一番
商店街
売上高
公開中
注文日
飛行機
一本化
急成長
食市場
大阪市
人物名
岩手県
成果物
都合上
理事会
第一歩
高級感
客室等
注意点
大成功
大人用
卒業式
出発日
出発点
肉体的
第二部
第一回
管理下
年月日
目的別
数十人
商店主
大浴場
不安定
理事長
小説家
予想外
原材料
番組表
不用品
大多数
一番下
車買取
二人目
大分県
商品化
勉強法
小売業
山梨県
未使用
注目度
愛媛県
医薬品
佐賀県
卒業後
第一線
長期間
鳥取県
番記者
宿予約
本記事
多目的
具体化
決定的
期間中
最上部
放送中
注文前
送信元
食料品
遊園地
部屋数
最上階
日本一
表面化
生産者
二年前
高知県
委員長
発送日
無関係
研究室
反対側
電器屋
会社様
意図的
安心感
金曜日
家庭用
島根県
電器店
住所等
大集合
健全化
文例集
低身長
先進国
学校名
予約等
今一度
医院様
交通量
和食店
語学力
買取店
原動力
最新号
代理人
集客力
数分後
原作本
一日中
追加等
業種別
小売店
不幸中
開発者
計画的
祝祭日
文字化
登録等
一度見
登山口
市役所
理想的
病院名
市南区
放送局
法令等
書店本
店長様
出発駅
主原料
地球上
予約時
一日目
写真左
新発売
場合等
短期間
一戸建
徳島県
説明書
当日中
少人数
生活者
市北区
画面上
魚料理
旅日記
何種類
相関図
日本法
動物園
本文中
市緑区
先着順
神戸市
三年前
文章等
土産屋
出発地
物理的
地球人
写真右
中央区
数百円
市西区
来院前
電話等
細分化
下半身
戦争等
三日目
出身地
体力的
取材時
不都合
鹿児島
大好物
安定感
開放感
取引先
登山道
住民票
石材店
内定者
感動的
日本初
自然界
植民地
未回答
世間的
意見書
意見等
希望者
練習板
自治体
会員様
風物詩
一年後
通学先
特典品
発売中
差別化
民芸品
給湯器
利用時
絵文字
交流会
百万円
人気者
市区郡
表面的
進行中
医者様
日本海
関連語
上級者
案内板
注目作
集中力
投票者
種類別
主成分
少種別
発売元
旅行先
数十年
青少年
世界観
研究会
文化的
公共的
発行者
標本画
奈良市
福岡市
都市部
医学的
整体院
日本中
頭文字
配送先
通話料
登録時
発注後
印刷物
時期的
外国語
真夜中
中央部
開会式
弱体化
新番組
十数年
機械的
研究員
返信元
一口大
第一話
王子様
人間的
主題歌
本年度
家庭的
川崎市
主人様
副作用
一人目
本会議
大流行
第一号
協力者
何十回
業界初
五十音
地下鉄
相対的
予約数
次回作
健康的
買物前
好立地
年度分
短期的
感覚的
一方的
料理名
発送時
歯科医
便利屋
返送料
見学会
配信元
自他共
助手席
公園内
初歩的
住所名
名産品
卒園式
何年前
英語力
自分達
一歩足
計画中
競争力
入学式
別料金
配送員
多方面
発言数
進化中
利用料
新宿区
業者様
思春期
三丁目
要望等
光回線
追加先
児童館
各記事
会社員
何百年
入門書
商品毎
一昔前
説明文
何度目
部屋食
大問題
投票順
試合後
低金利
初当選
小料理
生理的
三回目
料理等
練習場
決勝戦
生産量
文化祭
使用者
無農薬
読書量
人気店
無関心
路線図
試写会
商品数
気分的
記念品
名駅名
別問題
配達員
直感的
中心的
主目的
十年前
新年度
通信社
電子化
今一番
料理店
電気屋
入会金
一発目
人事部
安定化
入場料
何回見
病医院
使用後
算出等
利用中
組合員
登録後
温度差
変化等
協議会
集合体
本事業
美少女
広島市
勉強中
人気順
使用法
二種類
固定化
店写真
集大成
水曜日
仕入先
部分的
世界一
究極的
使用料
第一章
必然的
食生活
古書店
別画面
半歩上
希望日
週一日
最大化
数千人
数百人
鉄道駅
運命的
会場内
作成中
次世代
消極的
来場者
秋葉氏
遊歩道
重量物
利根川
未分類
第二回
分岐点
登録料
代理店
産業上
地形図
洋食屋
自主的
宿場町
投票中
身体的
一歩前
合言葉
注文数
金正日
二十四
新聞社
不景気
山間部
初体験
二人分
立命館
運動会
作品名
工事中
今週中
日本国
北九州
最新作
初期化
決算書
運動場
住所地
今大会
地理的
形式的
古事記
第一位
思案中
本人様
別商品
先週末
第三号
日記帳
実用品
和歌山
本作品
写真上
右写真
今月中
開始日
各分野
酒類等
第四部
建物内
送信後
全世界
配送日
登録中
送受信
千葉市
中国人
原作者
安定的
配信中
不登校
休館日
一歩先
大学名
体験記
登録駅
近代化
主体的
日一日
使用前
住所順
八百万
具体例
健康上
最前線
中野区
走馬灯
商品本
加害者
第二章
選手名
所有物
作曲家
古民家
求人票
号給等
不信感
送料等
相談者
駅徒歩
出席者
空気中
単身分
各写真
各求人
高度化
姉妹店
合理化
要望書
空室数
開始前
仕様等
新世界
出典元
要出典
富山市
小馬鹿
乗用車
良心的
関西発
未成年
期間内
大都市
引用元
実用的
人間力
本調子
十五日
法人様
大分類
使用量
発想力
要注意
生徒会
結局何
電気代
数十倍
新会社
各書類
初対面
秋葉原
不必要
別清算
台東区
事業主
何年後
前年度
育児期
家具屋
二十日
長期化
冬一番
昨年末
反省中
原理的
同級生
配達日
見放題
園芸店
歩行者
仕事中
当協会
公民館
科学者
野生化
何十人
大注目
定番品
近日中
今月末
記事等
健康体
男女別
南西部
用品店
短時間
五年前
着色料
地図内
同日前
県教委
薬学生
目黒区
客室内
定番中
松山市
日米間
冷暗所
一回見
勝負服
対外的
軽量化
予約前
使用時
二次的
第一級
一人前
新年会
予約上
今年中
送付先
新潟市
全客室
焼肉屋
新学期
広東語
市教委
明細書
調理器
何回目
法令上
借入金
国交省
学習会
事業等
北西部
太平洋
消化器
多角的
一時金
大人数
熊本市
横一列
中高年
角部屋
原生林
第四号
場所的
世界初
入札者
耳鼻科
初参加
電車内
品川区
取消料
参加村
取引所
感想等
文化人
四年前
感想文
初登場
前回来
給料表
漢方薬
同友会
地図下
音楽的
同時期
親近感
番組内
記事中
相談室
炭火焼
文京区
各業界
空間内
集会場
世間話
朝食付
十三日
心理学
上京区
千円札
一六社
軽作業
二次元
今注目
中心点
三日前
不死鳥
共有化
予約宿
第一部
落語家
十六日
大草原
海岸線
一度足
大田区
前画面
何度観
最高級
第三章
中古本
分量外
転用元
旅行者
熱帯魚
下車後
生放送
高時給
特集等
門司港
相談等
二年後
三度目
何万人
配当金
試合前
静止画
昨年度
右半円
左半円
入社後
出店中
計算書
使用中
書店様
各配送
本特集
何千年
子会社
海水浴
公開後
日本側
何百人
指定用
会議室
単身者
小心者
本登録
区役所
全画面
日本円
一九九
利根郡
東京駅
数秒後
会員用
便利帳
都市名
日本軍
二日前
心身共
十年後
多種別
議事録
期待大
最大級
長電話
法人等
第二号
種類等
大学別
首里城
入園式
産直品
予約日
発売前
持分法
三人目
各方面
開放的
岡山市
商品等
水族館
配水管
登録者
日付順
成人式
部活動
当事者
自信作
時間外
食肉店
公用語
一年草
今年度
二番目
不自然
植物園
計算上
百貨店
児童書
南高梅
福井市
今月号
進学先
名前順
副会長
京都郡
板橋区
生花店
産業界
人物伝
福島市
新書式
公開日
自走式
本発表
土地等
体重計
配送中
数百年
家庭力
水道水
好感度
水面下
自治区
阪神間
想定外
二日後
欠品等
一時代
十数人
東南海
母国語
二極化
三年後
中心街
出品中
十七日
記事数
単語帳
第五号
数日中
十八日
行動力
利用分
万葉集
電車男
通知書
生命線
半年後
十九日
番組名
第三部
主治医
洋品店
心理的
分科会
改正案
成功者
送信先
助成金
十四日
路線別
有馬氏
石井氏
事業部
正式名
名言集
練馬区
同協会
大失敗
運転中
発行元
日本橋
岐阜市
新時代
加入者
新選組
花言葉
夏野菜
外出時
位置的
新登場
記事内
一九八
定量的
入浴中
一九七
道案内
十二日
特別室
発言量
最下部
数千円
一年目
生息地
持続的
無意味
路線内
休館等
四日市
同意見
月一回
今日中
立体感
思考力
八重歯
週一回
無香料
黄金色
最終話
低料金
社会科
作成時
松本氏
来店時
表題作
十二人
足立区
一曲目
不本意
発売国
大分市
有楽町
出発前
女友達
文庫化
一安心
各年代
一九六
以前来
追求心
英単語
出題者
県内外
秋田市
本来的
不明点
配信先
投票日
集計中
出来高
要注目
説明板
大阪駅
家庭内
選挙区
各大会
同業界
万歩計
全重量
通院前
開始時
大気中
有機的
回答数
一身上
記事前
西館内
悪天候
全記事
高低差
参議院
服用前
東海道
明文化
日記数
西遊記
書店員
城下町
活動中
十一日
各学年
最下位
第三回
一昨日
近代的
各銀行
回答順
日一番
一歩外
一人分
赤文字
実力的
大百科
改正法
変動等
登山者
司会者
四万十
大学院
本大会
不合理
県大会
道今日
正会員
三連休
医学会
料理人
国内的
機関紙
工事業
関心事
重要度
低学年
線引等
金利差
利用法
一番心
年一回
練習中
子宮内
一体感
十六夜
英語他
図案化
市議会
愛国心
前受金
季節感
第四章
見積書
二十年
太平記
自分流
生意気
近親者
男二人
数万人
動画等
以上何
周波数
写真屋
法改正
発生時
人工的
学校区
多言語
三十日
会員数
運転席
水平線
休前日
当組合
算定上
各指標
三千院
同業種
会社法
法令名
引出物
商談中
何百回
連合隊
何千人
等身大
岡崎市
人気作
良回答
各老人
伝言板
十八番
火曜日
休止中
工芸茶
屋形船
重点的
三日後
化合物
入学金
森三中
天然石
中南米
大発生
何度来
参考書
病気犬
里親犬
配達時
発表中
体感的
各分館
各学校
日以後
入金後
小休止
国指定
改札口
記入例
上下線
約半数
他教室
国会内
第一期
仲間達
好意的
草野球
調整中
数千年
梅雨空
電話機
入院中
予約後
来週中
集議院
文科省
入荷日
重量感
食品等
戦時中
地球博
数万円
本人的
画題等
生命力
高速化
三部作
軍事的
長野市
新工場
自由化
地元産
相手方
表形式
生産地
同期間
足温器
入校前
未公開
夏本番
本部長
二年目
十三人
長州力
外注先
魚貝類
初公開
中医学
配送便
関連度
多走行
文字色
後三年
一番前
食事時
無失点
一昨年
百万人
新分野
季節的
新入荷
来年度
日野市
分野別
物香水
実験的
生活上
前九年
客室間
教育力
医院名
一年生
郡山市
数量等
業界内
食事中
機械化
作品群
不要物
木屋町
事実上
二日間
金土日
発起人
最小化
実験台
一人用
給湯室
地下室
建物名
関連本
日高郡
二人様
寒冷地
入力者
近未来
予算的
同地区
長崎市
米国内
放送等
入学前
一面的
定員数
発送後
同世代
日本画
一次会
来店中
一九五
大飯郡
問題化
投票数
有料化
道具屋
北東北
博多駅
利用日
売出時
線元町
共有者
何百万
無生物
人一人
学園祭
別種別
未記入
不定期
女一人
他大学
合法化
配信後
全国区
高次元
工作員
予算別
美馬郡
夏一番
体育館
立役者
予定日
科目別
予約金
医院等
最重要
福山市
商品札
共用庭
沖縄人
名前等
相対化
副大臣
第七号
進学時
関係上
中立的
地方別
四天王
実写化
回数分
不整合
決算日
三年目
日産車
一度家
分以内
引当金
思想的
食事会
来週末
起業家
作成日
中中中
各教室
前橋市
新参者
流通量
行楽地
出願数
未完成
風雲急
九十九
原風景
一体的
行使時
順名前
外見的
生徒達
初会合
各大学
低気温
相場観
見聞録
不足等
特典等
校長室
神無月
人流量
注文者
参照先
出身者
実体化
帰国後
入力後
受注後
相続人
毎日何
同時代
登録日
六番目
係争中
地名等
関連食
学習法
工場内
各辞典
同等品
市長室
管理部
一苦労
特別区
落札後
新聞紙
出身校
何百倍
商品右
第六号
注文等
部屋着
登録順
機内食
京料理
