可能性
不動産
個人的
基本的
具体的
管理者
不思議
管理人
利用者
積極的
北海道
関係者
自動的
最終的
第三者
飲食店
埼玉県
数年前
歯医者
正確性
活性化
旅行記
参加者
保護者
不適切
印象的
東京都
事務所
福島県
駅周辺
店情報
出版社
初心者
効果的
事務局
出品者
美容室
自動車
本規約
小学校
日本人
総合的
消費税
美容院
日本語
日用品
利用上
自転車
不可能
小学生
性質上
茨城県
一番上
質問者
社会人
芸能人
結果的
出来事
精神的
愛知県
必要性
時間帯
重要性
居酒屋
暗号化
兵庫県
定期的
地図上
有名人
京都府
本発明
不具合
編集部
対象外
外出先
世界的
非表示
落札者
定休日
電話帳
大阪府
主観的
本格的
来店率
広告主
体験者
最大限
保育園
千葉県
商品名
文字列
高校生
小文字
数日前
安全性
発売日
事業者
一人様
注文後
大文字
日曜日
問題点
英会話
体験談
名古屋
全体的
一体何
消費者
個人差
全国的
未対応
未入力
図書館
一時的
未経験
経営者
代表的
単行本
最寄駅
手数料
大好評
目的地
税理士
技術的
使用上
政治家
歯周病
元記事
画像等
客観的
中学生
厚労省
中古車
神奈川
根本的
大満足
新宿駅
名以外
長野県
講演会
解説文
印刷用
用語集
静岡県
顔画像
数日後
大自然
観光客
不可欠
注文時
外国人
福岡県
中学校
仲間内
午前中
不利益
情報量
非公開
美術館
観光地
説得力
共益費
管理費
街情報
改正後
何十年
正社員
現実的
英数字
岐阜県
数年後
本研究
三重県
建築家
保証金
委員会
説明会
小児科
運転手
回答者
沖縄県
会社名
所在地
報告書
東日本
土曜日
発表会
正当化
第一条
主人公
新潟県
研究所
物件名
特産品
製造業
新着順
料金等
自動化
市町村
一人旅
事業所
西日本
青森県
卒業生
弁護士
群馬県
利便性
真面目
自分的
新商品
研究者
世界中
証明書
先生方
配送料
十二分
二日目
参加中
栃木県
複数人
中国語
対照的
全面的
送料別
写真集
全国版
最終回
全商品
路線名
運営局
内容的
日本酒
効率的
画像下
長期的
宮崎県
顔文字
投資家
実質的
一体化
方向性
自由度
間取図
完成度
作成者
大人気
最小限
移転等
出演者
運営者
石川県
写真等
二回目
教科書
価格帯
時間的
改正前
無意識
滋賀県
多様化
記念日
最適化
他人事
質問等
中心部
再利用
科学的
築年数
福井県
受験生
国際的
歴史的
常識的
交通費
未登録
広島県
入札数
所有者
講談社
開発中
各商品
秋田県
富山県
利用可
利用前
事業用
関連性
血液型
最終日
大学生
本格化
労働者
満足度
中心地
代表者
不自由
奈良県
命中率
参院選
月曜日
社会的
宮城県
最新版
指導者
救急車
岡山県
精神科
大部分
工務店
特急便
日記内
低価格
何度見
代表作
中古品
不良品
効率化
支持率
実用化
再放送
今週末
不十分
国内外
一年前
共通点
本質的
古本屋
香川県
合理的
居心地
予備校
定食屋
初回版
休業日
活発化
現時点
山口県
一回目
製品名
調味料
料金表
特商法
京都市
新生活
七五三
新感覚
営業日
博物館
交差点
在学生
限定版
車以外
当選者
使用感
長崎県
山形県
熊本県
一番気
勉強会
建設業
受付中
複合機
朝一番
解決法
準備中
商店街
現在地
売上高
公開中
注文日
飛行機
伝統的
責任者
新幹線
歴史上
典型的
一本化
急成長
食市場
大阪市
有用性
以下略
人物名
新製品
岩手県
成果物
都合上
支配下
理事会
第一歩
高級感
客室等
清潔感
注意点
表示中
大成功
大人用
卒業式
出発日
出発点
肉体的
第二部
第一回
管理下
年月日
目的別
精力的
数十人
商店主
大浴場
不安定
理事長
小説家
保険料
予想外
原材料
移動中
実在性
番組表
不用品
大多数
一番下
情報等
車買取
二人目
大分県
商品化
勉強法
小売業
山梨県
求職者
再構築
未使用
非会員
再起動
注目度
愛媛県
講習会
経験者
医薬品
新世紀
佐賀県
政治的
卒業後
第一線
長期間
鳥取県
番記者
宿予約
本記事
多目的
具体化
決定的
期間中
最上部
会員制
放送中
注文前
送信元
食料品
遊園地
不快感
部屋数
最上階
具現化
日本一
表面化
生産者
二年前
合計額
高知県
委員長
現行犯
英語版
発送日
高品質
無関係
研究室
反対側
関連職
電器屋
会社様
意図的
記者団
安心感
金曜日
家庭用
島根県
電器店
住所等
大集合
健全化
文例集
低身長
先進国
感情的
学校名
予約等
今一度
医院様
交通量
和食店
語学力
買取店
有効性
原動力
生産性
最新号
代理人
保育所
集客力
数分後
原作本
一日中
参加費
追加等
業種別
小売店
不幸中
開示等
開発者
計画的
祝祭日
建築物
不適当
文字化
登録等
一度見
生態画
登山口
市役所
理想的
病院名
市南区
適正化
放送局
法令等
書店本
車査定
出版物
店長様
出発駅
主原料
地球上
予約時
真実性
過半数
一日目
写真左
明示的
新発売
場合等
短期間
一戸建
徳島県
入居者
説明書
当日中
少人数
生活者
研修会
市北区
画面上
魚料理
旅日記
基本中
予約制
何種類
書評数
相関図
安定性
再生中
美容師
日本法
対象店
動物園
本文中
市緑区
先着順
日程表
第二条
神戸市
記述等
明確化
三年前
文章等
合法性
土産屋
出発地
物理的
技術者
地球人
写真右
中央区
富士山
数百円
市西区
高血圧
高機能
来院前
電話等
総選挙
適切性
機能的
犯罪歴
細分化
重過失
下半身
戦争等
未設定
三日目
出身地
体力的
各物件
取材時
不都合
絶対的
鹿児島
大好物
再入荷
安定感
宿情報
完全性
開放感
取引先
登山道
住民票
市桜区
公務員
自衛隊
石材店
内定者
感動的
日本初
自然界
大容量
個性的
植民地
未回答
世間的
構成員
意見書
意見等
豆知識
希望者
永続的
練習板
自治体
会員様
風物詩
一年後
通学先
特典品
栄養価
発売中
差別化
民芸品
給湯器
利用時
民営化
総務省
絵文字
交流会
投資用
百万円
人気者
市区郡
表面的
非対応
理容室
進行中
標準的
医者様
再発見
日本海
関連語
条件等
上級者
案内板
注目作
集中力
有意義
高画質
投票者
種類別
主成分
少種別
発売元
旅行先
数十年
営業所
青少年
世界観
所得税
研究会
文化的
物件数
食品費
全物件
申告書
公共的
発行者
標本画
奈良市
福岡市
都市部
道州制
医学的
整体院
日本中
頭文字
配送先
通話料
登録時
発注後
本能寺
印刷物
時期的
外国語
真夜中
中央部
開会式
弱体化
教職員
製品化
受講生
新番組
十数年
機械的
研究員
電子版
対象者
返信元
一口大
製造元
好印象
第一話
王子様
人間的
在庫数
主題歌
本年度
家庭的
川崎市
受講料
入湯税
本製品
主人様
教育費
副作用
決定版
一人目
本会議
大流行
第一号
協力者
社労士
何十回
相続税
業界初
五十音
地下鉄
相対的
予約数
次回作
健康的
買物前
弁当屋
事故車
手術数
好立地
年度分
市民税
短期的
感覚的
美術品
一方的
料理名
経産省
発送時
編集者
歯科医
便利屋
正当性
返送料
検察側
保育士
編集長
見学会
配信元
自他共
助手席
公園内
初歩的
住所名
名産品
新機能
通気性
神経質
雑貨屋
営業職
卒園式
何年前
第三条
英語力
自分達
母親似
父親似
一歩足
日常的
団体等
計画中
競争力
入学式
日本版
別料金
解像度
配送員
多方面
発言数
進化中
利用料
豊田市
新宿区
業者様
原則的
留学生
思春期
三丁目
仮想化
要望等
光回線
質問文
追加先
児童館
新条例
各記事
会社員
業務用
何百年
入門書
商品毎
一昔前
説明文
何度目
部屋食
大問題
投票順
逆効果
試合後
代表格
画像付
婦人科
低金利
初当選
義務化
小料理
生理的
三回目
災害時
料理等
新技術
関東版
練習場
決勝戦
生産量
文化祭
使用者
無農薬
読書量
芸能界
組織化
人気店
無関心
路線図
合格者
試写会
商品数
気分的
記念品
名駅名
別問題
配達員
直感的
中心的
評価点
美術書
主目的
十年前
新年度
通信社
電子化
今一番
現代人
料理店
電気屋
増改築
再構成
入会金
留意点
留守番
一発目
人事部
安定化
入場料
出張先
何回見
病医院
表示上
光熱費
使用後
算出等
利用中
組合員
登録後
生活費
温度差
変化等
各版元
各対応
協議会
集合体
本事業
全表示
現実味
美少女
広島市
勉強中
人気順
使用法
二種類
固定化
店写真
集大成
水曜日
仕入先
部分的
世界一
究極的
使用料
第一章
必然的
食生活
古書店
別画面
本講義
半歩上
希望日
無効化
混血児
週一日
最大化
第九条
数千人
数百人
鉄道駅
運命的
画像内
複雑化
年会費
会場内
作成中
次世代
大統領
消極的
来場者
秋葉氏
遊歩道
重量物
受賞者
第四条
利根川
未分類
第二回
保険金
分岐点
登録料
代理店
産業上
地形図
洋食屋
自主的
宿場町
投票中
元画像
評価書
身体的
一歩前
合言葉
総資産
注文数
金正日
二十四
投資法
新聞社
不景気
山間部
実効性
初体験
二人分
第五条
立命館
運動会
作品名
工事中
今週中
日本国
北九州
女性用
最新作
初期化
決算書
日本史
大正解
運動場
住所地
駅情報
今大会
角主張
地理的
形式的
古事記
第一位
食堂編
思案中
本人様
標準化
別商品
第六条
先週末
有効時
自主性
第三号
日記帳
実用品
会計士
先祖様
造園業
和歌山
本作品
写真上
右写真
今月中
第七条
開始日
各分野
酒類等
第四部
建物内
送信後
全世界
配送日
登録中
高評価
直接的
送受信
性病科
千葉市
技術上
中国人
原作者
安定的
配信中
会員版
不登校
絶望的
休館日
一歩先
大学名
体験記
作務衣
登録駅
近代化
主体的
受講者
貸出中
日一日
男女比
人間性
使用前
住所順
八百万
具体例
健康上
調査隊
最前線
中野区
走馬灯
商品本
加害者
第八条
製品版
第二章
再配信
正義感
選手名
経営上
貸倉庫
不正確
所有物
作曲家
古民家
求人票
号給等
不信感
第十条
複数回
注意報
間接的
制度化
運輸業
再編集
送料等
相談者
町民税
防犯性
非通知
駅徒歩
刊行物
出席者
空気中
単身分
各写真
各求人
入賞者
旅情報
高度化
姉妹店
付属品
非営利
合理化
要望書
空室数
不明確
肥大化
在校生
開始前
構造的
建設中
仕様等
新世界
出典元
要出典
責任感
富山市
本講演
全体像
編集室
小馬鹿
乗用車
良心的
関西発
未成年
期間内
大都市
引用元
実用的
人間力
同条中
今現在
本調子
十五日
法人様
大分類
使用量
発想力
要注意
声表示
生徒会
結局何
電気代
数十倍
新会社
各書類
初対面
秋葉原
不必要
別清算
情報室
台東区
事業主
婦人服
何年後
前年度
育児期
家具屋
常識化
二十日
長期化
冬一番
昨年末
個体差
反省中
原理的
同級生
高気圧
配達日
見放題
園芸店
歩行者
久遠郡
仕事中
文化財
最新性
主業務
当協会
公民館
科学者
野生化
平和賞
何十人
大注目
定番品
近日中
今月末
記事等
健康体
武士道
資本金
男女別
南西部
用品店
短時間
五年前
着色料
地図内
増減額
大絶賛
全採点
同日前
県教委
薬学生
目黒区
客室内
速報板
豊島区
定番中
松山市
日米間
居場所
冷暗所
価格的
一回見
不在時
勝負服
大賛成
対外的
軽量化
予約前
半導体
使用時
二次的
第一級
一人前
新年会
予約上
必殺技
今年中
各画像
似顔絵
送付先
通常版
面接官
新潟市
全客室
整合性
焼肉屋
再評価
新学期
定額法
設定中
広東語
市教委
体験版
明細書
調理器
何回目
法令上
借入金
国交省
学習会
事業等
北西部
太平洋
三国志
消化器
多角的
別精算
男性用
神格化
一時金
大人数
熊本市
正常化
横一列
中高年
角部屋
志望度
原生林
表示順
第四号
場所的
志望校
世界初
入札者
再交付
耳鼻科
評価時
初参加
電車内
境界線
品川区
取消料
参加村
取引所
感想等
保証人
文化人
四年前
感想文
建造物
初登場
正解者
不合格
前回来
給料表
漢方薬
同友会
地図下
音楽的
同時期
親近感
全機能
番組内
記事中
相談室
炭火焼
文京区
各業界
空間内
機能性
集会場
世間話
朝食付
登録制
十三日
戦略的
路線価
心理学
上京区
千円札
一六社
軽作業
二次元
小麦粉
今注目
中心点
三日前
不死鳥
共有化
予約宿
第一部
落語家
十六日
個数分
大草原
海岸線
一度足
大田区
前画面
何度観
助産師
最高級
第三章
中古本
個人間
分量外
転用元
旅行者
物質的
個人名
性格的
熱帯魚
衛生的
下車後
情報屋
生放送
高断熱
高時給
特集等
門司港
相談等
二年後
三度目
何万人
配当金
試合前
静止画
昨年度
性教育
右半円
左半円
現代風
入社後
出店中
計算書
使用中
平均的
限定的
書店様
各配送
本特集
何千年
告別式
子会社
海水浴
支配的
博士号
公開後
日本側
何百人
指定用
会議室
単身者
小心者
非売品
適法性
取得等
本登録
区役所
全画面
日本円
本報告
法人税
技術力
一九九
活動性
利根郡
金額的
東京駅
表示校
二面性
保健所
数秒後
運営元
会員用
再配布
便利帳
都市名
日本軍
二日前
心身共
十年後
省略可
多種別
議事録
期待大
最大級
長電話
法人等
修理屋
常態化
第二号
種類等
大学別
旧年中
雑記帳
首里城
富士見
入園式
広告費
産直品
予約日
基準日
発売前
教材費
持分法
三人目
各方面
開放的
支配者
岡山市
心情的
商品等
水族館
栄養素
配水管
登録者
技能工
世界史
現実化
日付順
成人式
前任者
部活動
当事者
自信作
時間外
食肉店
居住用
公用語
一年草
転職先
今年度
二番目
不自然
建設的
一過性
経由地
植物園
計算上
百貨店
児童書
四六判
墓地内
再発行
南高梅
福井市
内容等
今月号
正職員
経験談
理美容
進学先
名前順
副会長
設計者
京都郡
入店可
板橋区
生花店
産業界
人物伝
福島市
光接続
価格順
新書式
配布店
公開日
自走式
本発表
土地等
体重計
配送中
数百年
家庭力
水道水
全件数
好感度
水面下
自治区
阪神間
移行後
想定外
二日後
欠品等
一時代
十数人
東南海
母国語
測定器
多様性
弁護側
不織布
二極化
三年後
中心街
指圧師
特別賞
本調査
出品中
十七日
記事数
最低限
構築物
単語帳
第五号
配布者
初任給
数日中
十八日
行動力
利用分
弁当箱
万葉集
電車男
通知書
生命線
半年後
十九日
資料集
番組名
日刊紙
第三部
主治医
洋品店
心理的
絶好調
限定数
無修正
分科会
改正案
成功者
送信先
評点別
助成金
十四日
路線別
富士通
有馬氏
石井氏
注文可
生情報
事業部
正式名
名言集
練馬区
総人口
伝統芸
同協会
取引額
人件費
特性上
大失敗
運転中
発行元
仕事術
生出演
日本橋
岐阜市
新時代
加入者
想像力
新選組
事務職
花言葉
夏野菜
移住者
外出時
位置的
新登場
記事内
一九八
定量的
入浴中
一九七
職種別
道案内
十二日
特別室
発言量
最下部
住民税
数千円
一年目
生息地
現金化
持続的
無意味
路線内
精神面
休館等
四日市
同意見
評価額
月一回
今日中
立体感
思考力
得意技
八重歯
週一回
無香料
黄金色
過去問
最終話
低料金
罪悪感
社会科
作成時
松本氏
来店時
日本製
表題作
北方史
十二人
足立区
一曲目
不本意
防衛省
発売国
大分市
有楽町
出発前
女友達
文庫化
適用外
一安心
各年代
増加率
一九六
委任状
以前来
犯罪者
追求心
英単語
出題者
県内外
授業料
秋田市
本来的
招待状
高精度
安定型
不明点
入居時
居住者
配信先
光情報
投票日
集計中
出来高
要注目
説明板
大阪駅
保険証
情報化
家庭内
選挙区
高性能
指圧業
各大会
同業界
万歩計
別設定
管理職
全重量
通院前
開始時
大気中
有機的
回答数
身支度
一身上
記事前
西館内
悪天候
全記事
高低差
感謝状
参議院
服用前
東海道
明文化
日記数
西遊記
書店員
家政婦
番外編
城下町
活動中
制作者
十一日
学術的
各学年
重厚感
最下位
第三回
一昨日
同製品
資産性
近代的
各銀行
回答順
芸術家
日一番
一歩外
製造日
一人分
赤文字
実力的
大百科
適時打
改正法
変動等
読解力
登山者
司会者
四万十
統計的
大学院
本大会
不合理
県大会
道今日
正会員
夏限定
低気圧
税目別
三連休
医学会
料理人
国内的
機関紙
定額制
日常化
工事業
関心事
重要度
節約術
保険屋
低学年
小型化
線引等
金利差
性能的
利用法
一番心
素材集
年一回
限度額
練習中
子宮内
一体感
十六夜
英語他
図案化
技術面
市議会
大型化
愛国心
前受金
季節感
第四章
見積書
能力的
二十年
太平記
自分流
生意気
近親者
男二人
数万人
動画等
以上何
周波数
写真屋
法改正
質問箱
現行法
発生時
同居中
関西版
確定的
人工的
学校区
出資金
本資料
多言語
三十日
会員数
運転席
水平線
職種中
職務上
休前日
資料館
当組合
算定上
各指標
三千院
同業種
会社法
法令名
引出物
商談中
何百回
団体名
破損等
連合隊
変動額
何千人
等身大
岡崎市
正規品
保養所
人気作
良回答
各老人
伝言板
十八番
火曜日
殺人罪
休止中
工芸茶
利用率
屋形船
重点的
歴史学
三日後
化合物
入学金
苦情等
森三中
天然石
美人妻
航空機
中南米
区別性
大発生
何度来
参考書
病気犬
里親犬
配達時
三省堂
発表中
体感的
未経過
未入居
各分館
各学校
日以後
入金後
親和性
小休止
国指定
改札口
型男性
買取額
大特価
記入例
上下線
約半数
他教室
国会内
第一期
仲間達
好意的
草野球
調整中
数千年
梅雨空
電話機
再登場
栄養士
入院中
予約後
来週中
事故等
集議院
保健室
常総市
文科省
入荷日
文学賞
営業中
重量感
消費財
食品等
戦時中
地球博
数万円
物件量
投資術
本人的
画題等
生命力
高速化
修正等
三部作
軍事的
長野市
新工場
自由化
無造作
地元産
高音質
相手方
表形式
生産地
同期間
足温器
古美術
保健師
最高額
構造順
入校前
未公開
夏本番
高倍率
本部長
二年目
十三人
応相談
長州力
製作者
外注先
類義語
事情等
質問集
魚貝類
初公開
中医学
配送便
関連度
多走行
最新刊
非上場
文字色
後三年
相当性
講師名
一番前
原判決
食事時
無失点
一昨年
百万人
新分野
再照準
季節的
新入荷
来年度
日野市
分野別
公共性
物香水
実験的
生活上
前九年
客室間
教育力
医院名
一年生
郡山市
数量等
同条件
業界内
食事中
機械化
作品群
不要物
木屋町
事実上
二日間
金土日
発起人
最小化
実験台
一人用
夕張市
給湯室
限定品
未解決
地下室
化学賞
建物名
確率的
修理代
関連本
日高郡
二人様
制作中
寒冷地
入力者
近未来
予算的
制作料
同地区
長崎市
米国内
旧条例
複製等
放送等
現地発
入学前
絶対数
一面的
定員数
発送後
同世代
編集時
日本画
再質問
血液中
一次会
学資金
来店中
理解者
一九五
大飯郡
問題化
反比例
投票数
設置者
有料化
道具屋
非日常
北東北
博多駅
利用日
行政区
解答者
原発性
経験的
売出時
大感謝
線元町
共有者
何百万
情報元
無生物
研究費
人一人
学園祭
別種別
未記入
不定期
女一人
他大学
合法化
特別職
経営学
配信後
全国区
高次元
完全版
再生産
工作員
総動員
予算別
美馬郡
当社比
夏一番
体育館
会員証
立役者
予定日
科目別
平日可
予約金
得点者
医院等
組織別
最重要
福山市
商品札
共用庭
沖縄人
名前等
相対化
副大臣
第七号
投資額
進学時
関係上
中立的
地方別
四天王
実写化
小型版
回数分
不整合
決算日
三年目
消費量
日産車
発生率
一度家
提出日
分以内
引当金
思想的
無限大
食事会
来週末
起業家
作成日
富士市
楽器可
中中中
各教室
前橋市
新参者
流通量
高料率
行楽地
全神経
出願数
査定額
未完成
風雲急
九十九
解説書
原風景
一体的
行使時
順名前
外見的
公平性
健全性
指導力
生徒達
許可等
初会合
短編集
各大学
低気温
計測器
相場観
見聞録
不足等
特典等
校長室
神無月
再表示
人流量
表現力
注文者
参照先
製造所
酸化物
再指定
出身者
自家製
実体化
帰国後
入力後
受注後
相続人
毎日何
決断力
大紀元
同時代
登録日
六番目
係争中
原因別
地名等
素材屋
関連食
学習法
工場内
低学歴
前日比
各辞典
同等品
市長室
保安林
新規則
管理部
土曜可
複数名
規制法
一苦労
世紀末
特別区
落札後
新聞紙
出身校
何百倍
商品右
第六号
再出発
美容液
志位氏
注文等
部屋着
登録順
機内食
京料理
再開発
