場合
必要
利用
自分
記事
商品
使用
登録
最近
今日
写真
参加
出来
問題
日本
以下
地図
時間
入力
関連
意見
最新
意味
無料
期待
参考
仕事
希望
中心
追加
説明
注文
指定
言葉
住所
大切
用意
目的
人気
発表
気軽
作成
周辺
予約
名前
今回
電話
関係
発生
先頭
注目
今年
世界
全国
生活
安心
一部
病院
相談
公開
話題
会員
友達
注意
部屋
回答
予定
下記
当社
大変
求人
発見
本文
結果
仕方
送信
心配
案内
重要
東京
作品
協力
勉強
健康
開発
最後
動画
大事
感想
開始
文字
場所
活動
会社
決定
無理
登場
旅行
今後
以上
中古
様子
上記
理由
昨日
最初
残念
発売
方法
便利
機会
発送
成功
送料
土地
予想
元気
返品
料理
日記
変化
学校
新着
活用
当然
時代
明日
天気
同意
自然
部分
体験
投票
相手
参照
十分
大人
観光
自由
完成
向上
特集
失敗
読者
事前
位置
放送
記入
楽天
人間
家族
管理
返信
感動
形成
本当
満足
食事
料金
安全
要望
気分
文章
研究
季節
発行
記録
成長
有名
音楽
時期
自信
努力
本日
事実
配信
特定
通知
一切
自身
失礼
練習
当店
一番
用品
毎日
受付
大阪
店名
旅館
社会
実感
不安
時計
全部
約束
以前
印刷
種類
英語
京都
計画
地元
本人
家電
成立
引用
達成
近所
都合
中国
番組
路線
不明
要求
画面
以外
先生
集中
改正
返事
一体
馬鹿
実行
目標
人生
次回
大学
計算
行動
最高
関心
立場
発言
試合
沖縄
教育
勝手
法人
全体
食品
苦手
調子
病気
当時
海外
発信
医院
強調
地球
強化
新宿
関東
課題
会場
安定
電車
時点
想定
今週
分類
未来
区別
中止
共通
共有
礼金
入手
調整
空気
出席
学問
明記
出荷
点数
低下
整理
小説
一言
配置
公表
来店
取材
放置
代表
記念
見方
学生
表明
見学
同様
新聞
国内
最大
相当
駅名
反対
人物
苦労
家庭
他人
学習
歯科
各種
医者
笑顔
友人
感心
完全
今月
配送
観察
工夫
出品
受信
作業
不足
高校
公式
出発
氏名
生産
昨年
上部
数字
運転
事業
図表
左右
取引
育成
理想
固定
正直
辞書
表記
公共
目安
教養
卒業
身体
出前
去年
意外
休日
健全
今度
多数
当日
地名
祝日
太陽
休業
先週
交付
土産
外部
入荷
出場
文化
会話
万全
追求
来年
加工
交流
前日
関西
老人
本社
市民
建物
食材
必死
自動
発明
加入
国民
上手
由来
所有
来場
悪化
書店
売買
送付
半角
散歩
全文
空間
無事
電子
用語
期間
身近
有無
法令
面白
本気
勝利
連想
予感
結局
加算
成果
不要
結成
体調
入院
倉庫
銀行
運用
九州
目次
予算
定着
何卒
追記
主要
先日
愛用
交通
反省
進行
絵本
特別
中身
地点
特典
相場
平和
入札
決意
信用
一度
入会
動作
美人
勇気
業界
進化
一方
次第
前回
短期
題材
見事
町名
手元
連動
神社
感覚
手紙
手帳
本書
物語
分野
算出
方向
形式
小物
本来
会議
戦争
世話
出産
計上
単語
実家
科学
運行
直面
業種
通信
投入
重点
教室
社長
活発
機器
選出
出店
主体
自覚
文具
野菜
育児
通用
作者
起算
配合
一目
事例
毎年
連続
受験
和食
主流
空港
各社
完売
発達
持参
開放
意向
生成
入学
進学
飲料
一定
建立
加筆
風景
転用
全力
発足
変動
何事
買取
合意
進出
細心
午後
冷静
王国
定番
着物
香水
生息
動物
生徒
選手
市長
配達
梅雨
荷物
順調
親切
工具
夕方
音声
漢字
店内
新年
大量
高速
一生
薬局
一見
生命
順位
商標
集計
大会
手配
起動
工事
日付
文庫
公園
埼玉
四国
原料
選定
祝福
家具
開業
東海
入金
出典
定員
材料
伝説
観点
飲食
市場
最悪
有料
平日
人材
電気
手間
半分
気配
回転
仕様
明治
体感
発覚
運命
中学
屋根
区分
多大
真実
意図
花見
番号
医学
議長
景色
協議
命名
当地
息子
店頭
転送
徒然
行使
意思
例外
当選
原作
徒歩
場面
何者
不満
所持
服用
正式
下手
北陸
悲鳴
順番
気合
外観
光景
台風
満開
愛知
東北
買物
着用
選挙
加速
合流
変身
省令
着手
本屋
流行
阪神
帰国
商談
昭和
実物
好感
実力
間近
安置
児童
本年
広場
動向
代金
共感
女子
大手
手軽
名所
館内
日曜
早速
気温
工場
昼食
地位
朝食
勝負
面積
前面
一望
前後
兵庫
焼肉
部員
付着
花火
同社
作用
最強
対戦
全角
滋賀
客室
少年
天候
自負
業者
店長
和書
運動
返金
平気
天使
周知
今朝
目前
一丸
土曜
電化
大半
最長
実験
赤旗
時空
多発
念頭
正当
夕食
急速
初期
用事
調和
事由
自社
流通
同行
改良
考案
指名
新品
重大
待機
中央
表紙
青空
広島
一員
味方
満面
週末
親身
具合
合間
節約
会長
起用
都内
地方
書類
道路
調節
見積
集約
手順
達人
世代
内科
原点
有利
録画
標高
野球
静岡
毎度
曜日
各地
不幸
夜景
県内
人数
命令
録音
文書
返答
後半
照合
平成
短大
米国
多様
出土
問屋
夜中
入社
未然
教会
内定
落札
両立
良好
地上
行列
本音
全然
帰省
信号
列車
付加
記号
放出
試験
先行
出力
苦笑
役目
多少
最低
近年
借金
悪口
苦戦
一同
新潟
観戦
最中
多用
都市
自立
不正
楽器
算定
科目
日当
議決
不便
少女
産業
明言
親子
世間
差別
特筆
全員
来週
物流
園芸
発想
行方
信州
当初
特色
代行
成分
開花
岩手
発動
直前
付近
一線
書式
民宿
着目
合計
青春
植物
読書
年配
楽曲
両手
行事
鉄道
思想
正体
頭皮
決勝
登山
機種
完結
神様
本名
風味
民主
多分
心身
発注
幸福
所定
開通
改変
記法
一変
真夏
訓練
単発
岐阜
入場
四季
強要
手法
古書
直送
道具
出題
連結
様相
毎週
外科
下落
考察
整体
追放
終始
未定
流出
分身
高度
連発
足元
続出
利点
味覚
本物
対立
直近
切手
自生
言語
戦後
単位
半年
新車
王様
分散
町長
役員
定食
持続
作曲
愛犬
直結
照会
上位
月日
大地
今夜
万一
根底
名言
明白
広大
大分
体力
集合
当分
中間
図面
社寺
浴衣
主役
委員
部落
通学
訓令
産地
死去
生計
正面
回数
天国
大別
欠落
熱心
日数
近代
強力
帰路
横目
進歩
都会
休止
参戦
調理
年末
連休
身長
養成
関節
理念
議題
整形
共同
右記
進路
人目
数量
多岐
学者
受理
機械
高級
文中
決心
死者
同一
乗車
首相
愛車
天才
同等
天空
起点
助成
両方
赤毛
下車
投下
人形
深夜
住民
同店
星空
社員
反発
主人
事典
出番
成約
題名
使命
長期
後者
例年
最短
店員
愛読
国家
絵画
一説
待望
走行
合成
愛媛
一角
自民
戦場
残業
表面
角度
極上
大目
極意
農業
作動
寺院
香港
赤字
散見
調達
新作
農家
浴室
着実
標的
大正
記者
姉妹
和風
養子
右側
作家
横行
紙面
陽気
来日
空白
矢印
国語
集結
結合
来院
一夜
毛皮
試算
暑中
原案
来館
栄養
原文
小麦
立地
分岐
洋食
要約
佐賀
遠方
飲酒
商売
各国
発令
会計
上司
人事
徳島
体内
各課
以内
角川
上陸
通貨
全身
社名
改定
会談
真相
公言
終結
負荷
心理
国会
古代
鳥類
議会
決議
白銀
羽目
手続
信長
方式
公立
時事
熱中
給料
水曜
百聞
弟子
連行
以来
生地
書面
主題
当方
週間
一世
両親
土佐
勇者
血行
左側
協会
相続
洋服
議員
男女
人種
虫歯
助長
長年
民族
仕業
旅先
運送
父親
院内
女神
原付
群生
週休
高台
皮肉
体重
文学
幸運
自体
小雨
金色
左記
競売
右折
電波
気長
後世
目線
流用
出身
上下
見当
強行
会見
側面
上場
定年
集客
門地
必見
好意
社説
日産
改行
左折
地面
決着
午前
大雨
大豆
同時
和洋
東西
人文
欠点
水気
不服
一読
改名
物事
労働
名店
新緑
入口
切開
身軽
有用
神話
決算
土台
生業
国立
水分
花屋
家主
社外
内包
人口
博多
他社
注力
各自
美味
申出
県民
栃木
会合
観客
近鉄
列挙
声明
新書
大声
図書
松竹
悪用
初日
指標
連日
日課
英国
本家
課金
起業
初回
種別
部類
全集
転落
流石
加味
競争
算入
高知
洋画
学区
他者
点灯
小売
特選
口調
交差
青森
満天
合体
注入
物心
死体
当館
番地
一種
地酒
水着
無線
工芸
良品
足湯
未知
司会
神道
女医
生育
転校
好調
特長
親交
三重
入室
本業
角地
信念
初音
本校
月別
動員
山積
農薬
学会
名物
全面
小児
結集
不利
同点
参画
都心
登記
母親
直感
金利
給食
意地
右手
日時
気候
外灯
住人
外交
安静
家中
人類
学科
群馬
活気
一挙
別人
自作
不当
長文
後日
出庫
毎月
前記
一品
人体
物色
思考
取消
洋楽
島根
人達
辞典
放流
男子
一助
入所
便乗
究極
通院
部活
手前
北東
景観
来月
発音
参入
曲名
察知
機関
早急
助言
開店
感化
同席
売上
原理
月曜
作文
一新
部門
単品
成人
林道
調印
知事
温度
生物
本題
有力
不動
世辞
消失
軍配
社内
残暑
本場
年月
全開
店主
車両
酒類
天神
借入
手足
地区
本体
最速
用法
坂道
黄色
初夏
土日
金曜
景気
年表
消化
晴天
外国
病名
地理
上京
底本
書名
顔色
食器
一流
打開
本案
手話
台頭
共生
照明
受取
北部
以後
平行
本紙
道場
土用
目印
満席
借家
入浴
前進
台場
何時
挙行
下着
茨城
放題
知人
改札
各週
長男
左手
気楽
初心
健勝
思案
学部
子宮
都度
筆者
各店
続行
一連
各氏
校正
真心
部位
合算
物理
長所
土木
前者
想起
好天
外見
出先
用紙
代用
失望
雨天
始末
上品
直後
受給
大差
七夕
対決
駅前
公明
落下
法事
子犬
部品
節目
自愛
歌声
包丁
開運
洋書
通路
白黒
前半
平然
産学
家事
両者
下見
見本
母体
参列
消去
夕日
百害
最終
副業
白羽
早朝
小社
本番
教員
一身
変形
上海
丁目
品種
等級
一周
活力
天井
会館
内側
一時
同名
家計
昨夜
式場
借主
火事
伝達
近辺
開局
失念
本店
通園
市内
戦国
集積
道順
反転
母校
旅宿
教材
一転
出動
弱火
台所
三種
流入
民間
前年
本館
酒屋
転売
昼夜
下部
清栄
発散
悪意
国産
前身
対話
的中
不覚
中立
住戸
全品
同期
名作
北上
夜空
挙式
対談
焼失
開館
算数
学力
戦死
部下
商業
宿場
子孫
点心
下図
体育
一息
産物
無茶
福屋
同乗
矢先
神官
兄弟
北側
取付
実用
起立
名曲
化学
受注
競馬
本州
日光
内部
教訓
議事
試読
毎回
力説
熱意
投信
文芸
見物
天然
前世
予期
上達
先手
標語
空想
水辺
中部
用量
予言
室内
青年
山梨
所要
数学
対面
女王
老後
人出
寺社
取組
音読
細部
願書
様式
年季
念願
黒人
理科
満月
東急
英和
栄光
愛想
集会
園内
切望
命中
借地
開会
発育
大小
年代
回線
一家
院長
愛着
別名
自明
親友
近道
決行
地形
風水
感服
毎朝
手当
談笑
手札
無言
上表
有事
当面
美女
意表
目玉
白日
直行
実例
本市
公正
帯広
最良
地下
送達
食後
他界
親指
学位
漢方
中年
終戦
新調
身分
外出
大根
家屋
各界
車種
通例
未満
争点
年号
商用
同人
合宿
何様
中秋
先見
人名
折角
力点
試食
物議
名医
列島
別物
火山
食料
海上
昨今
交代
手先
耳元
風化
満室
無実
小鳥
宿題
功名
商社
転向
変色
北国
静止
戦前
事案
手中
産科
電力
足音
水中
地道
宿命
北米
全米
飛来
祭事
行内
事後
軽食
大字
未読
返送
観念
対等
一味
熱気
野望
主食
配当
感知
最小
早期
水木
方言
後味
入用
東部
重箱
木立
元町
用心
街道
電池
赤鼻
年度
天下
詩人
月間
筆頭
風土
心地
次号
主力
発案
合唱
西側
同紙
無数
共用
新卒
社民
後進
高配
実話
給付
毛頭
入門
年金
入歯
多幸
水道
花束
女心
整然
速度
転入
小屋
南東
南下
信徒
芸人
養育
印字
先月
別送
正午
消息
反日
集落
原本
時候
面談
開校
文例
市区
地番
悪者
強固
付帯
食塩
始発
和室
果物
気持
交配
本学
区間
直進
四球
出船
用例
氷山
新種
新橋
熱海
言動
南側
薬事
二分
売主
名残
機体
元本
通話
通行
目頭
本意
組立
通関
熱戦
口実
外側
結末
半生
学院
和式
石油
太古
海辺
同然
空色
王子
先決
炭火
中火
南西
白馬
連立
同調
赤色
代物
放牧
反感
下水
本部
熱望
一行
下表
所見
好物
節分
一服
人前
本会
元来
東側
苦言
古典
開場
小耳
極道
進入
不用
続発
多量
手本
組合
入試
下味
加熱
愛飲
近世
所管
前期
口元
言明
市部
前作
合図
付記
命運
行頭
指数
路上
大体
重量
便所
高温
配列
伝送
千里
里山
九死
正気
新子
配付
乗船
量産
流星
直筆
登校
新米
売店
三文
一節
中日
法的
同日
心血
夕飯
散会
歌手
試着
和英
落選
小人
競合
上流
全焼
六月
林立
三陸
後場
鉄板
出走
地味
配管
童話
後手
所以
風習
強風
答申
読物
画材
着服
方面
外食
無知
発電
反旗
香料
悪寒
必読
協同
外来
新法
不良
上着
音色
声高
牧場
白紙
大方
鳥取
下線
湯水
必然
不意
死後
式典
手芸
時給
悪気
黄金
理事
単身
始動
予選
敗北
次男
五感
行者
内外
協定
化石
空手
不調
少量
残高
酒場
工法
万里
屋号
音頭
北西
全戸
公平
屋外
